################################################################################################################################################
Detected SHAFT Engine Version: [SHAFT Engine v5.2.20210427]
################################################################################################################################################

################################################################################################################################################
Starting Execution:	[1 out of 23] test cases in the current suite
Test Method:		[tests.cli.demo.cliTest.sampleTestCase]
################################################################################################################################################
[ReportManager] Attempting to perform the following command locally. Command: [ls] @03-05-2021 06:46:23.0243 AM
[ReportManager] Terminal Action [performTerminalCommands] successfully performed. With the following test data [Host Name: "localHost" | Command: "ls" | Exit Status: "0"]. @03-05-2021 06:46:23.0266 AM
[ReportManager] Successfully created attachment [Terminal Action Actual Result - Command Log] @03-05-2021 06:46:23.0274 AM
[ReportManager] Demoing local terminal actions... @03-05-2021 06:46:23.0283 AM
[ReportManager] AssertEquals PASSED; Expected [pom.xml] and Actual [LICENSE
README.md
allure-results
docker-compose_native.yml
docker-compose_zalenium.yml
extent-reports
pom.xml
src
target]. Comparison Type [CONTAINS]. Validation Type [POSITIVE]. @03-05-2021 06:46:23.0287 A
[ReportManager] File Action [getAbsolutePath] successfully performed. With the following test data [Relative Folder Path: "target/downloadedFiles/"]. @03-05-2021 06:46:23.0442 AM
[ReportManager] Attempting to run remotely on: [Linux-64], [GoogleChrome], [http://localhost:4444/wd/hub], Headless Execution. @03-05-2021 06:46:23.0499 AM
[ReportManager] Successfully Opened [GoogleChrome]. @03-05-2021 06:46:25.0041 AM
[ReportManager] Target URL: [https://www.google.com/ncr], and after redirection: [https://www.google.com] @03-05-2021 06:46:25.0100 AM
[ReportManager] Initial URL: [data:,] @03-05-2021 06:46:25.0199 AM
[ReportManager] Browser Action [navigateToURL] successfully performed. With the following test data [https://www.google.com/ncr]. @03-05-2021 06:46:26.0760 A

################################################################################################################################################
Starting Execution:	[2 out of 23] test cases in the current suite
Test Method:		[tests.gui.google.C_Search_PageObjectModel_Traditional.navigateToGoogleHomeAndAssertGoogleLogoIsDisplayed]
################################################################################################################################################
[ReportManager] Element Action [identifyUniqueElement] failed. With the following test data [zero elements found matching this locator "By.xpath: //img[@id='hplogo' or @alt='Google']".]. @03-05-2021 06:46:52.0945 AM
[ReportManager] Successfully created attachment [Screenshot - 1620024412545_navigateToGoogleHomeAndAssertGoogleLogoIsDisplayed_identifyUniqueElement_failed] @03-05-2021 06:46:52.0961 A
[ReportManager] Successfully created attachment [Selenium WebDriver Logs - server] @03-05-2021 06:46:53.0124 AM
[ReportManager] Successfully created attachment [Selenium WebDriver Logs - performance] @03-05-2021 06:46:53.0249 AM
[ReportManager] Successfully created attachment [Selenium WebDriver Logs - browser] @03-05-2021 06:46:53.0263 AM
[ReportManager] Successfully created attachment [Selenium WebDriver Logs - driver] @03-05-2021 06:46:53.0547 AM
[ReportManager] Browser Action [closeCurrentWindow] successfully performed. @03-05-2021 06:46:53.0615 AM
[ReportManager] Successfully created attachment [Browser Action Test Data - closeCurrentWindow - Actual Value] @03-05-2021 06:46:53.0633 A
[ReportManager] File Action [getAbsolutePath] successfully performed. With the following test data [Relative Folder Path: "target/downloadedFiles/"]. @03-05-2021 06:46:53.0651 AM
[ReportManager] Attempting to run remotely on: [Linux-64], [GoogleChrome], [http://localhost:4444/wd/hub], Headless Execution. @03-05-2021 06:46:53.0652 AM
[ReportManager] Successfully Opened [GoogleChrome]. @03-05-2021 06:46:54.0366 AM
[ReportManager] Target URL: [https://www.google.com/ncr], and after redirection: [https://www.google.com] @03-05-2021 06:46:54.0407 AM
[ReportManager] Initial URL: [data:,] @03-05-2021 06:46:54.0474 AM
[ReportManager] Browser Action [navigateToURL] successfully performed. With the following test data [https://www.google.com/ncr]. @03-05-2021 06:46:55.0619 A

################################################################################################################################################
Starting Execution:	[3 out of 23] test cases in the current suite
Test Method:		[tests.gui.google.C_Search_PageObjectModel_Traditional.navigateToGoogleHomeAndAssertPageTitle]
################################################################################################################################################
[ReportManager] Browser Action [getCurrentWindowTitle] successfully performed. With the following test data [Google]. @03-05-2021 06:46:55.0722 AM
[ReportManager] Asserting that the page title is Google... @03-05-2021 06:46:55.0722 AM
[ReportManager] AssertEquals PASSED; Expected [Google] and Actual [Google]. Comparison Type [EQUALS]. Validation Type [POSITIVE]. @03-05-2021 06:46:55.0723 A
[ReportManager] Successfully created attachment [Selenium WebDriver Logs - server] @03-05-2021 06:46:55.0865 AM
[ReportManager] Successfully created attachment [Selenium WebDriver Logs - performance] @03-05-2021 06:46:55.0931 AM
[ReportManager] Successfully created attachment [Selenium WebDriver Logs - browser] @03-05-2021 06:46:55.0953 AM
[ReportManager] Successfully created attachment [Selenium WebDriver Logs - driver] @03-05-2021 06:46:56.0091 AM
[ReportManager] Browser Action [closeCurrentWindow] successfully performed. @03-05-2021 06:46:56.0151 AM
[ReportManager] Successfully created attachment [Browser Action Test Data - closeCurrentWindow - Actual Value] @03-05-2021 06:46:56.0154 A
[ReportManager] File Action [getAbsolutePath] successfully performed. With the following test data [Relative Folder Path: "target/downloadedFiles/"]. @03-05-2021 06:46:56.0173 AM
[ReportManager] Attempting to run remotely on: [Linux-64], [GoogleChrome], [http://localhost:4444/wd/hub], Headless Execution. @03-05-2021 06:46:56.0173 AM
[ReportManager] Successfully Opened [GoogleChrome]. @03-05-2021 06:46:56.0829 AM
[ReportManager] Target URL: [https://www.google.com/ncr], and after redirection: [https://www.google.com] @03-05-2021 06:46:56.0862 AM
[ReportManager] Initial URL: [data:,] @03-05-2021 06:46:56.0925 AM
[ReportManager] Browser Action [navigateToURL] successfully performed. With the following test data [https://www.google.com/ncr]. @03-05-2021 06:46:58.0030 A

################################################################################################################################################
Starting Execution:	[4 out of 23] test cases in the current suite
Test Method:		[tests.gui.google.C_Search_PageObjectModel_Traditional.searchForQueryAndAssertFirstResultTextIsCorrect]
################################################################################################################################################
[ReportManager] Element Action [type] successfully performed. With the following test data [SHAFT_Engine]. @03-05-2021 06:46:58.0935 AM
[ReportManager] Element Action [keyPress] successfully performed. With the following test data [ENTER]. @03-05-2021 06:47:00.0454 AM
[ReportManager] Element Action [getText] successfully performed. With the following test data [MohabMohie/SHAFT_ENGINE: SHAFT_ENGINE is a ... - GitHub]. @03-05-2021 06:47:00.0564 AM
[ReportManager] Asserting that the correct first result is displayed... @03-05-2021 06:47:00.0565 AM
[ReportManager] AssertEquals PASSED; Expected [MohabMohie] and Actual [MohabMohie/SHAFT_ENGINE: SHAFT_ENGINE is a ... - GitHub]. Comparison Type [CONTAINS]. Validation Type [POSITIVE]. @03-05-2021 06:47:00.0565 A
[ReportManager] Successfully created attachment [Selenium WebDriver Logs - server] @03-05-2021 06:47:00.0814 AM
[ReportManager] Successfully created attachment [Selenium WebDriver Logs - performance] @03-05-2021 06:47:01.0040 AM
[ReportManager] Successfully created attachment [Selenium WebDriver Logs - browser] @03-05-2021 06:47:01.0053 AM
[ReportManager] Successfully created attachment [Selenium WebDriver Logs - driver] @03-05-2021 06:47:01.0383 AM
[ReportManager] Browser Action [closeCurrentWindow] successfully performed. @03-05-2021 06:47:01.0446 AM
[ReportManager] Successfully created attachment [Browser Action Test Data - closeCurrentWindow - Actual Value] @03-05-2021 06:47:01.0449 A
[ReportManager] Successfully loaded the following test data file [src/test/resources/TestDataFiles/Google/SimpleSearch.xlsx]. @03-05-2021 06:47:02.0379 AM
[ReportManager] Successfully created attachment [Test Data - Excel] @03-05-2021 06:47:02.0379 A
[ReportManager] File Action [getAbsolutePath] successfully performed. With the following test data [Relative Folder Path: "target/downloadedFiles/"]. @03-05-2021 06:47:02.0381 AM
[ReportManager] Attempting to run remotely on: [Linux-64], [GoogleChrome], [http://localhost:4444/wd/hub], Headless Execution. @03-05-2021 06:47:02.0382 AM
[ReportManager] Successfully Opened [GoogleChrome]. @03-05-2021 06:47:03.0090 AM
[ReportManager] Target URL: [https://www.google.com/ncr], and after redirection: [https://www.google.com] @03-05-2021 06:47:03.0127 AM
[ReportManager] Initial URL: [data:,] @03-05-2021 06:47:03.0193 AM
[ReportManager] Browser Action [navigateToURL] successfully performed. With the following test data [https://www.google.com/ncr]. @03-05-2021 06:47:04.0392 A

################################################################################################################################################
Starting Execution:	[5 out of 23] test cases in the current suite
Test Method:		[tests.gui.google.F_Search_PageObjectModel_Fluent.navigateToGoogleHomeAndAssertGoogleLogoIsDisplayed]
################################################################################################################################################
[ReportManager] Asserting that the Google logo is displayed... @03-05-2021 06:47:04.0410 AM
[ReportManager] File Action [doesFileExist] successfully performed. With the following test data [File Path: "src/test/resources/DynamicObjectRepository/tests_gui_google_F_Search_PageObjectModel_Fluent_navigateToGoogleHomeAndAssertGoogleLogoIsDisplayed_By_xpath_img_id_hplogo_or_alt_Google.png"]. @03-05-2021 06:47:04.0422 AM
[ReportManager] File Action [getAbsolutePath] successfully performed. With the following test data [Relative Folder Path: "src/test/resources/DynamicObjectRepository/tests_gui_google_F_Search_PageObjectModel_Fluent_navigateToGoogleHomeAndAssertGoogleLogoIsDisplayed_By_xpath_img_id_hplogo_or_alt_Google.png"]. @03-05-2021 06:47:04.0422 AM
[ReportManager] File Action [readFromImageFile] successfully performed. With the following test data [File Path: "/home/runner/work/using_SHAFT_ENGINE/using_SHAFT_ENGINE/src/test/resources/DynamicObjectRepository/tests_gui_google_F_Search_PageObjectModel_Fluent_navigateToGoogleHomeAndAssertGoogleLogoIsDisplayed_By_xpath_img_id_hplogo_or_alt_Google.png"]. @03-05-2021 06:47:04.0422 AM
[ReportManager] AssertElementMatches FAILED; Expected [Element should match the reference screenshot] and Actual [ELEMENT NOT FOUND]. Comparison Type [EXACT_OPENCV]. Validation Type [POSITIVE]. @03-05-2021 06:47:30.0312 AM
[ReportManager] Successfully created attachment [Validation Test Data - Reference Screenshot] @03-05-2021 06:47:30.0312 AM
[ReportManager] Successfully created attachment [Validation Test Data - Actual Screenshot] @03-05-2021 06:47:30.0313 A
[ReportManager] Successfully created attachment [Selenium WebDriver Logs - server] @03-05-2021 06:47:30.0427 AM
[ReportManager] Successfully created attachment [Selenium WebDriver Logs - performance] @03-05-2021 06:47:30.0481 AM
[ReportManager] Successfully created attachment [Selenium WebDriver Logs - browser] @03-05-2021 06:47:30.0494 AM
[ReportManager] Successfully created attachment [Selenium WebDriver Logs - driver] @03-05-2021 06:47:30.0648 AM
[ReportManager] Browser Action [closeCurrentWindow] successfully performed. @03-05-2021 06:47:30.0713 AM
[ReportManager] Successfully created attachment [Browser Action Test Data - closeCurrentWindow - Actual Value] @03-05-2021 06:47:30.0737 A
[ReportManager] File Action [getAbsolutePath] successfully performed. With the following test data [Relative Folder Path: "target/downloadedFiles/"]. @03-05-2021 06:47:30.0744 AM
[ReportManager] Attempting to run remotely on: [Linux-64], [GoogleChrome], [http://localhost:4444/wd/hub], Headless Execution. @03-05-2021 06:47:30.0745 AM
[ReportManager] Successfully Opened [GoogleChrome]. @03-05-2021 06:47:31.0030 AM
[ReportManager] Target URL: [https://www.google.com/ncr], and after redirection: [https://www.google.com] @03-05-2021 06:47:31.0046 AM
[ReportManager] Initial URL: [data:,] @03-05-2021 06:47:31.0116 AM
[ReportManager] Browser Action [navigateToURL] successfully performed. With the following test data [https://www.google.com/ncr]. @03-05-2021 06:47:32.0235 A

################################################################################################################################################
Starting Execution:	[6 out of 23] test cases in the current suite
Test Method:		[tests.gui.google.F_Search_PageObjectModel_Fluent.navigateToGoogleHomeAndAssertPageTitle]
################################################################################################################################################
[ReportManager] Asserting that the page title is Google... @03-05-2021 06:47:32.0246 AM
[ReportManager] Browser Action [getCurrentWindowTitle] successfully performed. With the following test data [Google]. @03-05-2021 06:47:32.0290 AM
[ReportManager] AssertBrowserAttribute PASSED; Expected [Value Should be 'Google' for the 'Title' attribute] and Actual [Google]. Comparison Type [EQUALS]. Validation Type [POSITIVE]. @03-05-2021 06:47:32.0291 A
[ReportManager] Successfully created attachment [Selenium WebDriver Logs - server] @03-05-2021 06:47:32.0389 AM
[ReportManager] Successfully created attachment [Selenium WebDriver Logs - performance] @03-05-2021 06:47:32.0442 AM
[ReportManager] Successfully created attachment [Selenium WebDriver Logs - browser] @03-05-2021 06:47:32.0455 AM
[ReportManager] Successfully created attachment [Selenium WebDriver Logs - driver] @03-05-2021 06:47:32.0546 AM
[ReportManager] Browser Action [closeCurrentWindow] successfully performed. @03-05-2021 06:47:32.0606 AM
[ReportManager] Successfully created attachment [Browser Action Test Data - closeCurrentWindow - Actual Value] @03-05-2021 06:47:32.0607 A
[ReportManager] File Action [getAbsolutePath] successfully performed. With the following test data [Relative Folder Path: "target/downloadedFiles/"]. @03-05-2021 06:47:32.0611 AM
[ReportManager] Attempting to run remotely on: [Linux-64], [GoogleChrome], [http://localhost:4444/wd/hub], Headless Execution. @03-05-2021 06:47:32.0611 AM
[ReportManager] Successfully Opened [GoogleChrome]. @03-05-2021 06:47:32.0886 AM
[ReportManager] Target URL: [https://www.google.com/ncr], and after redirection: [https://www.google.com] @03-05-2021 06:47:32.0905 AM
[ReportManager] Initial URL: [data:,] @03-05-2021 06:47:32.0963 AM
[ReportManager] Browser Action [navigateToURL] successfully performed. With the following test data [https://www.google.com/ncr]. @03-05-2021 06:47:34.0022 A

################################################################################################################################################
Starting Execution:	[7 out of 23] test cases in the current suite
Test Method:		[tests.gui.google.F_Search_PageObjectModel_Fluent.searchForQueryAndAssertFirstResultTextIsCorrect]
################################################################################################################################################
[ReportManager] Element Action [type] successfully performed. With the following test data [SHAFT_Engine]. @03-05-2021 06:47:34.0818 AM
[ReportManager] Element Action [keyPress] successfully performed. With the following test data [ENTER]. @03-05-2021 06:47:36.0266 AM
[ReportManager] Asserting that the correct first result is displayed... @03-05-2021 06:47:36.0268 AM
[ReportManager] Element Action [getText] successfully performed. With the following test data [MohabMohie/SHAFT_ENGINE: SHAFT_ENGINE is a ... - GitHub]. @03-05-2021 06:47:36.0372 AM
[ReportManager] Loaded Shared OpenCV @03-05-2021 06:47:37.0039 AM
[ReportManager] AssertElementAttribute PASSED; Expected [Value Should be 'MohabMohie' for the 'Text' attribute, element locator 'By.xpath: (//h1[contains(text(),'Search Result')]/following-sibling::div//a/h3)[1]'] and Actual [MohabMohie/SHAFT_ENGINE: SHAFT_ENGINE is a ... - GitHub]. Comparison Type [CONTAINS]. Validation Type [POSITIVE]. @03-05-2021 06:47:37.0249 AM
[ReportManager] Successfully created attachment [Screenshot - 1620024456582_searchForQueryAndAssertFirstResultTextIsCorrect_AssertElementAttribute_passed] @03-05-2021 06:47:37.0256 A
[ReportManager] Successfully created attachment [Selenium WebDriver Logs - server] @03-05-2021 06:47:37.0440 AM
[ReportManager] Successfully created attachment [Selenium WebDriver Logs - performance] @03-05-2021 06:47:37.0634 AM
[ReportManager] Successfully created attachment [Selenium WebDriver Logs - browser] @03-05-2021 06:47:37.0647 AM
[ReportManager] Successfully created attachment [Selenium WebDriver Logs - driver] @03-05-2021 06:47:37.0951 AM
[ReportManager] Browser Action [closeCurrentWindow] successfully performed. @03-05-2021 06:47:38.0017 AM
[ReportManager] Successfully created attachment [Browser Action Test Data - closeCurrentWindow - Actual Value] @03-05-2021 06:47:38.0020 A



################################################################################################################################################
Starting Execution:	[8 out of 23] test cases in the current suite
Test Method:		[tests.gui.google.A_Search_FlatTest_NativeSeleniumWebDriver.navigateToGoogleHomeAndAssertGoogleLogoIsDisplayed]
###############################################################################################################################################



################################################################################################################################################
Starting Execution:	[9 out of 23] test cases in the current suite
Test Method:		[tests.gui.google.A_Search_FlatTest_NativeSeleniumWebDriver.navigateToGoogleHomeAndAssertPageTitle]
###############################################################################################################################################



################################################################################################################################################
Starting Execution:	[10 out of 23] test cases in the current suite
Test Method:		[tests.gui.google.A_Search_FlatTest_NativeSeleniumWebDriver.searchForQueryAndAssertFirstResultTextIsCorrect]
###############################################################################################################################################

[ReportManager] File Action [getAbsolutePath] successfully performed. With the following test data [Relative Folder Path: "target/downloadedFiles/"]. @03-05-2021 06:47:40.0863 AM
[ReportManager] Attempting to run remotely on: [Linux-64], [GoogleChrome], [http://localhost:4444/wd/hub], Headless Execution. @03-05-2021 06:47:40.0863 AM
[ReportManager] Successfully Opened [GoogleChrome]. @03-05-2021 06:47:41.0152 AM
[ReportManager] Target URL: [https://www.google.com/ncr], and after redirection: [https://www.google.com] @03-05-2021 06:47:41.0177 AM
[ReportManager] Initial URL: [data:,] @03-05-2021 06:47:41.0227 AM
[ReportManager] Browser Action [navigateToURL] successfully performed. With the following test data [https://www.google.com/ncr]. @03-05-2021 06:47:42.0403 A

################################################################################################################################################
Starting Execution:	[11 out of 23] test cases in the current suite
Test Method:		[tests.gui.google.B_Search_FlatTest_SHAFT.navigateToGoogleHomeAndAssertGoogleLogoIsDisplayed]
################################################################################################################################################
[ReportManager] Asserting that the Google logo is displayed... @03-05-2021 06:47:42.0410 AM
[ReportManager] File Action [doesFileExist] successfully performed. With the following test data [File Path: "src/test/resources/DynamicObjectRepository/tests_gui_google_B_Search_FlatTest_SHAFT_navigateToGoogleHomeAndAssertGoogleLogoIsDisplayed_By_xpath_img_id_hplogo_or_alt_Google.png"]. @03-05-2021 06:47:42.0412 AM
[ReportManager] File Action [getAbsolutePath] successfully performed. With the following test data [Relative Folder Path: "src/test/resources/DynamicObjectRepository/tests_gui_google_B_Search_FlatTest_SHAFT_navigateToGoogleHomeAndAssertGoogleLogoIsDisplayed_By_xpath_img_id_hplogo_or_alt_Google.png"]. @03-05-2021 06:47:42.0413 AM
[ReportManager] File Action [readFromImageFile] successfully performed. With the following test data [File Path: "/home/runner/work/using_SHAFT_ENGINE/using_SHAFT_ENGINE/src/test/resources/DynamicObjectRepository/tests_gui_google_B_Search_FlatTest_SHAFT_navigateToGoogleHomeAndAssertGoogleLogoIsDisplayed_By_xpath_img_id_hplogo_or_alt_Google.png"]. @03-05-2021 06:47:42.0413 AM
[ReportManager] AssertElementMatches FAILED; Expected [Element should match the reference screenshot] and Actual [ELEMENT NOT FOUND]. Comparison Type [EXACT_OPENCV]. Validation Type [POSITIVE]. @03-05-2021 06:48:08.0293 AM
[ReportManager] Successfully created attachment [Validation Test Data - Reference Screenshot] @03-05-2021 06:48:08.0294 AM
[ReportManager] Successfully created attachment [Validation Test Data - Actual Screenshot] @03-05-2021 06:48:08.0294 A
[ReportManager] Successfully created attachment [Selenium WebDriver Logs - server] @03-05-2021 06:48:08.0407 AM
[ReportManager] Successfully created attachment [Selenium WebDriver Logs - performance] @03-05-2021 06:48:08.0475 AM
[ReportManager] Successfully created attachment [Selenium WebDriver Logs - browser] @03-05-2021 06:48:08.0486 AM
[ReportManager] Successfully created attachment [Selenium WebDriver Logs - driver] @03-05-2021 06:48:08.0606 AM
[ReportManager] Browser Action [closeCurrentWindow] successfully performed. @03-05-2021 06:48:08.0664 AM
[ReportManager] Successfully created attachment [Browser Action Test Data - closeCurrentWindow - Actual Value] @03-05-2021 06:48:08.0665 A
[ReportManager] File Action [getAbsolutePath] successfully performed. With the following test data [Relative Folder Path: "target/downloadedFiles/"]. @03-05-2021 06:48:08.0671 AM
[ReportManager] Attempting to run remotely on: [Linux-64], [GoogleChrome], [http://localhost:4444/wd/hub], Headless Execution. @03-05-2021 06:48:08.0672 AM
[ReportManager] Successfully Opened [GoogleChrome]. @03-05-2021 06:48:08.0946 AM
[ReportManager] Target URL: [https://www.google.com/ncr], and after redirection: [https://www.google.com] @03-05-2021 06:48:08.0969 AM
[ReportManager] Initial URL: [data:,] @03-05-2021 06:48:09.0029 AM
[ReportManager] Browser Action [navigateToURL] successfully performed. With the following test data [https://www.google.com/ncr]. @03-05-2021 06:48:10.0145 A

################################################################################################################################################
Starting Execution:	[12 out of 23] test cases in the current suite
Test Method:		[tests.gui.google.B_Search_FlatTest_SHAFT.navigateToGoogleHomeAndAssertPageTitle]
################################################################################################################################################
[ReportManager] Asserting that the page title is Google... @03-05-2021 06:48:10.0157 AM
[ReportManager] Browser Action [getCurrentWindowTitle] successfully performed. With the following test data [Google]. @03-05-2021 06:48:10.0195 AM
[ReportManager] AssertBrowserAttribute PASSED; Expected [Value Should be 'Google' for the 'Title' attribute] and Actual [Google]. Comparison Type [EQUALS]. Validation Type [POSITIVE]. @03-05-2021 06:48:10.0196 A
[ReportManager] Successfully created attachment [Selenium WebDriver Logs - server] @03-05-2021 06:48:10.0301 AM
[ReportManager] Successfully created attachment [Selenium WebDriver Logs - performance] @03-05-2021 06:48:10.0366 AM
[ReportManager] Successfully created attachment [Selenium WebDriver Logs - browser] @03-05-2021 06:48:10.0375 AM
[ReportManager] Successfully created attachment [Selenium WebDriver Logs - driver] @03-05-2021 06:48:10.0470 AM
[ReportManager] Browser Action [closeCurrentWindow] successfully performed. @03-05-2021 06:48:10.0530 AM
[ReportManager] Successfully created attachment [Browser Action Test Data - closeCurrentWindow - Actual Value] @03-05-2021 06:48:10.0531 A
[ReportManager] File Action [getAbsolutePath] successfully performed. With the following test data [Relative Folder Path: "target/downloadedFiles/"]. @03-05-2021 06:48:10.0535 AM
[ReportManager] Attempting to run remotely on: [Linux-64], [GoogleChrome], [http://localhost:4444/wd/hub], Headless Execution. @03-05-2021 06:48:10.0536 AM
[ReportManager] Successfully Opened [GoogleChrome]. @03-05-2021 06:48:10.0805 AM
[ReportManager] Target URL: [https://www.google.com/ncr], and after redirection: [https://www.google.com] @03-05-2021 06:48:10.0820 AM
[ReportManager] Initial URL: [data:,] @03-05-2021 06:48:10.0868 AM
[ReportManager] Browser Action [navigateToURL] successfully performed. With the following test data [https://www.google.com/ncr]. @03-05-2021 06:48:12.0063 A

################################################################################################################################################
Starting Execution:	[13 out of 23] test cases in the current suite
Test Method:		[tests.gui.google.B_Search_FlatTest_SHAFT.searchForQueryAndAssertFirstResultTextIsCorrect]
################################################################################################################################################
[ReportManager] Element Action [type] successfully performed. With the following test data [SHAFT_Engine]. @03-05-2021 06:48:12.0876 AM
[ReportManager] Element Action [keyPress] successfully performed. With the following test data [ENTER]. @03-05-2021 06:48:14.0194 AM
[ReportManager] Asserting that the correct first result is displayed... @03-05-2021 06:48:14.0195 AM
[ReportManager] Element Action [getText] successfully performed. With the following test data [MohabMohie/SHAFT_ENGINE: SHAFT_ENGINE is a ... - GitHub]. @03-05-2021 06:48:14.0306 AM
[ReportManager] Loaded Shared OpenCV @03-05-2021 06:48:14.0516 AM
[ReportManager] AssertElementAttribute PASSED; Expected [Value Should be 'MohabMohie' for the 'Text' attribute, element locator 'By.xpath: (//h1[contains(text(),'Search Result')]/following-sibling::div//a/h3)[1]'] and Actual [MohabMohie/SHAFT_ENGINE: SHAFT_ENGINE is a ... - GitHub]. Comparison Type [CONTAINS]. Validation Type [POSITIVE]. @03-05-2021 06:48:14.0588 AM
[ReportManager] Successfully created attachment [Screenshot - 1620024494516_searchForQueryAndAssertFirstResultTextIsCorrect_AssertElementAttribute_passed] @03-05-2021 06:48:14.0592 A
[ReportManager] Successfully created attachment [Selenium WebDriver Logs - server] @03-05-2021 06:48:14.0789 AM
[ReportManager] Successfully created attachment [Selenium WebDriver Logs - performance] @03-05-2021 06:48:14.0998 AM
[ReportManager] Successfully created attachment [Selenium WebDriver Logs - browser] @03-05-2021 06:48:15.0008 AM
[ReportManager] Successfully created attachment [Selenium WebDriver Logs - driver] @03-05-2021 06:48:15.0279 AM
[ReportManager] Browser Action [closeCurrentWindow] successfully performed. @03-05-2021 06:48:15.0346 AM
[ReportManager] Successfully created attachment [Browser Action Test Data - closeCurrentWindow - Actual Value] @03-05-2021 06:48:15.0350 A
[ReportManager] Successfully loaded the following test data file [src/test/resources/TestDataFiles/Google/SimpleSearch.xlsx]. @03-05-2021 06:48:15.0423 AM
[ReportManager] Successfully created attachment [Test Data - Excel] @03-05-2021 06:48:15.0424 A
[ReportManager] File Action [getAbsolutePath] successfully performed. With the following test data [Relative Folder Path: "target/downloadedFiles/"]. @03-05-2021 06:48:15.0425 AM
[ReportManager] Attempting to run remotely on: [Linux-64], [GoogleChrome], [http://localhost:4444/wd/hub], Headless Execution. @03-05-2021 06:48:15.0425 AM
[ReportManager] Successfully Opened [GoogleChrome]. @03-05-2021 06:48:15.0684 AM
[ReportManager] Target URL: [https://www.google.com/ncr], and after redirection: [https://www.google.com] @03-05-2021 06:48:15.0697 AM
[ReportManager] Initial URL: [data:,] @03-05-2021 06:48:15.0746 AM
[ReportManager] Browser Action [navigateToURL] successfully performed. With the following test data [https://www.google.com/ncr]. @03-05-2021 06:48:16.0826 A

################################################################################################################################################
Starting Execution:	[14 out of 23] test cases in the current suite
Test Method:		[tests.gui.google.D_Search_PageObjectModel_Traditional_DataDriven.navigateToGoogleHomeAndAssertGoogleLogoIsDisplayed]
################################################################################################################################################
[ReportManager] Element Action [identifyUniqueElement] failed. With the following test data [zero elements found matching this locator "By.xpath: //img[@id='hplogo' or @alt='Google']".]. @03-05-2021 06:48:42.0489 AM
[ReportManager] Successfully created attachment [Screenshot - 1620024522439_navigateToGoogleHomeAndAssertGoogleLogoIsDisplayed_identifyUniqueElement_failed] @03-05-2021 06:48:42.0491 A
[ReportManager] Successfully created attachment [Selenium WebDriver Logs - server] @03-05-2021 06:48:42.0586 AM
[ReportManager] Successfully created attachment [Selenium WebDriver Logs - performance] @03-05-2021 06:48:42.0637 AM
[ReportManager] Successfully created attachment [Selenium WebDriver Logs - browser] @03-05-2021 06:48:42.0646 AM
[ReportManager] Successfully created attachment [Selenium WebDriver Logs - driver] @03-05-2021 06:48:42.0741 AM
[ReportManager] Browser Action [closeCurrentWindow] successfully performed. @03-05-2021 06:48:42.0805 AM
[ReportManager] Successfully created attachment [Browser Action Test Data - closeCurrentWindow - Actual Value] @03-05-2021 06:48:42.0806 A
[ReportManager] File Action [getAbsolutePath] successfully performed. With the following test data [Relative Folder Path: "target/downloadedFiles/"]. @03-05-2021 06:48:42.0810 AM
[ReportManager] Attempting to run remotely on: [Linux-64], [GoogleChrome], [http://localhost:4444/wd/hub], Headless Execution. @03-05-2021 06:48:42.0813 AM
[ReportManager] Successfully Opened [GoogleChrome]. @03-05-2021 06:48:43.0058 AM
[ReportManager] Target URL: [https://www.google.com/ncr], and after redirection: [https://www.google.com] @03-05-2021 06:48:43.0070 AM
[ReportManager] Initial URL: [data:,] @03-05-2021 06:48:43.0115 AM
[ReportManager] Browser Action [navigateToURL] successfully performed. With the following test data [https://www.google.com/ncr]. @03-05-2021 06:48:44.0177 A

################################################################################################################################################
Starting Execution:	[15 out of 23] test cases in the current suite
Test Method:		[tests.gui.google.D_Search_PageObjectModel_Traditional_DataDriven.navigateToGoogleHomeAndAssertPageTitle]
################################################################################################################################################
[ReportManager] Browser Action [getCurrentWindowTitle] successfully performed. With the following test data [Google]. @03-05-2021 06:48:44.0221 AM
[ReportManager] Asserting that the page title is Google... @03-05-2021 06:48:44.0222 AM
[ReportManager] AssertEquals PASSED; Expected [Google] and Actual [Google]. Comparison Type [EQUALS]. Validation Type [POSITIVE]. @03-05-2021 06:48:44.0222 A
[ReportManager] Successfully created attachment [Selenium WebDriver Logs - server] @03-05-2021 06:48:44.0308 AM
[ReportManager] Successfully created attachment [Selenium WebDriver Logs - performance] @03-05-2021 06:48:44.0359 AM
[ReportManager] Successfully created attachment [Selenium WebDriver Logs - browser] @03-05-2021 06:48:44.0367 AM
[ReportManager] Successfully created attachment [Selenium WebDriver Logs - driver] @03-05-2021 06:48:44.0459 AM
[ReportManager] Browser Action [closeCurrentWindow] successfully performed. @03-05-2021 06:48:44.0516 AM
[ReportManager] Successfully created attachment [Browser Action Test Data - closeCurrentWindow - Actual Value] @03-05-2021 06:48:44.0517 A
[ReportManager] File Action [getAbsolutePath] successfully performed. With the following test data [Relative Folder Path: "target/downloadedFiles/"]. @03-05-2021 06:48:44.0519 AM
[ReportManager] Attempting to run remotely on: [Linux-64], [GoogleChrome], [http://localhost:4444/wd/hub], Headless Execution. @03-05-2021 06:48:44.0519 AM
[ReportManager] Successfully Opened [GoogleChrome]. @03-05-2021 06:48:44.0776 AM
[ReportManager] Target URL: [https://www.google.com/ncr], and after redirection: [https://www.google.com] @03-05-2021 06:48:44.0790 AM
[ReportManager] Initial URL: [data:,] @03-05-2021 06:48:44.0902 AM
[ReportManager] Browser Action [navigateToURL] successfully performed. With the following test data [https://www.google.com/ncr]. @03-05-2021 06:48:45.0940 A

################################################################################################################################################
Starting Execution:	[16 out of 23] test cases in the current suite
Test Method:		[tests.gui.google.D_Search_PageObjectModel_Traditional_DataDriven.searchForQueryAndAssertFirstResultTextIsCorrect]
################################################################################################################################################
[ReportManager] Element Action [type] successfully performed. With the following test data [SHAFT_Engine]. @03-05-2021 06:48:46.0707 AM
[ReportManager] Element Action [keyPress] successfully performed. With the following test data [ENTER]. @03-05-2021 06:48:48.0121 AM
[ReportManager] Element Action [getText] successfully performed. With the following test data [MohabMohie/SHAFT_ENGINE: SHAFT_ENGINE is a ... - GitHub]. @03-05-2021 06:48:48.0219 AM
[ReportManager] Asserting that the correct first result is displayed... @03-05-2021 06:48:48.0219 AM
[ReportManager] AssertEquals PASSED; Expected [MohabMohie] and Actual [MohabMohie/SHAFT_ENGINE: SHAFT_ENGINE is a ... - GitHub]. Comparison Type [CONTAINS]. Validation Type [POSITIVE]. @03-05-2021 06:48:48.0219 A
[ReportManager] Successfully created attachment [Selenium WebDriver Logs - server] @03-05-2021 06:48:48.0435 AM
[ReportManager] Successfully created attachment [Selenium WebDriver Logs - performance] @03-05-2021 06:48:48.0628 AM
[ReportManager] Successfully created attachment [Selenium WebDriver Logs - browser] @03-05-2021 06:48:48.0638 AM
[ReportManager] Successfully created attachment [Selenium WebDriver Logs - driver] @03-05-2021 06:48:48.0875 AM
[ReportManager] Browser Action [closeCurrentWindow] successfully performed. @03-05-2021 06:48:48.0937 AM
[ReportManager] Successfully created attachment [Browser Action Test Data - closeCurrentWindow - Actual Value] @03-05-2021 06:48:48.0953 A
[ReportManager] Successfully loaded the following test data file [src/test/resources/TestDataFiles/Google/SimpleSearch.xlsx]. @03-05-2021 06:48:49.0006 AM
[ReportManager] Successfully created attachment [Test Data - Excel] @03-05-2021 06:48:49.0007 A
[ReportManager] File Action [getAbsolutePath] successfully performed. With the following test data [Relative Folder Path: "target/downloadedFiles/"]. @03-05-2021 06:48:49.0008 AM
[ReportManager] Attempting to run remotely on: [Linux-64], [GoogleChrome], [http://localhost:4444/wd/hub], Headless Execution. @03-05-2021 06:48:49.0008 AM
[ReportManager] Successfully Opened [GoogleChrome]. @03-05-2021 06:48:49.0277 AM
[ReportManager] Target URL: [https://www.google.com/ncr], and after redirection: [https://www.google.com] @03-05-2021 06:48:49.0290 AM
[ReportManager] Initial URL: [data:,] @03-05-2021 06:48:49.0336 AM
[ReportManager] Browser Action [navigateToURL] successfully performed. With the following test data [https://www.google.com/ncr]. @03-05-2021 06:48:50.0519 A

################################################################################################################################################
Starting Execution:	[17 out of 23] test cases in the current suite
Test Method:		[tests.gui.google.G_Search_PageObjectModel_ThreadSafe.navigateToGoogleHomeAndAssertGoogleLogoIsDisplayed]
################################################################################################################################################
[ReportManager] Asserting that the Google logo is displayed... @03-05-2021 06:48:50.0527 AM
[ReportManager] File Action [doesFileExist] successfully performed. With the following test data [File Path: "src/test/resources/DynamicObjectRepository/tests_gui_google_G_Search_PageObjectModel_ThreadSafe_navigateToGoogleHomeAndAssertGoogleLogoIsDisplayed_By_xpath_img_id_hplogo_or_alt_Google.png"]. @03-05-2021 06:48:50.0528 AM
[ReportManager] File Action [getAbsolutePath] successfully performed. With the following test data [Relative Folder Path: "src/test/resources/DynamicObjectRepository/tests_gui_google_G_Search_PageObjectModel_ThreadSafe_navigateToGoogleHomeAndAssertGoogleLogoIsDisplayed_By_xpath_img_id_hplogo_or_alt_Google.png"]. @03-05-2021 06:48:50.0528 AM
[ReportManager] File Action [readFromImageFile] successfully performed. With the following test data [File Path: "/home/runner/work/using_SHAFT_ENGINE/using_SHAFT_ENGINE/src/test/resources/DynamicObjectRepository/tests_gui_google_G_Search_PageObjectModel_ThreadSafe_navigateToGoogleHomeAndAssertGoogleLogoIsDisplayed_By_xpath_img_id_hplogo_or_alt_Google.png"]. @03-05-2021 06:48:50.0528 AM
[ReportManager] AssertElementMatches FAILED; Expected [Element should match the reference screenshot] and Actual [ELEMENT NOT FOUND]. Comparison Type [EXACT_OPENCV]. Validation Type [POSITIVE]. @03-05-2021 06:49:16.0295 AM
[ReportManager] Successfully created attachment [Validation Test Data - Reference Screenshot] @03-05-2021 06:49:16.0295 AM
[ReportManager] Successfully created attachment [Validation Test Data - Actual Screenshot] @03-05-2021 06:49:16.0295 A
[ReportManager] Successfully created attachment [Selenium WebDriver Logs - server] @03-05-2021 06:49:16.0393 AM
[ReportManager] Successfully created attachment [Selenium WebDriver Logs - performance] @03-05-2021 06:49:16.0442 AM
[ReportManager] Successfully created attachment [Selenium WebDriver Logs - browser] @03-05-2021 06:49:16.0451 AM
[ReportManager] Successfully created attachment [Selenium WebDriver Logs - driver] @03-05-2021 06:49:16.0560 AM
[ReportManager] Browser Action [closeCurrentWindow] successfully performed. @03-05-2021 06:49:16.0617 AM
[ReportManager] Successfully created attachment [Browser Action Test Data - closeCurrentWindow - Actual Value] @03-05-2021 06:49:16.0620 A
[ReportManager] File Action [getAbsolutePath] successfully performed. With the following test data [Relative Folder Path: "target/downloadedFiles/"]. @03-05-2021 06:49:16.0625 AM
[ReportManager] Attempting to run remotely on: [Linux-64], [GoogleChrome], [http://localhost:4444/wd/hub], Headless Execution. @03-05-2021 06:49:16.0626 AM
[ReportManager] Successfully Opened [GoogleChrome]. @03-05-2021 06:49:16.0880 AM
[ReportManager] Target URL: [https://www.google.com/ncr], and after redirection: [https://www.google.com] @03-05-2021 06:49:16.0891 AM
[ReportManager] Initial URL: [data:,] @03-05-2021 06:49:16.0937 AM
[ReportManager] Browser Action [navigateToURL] successfully performed. With the following test data [https://www.google.com/ncr]. @03-05-2021 06:49:18.0096 A

################################################################################################################################################
Starting Execution:	[18 out of 23] test cases in the current suite
Test Method:		[tests.gui.google.G_Search_PageObjectModel_ThreadSafe.navigateToGoogleHomeAndAssertPageTitle]
################################################################################################################################################
[ReportManager] Asserting that the page title is Google... @03-05-2021 06:49:18.0099 AM
[ReportManager] Browser Action [getCurrentWindowTitle] successfully performed. With the following test data [Google]. @03-05-2021 06:49:18.0147 AM
[ReportManager] AssertBrowserAttribute PASSED; Expected [Value Should be 'Google' for the 'Title' attribute] and Actual [Google]. Comparison Type [EQUALS]. Validation Type [POSITIVE]. @03-05-2021 06:49:18.0147 A
[ReportManager] Successfully created attachment [Selenium WebDriver Logs - server] @03-05-2021 06:49:18.0239 AM
[ReportManager] Successfully created attachment [Selenium WebDriver Logs - performance] @03-05-2021 06:49:18.0296 AM
[ReportManager] Successfully created attachment [Selenium WebDriver Logs - browser] @03-05-2021 06:49:18.0303 AM
[ReportManager] Successfully created attachment [Selenium WebDriver Logs - driver] @03-05-2021 06:49:18.0387 AM
[ReportManager] Browser Action [closeCurrentWindow] successfully performed. @03-05-2021 06:49:18.0446 AM
[ReportManager] Successfully created attachment [Browser Action Test Data - closeCurrentWindow - Actual Value] @03-05-2021 06:49:18.0447 A
[ReportManager] File Action [getAbsolutePath] successfully performed. With the following test data [Relative Folder Path: "target/downloadedFiles/"]. @03-05-2021 06:49:18.0450 AM
[ReportManager] Attempting to run remotely on: [Linux-64], [GoogleChrome], [http://localhost:4444/wd/hub], Headless Execution. @03-05-2021 06:49:18.0450 AM
[ReportManager] Successfully Opened [GoogleChrome]. @03-05-2021 06:49:18.0720 AM
[ReportManager] Target URL: [https://www.google.com/ncr], and after redirection: [https://www.google.com] @03-05-2021 06:49:18.0733 AM
[ReportManager] Initial URL: [data:,] @03-05-2021 06:49:18.0781 AM
[ReportManager] Browser Action [navigateToURL] successfully performed. With the following test data [https://www.google.com/ncr]. @03-05-2021 06:49:19.0836 A

################################################################################################################################################
Starting Execution:	[19 out of 23] test cases in the current suite
Test Method:		[tests.gui.google.G_Search_PageObjectModel_ThreadSafe.searchForQueryAndAssertFirstResultTextIsCorrect]
################################################################################################################################################
[ReportManager] Element Action [type] successfully performed. With the following test data [SHAFT_Engine]. @03-05-2021 06:49:20.0655 AM
[ReportManager] Element Action [keyPress] successfully performed. With the following test data [ENTER]. @03-05-2021 06:49:22.0015 AM
[ReportManager] Asserting that the correct first result is displayed... @03-05-2021 06:49:22.0015 AM
[ReportManager] Element Action [getText] successfully performed. With the following test data [MohabMohie/SHAFT_ENGINE: SHAFT_ENGINE is a ... - GitHub]. @03-05-2021 06:49:22.0113 AM
[ReportManager] Loaded Shared OpenCV @03-05-2021 06:49:22.0307 AM
[ReportManager] AssertElementAttribute PASSED; Expected [Value Should be 'MohabMohie' for the 'Text' attribute, element locator 'By.xpath: (//h1[contains(text(),'Search Result')]/following-sibling::div//a/h3)[1]'] and Actual [MohabMohie/SHAFT_ENGINE: SHAFT_ENGINE is a ... - GitHub]. Comparison Type [CONTAINS]. Validation Type [POSITIVE]. @03-05-2021 06:49:22.0382 AM
[ReportManager] Successfully created attachment [Screenshot - 1620024562307_searchForQueryAndAssertFirstResultTextIsCorrect_AssertElementAttribute_passed] @03-05-2021 06:49:22.0383 A
[ReportManager] Successfully created attachment [Selenium WebDriver Logs - server] @03-05-2021 06:49:22.0559 AM
[ReportManager] Successfully created attachment [Selenium WebDriver Logs - performance] @03-05-2021 06:49:22.0742 AM
[ReportManager] Successfully created attachment [Selenium WebDriver Logs - browser] @03-05-2021 06:49:22.0750 AM
[ReportManager] Successfully created attachment [Selenium WebDriver Logs - driver] @03-05-2021 06:49:23.0008 AM
[ReportManager] Browser Action [closeCurrentWindow] successfully performed. @03-05-2021 06:49:23.0067 AM
[ReportManager] Successfully created attachment [Browser Action Test Data - closeCurrentWindow - Actual Value] @03-05-2021 06:49:23.0070 A
[ReportManager] Successfully loaded the following test data file [src/test/resources/TestDataFiles/Google/SimpleSearch.xlsx]. @03-05-2021 06:49:23.0104 AM
[ReportManager] Successfully created attachment [Test Data - Excel] @03-05-2021 06:49:23.0104 A
[ReportManager] File Action [getAbsolutePath] successfully performed. With the following test data [Relative Folder Path: "target/downloadedFiles/"]. @03-05-2021 06:49:23.0105 AM
[ReportManager] Attempting to run remotely on: [Linux-64], [GoogleChrome], [http://localhost:4444/wd/hub], Headless Execution. @03-05-2021 06:49:23.0105 AM
[ReportManager] Successfully Opened [GoogleChrome]. @03-05-2021 06:49:23.0386 AM
[ReportManager] Target URL: [https://www.google.com/ncr], and after redirection: [https://www.google.com] @03-05-2021 06:49:23.0399 AM
[ReportManager] Initial URL: [data:,] @03-05-2021 06:49:23.0454 AM
[ReportManager] Browser Action [navigateToURL] successfully performed. With the following test data [https://www.google.com/ncr]. @03-05-2021 06:49:24.0529 A

################################################################################################################################################
Starting Execution:	[20 out of 23] test cases in the current suite
Test Method:		[tests.gui.google.E_Search_PageObjectModel_Traditional_SHAFTAssertions.navigateToGoogleHomeAndAssertGoogleLogoIsDisplayed]
################################################################################################################################################
[ReportManager] Asserting that the Google logo is displayed... @03-05-2021 06:49:24.0532 AM
[ReportManager] File Action [doesFileExist] successfully performed. With the following test data [File Path: "src/test/resources/DynamicObjectRepository/tests_gui_google_E_Search_PageObjectModel_Traditional_SHAFTAssertions_navigateToGoogleHomeAndAssertGoogleLogoIsDisplayed_By_xpath_img_id_hplogo_or_alt_Google.png"]. @03-05-2021 06:49:24.0533 AM
[ReportManager] File Action [getAbsolutePath] successfully performed. With the following test data [Relative Folder Path: "src/test/resources/DynamicObjectRepository/tests_gui_google_E_Search_PageObjectModel_Traditional_SHAFTAssertions_navigateToGoogleHomeAndAssertGoogleLogoIsDisplayed_By_xpath_img_id_hplogo_or_alt_Google.png"]. @03-05-2021 06:49:24.0533 AM
[ReportManager] File Action [readFromImageFile] successfully performed. With the following test data [File Path: "/home/runner/work/using_SHAFT_ENGINE/using_SHAFT_ENGINE/src/test/resources/DynamicObjectRepository/tests_gui_google_E_Search_PageObjectModel_Traditional_SHAFTAssertions_navigateToGoogleHomeAndAssertGoogleLogoIsDisplayed_By_xpath_img_id_hplogo_or_alt_Google.png"]. @03-05-2021 06:49:24.0533 AM
[ReportManager] AssertElementMatches FAILED; Expected [Element should match the reference screenshot] and Actual [ELEMENT NOT FOUND]. Comparison Type [EXACT_OPENCV]. Validation Type [POSITIVE]. @03-05-2021 06:49:50.0263 AM
[ReportManager] Successfully created attachment [Validation Test Data - Reference Screenshot] @03-05-2021 06:49:50.0264 AM
[ReportManager] Successfully created attachment [Validation Test Data - Actual Screenshot] @03-05-2021 06:49:50.0264 A
[ReportManager] Successfully created attachment [Selenium WebDriver Logs - server] @03-05-2021 06:49:50.0370 AM
[ReportManager] Successfully created attachment [Selenium WebDriver Logs - performance] @03-05-2021 06:49:50.0422 AM
[ReportManager] Successfully created attachment [Selenium WebDriver Logs - browser] @03-05-2021 06:49:50.0432 AM
[ReportManager] Successfully created attachment [Selenium WebDriver Logs - driver] @03-05-2021 06:49:50.0537 AM
[ReportManager] Browser Action [closeCurrentWindow] successfully performed. @03-05-2021 06:49:50.0594 AM
[ReportManager] Successfully created attachment [Browser Action Test Data - closeCurrentWindow - Actual Value] @03-05-2021 06:49:50.0599 A
[ReportManager] File Action [getAbsolutePath] successfully performed. With the following test data [Relative Folder Path: "target/downloadedFiles/"]. @03-05-2021 06:49:50.0602 AM
[ReportManager] Attempting to run remotely on: [Linux-64], [GoogleChrome], [http://localhost:4444/wd/hub], Headless Execution. @03-05-2021 06:49:50.0602 AM
[ReportManager] Successfully Opened [GoogleChrome]. @03-05-2021 06:49:50.0856 AM
[ReportManager] Target URL: [https://www.google.com/ncr], and after redirection: [https://www.google.com] @03-05-2021 06:49:50.0868 AM
[ReportManager] Initial URL: [data:,] @03-05-2021 06:49:50.0925 AM
[ReportManager] Browser Action [navigateToURL] successfully performed. With the following test data [https://www.google.com/ncr]. @03-05-2021 06:49:52.0083 A

################################################################################################################################################
Starting Execution:	[21 out of 23] test cases in the current suite
Test Method:		[tests.gui.google.E_Search_PageObjectModel_Traditional_SHAFTAssertions.navigateToGoogleHomeAndAssertPageTitle]
################################################################################################################################################
[ReportManager] Asserting that the page title is Google... @03-05-2021 06:49:52.0085 AM
[ReportManager] Browser Action [getCurrentWindowTitle] successfully performed. With the following test data [Google]. @03-05-2021 06:49:52.0124 AM
[ReportManager] AssertBrowserAttribute PASSED; Expected [Value Should be 'Google' for the 'Title' attribute] and Actual [Google]. Comparison Type [EQUALS]. Validation Type [POSITIVE]. @03-05-2021 06:49:52.0124 A
[ReportManager] Successfully created attachment [Selenium WebDriver Logs - server] @03-05-2021 06:49:52.0225 AM
[ReportManager] Successfully created attachment [Selenium WebDriver Logs - performance] @03-05-2021 06:49:52.0273 AM
[ReportManager] Successfully created attachment [Selenium WebDriver Logs - browser] @03-05-2021 06:49:52.0281 AM
[ReportManager] Successfully created attachment [Selenium WebDriver Logs - driver] @03-05-2021 06:49:52.0361 AM
[ReportManager] Browser Action [closeCurrentWindow] successfully performed. @03-05-2021 06:49:52.0419 AM
[ReportManager] Successfully created attachment [Browser Action Test Data - closeCurrentWindow - Actual Value] @03-05-2021 06:49:52.0420 A
[ReportManager] File Action [getAbsolutePath] successfully performed. With the following test data [Relative Folder Path: "target/downloadedFiles/"]. @03-05-2021 06:49:52.0423 AM
[ReportManager] Attempting to run remotely on: [Linux-64], [GoogleChrome], [http://localhost:4444/wd/hub], Headless Execution. @03-05-2021 06:49:52.0423 AM
[ReportManager] Successfully Opened [GoogleChrome]. @03-05-2021 06:49:52.0669 AM
[ReportManager] Target URL: [https://www.google.com/ncr], and after redirection: [https://www.google.com] @03-05-2021 06:49:52.0679 AM
[ReportManager] Initial URL: [data:,] @03-05-2021 06:49:52.0729 AM
[ReportManager] Browser Action [navigateToURL] successfully performed. With the following test data [https://www.google.com/ncr]. @03-05-2021 06:49:53.0810 A

################################################################################################################################################
Starting Execution:	[22 out of 23] test cases in the current suite
Test Method:		[tests.gui.google.E_Search_PageObjectModel_Traditional_SHAFTAssertions.searchForQueryAndAssertFirstResultTextIsCorrect]
################################################################################################################################################
[ReportManager] Element Action [type] successfully performed. With the following test data [SHAFT_Engine]. @03-05-2021 06:49:54.0627 AM
[ReportManager] Element Action [keyPress] successfully performed. With the following test data [ENTER]. @03-05-2021 06:49:56.0215 AM
[ReportManager] Asserting that the correct first result is displayed... @03-05-2021 06:49:56.0216 AM
[ReportManager] Element Action [getText] successfully performed. With the following test data [MohabMohie/SHAFT_ENGINE: SHAFT_ENGINE is a ... - GitHub]. @03-05-2021 06:49:56.0304 AM
[ReportManager] Loaded Shared OpenCV @03-05-2021 06:49:56.0489 AM
[ReportManager] AssertElementAttribute PASSED; Expected [Value Should be 'MohabMohie' for the 'Text' attribute, element locator 'By.xpath: (//h1[contains(text(),'Search Result')]/following-sibling::div//a/h3)[1]'] and Actual [MohabMohie/SHAFT_ENGINE: SHAFT_ENGINE is a ... - GitHub]. Comparison Type [CONTAINS]. Validation Type [POSITIVE]. @03-05-2021 06:49:56.0558 AM
[ReportManager] Successfully created attachment [Screenshot - 1620024596489_searchForQueryAndAssertFirstResultTextIsCorrect_AssertElementAttribute_passed] @03-05-2021 06:49:56.0559 A
[ReportManager] Successfully created attachment [Selenium WebDriver Logs - server] @03-05-2021 06:49:56.0742 AM
[ReportManager] Successfully created attachment [Selenium WebDriver Logs - performance] @03-05-2021 06:49:56.0945 AM
[ReportManager] Successfully created attachment [Selenium WebDriver Logs - browser] @03-05-2021 06:49:56.0952 AM
[ReportManager] Successfully created attachment [Selenium WebDriver Logs - driver] @03-05-2021 06:49:57.0207 AM
[ReportManager] Browser Action [closeCurrentWindow] successfully performed. @03-05-2021 06:49:57.0270 AM
[ReportManager] Successfully created attachment [Browser Action Test Data - closeCurrentWindow - Actual Value] @03-05-2021 06:49:57.0273 A

################################################################################################################################################
Starting Execution:	[23 out of 23] test cases in the current suite
Test Method:		[tests.api.users.UserData.validateUserEmail]
################################################################################################################################################
[ReportManager] Response status code: [200], status line: [HTTP/1.1 200 OK] @03-05-2021 06:49:59.0631 AM
[ReportManager] Evaluating the actual response status code against the expected one...... @03-05-2021 06:49:59.0633 AM
[ReportManager] AssertEquals PASSED; Expected [200] and Actual [200]. Comparison Type [EQUALS]. Validation Type [POSITIVE]. @03-05-2021 06:49:59.0633 AM
[ReportManager] API Action [performRequest] successfully performed. With the following test data [Request Type: "GET" | Target Status Code: "200" | Service URL: "https://jsonplaceholder.typicode.com/users" | Content Type: "*/*" | Response Time: "696ms"]. @03-05-2021 06:50:00.0678 AM
[ReportManager] Successfully created attachment [API Response - JSON Body] @03-05-2021 06:50:00.0903 AM
[ReportManager] AssertEquals PASSED; Expected and Actual values are attached. Comparison Type [CONTAINS]. Validation Type [POSITIVE]. @03-05-2021 06:50:00.0905 AM
[ReportManager] Successfully created attachment [Validation Test Data - Expected Value] @03-05-2021 06:50:00.0906 AM
[ReportManager] Successfully created attachment [Validation Test Data - Actual Value] @03-05-2021 06:50:00.0906 AM
[ReportManager] API Action [getResponseJSONValueAsList] successfully performed. With the following test data [$]. @03-05-2021 06:50:00.0935 AM
[ReportManager] API Action [getResponseJSONValue] successfully performed. With the following test data [name]. @03-05-2021 06:50:00.0964 AM
[ReportManager] API Action [getResponseJSONValue] successfully performed. With the following test data [email]. @03-05-2021 06:50:00.0990 AM
[ReportManager] AssertEquals PASSED; Expected [Sincere@april.biz] and Actual [Sincere@april.biz]. Comparison Type [EQUALS]. Validation Type [POSITIVE]. @03-05-2021 06:50:00.0991 AM
[ReportManager] API Action [getResponseJSONValue] successfully performed. With the following test data [name]. @03-05-2021 06:50:01.0010 AM
[ReportManager] API Action [getResponseJSONValue] successfully performed. With the following test data [name]. @03-05-2021 06:50:01.0026 AM
[ReportManager] API Action [getResponseJSONValue] successfully performed. With the following test data [name]. @03-05-2021 06:50:01.0045 AM
[ReportManager] API Action [getResponseJSONValue] successfully performed. With the following test data [name]. @03-05-2021 06:50:01.0061 AM
[ReportManager] API Action [getResponseJSONValue] successfully performed. With the following test data [name]. @03-05-2021 06:50:01.0082 AM
[ReportManager] API Action [getResponseJSONValue] successfully performed. With the following test data [name]. @03-05-2021 06:50:01.0100 AM
[ReportManager] API Action [getResponseJSONValue] successfully performed. With the following test data [name]. @03-05-2021 06:50:01.0117 AM
[ReportManager] API Action [getResponseJSONValue] successfully performed. With the following test data [name]. @03-05-2021 06:50:01.0138 AM
[ReportManager] API Action [getResponseJSONValue] successfully performed. With the following test data [name]. @03-05-2021 06:50:01.0161 A

################################################################################################################################################
Test Closure Activities
################################################################################################################################################
[ReportManager] Successfully created attachment [SHAFT Engine Logs - Execution log] @03-05-2021 06:50:01.0214 AM

################################################################################################################################################
This test run was powered by SHAFT Engine Version: [SHAFT Engine v5.2.20210427]
SHAFT Engine is licensed under the MIT License: [https://github.com/MohabMohie/SHAFT_ENGINE/blob/master/LICENSE].
################################################################################################################################################