################################################################################################################################################
Detected SHAFT Engine Version: [SHAFT Engine v5.2.20210427]
################################################################################################################################################

################################################################################################################################################
Starting Execution:	[1 out of 23] test cases in the current suite
Test Method:		[tests.cli.demo.cliTest.sampleTestCase]
################################################################################################################################################
[ReportManager] Attempting to perform the following command locally. Command: [ls] @04-05-2021 01:33:33.0362 AM
[ReportManager] Terminal Action [performTerminalCommands] successfully performed. With the following test data [Host Name: "localHost" | Command: "ls" | Exit Status: "0"]. @04-05-2021 01:33:33.0384 AM
[ReportManager] Successfully created attachment [Terminal Action Actual Result - Command Log] @04-05-2021 01:33:33.0394 AM
[ReportManager] Demoing local terminal actions... @04-05-2021 01:33:33.0406 AM
[ReportManager] AssertEquals PASSED; Expected [pom.xml] and Actual [LICENSE
README.md
allure-results
docker-compose_native.yml
docker-compose_zalenium.yml
extent-reports
pom.xml
src
target]. Comparison Type [CONTAINS]. Validation Type [POSITIVE]. @04-05-2021 01:33:33.0412 A
[ReportManager] File Action [getAbsolutePath] successfully performed. With the following test data [Relative Folder Path: "target/downloadedFiles/"]. @04-05-2021 01:33:33.0615 AM
[ReportManager] Attempting to run remotely on: [Linux-64], [GoogleChrome], [http://localhost:4444/wd/hub], Headless Execution. @04-05-2021 01:33:33.0685 AM
[ReportManager] Successfully Opened [GoogleChrome]. @04-05-2021 01:33:35.0477 AM
[ReportManager] Target URL: [https://www.google.com/ncr], and after redirection: [https://www.google.com] @04-05-2021 01:33:35.0541 AM
[ReportManager] Initial URL: [data:,] @04-05-2021 01:33:35.0650 AM
[ReportManager] Browser Action [navigateToURL] successfully performed. With the following test data [https://www.google.com/ncr]. @04-05-2021 01:33:37.0349 A

################################################################################################################################################
Starting Execution:	[2 out of 23] test cases in the current suite
Test Method:		[tests.gui.google.C_Search_PageObjectModel_Traditional.navigateToGoogleHomeAndAssertGoogleLogoIsDisplayed]
################################################################################################################################################
[ReportManager] Element Action [identifyUniqueElement] failed. With the following test data [zero elements found matching this locator "By.xpath: //img[@id='hplogo' or @alt='Google']".]. @04-05-2021 01:34:03.0494 AM
[ReportManager] Successfully created attachment [Screenshot - 1620092043202_navigateToGoogleHomeAndAssertGoogleLogoIsDisplayed_identifyUniqueElement_failed] @04-05-2021 01:34:03.0511 A
[ReportManager] Successfully created attachment [Selenium WebDriver Logs - server] @04-05-2021 01:34:03.0742 AM
[ReportManager] Successfully created attachment [Selenium WebDriver Logs - performance] @04-05-2021 01:34:03.0908 AM
[ReportManager] Successfully created attachment [Selenium WebDriver Logs - browser] @04-05-2021 01:34:03.0932 AM
[ReportManager] Successfully created attachment [Selenium WebDriver Logs - driver] @04-05-2021 01:34:04.0280 AM
[ReportManager] Browser Action [closeCurrentWindow] successfully performed. @04-05-2021 01:34:04.0345 AM
[ReportManager] Successfully created attachment [Browser Action Test Data - closeCurrentWindow - Actual Value] @04-05-2021 01:34:04.0355 A
[ReportManager] File Action [getAbsolutePath] successfully performed. With the following test data [Relative Folder Path: "target/downloadedFiles/"]. @04-05-2021 01:34:04.0373 AM
[ReportManager] Attempting to run remotely on: [Linux-64], [GoogleChrome], [http://localhost:4444/wd/hub], Headless Execution. @04-05-2021 01:34:04.0373 AM
[ReportManager] Successfully Opened [GoogleChrome]. @04-05-2021 01:34:05.0064 AM
[ReportManager] Target URL: [https://www.google.com/ncr], and after redirection: [https://www.google.com] @04-05-2021 01:34:05.0095 AM
[ReportManager] Initial URL: [data:,] @04-05-2021 01:34:05.0156 AM
[ReportManager] Browser Action [navigateToURL] successfully performed. With the following test data [https://www.google.com/ncr]. @04-05-2021 01:34:06.0374 A

################################################################################################################################################
Starting Execution:	[3 out of 23] test cases in the current suite
Test Method:		[tests.gui.google.C_Search_PageObjectModel_Traditional.navigateToGoogleHomeAndAssertPageTitle]
################################################################################################################################################
[ReportManager] Browser Action [getCurrentWindowTitle] successfully performed. With the following test data [Google]. @04-05-2021 01:34:06.0442 AM
[ReportManager] Asserting that the page title is Google... @04-05-2021 01:34:06.0442 AM
[ReportManager] AssertEquals PASSED; Expected [Google] and Actual [Google]. Comparison Type [EQUALS]. Validation Type [POSITIVE]. @04-05-2021 01:34:06.0442 A
[ReportManager] Successfully created attachment [Selenium WebDriver Logs - server] @04-05-2021 01:34:06.0584 AM
[ReportManager] Successfully created attachment [Selenium WebDriver Logs - performance] @04-05-2021 01:34:06.0672 AM
[ReportManager] Successfully created attachment [Selenium WebDriver Logs - browser] @04-05-2021 01:34:06.0693 AM
[ReportManager] Successfully created attachment [Selenium WebDriver Logs - driver] @04-05-2021 01:34:06.0838 AM
[ReportManager] Browser Action [closeCurrentWindow] successfully performed. @04-05-2021 01:34:06.0898 AM
[ReportManager] Successfully created attachment [Browser Action Test Data - closeCurrentWindow - Actual Value] @04-05-2021 01:34:06.0899 A
[ReportManager] File Action [getAbsolutePath] successfully performed. With the following test data [Relative Folder Path: "target/downloadedFiles/"]. @04-05-2021 01:34:06.0915 AM
[ReportManager] Attempting to run remotely on: [Linux-64], [GoogleChrome], [http://localhost:4444/wd/hub], Headless Execution. @04-05-2021 01:34:06.0916 AM
[ReportManager] Successfully Opened [GoogleChrome]. @04-05-2021 01:34:07.0650 AM
[ReportManager] Target URL: [https://www.google.com/ncr], and after redirection: [https://www.google.com] @04-05-2021 01:34:07.0674 AM
[ReportManager] Initial URL: [data:,] @04-05-2021 01:34:07.0771 AM
[ReportManager] Browser Action [navigateToURL] successfully performed. With the following test data [https://www.google.com/ncr]. @04-05-2021 01:34:09.0033 A

################################################################################################################################################
Starting Execution:	[4 out of 23] test cases in the current suite
Test Method:		[tests.gui.google.C_Search_PageObjectModel_Traditional.searchForQueryAndAssertFirstResultTextIsCorrect]
################################################################################################################################################
[ReportManager] Element Action [type] successfully performed. With the following test data [SHAFT_Engine]. @04-05-2021 01:34:10.0006 AM
[ReportManager] Element Action [keyPress] successfully performed. With the following test data [ENTER]. @04-05-2021 01:34:10.0845 AM
[ReportManager] Element Action [getText] successfully performed. With the following test data [MohabMohie/SHAFT_ENGINE: SHAFT_ENGINE is a ... - GitHub]. @04-05-2021 01:34:11.0188 AM
[ReportManager] Asserting that the correct first result is displayed... @04-05-2021 01:34:11.0188 AM
[ReportManager] AssertEquals PASSED; Expected [MohabMohie] and Actual [MohabMohie/SHAFT_ENGINE: SHAFT_ENGINE is a ... - GitHub]. Comparison Type [CONTAINS]. Validation Type [POSITIVE]. @04-05-2021 01:34:11.0189 A
[ReportManager] Successfully created attachment [Selenium WebDriver Logs - server] @04-05-2021 01:34:11.0617 AM
[ReportManager] Successfully created attachment [Selenium WebDriver Logs - performance] @04-05-2021 01:34:11.0905 AM
[ReportManager] Successfully created attachment [Selenium WebDriver Logs - browser] @04-05-2021 01:34:11.0920 AM
[ReportManager] Successfully created attachment [Selenium WebDriver Logs - driver] @04-05-2021 01:34:12.0325 AM
[ReportManager] Browser Action [closeCurrentWindow] successfully performed. @04-05-2021 01:34:12.0398 AM
[ReportManager] Successfully created attachment [Browser Action Test Data - closeCurrentWindow - Actual Value] @04-05-2021 01:34:12.0426 A
[ReportManager] Successfully loaded the following test data file [src/test/resources/TestDataFiles/Google/SimpleSearch.xlsx]. @04-05-2021 01:34:13.0380 AM
[ReportManager] Successfully created attachment [Test Data - Excel] @04-05-2021 01:34:13.0380 A
[ReportManager] File Action [getAbsolutePath] successfully performed. With the following test data [Relative Folder Path: "target/downloadedFiles/"]. @04-05-2021 01:34:13.0382 AM
[ReportManager] Attempting to run remotely on: [Linux-64], [GoogleChrome], [http://localhost:4444/wd/hub], Headless Execution. @04-05-2021 01:34:13.0382 AM
[ReportManager] Successfully Opened [GoogleChrome]. @04-05-2021 01:34:14.0048 AM
[ReportManager] Target URL: [https://www.google.com/ncr], and after redirection: [https://www.google.com] @04-05-2021 01:34:14.0075 AM
[ReportManager] Initial URL: [data:,] @04-05-2021 01:34:14.0141 AM
[ReportManager] Browser Action [navigateToURL] successfully performed. With the following test data [https://www.google.com/ncr]. @04-05-2021 01:34:15.0438 A

################################################################################################################################################
Starting Execution:	[5 out of 23] test cases in the current suite
Test Method:		[tests.gui.google.F_Search_PageObjectModel_Fluent.navigateToGoogleHomeAndAssertGoogleLogoIsDisplayed]
################################################################################################################################################
[ReportManager] Asserting that the Google logo is displayed... @04-05-2021 01:34:15.0445 AM
[ReportManager] File Action [doesFileExist] successfully performed. With the following test data [File Path: "src/test/resources/DynamicObjectRepository/tests_gui_google_F_Search_PageObjectModel_Fluent_navigateToGoogleHomeAndAssertGoogleLogoIsDisplayed_By_xpath_img_id_hplogo_or_alt_Google.png"]. @04-05-2021 01:34:15.0461 AM
[ReportManager] File Action [getAbsolutePath] successfully performed. With the following test data [Relative Folder Path: "src/test/resources/DynamicObjectRepository/tests_gui_google_F_Search_PageObjectModel_Fluent_navigateToGoogleHomeAndAssertGoogleLogoIsDisplayed_By_xpath_img_id_hplogo_or_alt_Google.png"]. @04-05-2021 01:34:15.0461 AM
[ReportManager] File Action [readFromImageFile] successfully performed. With the following test data [File Path: "/home/runner/work/using_SHAFT_ENGINE/using_SHAFT_ENGINE/src/test/resources/DynamicObjectRepository/tests_gui_google_F_Search_PageObjectModel_Fluent_navigateToGoogleHomeAndAssertGoogleLogoIsDisplayed_By_xpath_img_id_hplogo_or_alt_Google.png"]. @04-05-2021 01:34:15.0464 AM
[ReportManager] AssertElementMatches FAILED; Expected [Element should match the reference screenshot] and Actual [ELEMENT NOT FOUND]. Comparison Type [EXACT_OPENCV]. Validation Type [POSITIVE]. @04-05-2021 01:34:41.0420 AM
[ReportManager] Successfully created attachment [Validation Test Data - Reference Screenshot] @04-05-2021 01:34:41.0421 AM
[ReportManager] Successfully created attachment [Validation Test Data - Actual Screenshot] @04-05-2021 01:34:41.0422 A
[ReportManager] Successfully created attachment [Selenium WebDriver Logs - server] @04-05-2021 01:34:41.0551 AM
[ReportManager] Successfully created attachment [Selenium WebDriver Logs - performance] @04-05-2021 01:34:41.0620 AM
[ReportManager] Successfully created attachment [Selenium WebDriver Logs - browser] @04-05-2021 01:34:41.0633 AM
[ReportManager] Successfully created attachment [Selenium WebDriver Logs - driver] @04-05-2021 01:34:41.0808 AM
[ReportManager] Browser Action [closeCurrentWindow] successfully performed. @04-05-2021 01:34:41.0870 AM
[ReportManager] Successfully created attachment [Browser Action Test Data - closeCurrentWindow - Actual Value] @04-05-2021 01:34:41.0879 A
[ReportManager] File Action [getAbsolutePath] successfully performed. With the following test data [Relative Folder Path: "target/downloadedFiles/"]. @04-05-2021 01:34:41.0886 AM
[ReportManager] Attempting to run remotely on: [Linux-64], [GoogleChrome], [http://localhost:4444/wd/hub], Headless Execution. @04-05-2021 01:34:41.0887 AM
[ReportManager] Successfully Opened [GoogleChrome]. @04-05-2021 01:34:42.0202 AM
[ReportManager] Target URL: [https://www.google.com/ncr], and after redirection: [https://www.google.com] @04-05-2021 01:34:42.0217 AM
[ReportManager] Initial URL: [data:,] @04-05-2021 01:34:42.0280 AM
[ReportManager] Browser Action [navigateToURL] successfully performed. With the following test data [https://www.google.com/ncr]. @04-05-2021 01:34:43.0450 A

################################################################################################################################################
Starting Execution:	[6 out of 23] test cases in the current suite
Test Method:		[tests.gui.google.F_Search_PageObjectModel_Fluent.navigateToGoogleHomeAndAssertPageTitle]
################################################################################################################################################
[ReportManager] Asserting that the page title is Google... @04-05-2021 01:34:43.0453 AM
[ReportManager] Browser Action [getCurrentWindowTitle] successfully performed. With the following test data [Google]. @04-05-2021 01:34:43.0512 AM
[ReportManager] AssertBrowserAttribute PASSED; Expected [Value Should be 'Google' for the 'Title' attribute] and Actual [Google]. Comparison Type [EQUALS]. Validation Type [POSITIVE]. @04-05-2021 01:34:43.0513 A
[ReportManager] Successfully created attachment [Selenium WebDriver Logs - server] @04-05-2021 01:34:43.0616 AM
[ReportManager] Successfully created attachment [Selenium WebDriver Logs - performance] @04-05-2021 01:34:43.0673 AM
[ReportManager] Successfully created attachment [Selenium WebDriver Logs - browser] @04-05-2021 01:34:43.0685 AM
[ReportManager] Successfully created attachment [Selenium WebDriver Logs - driver] @04-05-2021 01:34:43.0799 AM
[ReportManager] Browser Action [closeCurrentWindow] successfully performed. @04-05-2021 01:34:43.0865 AM
[ReportManager] Successfully created attachment [Browser Action Test Data - closeCurrentWindow - Actual Value] @04-05-2021 01:34:43.0869 A
[ReportManager] File Action [getAbsolutePath] successfully performed. With the following test data [Relative Folder Path: "target/downloadedFiles/"]. @04-05-2021 01:34:43.0873 AM
[ReportManager] Attempting to run remotely on: [Linux-64], [GoogleChrome], [http://localhost:4444/wd/hub], Headless Execution. @04-05-2021 01:34:43.0873 AM
[ReportManager] Successfully Opened [GoogleChrome]. @04-05-2021 01:34:44.0179 AM
[ReportManager] Target URL: [https://www.google.com/ncr], and after redirection: [https://www.google.com] @04-05-2021 01:34:44.0193 AM
[ReportManager] Initial URL: [data:,] @04-05-2021 01:34:44.0246 AM
[ReportManager] Browser Action [navigateToURL] successfully performed. With the following test data [https://www.google.com/ncr]. @04-05-2021 01:34:45.0459 A

################################################################################################################################################
Starting Execution:	[7 out of 23] test cases in the current suite
Test Method:		[tests.gui.google.F_Search_PageObjectModel_Fluent.searchForQueryAndAssertFirstResultTextIsCorrect]
################################################################################################################################################
[ReportManager] Element Action [type] successfully performed. With the following test data [SHAFT_Engine]. @04-05-2021 01:34:46.0371 AM
[ReportManager] Element Action [keyPress] successfully performed. With the following test data [ENTER]. @04-05-2021 01:34:47.0038 AM
[ReportManager] Asserting that the correct first result is displayed... @04-05-2021 01:34:47.0040 AM
[ReportManager] Element Action [getText] successfully performed. With the following test data [MohabMohie/SHAFT_ENGINE: SHAFT_ENGINE is a ... - GitHub]. @04-05-2021 01:34:47.0304 AM
[ReportManager] Loaded Shared OpenCV @04-05-2021 01:34:48.0313 AM
[ReportManager] AssertElementAttribute PASSED; Expected [Value Should be 'MohabMohie' for the 'Text' attribute, element locator 'By.xpath: (//h1[contains(text(),'Search Result')]/following-sibling::div//a/h3)[1]'] and Actual [MohabMohie/SHAFT_ENGINE: SHAFT_ENGINE is a ... - GitHub]. Comparison Type [CONTAINS]. Validation Type [POSITIVE]. @04-05-2021 01:34:48.0441 AM
[ReportManager] Successfully created attachment [Screenshot - 1620092087797_searchForQueryAndAssertFirstResultTextIsCorrect_AssertElementAttribute_passed] @04-05-2021 01:34:48.0450 A
[ReportManager] Successfully created attachment [Selenium WebDriver Logs - server] @04-05-2021 01:34:48.0682 AM
[ReportManager] Successfully created attachment [Selenium WebDriver Logs - performance] @04-05-2021 01:34:48.0919 AM
[ReportManager] Successfully created attachment [Selenium WebDriver Logs - browser] @04-05-2021 01:34:48.0930 AM
[ReportManager] Successfully created attachment [Selenium WebDriver Logs - driver] @04-05-2021 01:34:49.0265 AM
[ReportManager] Browser Action [closeCurrentWindow] successfully performed. @04-05-2021 01:34:49.0351 AM
[ReportManager] Successfully created attachment [Browser Action Test Data - closeCurrentWindow - Actual Value] @04-05-2021 01:34:49.0358 A



################################################################################################################################################
Starting Execution:	[8 out of 23] test cases in the current suite
Test Method:		[tests.gui.google.A_Search_FlatTest_NativeSeleniumWebDriver.navigateToGoogleHomeAndAssertGoogleLogoIsDisplayed]
###############################################################################################################################################



################################################################################################################################################
Starting Execution:	[9 out of 23] test cases in the current suite
Test Method:		[tests.gui.google.A_Search_FlatTest_NativeSeleniumWebDriver.navigateToGoogleHomeAndAssertPageTitle]
###############################################################################################################################################



################################################################################################################################################
Starting Execution:	[10 out of 23] test cases in the current suite
Test Method:		[tests.gui.google.A_Search_FlatTest_NativeSeleniumWebDriver.searchForQueryAndAssertFirstResultTextIsCorrect]
###############################################################################################################################################

[ReportManager] File Action [getAbsolutePath] successfully performed. With the following test data [Relative Folder Path: "target/downloadedFiles/"]. @04-05-2021 01:34:51.0457 AM
[ReportManager] Attempting to run remotely on: [Linux-64], [GoogleChrome], [http://localhost:4444/wd/hub], Headless Execution. @04-05-2021 01:34:51.0457 AM
[ReportManager] Successfully Opened [GoogleChrome]. @04-05-2021 01:34:51.0750 AM
[ReportManager] Target URL: [https://www.google.com/ncr], and after redirection: [https://www.google.com] @04-05-2021 01:34:51.0767 AM
[ReportManager] Initial URL: [data:,] @04-05-2021 01:34:51.0832 AM
[ReportManager] Browser Action [navigateToURL] successfully performed. With the following test data [https://www.google.com/ncr]. @04-05-2021 01:34:53.0126 A

################################################################################################################################################
Starting Execution:	[11 out of 23] test cases in the current suite
Test Method:		[tests.gui.google.B_Search_FlatTest_SHAFT.navigateToGoogleHomeAndAssertGoogleLogoIsDisplayed]
################################################################################################################################################
[ReportManager] Asserting that the Google logo is displayed... @04-05-2021 01:34:53.0128 AM
[ReportManager] File Action [doesFileExist] successfully performed. With the following test data [File Path: "src/test/resources/DynamicObjectRepository/tests_gui_google_B_Search_FlatTest_SHAFT_navigateToGoogleHomeAndAssertGoogleLogoIsDisplayed_By_xpath_img_id_hplogo_or_alt_Google.png"]. @04-05-2021 01:34:53.0129 AM
[ReportManager] File Action [getAbsolutePath] successfully performed. With the following test data [Relative Folder Path: "src/test/resources/DynamicObjectRepository/tests_gui_google_B_Search_FlatTest_SHAFT_navigateToGoogleHomeAndAssertGoogleLogoIsDisplayed_By_xpath_img_id_hplogo_or_alt_Google.png"]. @04-05-2021 01:34:53.0129 AM
[ReportManager] File Action [readFromImageFile] successfully performed. With the following test data [File Path: "/home/runner/work/using_SHAFT_ENGINE/using_SHAFT_ENGINE/src/test/resources/DynamicObjectRepository/tests_gui_google_B_Search_FlatTest_SHAFT_navigateToGoogleHomeAndAssertGoogleLogoIsDisplayed_By_xpath_img_id_hplogo_or_alt_Google.png"]. @04-05-2021 01:34:53.0129 AM
[ReportManager] AssertElementMatches FAILED; Expected [Element should match the reference screenshot] and Actual [ELEMENT NOT FOUND]. Comparison Type [EXACT_OPENCV]. Validation Type [POSITIVE]. @04-05-2021 01:35:19.0081 AM
[ReportManager] Successfully created attachment [Validation Test Data - Reference Screenshot] @04-05-2021 01:35:19.0082 AM
[ReportManager] Successfully created attachment [Validation Test Data - Actual Screenshot] @04-05-2021 01:35:19.0082 A
[ReportManager] Successfully created attachment [Selenium WebDriver Logs - server] @04-05-2021 01:35:19.0212 AM
[ReportManager] Successfully created attachment [Selenium WebDriver Logs - performance] @04-05-2021 01:35:19.0303 AM
[ReportManager] Successfully created attachment [Selenium WebDriver Logs - browser] @04-05-2021 01:35:19.0317 AM
[ReportManager] Successfully created attachment [Selenium WebDriver Logs - driver] @04-05-2021 01:35:19.0470 AM
[ReportManager] Browser Action [closeCurrentWindow] successfully performed. @04-05-2021 01:35:19.0529 AM
[ReportManager] Successfully created attachment [Browser Action Test Data - closeCurrentWindow - Actual Value] @04-05-2021 01:35:19.0530 A
[ReportManager] File Action [getAbsolutePath] successfully performed. With the following test data [Relative Folder Path: "target/downloadedFiles/"]. @04-05-2021 01:35:19.0535 AM
[ReportManager] Attempting to run remotely on: [Linux-64], [GoogleChrome], [http://localhost:4444/wd/hub], Headless Execution. @04-05-2021 01:35:19.0535 AM
[ReportManager] Successfully Opened [GoogleChrome]. @04-05-2021 01:35:19.0847 AM
[ReportManager] Target URL: [https://www.google.com/ncr], and after redirection: [https://www.google.com] @04-05-2021 01:35:19.0869 AM
[ReportManager] Initial URL: [data:,] @04-05-2021 01:35:19.0919 AM
[ReportManager] Browser Action [navigateToURL] successfully performed. With the following test data [https://www.google.com/ncr]. @04-05-2021 01:35:21.0117 A

################################################################################################################################################
Starting Execution:	[12 out of 23] test cases in the current suite
Test Method:		[tests.gui.google.B_Search_FlatTest_SHAFT.navigateToGoogleHomeAndAssertPageTitle]
################################################################################################################################################
[ReportManager] Asserting that the page title is Google... @04-05-2021 01:35:21.0119 AM
[ReportManager] Browser Action [getCurrentWindowTitle] successfully performed. With the following test data [Google]. @04-05-2021 01:35:21.0158 AM
[ReportManager] AssertBrowserAttribute PASSED; Expected [Value Should be 'Google' for the 'Title' attribute] and Actual [Google]. Comparison Type [EQUALS]. Validation Type [POSITIVE]. @04-05-2021 01:35:21.0158 A
[ReportManager] Successfully created attachment [Selenium WebDriver Logs - server] @04-05-2021 01:35:21.0264 AM
[ReportManager] Successfully created attachment [Selenium WebDriver Logs - performance] @04-05-2021 01:35:21.0322 AM
[ReportManager] Successfully created attachment [Selenium WebDriver Logs - browser] @04-05-2021 01:35:21.0334 AM
[ReportManager] Successfully created attachment [Selenium WebDriver Logs - driver] @04-05-2021 01:35:21.0443 AM
[ReportManager] Browser Action [closeCurrentWindow] successfully performed. @04-05-2021 01:35:21.0504 AM
[ReportManager] Successfully created attachment [Browser Action Test Data - closeCurrentWindow - Actual Value] @04-05-2021 01:35:21.0505 A
[ReportManager] File Action [getAbsolutePath] successfully performed. With the following test data [Relative Folder Path: "target/downloadedFiles/"]. @04-05-2021 01:35:21.0508 AM
[ReportManager] Attempting to run remotely on: [Linux-64], [GoogleChrome], [http://localhost:4444/wd/hub], Headless Execution. @04-05-2021 01:35:21.0508 AM
[ReportManager] Successfully Opened [GoogleChrome]. @04-05-2021 01:35:21.0769 AM
[ReportManager] Target URL: [https://www.google.com/ncr], and after redirection: [https://www.google.com] @04-05-2021 01:35:21.0783 AM
[ReportManager] Initial URL: [data:,] @04-05-2021 01:35:21.0833 AM
[ReportManager] Browser Action [navigateToURL] successfully performed. With the following test data [https://www.google.com/ncr]. @04-05-2021 01:35:23.0151 A

################################################################################################################################################
Starting Execution:	[13 out of 23] test cases in the current suite
Test Method:		[tests.gui.google.B_Search_FlatTest_SHAFT.searchForQueryAndAssertFirstResultTextIsCorrect]
################################################################################################################################################
[ReportManager] Element Action [type] successfully performed. With the following test data [SHAFT_Engine]. @04-05-2021 01:35:23.0888 AM
[ReportManager] Element Action [keyPress] successfully performed. With the following test data [ENTER]. @04-05-2021 01:35:24.0586 AM
[ReportManager] Asserting that the correct first result is displayed... @04-05-2021 01:35:24.0586 AM
[ReportManager] Element Action [getText] successfully performed. With the following test data [MohabMohie/SHAFT_ENGINE: SHAFT_ENGINE is a ... - GitHub]. @04-05-2021 01:35:24.0979 AM
[ReportManager] Loaded Shared OpenCV @04-05-2021 01:35:25.0301 AM
[ReportManager] AssertElementAttribute PASSED; Expected [Value Should be 'MohabMohie' for the 'Text' attribute, element locator 'By.xpath: (//h1[contains(text(),'Search Result')]/following-sibling::div//a/h3)[1]'] and Actual [MohabMohie/SHAFT_ENGINE: SHAFT_ENGINE is a ... - GitHub]. Comparison Type [CONTAINS]. Validation Type [POSITIVE]. @04-05-2021 01:35:25.0377 AM
[ReportManager] Successfully created attachment [Screenshot - 1620092125301_searchForQueryAndAssertFirstResultTextIsCorrect_AssertElementAttribute_passed] @04-05-2021 01:35:25.0379 A
[ReportManager] Successfully created attachment [Selenium WebDriver Logs - server] @04-05-2021 01:35:25.0615 AM
[ReportManager] Successfully created attachment [Selenium WebDriver Logs - performance] @04-05-2021 01:35:25.0807 AM
[ReportManager] Successfully created attachment [Selenium WebDriver Logs - browser] @04-05-2021 01:35:25.0820 AM
[ReportManager] Successfully created attachment [Selenium WebDriver Logs - driver] @04-05-2021 01:35:26.0101 AM
[ReportManager] Browser Action [closeCurrentWindow] successfully performed. @04-05-2021 01:35:26.0166 AM
[ReportManager] Successfully created attachment [Browser Action Test Data - closeCurrentWindow - Actual Value] @04-05-2021 01:35:26.0172 A
[ReportManager] Successfully loaded the following test data file [src/test/resources/TestDataFiles/Google/SimpleSearch.xlsx]. @04-05-2021 01:35:26.0224 AM
[ReportManager] Successfully created attachment [Test Data - Excel] @04-05-2021 01:35:26.0224 A
[ReportManager] File Action [getAbsolutePath] successfully performed. With the following test data [Relative Folder Path: "target/downloadedFiles/"]. @04-05-2021 01:35:26.0227 AM
[ReportManager] Attempting to run remotely on: [Linux-64], [GoogleChrome], [http://localhost:4444/wd/hub], Headless Execution. @04-05-2021 01:35:26.0227 AM
[ReportManager] Successfully Opened [GoogleChrome]. @04-05-2021 01:35:26.0531 AM
[ReportManager] Target URL: [https://www.google.com/ncr], and after redirection: [https://www.google.com] @04-05-2021 01:35:26.0548 AM
[ReportManager] Initial URL: [data:,] @04-05-2021 01:35:26.0608 AM
[ReportManager] Browser Action [navigateToURL] successfully performed. With the following test data [https://www.google.com/ncr]. @04-05-2021 01:35:27.0781 A

################################################################################################################################################
Starting Execution:	[14 out of 23] test cases in the current suite
Test Method:		[tests.gui.google.D_Search_PageObjectModel_Traditional_DataDriven.navigateToGoogleHomeAndAssertGoogleLogoIsDisplayed]
################################################################################################################################################
[ReportManager] Element Action [identifyUniqueElement] failed. With the following test data [zero elements found matching this locator "By.xpath: //img[@id='hplogo' or @alt='Google']".]. @04-05-2021 01:35:53.0555 AM
[ReportManager] Successfully created attachment [Screenshot - 1620092153487_navigateToGoogleHomeAndAssertGoogleLogoIsDisplayed_identifyUniqueElement_failed] @04-05-2021 01:35:53.0557 A
[ReportManager] Successfully created attachment [Selenium WebDriver Logs - server] @04-05-2021 01:35:53.0659 AM
[ReportManager] Successfully created attachment [Selenium WebDriver Logs - performance] @04-05-2021 01:35:53.0717 AM
[ReportManager] Successfully created attachment [Selenium WebDriver Logs - browser] @04-05-2021 01:35:53.0725 AM
[ReportManager] Successfully created attachment [Selenium WebDriver Logs - driver] @04-05-2021 01:35:53.0847 AM
[ReportManager] Browser Action [closeCurrentWindow] successfully performed. @04-05-2021 01:35:53.0905 AM
[ReportManager] Successfully created attachment [Browser Action Test Data - closeCurrentWindow - Actual Value] @04-05-2021 01:35:53.0906 A
[ReportManager] File Action [getAbsolutePath] successfully performed. With the following test data [Relative Folder Path: "target/downloadedFiles/"]. @04-05-2021 01:35:53.0908 AM
[ReportManager] Attempting to run remotely on: [Linux-64], [GoogleChrome], [http://localhost:4444/wd/hub], Headless Execution. @04-05-2021 01:35:53.0908 AM
[ReportManager] Successfully Opened [GoogleChrome]. @04-05-2021 01:35:54.0168 AM
[ReportManager] Target URL: [https://www.google.com/ncr], and after redirection: [https://www.google.com] @04-05-2021 01:35:54.0185 AM
[ReportManager] Initial URL: [data:,] @04-05-2021 01:35:54.0235 AM
[ReportManager] Browser Action [navigateToURL] successfully performed. With the following test data [https://www.google.com/ncr]. @04-05-2021 01:35:55.0403 A

################################################################################################################################################
Starting Execution:	[15 out of 23] test cases in the current suite
Test Method:		[tests.gui.google.D_Search_PageObjectModel_Traditional_DataDriven.navigateToGoogleHomeAndAssertPageTitle]
################################################################################################################################################
[ReportManager] Browser Action [getCurrentWindowTitle] successfully performed. With the following test data [Google]. @04-05-2021 01:35:55.0441 AM
[ReportManager] Asserting that the page title is Google... @04-05-2021 01:35:55.0442 AM
[ReportManager] AssertEquals PASSED; Expected [Google] and Actual [Google]. Comparison Type [EQUALS]. Validation Type [POSITIVE]. @04-05-2021 01:35:55.0442 A
[ReportManager] Successfully created attachment [Selenium WebDriver Logs - server] @04-05-2021 01:35:55.0562 AM
[ReportManager] Successfully created attachment [Selenium WebDriver Logs - performance] @04-05-2021 01:35:55.0615 AM
[ReportManager] Successfully created attachment [Selenium WebDriver Logs - browser] @04-05-2021 01:35:55.0623 AM
[ReportManager] Successfully created attachment [Selenium WebDriver Logs - driver] @04-05-2021 01:35:55.0711 AM
[ReportManager] Browser Action [closeCurrentWindow] successfully performed. @04-05-2021 01:35:55.0768 AM
[ReportManager] Successfully created attachment [Browser Action Test Data - closeCurrentWindow - Actual Value] @04-05-2021 01:35:55.0769 A
[ReportManager] File Action [getAbsolutePath] successfully performed. With the following test data [Relative Folder Path: "target/downloadedFiles/"]. @04-05-2021 01:35:55.0771 AM
[ReportManager] Attempting to run remotely on: [Linux-64], [GoogleChrome], [http://localhost:4444/wd/hub], Headless Execution. @04-05-2021 01:35:55.0771 AM
[ReportManager] Successfully Opened [GoogleChrome]. @04-05-2021 01:35:56.0056 AM
[ReportManager] Target URL: [https://www.google.com/ncr], and after redirection: [https://www.google.com] @04-05-2021 01:35:56.0070 AM
[ReportManager] Initial URL: [data:,] @04-05-2021 01:35:56.0149 AM
[ReportManager] Browser Action [navigateToURL] successfully performed. With the following test data [https://www.google.com/ncr]. @04-05-2021 01:35:57.0311 A

################################################################################################################################################
Starting Execution:	[16 out of 23] test cases in the current suite
Test Method:		[tests.gui.google.D_Search_PageObjectModel_Traditional_DataDriven.searchForQueryAndAssertFirstResultTextIsCorrect]
################################################################################################################################################
[ReportManager] Element Action [type] successfully performed. With the following test data [SHAFT_Engine]. @04-05-2021 01:35:58.0164 AM
[ReportManager] Element Action [keyPress] successfully performed. With the following test data [ENTER]. @04-05-2021 01:35:59.0324 AM
[ReportManager] Element Action [getText] successfully performed. With the following test data [MohabMohie/SHAFT_ENGINE: SHAFT_ENGINE is a ... - GitHub]. @04-05-2021 01:35:59.0432 AM
[ReportManager] Asserting that the correct first result is displayed... @04-05-2021 01:35:59.0433 AM
[ReportManager] AssertEquals PASSED; Expected [MohabMohie] and Actual [MohabMohie/SHAFT_ENGINE: SHAFT_ENGINE is a ... - GitHub]. Comparison Type [CONTAINS]. Validation Type [POSITIVE]. @04-05-2021 01:35:59.0433 A
[ReportManager] Successfully created attachment [Selenium WebDriver Logs - server] @04-05-2021 01:35:59.0661 AM
[ReportManager] Successfully created attachment [Selenium WebDriver Logs - performance] @04-05-2021 01:35:59.0905 AM
[ReportManager] Successfully created attachment [Selenium WebDriver Logs - browser] @04-05-2021 01:35:59.0917 AM
[ReportManager] Successfully created attachment [Selenium WebDriver Logs - driver] @04-05-2021 01:36:00.0259 AM
[ReportManager] Browser Action [closeCurrentWindow] successfully performed. @04-05-2021 01:36:00.0335 AM
[ReportManager] Successfully created attachment [Browser Action Test Data - closeCurrentWindow - Actual Value] @04-05-2021 01:36:00.0340 A
[ReportManager] Successfully loaded the following test data file [src/test/resources/TestDataFiles/Google/SimpleSearch.xlsx]. @04-05-2021 01:36:00.0384 AM
[ReportManager] Successfully created attachment [Test Data - Excel] @04-05-2021 01:36:00.0385 A
[ReportManager] File Action [getAbsolutePath] successfully performed. With the following test data [Relative Folder Path: "target/downloadedFiles/"]. @04-05-2021 01:36:00.0386 AM
[ReportManager] Attempting to run remotely on: [Linux-64], [GoogleChrome], [http://localhost:4444/wd/hub], Headless Execution. @04-05-2021 01:36:00.0386 AM
[ReportManager] Successfully Opened [GoogleChrome]. @04-05-2021 01:36:00.0692 AM
[ReportManager] Target URL: [https://www.google.com/ncr], and after redirection: [https://www.google.com] @04-05-2021 01:36:00.0705 AM
[ReportManager] Initial URL: [data:,] @04-05-2021 01:36:00.0763 AM
[ReportManager] Browser Action [navigateToURL] successfully performed. With the following test data [https://www.google.com/ncr]. @04-05-2021 01:36:01.0889 A

################################################################################################################################################
Starting Execution:	[17 out of 23] test cases in the current suite
Test Method:		[tests.gui.google.G_Search_PageObjectModel_ThreadSafe.navigateToGoogleHomeAndAssertGoogleLogoIsDisplayed]
################################################################################################################################################
[ReportManager] Asserting that the Google logo is displayed... @04-05-2021 01:36:01.0891 AM
[ReportManager] File Action [doesFileExist] successfully performed. With the following test data [File Path: "src/test/resources/DynamicObjectRepository/tests_gui_google_G_Search_PageObjectModel_ThreadSafe_navigateToGoogleHomeAndAssertGoogleLogoIsDisplayed_By_xpath_img_id_hplogo_or_alt_Google.png"]. @04-05-2021 01:36:01.0892 AM
[ReportManager] File Action [getAbsolutePath] successfully performed. With the following test data [Relative Folder Path: "src/test/resources/DynamicObjectRepository/tests_gui_google_G_Search_PageObjectModel_ThreadSafe_navigateToGoogleHomeAndAssertGoogleLogoIsDisplayed_By_xpath_img_id_hplogo_or_alt_Google.png"]. @04-05-2021 01:36:01.0892 AM
[ReportManager] File Action [readFromImageFile] successfully performed. With the following test data [File Path: "/home/runner/work/using_SHAFT_ENGINE/using_SHAFT_ENGINE/src/test/resources/DynamicObjectRepository/tests_gui_google_G_Search_PageObjectModel_ThreadSafe_navigateToGoogleHomeAndAssertGoogleLogoIsDisplayed_By_xpath_img_id_hplogo_or_alt_Google.png"]. @04-05-2021 01:36:01.0892 AM
[ReportManager] AssertElementMatches FAILED; Expected [Element should match the reference screenshot] and Actual [ELEMENT NOT FOUND]. Comparison Type [EXACT_OPENCV]. Validation Type [POSITIVE]. @04-05-2021 01:36:27.0737 AM
[ReportManager] Successfully created attachment [Validation Test Data - Reference Screenshot] @04-05-2021 01:36:27.0738 AM
[ReportManager] Successfully created attachment [Validation Test Data - Actual Screenshot] @04-05-2021 01:36:27.0738 A
[ReportManager] Successfully created attachment [Selenium WebDriver Logs - server] @04-05-2021 01:36:27.0848 AM
[ReportManager] Successfully created attachment [Selenium WebDriver Logs - performance] @04-05-2021 01:36:27.0904 AM
[ReportManager] Successfully created attachment [Selenium WebDriver Logs - browser] @04-05-2021 01:36:27.0912 AM
[ReportManager] Successfully created attachment [Selenium WebDriver Logs - driver] @04-05-2021 01:36:28.0024 AM
[ReportManager] Browser Action [closeCurrentWindow] successfully performed. @04-05-2021 01:36:28.0082 AM
[ReportManager] Successfully created attachment [Browser Action Test Data - closeCurrentWindow - Actual Value] @04-05-2021 01:36:28.0083 A
[ReportManager] File Action [getAbsolutePath] successfully performed. With the following test data [Relative Folder Path: "target/downloadedFiles/"]. @04-05-2021 01:36:28.0087 AM
[ReportManager] Attempting to run remotely on: [Linux-64], [GoogleChrome], [http://localhost:4444/wd/hub], Headless Execution. @04-05-2021 01:36:28.0088 AM
[ReportManager] Successfully Opened [GoogleChrome]. @04-05-2021 01:36:28.0349 AM
[ReportManager] Target URL: [https://www.google.com/ncr], and after redirection: [https://www.google.com] @04-05-2021 01:36:28.0364 AM
[ReportManager] Initial URL: [data:,] @04-05-2021 01:36:28.0418 AM
[ReportManager] Browser Action [navigateToURL] successfully performed. With the following test data [https://www.google.com/ncr]. @04-05-2021 01:36:29.0528 A

################################################################################################################################################
Starting Execution:	[18 out of 23] test cases in the current suite
Test Method:		[tests.gui.google.G_Search_PageObjectModel_ThreadSafe.navigateToGoogleHomeAndAssertPageTitle]
################################################################################################################################################
[ReportManager] Asserting that the page title is Google... @04-05-2021 01:36:29.0532 AM
[ReportManager] Browser Action [getCurrentWindowTitle] successfully performed. With the following test data [Google]. @04-05-2021 01:36:29.0575 AM
[ReportManager] AssertBrowserAttribute PASSED; Expected [Value Should be 'Google' for the 'Title' attribute] and Actual [Google]. Comparison Type [EQUALS]. Validation Type [POSITIVE]. @04-05-2021 01:36:29.0575 A
[ReportManager] Successfully created attachment [Selenium WebDriver Logs - server] @04-05-2021 01:36:29.0712 AM
[ReportManager] Successfully created attachment [Selenium WebDriver Logs - performance] @04-05-2021 01:36:29.0769 AM
[ReportManager] Successfully created attachment [Selenium WebDriver Logs - browser] @04-05-2021 01:36:29.0779 AM
[ReportManager] Successfully created attachment [Selenium WebDriver Logs - driver] @04-05-2021 01:36:29.0870 AM
[ReportManager] Browser Action [closeCurrentWindow] successfully performed. @04-05-2021 01:36:29.0929 AM
[ReportManager] Successfully created attachment [Browser Action Test Data - closeCurrentWindow - Actual Value] @04-05-2021 01:36:29.0930 A
[ReportManager] File Action [getAbsolutePath] successfully performed. With the following test data [Relative Folder Path: "target/downloadedFiles/"]. @04-05-2021 01:36:29.0932 AM
[ReportManager] Attempting to run remotely on: [Linux-64], [GoogleChrome], [http://localhost:4444/wd/hub], Headless Execution. @04-05-2021 01:36:29.0932 AM
[ReportManager] Successfully Opened [GoogleChrome]. @04-05-2021 01:36:30.0178 AM
[ReportManager] Target URL: [https://www.google.com/ncr], and after redirection: [https://www.google.com] @04-05-2021 01:36:30.0192 AM
[ReportManager] Initial URL: [data:,] @04-05-2021 01:36:30.0239 AM
[ReportManager] Browser Action [navigateToURL] successfully performed. With the following test data [https://www.google.com/ncr]. @04-05-2021 01:36:31.0351 A

################################################################################################################################################
Starting Execution:	[19 out of 23] test cases in the current suite
Test Method:		[tests.gui.google.G_Search_PageObjectModel_ThreadSafe.searchForQueryAndAssertFirstResultTextIsCorrect]
################################################################################################################################################
[ReportManager] Element Action [type] successfully performed. With the following test data [SHAFT_Engine]. @04-05-2021 01:36:32.0258 AM
[ReportManager] Element Action [keyPress] successfully performed. With the following test data [ENTER]. @04-05-2021 01:36:32.0877 AM
[ReportManager] Asserting that the correct first result is displayed... @04-05-2021 01:36:32.0879 AM
[ReportManager] Element Action [getText] successfully performed. With the following test data [MohabMohie/SHAFT_ENGINE: SHAFT_ENGINE is a ... - GitHub]. @04-05-2021 01:36:33.0304 AM
[ReportManager] Loaded Shared OpenCV @04-05-2021 01:36:33.0604 AM
[ReportManager] AssertElementAttribute PASSED; Expected [Value Should be 'MohabMohie' for the 'Text' attribute, element locator 'By.xpath: (//h1[contains(text(),'Search Result')]/following-sibling::div//a/h3)[1]'] and Actual [MohabMohie/SHAFT_ENGINE: SHAFT_ENGINE is a ... - GitHub]. Comparison Type [CONTAINS]. Validation Type [POSITIVE]. @04-05-2021 01:36:33.0680 AM
[ReportManager] Successfully created attachment [Screenshot - 1620092193604_searchForQueryAndAssertFirstResultTextIsCorrect_AssertElementAttribute_passed] @04-05-2021 01:36:33.0682 A
[ReportManager] Successfully created attachment [Selenium WebDriver Logs - server] @04-05-2021 01:36:33.0875 AM
[ReportManager] Successfully created attachment [Selenium WebDriver Logs - performance] @04-05-2021 01:36:34.0111 AM
[ReportManager] Successfully created attachment [Selenium WebDriver Logs - browser] @04-05-2021 01:36:34.0121 AM
[ReportManager] Successfully created attachment [Selenium WebDriver Logs - driver] @04-05-2021 01:36:34.0445 AM
[ReportManager] Browser Action [closeCurrentWindow] successfully performed. @04-05-2021 01:36:34.0468 AM
[ReportManager] Successfully created attachment [Browser Action Test Data - closeCurrentWindow - Actual Value] @04-05-2021 01:36:34.0476 A
[ReportManager] Successfully loaded the following test data file [src/test/resources/TestDataFiles/Google/SimpleSearch.xlsx]. @04-05-2021 01:36:34.0529 AM
[ReportManager] Successfully created attachment [Test Data - Excel] @04-05-2021 01:36:34.0529 A
[ReportManager] File Action [getAbsolutePath] successfully performed. With the following test data [Relative Folder Path: "target/downloadedFiles/"]. @04-05-2021 01:36:34.0530 AM
[ReportManager] Attempting to run remotely on: [Linux-64], [GoogleChrome], [http://localhost:4444/wd/hub], Headless Execution. @04-05-2021 01:36:34.0531 AM
[ReportManager] Successfully Opened [GoogleChrome]. @04-05-2021 01:36:34.0830 AM
[ReportManager] Target URL: [https://www.google.com/ncr], and after redirection: [https://www.google.com] @04-05-2021 01:36:34.0846 AM
[ReportManager] Initial URL: [data:,] @04-05-2021 01:36:34.0904 AM
[ReportManager] Browser Action [navigateToURL] successfully performed. With the following test data [https://www.google.com/ncr]. @04-05-2021 01:36:36.0036 A

################################################################################################################################################
Starting Execution:	[20 out of 23] test cases in the current suite
Test Method:		[tests.gui.google.E_Search_PageObjectModel_Traditional_SHAFTAssertions.navigateToGoogleHomeAndAssertGoogleLogoIsDisplayed]
################################################################################################################################################
[ReportManager] Asserting that the Google logo is displayed... @04-05-2021 01:36:36.0039 AM
[ReportManager] File Action [doesFileExist] successfully performed. With the following test data [File Path: "src/test/resources/DynamicObjectRepository/tests_gui_google_E_Search_PageObjectModel_Traditional_SHAFTAssertions_navigateToGoogleHomeAndAssertGoogleLogoIsDisplayed_By_xpath_img_id_hplogo_or_alt_Google.png"]. @04-05-2021 01:36:36.0040 AM
[ReportManager] File Action [getAbsolutePath] successfully performed. With the following test data [Relative Folder Path: "src/test/resources/DynamicObjectRepository/tests_gui_google_E_Search_PageObjectModel_Traditional_SHAFTAssertions_navigateToGoogleHomeAndAssertGoogleLogoIsDisplayed_By_xpath_img_id_hplogo_or_alt_Google.png"]. @04-05-2021 01:36:36.0040 AM
[ReportManager] File Action [readFromImageFile] successfully performed. With the following test data [File Path: "/home/runner/work/using_SHAFT_ENGINE/using_SHAFT_ENGINE/src/test/resources/DynamicObjectRepository/tests_gui_google_E_Search_PageObjectModel_Traditional_SHAFTAssertions_navigateToGoogleHomeAndAssertGoogleLogoIsDisplayed_By_xpath_img_id_hplogo_or_alt_Google.png"]. @04-05-2021 01:36:36.0040 AM
[ReportManager] AssertElementMatches FAILED; Expected [Element should match the reference screenshot] and Actual [ELEMENT NOT FOUND]. Comparison Type [EXACT_OPENCV]. Validation Type [POSITIVE]. @04-05-2021 01:37:01.0856 AM
[ReportManager] Successfully created attachment [Validation Test Data - Reference Screenshot] @04-05-2021 01:37:01.0857 AM
[ReportManager] Successfully created attachment [Validation Test Data - Actual Screenshot] @04-05-2021 01:37:01.0857 A
[ReportManager] Successfully created attachment [Selenium WebDriver Logs - server] @04-05-2021 01:37:01.0964 AM
[ReportManager] Successfully created attachment [Selenium WebDriver Logs - performance] @04-05-2021 01:37:02.0017 AM
[ReportManager] Successfully created attachment [Selenium WebDriver Logs - browser] @04-05-2021 01:37:02.0027 AM
[ReportManager] Successfully created attachment [Selenium WebDriver Logs - driver] @04-05-2021 01:37:02.0147 AM
[ReportManager] Browser Action [closeCurrentWindow] successfully performed. @04-05-2021 01:37:02.0210 AM
[ReportManager] Successfully created attachment [Browser Action Test Data - closeCurrentWindow - Actual Value] @04-05-2021 01:37:02.0212 A
[ReportManager] File Action [getAbsolutePath] successfully performed. With the following test data [Relative Folder Path: "target/downloadedFiles/"]. @04-05-2021 01:37:02.0215 AM
[ReportManager] Attempting to run remotely on: [Linux-64], [GoogleChrome], [http://localhost:4444/wd/hub], Headless Execution. @04-05-2021 01:37:02.0216 AM
[ReportManager] Successfully Opened [GoogleChrome]. @04-05-2021 01:37:02.0483 AM
[ReportManager] Target URL: [https://www.google.com/ncr], and after redirection: [https://www.google.com] @04-05-2021 01:37:02.0500 AM
[ReportManager] Initial URL: [data:,] @04-05-2021 01:37:02.0557 AM
[ReportManager] Browser Action [navigateToURL] successfully performed. With the following test data [https://www.google.com/ncr]. @04-05-2021 01:37:03.0675 A

################################################################################################################################################
Starting Execution:	[21 out of 23] test cases in the current suite
Test Method:		[tests.gui.google.E_Search_PageObjectModel_Traditional_SHAFTAssertions.navigateToGoogleHomeAndAssertPageTitle]
################################################################################################################################################
[ReportManager] Asserting that the page title is Google... @04-05-2021 01:37:03.0679 AM
[ReportManager] Browser Action [getCurrentWindowTitle] successfully performed. With the following test data [Google]. @04-05-2021 01:37:03.0725 AM
[ReportManager] AssertBrowserAttribute PASSED; Expected [Value Should be 'Google' for the 'Title' attribute] and Actual [Google]. Comparison Type [EQUALS]. Validation Type [POSITIVE]. @04-05-2021 01:37:03.0725 A
[ReportManager] Successfully created attachment [Selenium WebDriver Logs - server] @04-05-2021 01:37:03.0826 AM
[ReportManager] Successfully created attachment [Selenium WebDriver Logs - performance] @04-05-2021 01:37:03.0894 AM
[ReportManager] Successfully created attachment [Selenium WebDriver Logs - browser] @04-05-2021 01:37:03.0909 AM
[ReportManager] Successfully created attachment [Selenium WebDriver Logs - driver] @04-05-2021 01:37:04.0013 AM
[ReportManager] Browser Action [closeCurrentWindow] successfully performed. @04-05-2021 01:37:04.0073 AM
[ReportManager] Successfully created attachment [Browser Action Test Data - closeCurrentWindow - Actual Value] @04-05-2021 01:37:04.0074 A
[ReportManager] File Action [getAbsolutePath] successfully performed. With the following test data [Relative Folder Path: "target/downloadedFiles/"]. @04-05-2021 01:37:04.0079 AM
[ReportManager] Attempting to run remotely on: [Linux-64], [GoogleChrome], [http://localhost:4444/wd/hub], Headless Execution. @04-05-2021 01:37:04.0080 AM
[ReportManager] Successfully Opened [GoogleChrome]. @04-05-2021 01:37:04.0436 AM
[ReportManager] Target URL: [https://www.google.com/ncr], and after redirection: [https://www.google.com] @04-05-2021 01:37:04.0458 AM
[ReportManager] Initial URL: [data:,] @04-05-2021 01:37:04.0507 AM
[ReportManager] Browser Action [navigateToURL] successfully performed. With the following test data [https://www.google.com/ncr]. @04-05-2021 01:37:05.0698 A

################################################################################################################################################
Starting Execution:	[22 out of 23] test cases in the current suite
Test Method:		[tests.gui.google.E_Search_PageObjectModel_Traditional_SHAFTAssertions.searchForQueryAndAssertFirstResultTextIsCorrect]
################################################################################################################################################
[ReportManager] Element Action [type] successfully performed. With the following test data [SHAFT_Engine]. @04-05-2021 01:37:06.0569 AM
[ReportManager] Element Action [keyPress] successfully performed. With the following test data [ENTER]. @04-05-2021 01:37:07.0627 AM
[ReportManager] Asserting that the correct first result is displayed... @04-05-2021 01:37:07.0628 AM
[ReportManager] Element Action [getText] successfully performed. With the following test data [MohabMohie/SHAFT_ENGINE: SHAFT_ENGINE is a ... - GitHub]. @04-05-2021 01:37:07.0724 AM
[ReportManager] Loaded Shared OpenCV @04-05-2021 01:37:07.0941 AM
[ReportManager] AssertElementAttribute PASSED; Expected [Value Should be 'MohabMohie' for the 'Text' attribute, element locator 'By.xpath: (//h1[contains(text(),'Search Result')]/following-sibling::div//a/h3)[1]'] and Actual [MohabMohie/SHAFT_ENGINE: SHAFT_ENGINE is a ... - GitHub]. Comparison Type [CONTAINS]. Validation Type [POSITIVE]. @04-05-2021 01:37:08.0020 AM
[ReportManager] Successfully created attachment [Screenshot - 1620092227940_searchForQueryAndAssertFirstResultTextIsCorrect_AssertElementAttribute_passed] @04-05-2021 01:37:08.0021 A
[ReportManager] Successfully created attachment [Selenium WebDriver Logs - server] @04-05-2021 01:37:08.0253 AM
[ReportManager] Successfully created attachment [Selenium WebDriver Logs - performance] @04-05-2021 01:37:08.0474 AM
[ReportManager] Successfully created attachment [Selenium WebDriver Logs - browser] @04-05-2021 01:37:08.0483 AM
[ReportManager] Successfully created attachment [Selenium WebDriver Logs - driver] @04-05-2021 01:37:08.0776 AM
[ReportManager] Browser Action [closeCurrentWindow] successfully performed. @04-05-2021 01:37:08.0836 AM
[ReportManager] Successfully created attachment [Browser Action Test Data - closeCurrentWindow - Actual Value] @04-05-2021 01:37:08.0839 A

################################################################################################################################################
Starting Execution:	[23 out of 23] test cases in the current suite
Test Method:		[tests.api.users.UserData.validateUserEmail]
################################################################################################################################################
[ReportManager] Response status code: [200], status line: [HTTP/1.1 200 OK] @04-05-2021 01:37:11.0478 AM
[ReportManager] Evaluating the actual response status code against the expected one...... @04-05-2021 01:37:11.0478 AM
[ReportManager] AssertEquals PASSED; Expected [200] and Actual [200]. Comparison Type [EQUALS]. Validation Type [POSITIVE]. @04-05-2021 01:37:11.0478 AM
[ReportManager] API Action [performRequest] successfully performed. With the following test data [Request Type: "GET" | Target Status Code: "200" | Service URL: "https://jsonplaceholder.typicode.com/users" | Content Type: "*/*" | Response Time: "787ms"]. @04-05-2021 01:37:12.0617 AM
[ReportManager] Successfully created attachment [API Response - JSON Body] @04-05-2021 01:37:12.0910 AM
[ReportManager] AssertEquals PASSED; Expected and Actual values are attached. Comparison Type [CONTAINS]. Validation Type [POSITIVE]. @04-05-2021 01:37:12.0910 AM
[ReportManager] Successfully created attachment [Validation Test Data - Expected Value] @04-05-2021 01:37:12.0911 AM
[ReportManager] Successfully created attachment [Validation Test Data - Actual Value] @04-05-2021 01:37:12.0914 AM
[ReportManager] API Action [getResponseJSONValueAsList] successfully performed. With the following test data [$]. @04-05-2021 01:37:12.0938 AM
[ReportManager] API Action [getResponseJSONValue] successfully performed. With the following test data [name]. @04-05-2021 01:37:12.0972 AM
[ReportManager] API Action [getResponseJSONValue] successfully performed. With the following test data [email]. @04-05-2021 01:37:12.0994 AM
[ReportManager] AssertEquals PASSED; Expected [Sincere@april.biz] and Actual [Sincere@april.biz]. Comparison Type [EQUALS]. Validation Type [POSITIVE]. @04-05-2021 01:37:12.0997 AM
[ReportManager] API Action [getResponseJSONValue] successfully performed. With the following test data [name]. @04-05-2021 01:37:13.0021 AM
[ReportManager] API Action [getResponseJSONValue] successfully performed. With the following test data [name]. @04-05-2021 01:37:13.0043 AM
[ReportManager] API Action [getResponseJSONValue] successfully performed. With the following test data [name]. @04-05-2021 01:37:13.0064 AM
[ReportManager] API Action [getResponseJSONValue] successfully performed. With the following test data [name]. @04-05-2021 01:37:13.0083 AM
[ReportManager] API Action [getResponseJSONValue] successfully performed. With the following test data [name]. @04-05-2021 01:37:13.0102 AM
[ReportManager] API Action [getResponseJSONValue] successfully performed. With the following test data [name]. @04-05-2021 01:37:13.0120 AM
[ReportManager] API Action [getResponseJSONValue] successfully performed. With the following test data [name]. @04-05-2021 01:37:13.0136 AM
[ReportManager] API Action [getResponseJSONValue] successfully performed. With the following test data [name]. @04-05-2021 01:37:13.0154 AM
[ReportManager] API Action [getResponseJSONValue] successfully performed. With the following test data [name]. @04-05-2021 01:37:13.0172 A

################################################################################################################################################
Test Closure Activities
################################################################################################################################################
[ReportManager] Successfully created attachment [SHAFT Engine Logs - Execution log] @04-05-2021 01:37:13.0217 AM

################################################################################################################################################
This test run was powered by SHAFT Engine Version: [SHAFT Engine v5.2.20210427]
SHAFT Engine is licensed under the MIT License: [https://github.com/MohabMohie/SHAFT_ENGINE/blob/master/LICENSE].
################################################################################################################################################