{
  "uid" : "81d2a36fbdefb2d1",
  "name" : "navigateToGoogleHomeAndAssertPageTitle",
  "fullName" : "tests.gui.google.A_Search_FlatTest_NativeSeleniumWebDriver.navigateToGoogleHomeAndAssertPageTitle",
  "historyId" : "3155ca52a783560d494c8396495fcdec",
  "time" : {
    "start" : 1619267403120,
    "stop" : 1619267403122,
    "duration" : 2
  },
  "status" : "skipped",
  "statusMessage" : "unknown error: Chrome failed to start: exited abnormally.\n  (unknown error: DevToolsActivePort file doesn't exist)\n  (The process started from chrome location /usr/bin/google-chrome is no longer running, so ChromeDriver is assuming that Chrome has crashed.)\nBuild info: version: '3.141.59', revision: 'e82be7d358', time: '2018-11-14T08:17:03'\nSystem info: host: 'fv-az296-429', ip: '10.1.1.134', os.name: 'Linux', os.arch: 'amd64', os.version: '5.4.0-1046-azure', java.version: '15.0.3'\nDriver info: driver.version: A_Search_FlatTest_NativeSeleniumWebDriver\nremote stacktrace: #0 0x5619a9674e89 <unknown>\n",
  "statusTrace" : "org.openqa.selenium.WebDriverException: unknown error: Chrome failed to start: exited abnormally.\n  (unknown error: DevToolsActivePort file doesn't exist)\n  (The process started from chrome location /usr/bin/google-chrome is no longer running, so ChromeDriver is assuming that Chrome has crashed.)\nBuild info: version: '3.141.59', revision: 'e82be7d358', time: '2018-11-14T08:17:03'\nSystem info: host: 'fv-az296-429', ip: '10.1.1.134', os.name: 'Linux', os.arch: 'amd64', os.version: '5.4.0-1046-azure', java.version: '15.0.3'\nDriver info: driver.version: A_Search_FlatTest_NativeSeleniumWebDriver\nremote stacktrace: #0 0x5619a9674e89 <unknown>\n\n\tat java.base/jdk.internal.reflect.NativeConstructorAccessorImpl.newInstance0(Native Method)\n\tat java.base/jdk.internal.reflect.NativeConstructorAccessorImpl.newInstance(NativeConstructorAccessorImpl.java:64)\n\tat java.base/jdk.internal.reflect.DelegatingConstructorAccessorImpl.newInstance(DelegatingConstructorAccessorImpl.java:45)\n\tat java.base/java.lang.reflect.Constructor.newInstanceWithCaller(Constructor.java:500)\n\tat java.base/java.lang.reflect.Constructor.newInstance(Constructor.java:481)\n\tat org.openqa.selenium.remote.W3CHandshakeResponse.lambda$errorHandler$0(W3CHandshakeResponse.java:62)\n\tat org.openqa.selenium.remote.HandshakeResponse.lambda$getResponseFunction$0(HandshakeResponse.java:30)\n\tat org.openqa.selenium.remote.ProtocolHandshake.lambda$createSession$0(ProtocolHandshake.java:126)\n\tat java.base/java.util.stream.ReferencePipeline$3$1.accept(ReferencePipeline.java:195)\n\tat java.base/java.util.Spliterators$ArraySpliterator.tryAdvance(Spliterators.java:958)\n\tat java.base/java.util.stream.ReferencePipeline.forEachWithCancel(ReferencePipeline.java:127)\n\tat java.base/java.util.stream.AbstractPipeline.copyIntoWithCancel(AbstractPipeline.java:502)\n\tat java.base/java.util.stream.AbstractPipeline.copyInto(AbstractPipeline.java:488)\n\tat java.base/java.util.stream.AbstractPipeline.wrapAndCopyInto(AbstractPipeline.java:474)\n\tat java.base/java.util.stream.FindOps$FindOp.evaluateSequential(FindOps.java:150)\n\tat java.base/java.util.stream.AbstractPipeline.evaluate(AbstractPipeline.java:234)\n\tat java.base/java.util.stream.ReferencePipeline.findFirst(ReferencePipeline.java:543)\n\tat org.openqa.selenium.remote.ProtocolHandshake.createSession(ProtocolHandshake.java:128)\n\tat org.openqa.selenium.remote.ProtocolHandshake.createSession(ProtocolHandshake.java:74)\n\tat org.openqa.selenium.remote.HttpCommandExecutor.execute(HttpCommandExecutor.java:136)\n\tat org.openqa.selenium.remote.service.DriverCommandExecutor.execute(DriverCommandExecutor.java:83)\n\tat org.openqa.selenium.remote.RemoteWebDriver.execute(RemoteWebDriver.java:552)\n\tat org.openqa.selenium.remote.RemoteWebDriver.startSession(RemoteWebDriver.java:213)\n\tat org.openqa.selenium.remote.RemoteWebDriver.<init>(RemoteWebDriver.java:131)\n\tat org.openqa.selenium.chrome.ChromeDriver.<init>(ChromeDriver.java:181)\n\tat org.openqa.selenium.chrome.ChromeDriver.<init>(ChromeDriver.java:168)\n\tat org.openqa.selenium.chrome.ChromeDriver.<init>(ChromeDriver.java:123)\n\tat tests.gui.google.A_Search_FlatTest_NativeSeleniumWebDriver.beforeMethod(A_Search_FlatTest_NativeSeleniumWebDriver.java:46)\n\tat java.base/jdk.internal.reflect.NativeMethodAccessorImpl.invoke0(Native Method)\n\tat java.base/jdk.internal.reflect.NativeMethodAccessorImpl.invoke(NativeMethodAccessorImpl.java:64)\n\tat java.base/jdk.internal.reflect.DelegatingMethodAccessorImpl.invoke(DelegatingMethodAccessorImpl.java:43)\n\tat java.base/java.lang.reflect.Method.invoke(Method.java:564)\n\tat org.testng.internal.MethodInvocationHelper.invokeMethod(MethodInvocationHelper.java:133)\n\tat org.testng.internal.MethodInvocationHelper.invokeMethodConsideringTimeout(MethodInvocationHelper.java:62)\n\tat org.testng.internal.ConfigInvoker.invokeConfigurationMethod(ConfigInvoker.java:385)\n\tat org.testng.internal.ConfigInvoker.invokeConfigurations(ConfigInvoker.java:321)\n\tat org.testng.internal.TestInvoker.runConfigMethods(TestInvoker.java:700)\n\tat org.testng.internal.TestInvoker.invokeMethod(TestInvoker.java:527)\n\tat org.testng.internal.TestInvoker.invokeTestMethod(TestInvoker.java:173)\n\tat org.testng.internal.MethodRunner.runInSequence(MethodRunner.java:46)\n\tat org.testng.internal.TestInvoker$MethodInvocationAgent.invoke(TestInvoker.java:824)\n\tat org.testng.internal.TestInvoker.invokeTestMethods(TestInvoker.java:146)\n\tat org.testng.internal.TestMethodWorker.invokeTestMethods(TestMethodWorker.java:146)\n\tat org.testng.internal.TestMethodWorker.run(TestMethodWorker.java:128)\n\tat java.base/java.util.ArrayList.forEach(ArrayList.java:1511)\n\tat org.testng.TestRunner.privateRun(TestRunner.java:794)\n\tat org.testng.TestRunner.run(TestRunner.java:596)\n\tat org.testng.SuiteRunner.runTest(SuiteRunner.java:377)\n\tat org.testng.SuiteRunner.runSequentially(SuiteRunner.java:371)\n\tat org.testng.SuiteRunner.privateRun(SuiteRunner.java:332)\n\tat org.testng.SuiteRunner.run(SuiteRunner.java:276)\n\tat org.testng.SuiteRunnerWorker.runSuite(SuiteRunnerWorker.java:53)\n\tat org.testng.SuiteRunnerWorker.run(SuiteRunnerWorker.java:96)\n\tat org.testng.TestNG.runSuitesSequentially(TestNG.java:1212)\n\tat org.testng.TestNG.runSuitesLocally(TestNG.java:1134)\n\tat org.testng.TestNG.runSuites(TestNG.java:1063)\n\tat org.testng.TestNG.run(TestNG.java:1031)\n\tat org.apache.maven.surefire.testng.TestNGExecutor.run(TestNGExecutor.java:136)\n\tat org.apache.maven.surefire.testng.TestNGDirectoryTestSuite.executeMulti(TestNGDirectoryTestSuite.java:193)\n\tat org.apache.maven.surefire.testng.TestNGDirectoryTestSuite.execute(TestNGDirectoryTestSuite.java:94)\n\tat org.apache.maven.surefire.testng.TestNGProvider.invoke(TestNGProvider.java:145)\n\tat org.apache.maven.surefire.booter.ForkedBooter.runSuitesInProcess(ForkedBooter.java:428)\n\tat org.apache.maven.surefire.booter.ForkedBooter.execute(ForkedBooter.java:162)\n\tat org.apache.maven.surefire.booter.ForkedBooter.run(ForkedBooter.java:562)\n\tat org.apache.maven.surefire.booter.ForkedBooter.main(ForkedBooter.java:548)\n",
  "flaky" : false,
  "newFailed" : false,
  "beforeStages" : [ {
    "name" : "beforeClass",
    "time" : {
      "start" : 1619267400818,
      "stop" : 1619267402428,
      "duration" : 1610
    },
    "description" : "",
    "status" : "passed",
    "steps" : [ ],
    "attachments" : [ ],
    "parameters" : [ ],
    "stepsCount" : 0,
    "attachmentsCount" : 0,
    "shouldDisplayMessage" : false,
    "hasContent" : false
  }, {
    "name" : "beforeMethod",
    "time" : {
      "start" : 1619267403119,
      "stop" : 1619267403119,
      "duration" : 0
    },
    "description" : "",
    "status" : "broken",
    "steps" : [ ],
    "attachments" : [ ],
    "parameters" : [ ],
    "stepsCount" : 0,
    "attachmentsCount" : 0,
    "shouldDisplayMessage" : false,
    "hasContent" : false
  } ],
  "testStage" : {
    "status" : "skipped",
    "statusMessage" : "unknown error: Chrome failed to start: exited abnormally.\n  (unknown error: DevToolsActivePort file doesn't exist)\n  (The process started from chrome location /usr/bin/google-chrome is no longer running, so ChromeDriver is assuming that Chrome has crashed.)\nBuild info: version: '3.141.59', revision: 'e82be7d358', time: '2018-11-14T08:17:03'\nSystem info: host: 'fv-az296-429', ip: '10.1.1.134', os.name: 'Linux', os.arch: 'amd64', os.version: '5.4.0-1046-azure', java.version: '15.0.3'\nDriver info: driver.version: A_Search_FlatTest_NativeSeleniumWebDriver\nremote stacktrace: #0 0x5619a9674e89 <unknown>\n",
    "statusTrace" : "org.openqa.selenium.WebDriverException: unknown error: Chrome failed to start: exited abnormally.\n  (unknown error: DevToolsActivePort file doesn't exist)\n  (The process started from chrome location /usr/bin/google-chrome is no longer running, so ChromeDriver is assuming that Chrome has crashed.)\nBuild info: version: '3.141.59', revision: 'e82be7d358', time: '2018-11-14T08:17:03'\nSystem info: host: 'fv-az296-429', ip: '10.1.1.134', os.name: 'Linux', os.arch: 'amd64', os.version: '5.4.0-1046-azure', java.version: '15.0.3'\nDriver info: driver.version: A_Search_FlatTest_NativeSeleniumWebDriver\nremote stacktrace: #0 0x5619a9674e89 <unknown>\n\n\tat java.base/jdk.internal.reflect.NativeConstructorAccessorImpl.newInstance0(Native Method)\n\tat java.base/jdk.internal.reflect.NativeConstructorAccessorImpl.newInstance(NativeConstructorAccessorImpl.java:64)\n\tat java.base/jdk.internal.reflect.DelegatingConstructorAccessorImpl.newInstance(DelegatingConstructorAccessorImpl.java:45)\n\tat java.base/java.lang.reflect.Constructor.newInstanceWithCaller(Constructor.java:500)\n\tat java.base/java.lang.reflect.Constructor.newInstance(Constructor.java:481)\n\tat org.openqa.selenium.remote.W3CHandshakeResponse.lambda$errorHandler$0(W3CHandshakeResponse.java:62)\n\tat org.openqa.selenium.remote.HandshakeResponse.lambda$getResponseFunction$0(HandshakeResponse.java:30)\n\tat org.openqa.selenium.remote.ProtocolHandshake.lambda$createSession$0(ProtocolHandshake.java:126)\n\tat java.base/java.util.stream.ReferencePipeline$3$1.accept(ReferencePipeline.java:195)\n\tat java.base/java.util.Spliterators$ArraySpliterator.tryAdvance(Spliterators.java:958)\n\tat java.base/java.util.stream.ReferencePipeline.forEachWithCancel(ReferencePipeline.java:127)\n\tat java.base/java.util.stream.AbstractPipeline.copyIntoWithCancel(AbstractPipeline.java:502)\n\tat java.base/java.util.stream.AbstractPipeline.copyInto(AbstractPipeline.java:488)\n\tat java.base/java.util.stream.AbstractPipeline.wrapAndCopyInto(AbstractPipeline.java:474)\n\tat java.base/java.util.stream.FindOps$FindOp.evaluateSequential(FindOps.java:150)\n\tat java.base/java.util.stream.AbstractPipeline.evaluate(AbstractPipeline.java:234)\n\tat java.base/java.util.stream.ReferencePipeline.findFirst(ReferencePipeline.java:543)\n\tat org.openqa.selenium.remote.ProtocolHandshake.createSession(ProtocolHandshake.java:128)\n\tat org.openqa.selenium.remote.ProtocolHandshake.createSession(ProtocolHandshake.java:74)\n\tat org.openqa.selenium.remote.HttpCommandExecutor.execute(HttpCommandExecutor.java:136)\n\tat org.openqa.selenium.remote.service.DriverCommandExecutor.execute(DriverCommandExecutor.java:83)\n\tat org.openqa.selenium.remote.RemoteWebDriver.execute(RemoteWebDriver.java:552)\n\tat org.openqa.selenium.remote.RemoteWebDriver.startSession(RemoteWebDriver.java:213)\n\tat org.openqa.selenium.remote.RemoteWebDriver.<init>(RemoteWebDriver.java:131)\n\tat org.openqa.selenium.chrome.ChromeDriver.<init>(ChromeDriver.java:181)\n\tat org.openqa.selenium.chrome.ChromeDriver.<init>(ChromeDriver.java:168)\n\tat org.openqa.selenium.chrome.ChromeDriver.<init>(ChromeDriver.java:123)\n\tat tests.gui.google.A_Search_FlatTest_NativeSeleniumWebDriver.beforeMethod(A_Search_FlatTest_NativeSeleniumWebDriver.java:46)\n\tat java.base/jdk.internal.reflect.NativeMethodAccessorImpl.invoke0(Native Method)\n\tat java.base/jdk.internal.reflect.NativeMethodAccessorImpl.invoke(NativeMethodAccessorImpl.java:64)\n\tat java.base/jdk.internal.reflect.DelegatingMethodAccessorImpl.invoke(DelegatingMethodAccessorImpl.java:43)\n\tat java.base/java.lang.reflect.Method.invoke(Method.java:564)\n\tat org.testng.internal.MethodInvocationHelper.invokeMethod(MethodInvocationHelper.java:133)\n\tat org.testng.internal.MethodInvocationHelper.invokeMethodConsideringTimeout(MethodInvocationHelper.java:62)\n\tat org.testng.internal.ConfigInvoker.invokeConfigurationMethod(ConfigInvoker.java:385)\n\tat org.testng.internal.ConfigInvoker.invokeConfigurations(ConfigInvoker.java:321)\n\tat org.testng.internal.TestInvoker.runConfigMethods(TestInvoker.java:700)\n\tat org.testng.internal.TestInvoker.invokeMethod(TestInvoker.java:527)\n\tat org.testng.internal.TestInvoker.invokeTestMethod(TestInvoker.java:173)\n\tat org.testng.internal.MethodRunner.runInSequence(MethodRunner.java:46)\n\tat org.testng.internal.TestInvoker$MethodInvocationAgent.invoke(TestInvoker.java:824)\n\tat org.testng.internal.TestInvoker.invokeTestMethods(TestInvoker.java:146)\n\tat org.testng.internal.TestMethodWorker.invokeTestMethods(TestMethodWorker.java:146)\n\tat org.testng.internal.TestMethodWorker.run(TestMethodWorker.java:128)\n\tat java.base/java.util.ArrayList.forEach(ArrayList.java:1511)\n\tat org.testng.TestRunner.privateRun(TestRunner.java:794)\n\tat org.testng.TestRunner.run(TestRunner.java:596)\n\tat org.testng.SuiteRunner.runTest(SuiteRunner.java:377)\n\tat org.testng.SuiteRunner.runSequentially(SuiteRunner.java:371)\n\tat org.testng.SuiteRunner.privateRun(SuiteRunner.java:332)\n\tat org.testng.SuiteRunner.run(SuiteRunner.java:276)\n\tat org.testng.SuiteRunnerWorker.runSuite(SuiteRunnerWorker.java:53)\n\tat org.testng.SuiteRunnerWorker.run(SuiteRunnerWorker.java:96)\n\tat org.testng.TestNG.runSuitesSequentially(TestNG.java:1212)\n\tat org.testng.TestNG.runSuitesLocally(TestNG.java:1134)\n\tat org.testng.TestNG.runSuites(TestNG.java:1063)\n\tat org.testng.TestNG.run(TestNG.java:1031)\n\tat org.apache.maven.surefire.testng.TestNGExecutor.run(TestNGExecutor.java:136)\n\tat org.apache.maven.surefire.testng.TestNGDirectoryTestSuite.executeMulti(TestNGDirectoryTestSuite.java:193)\n\tat org.apache.maven.surefire.testng.TestNGDirectoryTestSuite.execute(TestNGDirectoryTestSuite.java:94)\n\tat org.apache.maven.surefire.testng.TestNGProvider.invoke(TestNGProvider.java:145)\n\tat org.apache.maven.surefire.booter.ForkedBooter.runSuitesInProcess(ForkedBooter.java:428)\n\tat org.apache.maven.surefire.booter.ForkedBooter.execute(ForkedBooter.java:162)\n\tat org.apache.maven.surefire.booter.ForkedBooter.run(ForkedBooter.java:562)\n\tat org.apache.maven.surefire.booter.ForkedBooter.main(ForkedBooter.java:548)\n",
    "steps" : [ ],
    "attachments" : [ {
      "uid" : "13fd1f19dc15a1a9",
      "name" : "Attachment: SHAFT Engine Logs - Current Method log: navigateToGoogleHomeAndAssertPageTitle",
      "source" : "13fd1f19dc15a1a9.txt",
      "type" : "text/plain",
      "size" : 469
    } ],
    "parameters" : [ ],
    "stepsCount" : 0,
    "attachmentsCount" : 1,
    "shouldDisplayMessage" : true,
    "hasContent" : true
  },
  "afterStages" : [ {
    "name" : "afterMethod",
    "time" : {
      "start" : 1619267403123,
      "stop" : 1619267403123,
      "duration" : 0
    },
    "description" : "",
    "status" : "broken",
    "steps" : [ ],
    "attachments" : [ ],
    "parameters" : [ ],
    "stepsCount" : 0,
    "attachmentsCount" : 0,
    "shouldDisplayMessage" : false,
    "hasContent" : false
  }, {
    "name" : "closureActivities",
    "time" : {
      "start" : 1619267439192,
      "stop" : 1619267439518,
      "duration" : 326
    },
    "description" : "",
    "status" : "passed",
    "steps" : [ {
      "name" : "Action [137]: Successfully Closed All Browsers.",
      "time" : {
        "start" : 1619267439192,
        "stop" : 1619267439192,
        "duration" : 0
      },
      "status" : "passed",
      "steps" : [ ],
      "attachments" : [ ],
      "parameters" : [ {
        "name" : "actionCounter",
        "value" : "137"
      }, {
        "name" : "logText",
        "value" : "Successfully Closed All Browsers."
      } ],
      "stepsCount" : 0,
      "attachmentsCount" : 0,
      "shouldDisplayMessage" : false,
      "hasContent" : true
    } ],
    "attachments" : [ {
      "uid" : "4657fb9383f7d7c6",
      "name" : "Attachment: SHAFT Engine Logs - Execution log: 20210424-123039",
      "source" : "4657fb9383f7d7c6.txt",
      "type" : "text/plain",
      "size" : 59222
    }, {
      "uid" : "9be5557f0b6ea4cd",
      "name" : "Attachment: HTML - Extent Emailable Execution Report",
      "source" : "9be5557f0b6ea4cd.html",
      "type" : "text/html",
      "size" : 1090188
    } ],
    "parameters" : [ ],
    "stepsCount" : 1,
    "attachmentsCount" : 2,
    "shouldDisplayMessage" : false,
    "hasContent" : true
  } ],
  "labels" : [ {
    "name" : "package",
    "value" : "tests.gui.google.A_Search_FlatTest_NativeSeleniumWebDriver"
  }, {
    "name" : "testClass",
    "value" : "tests.gui.google.A_Search_FlatTest_NativeSeleniumWebDriver"
  }, {
    "name" : "testMethod",
    "value" : "navigateToGoogleHomeAndAssertPageTitle"
  }, {
    "name" : "parentSuite",
    "value" : "SHAFT_Engine: Custom Suite"
  }, {
    "name" : "suite",
    "value" : "SHAFT_Engine: Custom Test"
  }, {
    "name" : "subSuite",
    "value" : "tests.gui.google.A_Search_FlatTest_NativeSeleniumWebDriver"
  }, {
    "name" : "host",
    "value" : "fv-az296-429"
  }, {
    "name" : "thread",
    "value" : "3992@fv-az296-429.main(1)"
  }, {
    "name" : "framework",
    "value" : "testng"
  }, {
    "name" : "language",
    "value" : "java"
  }, {
    "name" : "resultFormat",
    "value" : "allure2"
  } ],
  "parameters" : [ ],
  "links" : [ ],
  "hidden" : false,
  "retry" : false,
  "extra" : {
    "severity" : "normal",
    "retries" : [ ],
    "categories" : [ ],
    "history" : {
      "statistic" : {
        "failed" : 0,
        "broken" : 0,
        "skipped" : 106,
        "passed" : 0,
        "unknown" : 0,
        "total" : 106
      },
      "items" : [ {
        "uid" : "1918cc59304b99a8",
        "reportUrl" : "https://MohabMohie.github.io/using_SHAFT_ENGINE/allure/296//#testresult/1918cc59304b99a8",
        "status" : "skipped",
        "statusDetails" : "unknown error: Chrome failed to start: exited abnormally.\n  (unknown error: DevToolsActivePort file doesn't exist)\n  (The process started from chrome location /usr/bin/google-chrome is no longer running, so ChromeDriver is assuming that Chrome has crashed.)\nBuild info: version: '3.141.59', revision: 'e82be7d358', time: '2018-11-14T08:17:03'\nSystem info: host: 'fv-az198-494', ip: '10.1.1.28', os.name: 'Linux', os.arch: 'amd64', os.version: '5.4.0-1046-azure', java.version: '15.0.3'\nDriver info: driver.version: A_Search_FlatTest_NativeSeleniumWebDriver\nremote stacktrace: #0 0x556fef171e89 <unknown>\n",
        "time" : {
          "start" : 1619245728530,
          "stop" : 1619245728532,
          "duration" : 2
        }
      }, {
        "uid" : "348e807b0625dfa",
        "reportUrl" : "https://MohabMohie.github.io/using_SHAFT_ENGINE/allure/295//#testresult/348e807b0625dfa",
        "status" : "skipped",
        "statusDetails" : "unknown error: Chrome failed to start: exited abnormally.\n  (unknown error: DevToolsActivePort file doesn't exist)\n  (The process started from chrome location /usr/bin/google-chrome is no longer running, so ChromeDriver is assuming that Chrome has crashed.)\nBuild info: version: '3.141.59', revision: 'e82be7d358', time: '2018-11-14T08:17:03'\nSystem info: host: 'fv-az154-846', ip: '10.1.1.9', os.name: 'Linux', os.arch: 'amd64', os.version: '5.4.0-1046-azure', java.version: '15.0.3'\nDriver info: driver.version: A_Search_FlatTest_NativeSeleniumWebDriver\nremote stacktrace: #0 0x555e1f3aae89 <unknown>\n",
        "time" : {
          "start" : 1619224214091,
          "stop" : 1619224214097,
          "duration" : 6
        }
      }, {
        "uid" : "5362e95d284e7874",
        "reportUrl" : "https://MohabMohie.github.io/using_SHAFT_ENGINE/allure/294//#testresult/5362e95d284e7874",
        "status" : "skipped",
        "statusDetails" : "unknown error: Chrome failed to start: exited abnormally.\n  (unknown error: DevToolsActivePort file doesn't exist)\n  (The process started from chrome location /usr/bin/google-chrome is no longer running, so ChromeDriver is assuming that Chrome has crashed.)\nBuild info: version: '3.141.59', revision: 'e82be7d358', time: '2018-11-14T08:17:03'\nSystem info: host: 'fv-az292-634', ip: '10.1.0.184', os.name: 'Linux', os.arch: 'amd64', os.version: '5.4.0-1046-azure', java.version: '15.0.3'\nDriver info: driver.version: A_Search_FlatTest_NativeSeleniumWebDriver\nremote stacktrace: #0 0x56393638fe89 <unknown>\n",
        "time" : {
          "start" : 1619202654868,
          "stop" : 1619202654874,
          "duration" : 6
        }
      }, {
        "uid" : "4da9b7294580de02",
        "reportUrl" : "https://MohabMohie.github.io/using_SHAFT_ENGINE/allure/293//#testresult/4da9b7294580de02",
        "status" : "skipped",
        "statusDetails" : "unknown error: Chrome failed to start: exited abnormally.\n  (unknown error: DevToolsActivePort file doesn't exist)\n  (The process started from chrome location /usr/bin/google-chrome is no longer running, so ChromeDriver is assuming that Chrome has crashed.)\nBuild info: version: '3.141.59', revision: 'e82be7d358', time: '2018-11-14T08:17:03'\nSystem info: host: 'fv-az216-331', ip: '10.1.0.4', os.name: 'Linux', os.arch: 'amd64', os.version: '5.4.0-1046-azure', java.version: '15.0.3'\nDriver info: driver.version: A_Search_FlatTest_NativeSeleniumWebDriver\nremote stacktrace: #0 0x5648aa14fe89 <unknown>\n",
        "time" : {
          "start" : 1619181077976,
          "stop" : 1619181077987,
          "duration" : 11
        }
      }, {
        "uid" : "7d2e5c541076f2b6",
        "reportUrl" : "https://MohabMohie.github.io/using_SHAFT_ENGINE/allure/292//#testresult/7d2e5c541076f2b6",
        "status" : "skipped",
        "statusDetails" : "unknown error: Chrome failed to start: exited abnormally.\n  (unknown error: DevToolsActivePort file doesn't exist)\n  (The process started from chrome location /usr/bin/google-chrome is no longer running, so ChromeDriver is assuming that Chrome has crashed.)\nBuild info: version: '3.141.59', revision: 'e82be7d358', time: '2018-11-14T08:17:03'\nSystem info: host: 'fv-az154-846', ip: '10.1.0.101', os.name: 'Linux', os.arch: 'amd64', os.version: '5.4.0-1046-azure', java.version: '15.0.3'\nDriver info: driver.version: A_Search_FlatTest_NativeSeleniumWebDriver\nremote stacktrace: #0 0x55f0d57a1e89 <unknown>\n",
        "time" : {
          "start" : 1619159321166,
          "stop" : 1619159321168,
          "duration" : 2
        }
      }, {
        "uid" : "6529074d47a1e6c8",
        "reportUrl" : "https://MohabMohie.github.io/using_SHAFT_ENGINE/allure/291//#testresult/6529074d47a1e6c8",
        "status" : "skipped",
        "statusDetails" : "unknown error: Chrome failed to start: exited abnormally.\n  (unknown error: DevToolsActivePort file doesn't exist)\n  (The process started from chrome location /usr/bin/google-chrome is no longer running, so ChromeDriver is assuming that Chrome has crashed.)\nBuild info: version: '3.141.59', revision: 'e82be7d358', time: '2018-11-14T08:17:03'\nSystem info: host: 'fv-az194-875', ip: '10.1.0.150', os.name: 'Linux', os.arch: 'amd64', os.version: '5.4.0-1046-azure', java.version: '15.0.3'\nDriver info: driver.version: A_Search_FlatTest_NativeSeleniumWebDriver\nremote stacktrace: #0 0x56167e221e89 <unknown>\n",
        "time" : {
          "start" : 1619137872995,
          "stop" : 1619137873001,
          "duration" : 6
        }
      }, {
        "uid" : "a34a12fce6bff411",
        "reportUrl" : "https://MohabMohie.github.io/using_SHAFT_ENGINE/allure/290//#testresult/a34a12fce6bff411",
        "status" : "skipped",
        "statusDetails" : "unknown error: Chrome failed to start: exited abnormally.\n  (unknown error: DevToolsActivePort file doesn't exist)\n  (The process started from chrome location /usr/bin/google-chrome is no longer running, so ChromeDriver is assuming that Chrome has crashed.)\nBuild info: version: '3.141.59', revision: 'e82be7d358', time: '2018-11-14T08:17:03'\nSystem info: host: 'fv-az296-429', ip: '10.1.0.195', os.name: 'Linux', os.arch: 'amd64', os.version: '5.4.0-1046-azure', java.version: '15.0.3'\nDriver info: driver.version: A_Search_FlatTest_NativeSeleniumWebDriver\nremote stacktrace: #0 0x55cf59019e89 <unknown>\n",
        "time" : {
          "start" : 1619116321772,
          "stop" : 1619116321778,
          "duration" : 6
        }
      }, {
        "uid" : "668bea9bd33741c4",
        "reportUrl" : "https://MohabMohie.github.io/using_SHAFT_ENGINE/allure/289//#testresult/668bea9bd33741c4",
        "status" : "skipped",
        "statusDetails" : "unknown error: Chrome failed to start: exited abnormally.\n  (unknown error: DevToolsActivePort file doesn't exist)\n  (The process started from chrome location /usr/bin/google-chrome is no longer running, so ChromeDriver is assuming that Chrome has crashed.)\nBuild info: version: '3.141.59', revision: 'e82be7d358', time: '2018-11-14T08:17:03'\nSystem info: host: 'fv-az194-875', ip: '10.1.1.60', os.name: 'Linux', os.arch: 'amd64', os.version: '5.4.0-1046-azure', java.version: '15.0.3'\nDriver info: driver.version: A_Search_FlatTest_NativeSeleniumWebDriver\nremote stacktrace: #0 0x56506cea7e89 <unknown>\n",
        "time" : {
          "start" : 1619094595219,
          "stop" : 1619094595220,
          "duration" : 1
        }
      }, {
        "uid" : "46e07c49ce3219f3",
        "reportUrl" : "https://MohabMohie.github.io/using_SHAFT_ENGINE/allure/288//#testresult/46e07c49ce3219f3",
        "status" : "skipped",
        "statusDetails" : "unknown error: Chrome failed to start: exited abnormally.\n  (unknown error: DevToolsActivePort file doesn't exist)\n  (The process started from chrome location /usr/bin/google-chrome is no longer running, so ChromeDriver is assuming that Chrome has crashed.)\nBuild info: version: '3.141.59', revision: 'e82be7d358', time: '2018-11-14T08:17:03'\nSystem info: host: 'fv-az194-852', ip: '10.1.1.133', os.name: 'Linux', os.arch: 'amd64', os.version: '5.4.0-1043-azure', java.version: '15.0.3'\nDriver info: driver.version: A_Search_FlatTest_NativeSeleniumWebDriver\nremote stacktrace: #0 0x5635918232b9 <unknown>\n",
        "time" : {
          "start" : 1619073109781,
          "stop" : 1619073109782,
          "duration" : 1
        }
      }, {
        "uid" : "6bce37782e09a85c",
        "reportUrl" : "https://MohabMohie.github.io/using_SHAFT_ENGINE/allure/287//#testresult/6bce37782e09a85c",
        "status" : "skipped",
        "statusDetails" : "unknown error: Chrome failed to start: exited abnormally.\n  (unknown error: DevToolsActivePort file doesn't exist)\n  (The process started from chrome location /usr/bin/google-chrome is no longer running, so ChromeDriver is assuming that Chrome has crashed.)\nBuild info: version: '3.141.59', revision: 'e82be7d358', time: '2018-11-14T08:17:03'\nSystem info: host: 'fv-az207-412', ip: '10.1.0.37', os.name: 'Linux', os.arch: 'amd64', os.version: '5.4.0-1043-azure', java.version: '15.0.3'\nDriver info: driver.version: A_Search_FlatTest_NativeSeleniumWebDriver\nremote stacktrace: #0 0x56244faae2b9 <unknown>\n",
        "time" : {
          "start" : 1619051444321,
          "stop" : 1619051444324,
          "duration" : 3
        }
      }, {
        "uid" : "38ba8c787354dae8",
        "reportUrl" : "https://MohabMohie.github.io/using_SHAFT_ENGINE/allure/286//#testresult/38ba8c787354dae8",
        "status" : "skipped",
        "statusDetails" : "unknown error: Chrome failed to start: exited abnormally.\n  (unknown error: DevToolsActivePort file doesn't exist)\n  (The process started from chrome location /usr/bin/google-chrome is no longer running, so ChromeDriver is assuming that Chrome has crashed.)\nBuild info: version: '3.141.59', revision: 'e82be7d358', time: '2018-11-14T08:17:03'\nSystem info: host: 'fv-az194-852', ip: '10.1.1.76', os.name: 'Linux', os.arch: 'amd64', os.version: '5.4.0-1043-azure', java.version: '15.0.3'\nDriver info: driver.version: A_Search_FlatTest_NativeSeleniumWebDriver\nremote stacktrace: #0 0x55df104762b9 <unknown>\n",
        "time" : {
          "start" : 1619029814111,
          "stop" : 1619029814113,
          "duration" : 2
        }
      }, {
        "uid" : "4e389097061c9a7a",
        "reportUrl" : "https://MohabMohie.github.io/using_SHAFT_ENGINE/allure/285//#testresult/4e389097061c9a7a",
        "status" : "skipped",
        "statusDetails" : "unknown error: Chrome failed to start: exited abnormally.\n  (unknown error: DevToolsActivePort file doesn't exist)\n  (The process started from chrome location /usr/bin/google-chrome is no longer running, so ChromeDriver is assuming that Chrome has crashed.)\nBuild info: version: '3.141.59', revision: 'e82be7d358', time: '2018-11-14T08:17:03'\nSystem info: host: 'fv-az207-445', ip: '10.1.1.25', os.name: 'Linux', os.arch: 'amd64', os.version: '5.4.0-1043-azure', java.version: '15.0.3'\nDriver info: driver.version: A_Search_FlatTest_NativeSeleniumWebDriver\nremote stacktrace: #0 0x55c95476f2b9 <unknown>\n",
        "time" : {
          "start" : 1619008188498,
          "stop" : 1619008188499,
          "duration" : 1
        }
      }, {
        "uid" : "95e27d97a8e24616",
        "reportUrl" : "https://MohabMohie.github.io/using_SHAFT_ENGINE/allure/284//#testresult/95e27d97a8e24616",
        "status" : "skipped",
        "statusDetails" : "unknown error: Chrome failed to start: exited abnormally.\n  (unknown error: DevToolsActivePort file doesn't exist)\n  (The process started from chrome location /usr/bin/google-chrome is no longer running, so ChromeDriver is assuming that Chrome has crashed.)\nBuild info: version: '3.141.59', revision: 'e82be7d358', time: '2018-11-14T08:17:03'\nSystem info: host: 'fv-az290-196', ip: '10.1.0.92', os.name: 'Linux', os.arch: 'amd64', os.version: '5.4.0-1043-azure', java.version: '15.0.3'\nDriver info: driver.version: A_Search_FlatTest_NativeSeleniumWebDriver\nremote stacktrace: #0 0x55dc091602b9 <unknown>\n",
        "time" : {
          "start" : 1618986647374,
          "stop" : 1618986647379,
          "duration" : 5
        }
      }, {
        "uid" : "53418bdd3b8da1fa",
        "reportUrl" : "https://MohabMohie.github.io/using_SHAFT_ENGINE/allure/283//#testresult/53418bdd3b8da1fa",
        "status" : "skipped",
        "statusDetails" : "unknown error: Chrome failed to start: exited abnormally.\n  (unknown error: DevToolsActivePort file doesn't exist)\n  (The process started from chrome location /usr/bin/google-chrome is no longer running, so ChromeDriver is assuming that Chrome has crashed.)\nBuild info: version: '3.141.59', revision: 'e82be7d358', time: '2018-11-14T08:17:03'\nSystem info: host: 'fv-az198-658', ip: '10.1.1.37', os.name: 'Linux', os.arch: 'amd64', os.version: '5.4.0-1043-azure', java.version: '15.0.3'\nDriver info: driver.version: A_Search_FlatTest_NativeSeleniumWebDriver\nremote stacktrace: #0 0x556174df62b9 <unknown>\n",
        "time" : {
          "start" : 1618965188484,
          "stop" : 1618965188485,
          "duration" : 1
        }
      }, {
        "uid" : "89791380001fa446",
        "reportUrl" : "https://MohabMohie.github.io/using_SHAFT_ENGINE/allure/282//#testresult/89791380001fa446",
        "status" : "skipped",
        "statusDetails" : "unknown error: Chrome failed to start: exited abnormally.\n  (unknown error: DevToolsActivePort file doesn't exist)\n  (The process started from chrome location /usr/bin/google-chrome is no longer running, so ChromeDriver is assuming that Chrome has crashed.)\nBuild info: version: '3.141.59', revision: 'e82be7d358', time: '2018-11-14T08:17:03'\nSystem info: host: 'fv-az201-519', ip: '10.1.0.62', os.name: 'Linux', os.arch: 'amd64', os.version: '5.4.0-1043-azure', java.version: '15.0.2'\nDriver info: driver.version: A_Search_FlatTest_NativeSeleniumWebDriver\nremote stacktrace: #0 0x5633191202b9 <unknown>\n",
        "time" : {
          "start" : 1618943558755,
          "stop" : 1618943558756,
          "duration" : 1
        }
      }, {
        "uid" : "c66cdebfb5151be7",
        "reportUrl" : "https://MohabMohie.github.io/using_SHAFT_ENGINE/allure/281//#testresult/c66cdebfb5151be7",
        "status" : "skipped",
        "statusDetails" : "unknown error: Chrome failed to start: exited abnormally.\n  (unknown error: DevToolsActivePort file doesn't exist)\n  (The process started from chrome location /usr/bin/google-chrome is no longer running, so ChromeDriver is assuming that Chrome has crashed.)\nBuild info: version: '3.141.59', revision: 'e82be7d358', time: '2018-11-14T08:17:03'\nSystem info: host: 'fv-az194-515', ip: '10.1.0.9', os.name: 'Linux', os.arch: 'amd64', os.version: '5.4.0-1043-azure', java.version: '15.0.2'\nDriver info: driver.version: A_Search_FlatTest_NativeSeleniumWebDriver\nremote stacktrace: #0 0x55dfa83022b9 <unknown>\n",
        "time" : {
          "start" : 1618921947912,
          "stop" : 1618921947913,
          "duration" : 1
        }
      }, {
        "uid" : "e3d2b58990317519",
        "reportUrl" : "https://MohabMohie.github.io/using_SHAFT_ENGINE/allure/280//#testresult/e3d2b58990317519",
        "status" : "skipped",
        "statusDetails" : "unknown error: Chrome failed to start: exited abnormally.\n  (unknown error: DevToolsActivePort file doesn't exist)\n  (The process started from chrome location /usr/bin/google-chrome is no longer running, so ChromeDriver is assuming that Chrome has crashed.)\nBuild info: version: '3.141.59', revision: 'e82be7d358', time: '2018-11-14T08:17:03'\nSystem info: host: 'fv-az296-124', ip: '10.1.0.186', os.name: 'Linux', os.arch: 'amd64', os.version: '5.4.0-1043-azure', java.version: '15.0.2'\nDriver info: driver.version: A_Search_FlatTest_NativeSeleniumWebDriver\nremote stacktrace: #0 0x557c9e1182b9 <unknown>\n",
        "time" : {
          "start" : 1618900372890,
          "stop" : 1618900372891,
          "duration" : 1
        }
      }, {
        "uid" : "29ae3fb9ce7b3496",
        "reportUrl" : "https://MohabMohie.github.io/using_SHAFT_ENGINE/allure/279//#testresult/29ae3fb9ce7b3496",
        "status" : "skipped",
        "statusDetails" : "unknown error: Chrome failed to start: exited abnormally.\n  (unknown error: DevToolsActivePort file doesn't exist)\n  (The process started from chrome location /usr/bin/google-chrome is no longer running, so ChromeDriver is assuming that Chrome has crashed.)\nBuild info: version: '3.141.59', revision: 'e82be7d358', time: '2018-11-14T08:17:03'\nSystem info: host: 'fv-az216-939', ip: '10.1.0.4', os.name: 'Linux', os.arch: 'amd64', os.version: '5.4.0-1043-azure', java.version: '15.0.2'\nDriver info: driver.version: A_Search_FlatTest_NativeSeleniumWebDriver\nremote stacktrace: #0 0x559503b632b9 <unknown>\n",
        "time" : {
          "start" : 1618878763432,
          "stop" : 1618878763433,
          "duration" : 1
        }
      }, {
        "uid" : "7a6bad24925c3854",
        "reportUrl" : "https://MohabMohie.github.io/using_SHAFT_ENGINE/allure/278//#testresult/7a6bad24925c3854",
        "status" : "skipped",
        "statusDetails" : "unknown error: Chrome failed to start: exited abnormally.\n  (unknown error: DevToolsActivePort file doesn't exist)\n  (The process started from chrome location /usr/bin/google-chrome is no longer running, so ChromeDriver is assuming that Chrome has crashed.)\nBuild info: version: '3.141.59', revision: 'e82be7d358', time: '2018-11-14T08:17:03'\nSystem info: host: 'fv-az216-939', ip: '10.1.0.4', os.name: 'Linux', os.arch: 'amd64', os.version: '5.4.0-1043-azure', java.version: '15.0.2'\nDriver info: driver.version: A_Search_FlatTest_NativeSeleniumWebDriver\nremote stacktrace: #0 0x5559bf4392b9 <unknown>\n",
        "time" : {
          "start" : 1618857131789,
          "stop" : 1618857131791,
          "duration" : 2
        }
      }, {
        "uid" : "7f440a8cbd84eab4",
        "reportUrl" : "https://MohabMohie.github.io/using_SHAFT_ENGINE/allure/277//#testresult/7f440a8cbd84eab4",
        "status" : "skipped",
        "statusDetails" : "unknown error: Chrome failed to start: exited abnormally.\n  (unknown error: DevToolsActivePort file doesn't exist)\n  (The process started from chrome location /usr/bin/google-chrome is no longer running, so ChromeDriver is assuming that Chrome has crashed.)\nBuild info: version: '3.141.59', revision: 'e82be7d358', time: '2018-11-14T08:17:03'\nSystem info: host: 'fv-az194-515', ip: '10.1.0.9', os.name: 'Linux', os.arch: 'amd64', os.version: '5.4.0-1043-azure', java.version: '15.0.2'\nDriver info: driver.version: A_Search_FlatTest_NativeSeleniumWebDriver\nremote stacktrace: #0 0x55558de5c2b9 <unknown>\n",
        "time" : {
          "start" : 1618835375479,
          "stop" : 1618835375483,
          "duration" : 4
        }
      } ]
    },
    "tags" : [ ]
  },
  "source" : "81d2a36fbdefb2d1.json",
  "parameterValues" : [ ]
}