################################################################################################################################################
Detected SHAFT Engine Version: [SHAFT Engine v5.1]
################################################################################################################################################

################################################################################################################################################
Starting Execution:	[1 out of 23] test cases in the current suite
Test Method:		[tests.api.users.UserData.validateUserEmail]
################################################################################################################################################
[ReportManager] Response status code: [200], status line: [HTTP/1.1 200 OK] @18-02-2021 06:37:01.0058 AM
[ReportManager] Evaluating the actual response status code against the expected one...... @18-02-2021 06:37:01.0064 AM
[ReportManager] AssertEquals PASSED; Expected [200] and Actual [200]. Comparison Type [EQUALS]. Validation Type [POSITIVE]. @18-02-2021 06:37:01.0069 AM
[ReportManager] API Action [performRequest] successfully performed. With the following test data [Request Type: "GET" | Target Status Code: "200" | Service URL: "https://jsonplaceholder.typicode.com/users" | Content Type: "*/*" | Response Time: "1176ms"]. @18-02-2021 06:37:02.0088 AM
[ReportManager] Successfully created attachment [API Response - JSON Body] @18-02-2021 06:37:02.0302 AM
[ReportManager] AssertEquals PASSED; Expected and Actual values are attached. Comparison Type [CONTAINS]. Validation Type [POSITIVE]. @18-02-2021 06:37:02.0306 AM
[ReportManager] Successfully created attachment [Validation Test Data - Expected Value] @18-02-2021 06:37:02.0306 AM
[ReportManager] Successfully created attachment [Validation Test Data - Actual Value] @18-02-2021 06:37:02.0308 AM
[ReportManager] API Action [getResponseJSONValueAsList] successfully performed. With the following test data [$]. @18-02-2021 06:37:02.0338 AM
[ReportManager] API Action [getResponseJSONValue] successfully performed. With the following test data [name]. @18-02-2021 06:37:02.0380 AM
[ReportManager] API Action [getResponseJSONValue] successfully performed. With the following test data [email]. @18-02-2021 06:37:02.0400 AM
[ReportManager] AssertEquals PASSED; Expected [Sincere@april.biz] and Actual [Sincere@april.biz]. Comparison Type [EQUALS]. Validation Type [POSITIVE]. @18-02-2021 06:37:02.0401 AM
[ReportManager] API Action [getResponseJSONValue] successfully performed. With the following test data [name]. @18-02-2021 06:37:02.0422 AM
[ReportManager] API Action [getResponseJSONValue] successfully performed. With the following test data [name]. @18-02-2021 06:37:02.0442 AM
[ReportManager] API Action [getResponseJSONValue] successfully performed. With the following test data [name]. @18-02-2021 06:37:02.0458 AM
[ReportManager] API Action [getResponseJSONValue] successfully performed. With the following test data [name]. @18-02-2021 06:37:02.0478 AM
[ReportManager] API Action [getResponseJSONValue] successfully performed. With the following test data [name]. @18-02-2021 06:37:02.0502 AM
[ReportManager] API Action [getResponseJSONValue] successfully performed. With the following test data [name]. @18-02-2021 06:37:02.0519 AM
[ReportManager] API Action [getResponseJSONValue] successfully performed. With the following test data [name]. @18-02-2021 06:37:02.0541 AM
[ReportManager] API Action [getResponseJSONValue] successfully performed. With the following test data [name]. @18-02-2021 06:37:02.0559 AM
[ReportManager] API Action [getResponseJSONValue] successfully performed. With the following test data [name]. @18-02-2021 06:37:02.0575 A
[ReportManager] File Action [getAbsolutePath] successfully performed. With the following test data [Relative Folder Path: "target/downloadedFiles/"]. @18-02-2021 06:37:02.0702 AM
[ReportManager] Attempting to run remotely on: [Linux-64], [GoogleChrome], [http://localhost:4444/wd/hub], Headless Execution. @18-02-2021 06:37:02.0788 AM
[ReportManager] Successfully Opened [GoogleChrome]. @18-02-2021 06:37:04.0137 AM
[ReportManager] Target URL: [https://www.google.com/ncr], and after redirection: [https://www.google.com] @18-02-2021 06:37:04.0201 AM
[ReportManager] Initial URL: [data:,] @18-02-2021 06:37:04.0316 AM
[ReportManager] Browser Action [navigateToURL] successfully performed. With the following test data [https://www.google.com/ncr]. @18-02-2021 06:37:05.0628 A

################################################################################################################################################
Starting Execution:	[2 out of 23] test cases in the current suite
Test Method:		[tests.gui.google.C_Search_PageObjectModel_Traditional.navigateToGoogleHomeAndAssertGoogleLogoIsDisplayed]
################################################################################################################################################
[ReportManager] Element Action [identifyUniqueElement] failed. With the following test data [zero elements found matching this locator "By.xpath: //img[@id='hplogo' or @alt='Google']".]. @18-02-2021 06:37:06.0065 AM
[ReportManager] Successfully created attachment [Screenshot - 1613630225833_navigateToGoogleHomeAndAssertGoogleLogoIsDisplayed_identifyUniqueElement_failed] @18-02-2021 06:37:06.0075 A
[ReportManager] Successfully created attachment [Selenium WebDriver Logs - server] @18-02-2021 06:37:06.0265 AM
[ReportManager] Successfully created attachment [Selenium WebDriver Logs - performance] @18-02-2021 06:37:06.0389 AM
[ReportManager] Successfully created attachment [Selenium WebDriver Logs - driver] @18-02-2021 06:37:06.0605 AM
[ReportManager] Browser Action [closeCurrentWindow] successfully performed. @18-02-2021 06:37:06.0667 AM
[ReportManager] Successfully created attachment [Browser Action Test Data - closeCurrentWindow - Actual Value] @18-02-2021 06:37:06.0676 A
[ReportManager] File Action [getAbsolutePath] successfully performed. With the following test data [Relative Folder Path: "target/downloadedFiles/"]. @18-02-2021 06:37:06.0684 AM
[ReportManager] Attempting to run remotely on: [Linux-64], [GoogleChrome], [http://localhost:4444/wd/hub], Headless Execution. @18-02-2021 06:37:06.0684 AM
[ReportManager] Successfully Opened [GoogleChrome]. @18-02-2021 06:37:07.0310 AM
[ReportManager] Target URL: [https://www.google.com/ncr], and after redirection: [https://www.google.com] @18-02-2021 06:37:07.0379 AM
[ReportManager] Initial URL: [data:,] @18-02-2021 06:37:07.0453 AM
[ReportManager] Browser Action [navigateToURL] successfully performed. With the following test data [https://www.google.com/ncr]. @18-02-2021 06:37:08.0482 A

################################################################################################################################################
Starting Execution:	[3 out of 23] test cases in the current suite
Test Method:		[tests.gui.google.C_Search_PageObjectModel_Traditional.navigateToGoogleHomeAndAssertPageTitle]
################################################################################################################################################
[ReportManager] Browser Action [getCurrentWindowTitle] successfully performed. With the following test data [Google]. @18-02-2021 06:37:08.0537 AM
[ReportManager] Asserting that the page title is Google... @18-02-2021 06:37:08.0537 AM
[ReportManager] AssertEquals PASSED; Expected [Google] and Actual [Google]. Comparison Type [EQUALS]. Validation Type [POSITIVE]. @18-02-2021 06:37:08.0538 A
[ReportManager] Successfully created attachment [Selenium WebDriver Logs - server] @18-02-2021 06:37:08.0650 AM
[ReportManager] Successfully created attachment [Selenium WebDriver Logs - performance] @18-02-2021 06:37:08.0710 AM
[ReportManager] Successfully created attachment [Selenium WebDriver Logs - driver] @18-02-2021 06:37:08.0828 AM
[ReportManager] Browser Action [closeCurrentWindow] successfully performed. @18-02-2021 06:37:08.0889 AM
[ReportManager] Successfully created attachment [Browser Action Test Data - closeCurrentWindow - Actual Value] @18-02-2021 06:37:08.0891 A
[ReportManager] File Action [getAbsolutePath] successfully performed. With the following test data [Relative Folder Path: "target/downloadedFiles/"]. @18-02-2021 06:37:08.0904 AM
[ReportManager] Attempting to run remotely on: [Linux-64], [GoogleChrome], [http://localhost:4444/wd/hub], Headless Execution. @18-02-2021 06:37:08.0905 AM
[ReportManager] Successfully Opened [GoogleChrome]. @18-02-2021 06:37:09.0526 AM
[ReportManager] Target URL: [https://www.google.com/ncr], and after redirection: [https://www.google.com] @18-02-2021 06:37:09.0562 AM
[ReportManager] Initial URL: [data:,] @18-02-2021 06:37:09.0635 AM
[ReportManager] Browser Action [navigateToURL] successfully performed. With the following test data [https://www.google.com/ncr]. @18-02-2021 06:37:10.0651 A

################################################################################################################################################
Starting Execution:	[4 out of 23] test cases in the current suite
Test Method:		[tests.gui.google.C_Search_PageObjectModel_Traditional.searchForQueryAndAssertFirstResultTextIsCorrect]
################################################################################################################################################
[ReportManager] Element Action [type] successfully performed. With the following test data [SHAFT_Engine]. @18-02-2021 06:37:11.0386 AM
[ReportManager] Element Action [keyPress] successfully performed. With the following test data [ENTER]. @18-02-2021 06:37:12.0832 AM
[ReportManager] Element Action [getText] successfully performed. With the following test data [MohabMohie/SHAFT_ENGINE: SHAFT_ENGINE is a ... - GitHub]. @18-02-2021 06:37:12.0962 AM
[ReportManager] Asserting that the correct first result is displayed... @18-02-2021 06:37:12.0962 AM
[ReportManager] AssertEquals PASSED; Expected [MohabMohie] and Actual [MohabMohie/SHAFT_ENGINE: SHAFT_ENGINE is a ... - GitHub]. Comparison Type [CONTAINS]. Validation Type [POSITIVE]. @18-02-2021 06:37:12.0963 A
[ReportManager] Successfully created attachment [Selenium WebDriver Logs - server] @18-02-2021 06:37:13.0206 AM
[ReportManager] Successfully created attachment [Selenium WebDriver Logs - performance] @18-02-2021 06:37:13.0386 AM
[ReportManager] Successfully created attachment [Selenium WebDriver Logs - driver] @18-02-2021 06:37:13.0706 AM
[ReportManager] Browser Action [closeCurrentWindow] successfully performed. @18-02-2021 06:37:13.0775 AM
[ReportManager] Successfully created attachment [Browser Action Test Data - closeCurrentWindow - Actual Value] @18-02-2021 06:37:13.0779 A
[ReportManager] Successfully loaded the following test data file [src/test/resources/TestDataFiles/Google/SimpleSearch.xlsx]. @18-02-2021 06:37:14.0679 AM
[ReportManager] Successfully created attachment [Test Data - Excel] @18-02-2021 06:37:14.0680 A
[ReportManager] File Action [getAbsolutePath] successfully performed. With the following test data [Relative Folder Path: "target/downloadedFiles/"]. @18-02-2021 06:37:14.0681 AM
[ReportManager] Attempting to run remotely on: [Linux-64], [GoogleChrome], [http://localhost:4444/wd/hub], Headless Execution. @18-02-2021 06:37:14.0682 AM
[ReportManager] Successfully Opened [GoogleChrome]. @18-02-2021 06:37:15.0348 AM
[ReportManager] Target URL: [https://www.google.com/ncr], and after redirection: [https://www.google.com] @18-02-2021 06:37:15.0370 AM
[ReportManager] Initial URL: [data:,] @18-02-2021 06:37:15.0442 AM
[ReportManager] Browser Action [navigateToURL] successfully performed. With the following test data [https://www.google.com/ncr]. @18-02-2021 06:37:16.0427 A

################################################################################################################################################
Starting Execution:	[5 out of 23] test cases in the current suite
Test Method:		[tests.gui.google.F_Search_PageObjectModel_Fluent.navigateToGoogleHomeAndAssertGoogleLogoIsDisplayed]
################################################################################################################################################
[ReportManager] Asserting that the Google logo is displayed... @18-02-2021 06:37:16.0433 AM
[ReportManager] File Action [doesFileExist] successfully performed. With the following test data [File Path: "src/test/resources/DynamicObjectRepository/tests_gui_google_F_Search_PageObjectModel_Fluent_navigateToGoogleHomeAndAssertGoogleLogoIsDisplayed_By_xpath_img_id_hplogo_or_alt_Google.png"]. @18-02-2021 06:37:16.0444 AM
[ReportManager] File Action [getAbsolutePath] successfully performed. With the following test data [Relative Folder Path: "src/test/resources/DynamicObjectRepository/tests_gui_google_F_Search_PageObjectModel_Fluent_navigateToGoogleHomeAndAssertGoogleLogoIsDisplayed_By_xpath_img_id_hplogo_or_alt_Google.png"]. @18-02-2021 06:37:16.0444 AM
[ReportManager] File Action [readFromImageFile] successfully performed. With the following test data [File Path: "/home/runner/work/using_SHAFT_ENGINE/using_SHAFT_ENGINE/src/test/resources/DynamicObjectRepository/tests_gui_google_F_Search_PageObjectModel_Fluent_navigateToGoogleHomeAndAssertGoogleLogoIsDisplayed_By_xpath_img_id_hplogo_or_alt_Google.png"]. @18-02-2021 06:37:16.0444 AM
[ReportManager] AssertElementMatches FAILED; Expected [Element should match the reference screenshot] and Actual [ELEMENT NOT FOUND]. Comparison Type [EXACT_OPENCV]. Validation Type [POSITIVE]. @18-02-2021 06:37:16.0840 AM
[ReportManager] Successfully created attachment [Validation Test Data - Reference Screenshot] @18-02-2021 06:37:16.0841 AM
[ReportManager] Successfully created attachment [Validation Test Data - Actual Screenshot] @18-02-2021 06:37:16.0841 A
[ReportManager] Successfully created attachment [Selenium WebDriver Logs - server] @18-02-2021 06:37:16.0958 AM
[ReportManager] Successfully created attachment [Selenium WebDriver Logs - performance] @18-02-2021 06:37:17.0015 AM
[ReportManager] Successfully created attachment [Selenium WebDriver Logs - driver] @18-02-2021 06:37:17.0122 AM
[ReportManager] Browser Action [closeCurrentWindow] successfully performed. @18-02-2021 06:37:17.0189 AM
[ReportManager] Successfully created attachment [Browser Action Test Data - closeCurrentWindow - Actual Value] @18-02-2021 06:37:17.0190 A
[ReportManager] File Action [getAbsolutePath] successfully performed. With the following test data [Relative Folder Path: "target/downloadedFiles/"]. @18-02-2021 06:37:17.0198 AM
[ReportManager] Attempting to run remotely on: [Linux-64], [GoogleChrome], [http://localhost:4444/wd/hub], Headless Execution. @18-02-2021 06:37:17.0198 AM
[ReportManager] Successfully Opened [GoogleChrome]. @18-02-2021 06:37:17.0475 AM
[ReportManager] Target URL: [https://www.google.com/ncr], and after redirection: [https://www.google.com] @18-02-2021 06:37:17.0496 AM
[ReportManager] Initial URL: [data:,] @18-02-2021 06:37:17.0563 AM
[ReportManager] Browser Action [navigateToURL] successfully performed. With the following test data [https://www.google.com/ncr]. @18-02-2021 06:37:18.0705 A

################################################################################################################################################
Starting Execution:	[6 out of 23] test cases in the current suite
Test Method:		[tests.gui.google.F_Search_PageObjectModel_Fluent.navigateToGoogleHomeAndAssertPageTitle]
################################################################################################################################################
[ReportManager] Asserting that the page title is Google... @18-02-2021 06:37:18.0712 AM
[ReportManager] Browser Action [getCurrentWindowTitle] successfully performed. With the following test data [Google]. @18-02-2021 06:37:18.0748 AM
[ReportManager] AssertBrowserAttribute PASSED; Expected [Value Should be 'Google' for the 'Title' attribute] and Actual [Google]. Comparison Type [EQUALS]. Validation Type [POSITIVE]. @18-02-2021 06:37:18.0749 A
[ReportManager] Successfully created attachment [Selenium WebDriver Logs - server] @18-02-2021 06:37:18.0869 AM
[ReportManager] Successfully created attachment [Selenium WebDriver Logs - performance] @18-02-2021 06:37:18.0936 AM
[ReportManager] Successfully created attachment [Selenium WebDriver Logs - driver] @18-02-2021 06:37:19.0085 AM
[ReportManager] Browser Action [closeCurrentWindow] successfully performed. @18-02-2021 06:37:19.0146 AM
[ReportManager] Successfully created attachment [Browser Action Test Data - closeCurrentWindow - Actual Value] @18-02-2021 06:37:19.0147 A
[ReportManager] File Action [getAbsolutePath] successfully performed. With the following test data [Relative Folder Path: "target/downloadedFiles/"]. @18-02-2021 06:37:19.0150 AM
[ReportManager] Attempting to run remotely on: [Linux-64], [GoogleChrome], [http://localhost:4444/wd/hub], Headless Execution. @18-02-2021 06:37:19.0152 AM
[ReportManager] Successfully Opened [GoogleChrome]. @18-02-2021 06:37:19.0402 AM
[ReportManager] Target URL: [https://www.google.com/ncr], and after redirection: [https://www.google.com] @18-02-2021 06:37:19.0420 AM
[ReportManager] Initial URL: [data:,] @18-02-2021 06:37:19.0487 AM
[ReportManager] Browser Action [navigateToURL] successfully performed. With the following test data [https://www.google.com/ncr]. @18-02-2021 06:37:20.0472 A

################################################################################################################################################
Starting Execution:	[7 out of 23] test cases in the current suite
Test Method:		[tests.gui.google.F_Search_PageObjectModel_Fluent.searchForQueryAndAssertFirstResultTextIsCorrect]
################################################################################################################################################
[ReportManager] Element Action [type] successfully performed. With the following test data [SHAFT_Engine]. @18-02-2021 06:37:21.0217 AM
[ReportManager] Element Action [keyPress] successfully performed. With the following test data [ENTER]. @18-02-2021 06:37:22.0421 AM
[ReportManager] Asserting that the correct first result is displayed... @18-02-2021 06:37:22.0423 AM
[ReportManager] Element Action [getText] successfully performed. With the following test data [MohabMohie/SHAFT_ENGINE: SHAFT_ENGINE is a ... - GitHub]. @18-02-2021 06:37:22.0720 AM
[ReportManager] Loaded Shared OpenCV @18-02-2021 06:37:23.0549 AM
[ReportManager] AssertElementAttribute PASSED; Expected [Value Should be 'MohabMohie' for the 'Text' attribute, element locator 'By.xpath: (//h1[contains(text(),'Search Result')]/following-sibling::div//a/h3)[1]'] and Actual [MohabMohie/SHAFT_ENGINE: SHAFT_ENGINE is a ... - GitHub]. Comparison Type [CONTAINS]. Validation Type [POSITIVE]. @18-02-2021 06:37:23.0742 AM
[ReportManager] Successfully created attachment [Screenshot - 1613630243051_searchForQueryAndAssertFirstResultTextIsCorrect_AssertElementAttribute_passed] @18-02-2021 06:37:23.0749 A
[ReportManager] Successfully created attachment [Selenium WebDriver Logs - server] @18-02-2021 06:37:23.0932 AM
[ReportManager] Successfully created attachment [Selenium WebDriver Logs - performance] @18-02-2021 06:37:24.0129 AM
[ReportManager] Successfully created attachment [Selenium WebDriver Logs - driver] @18-02-2021 06:37:24.0420 AM
[ReportManager] Browser Action [closeCurrentWindow] successfully performed. @18-02-2021 06:37:24.0506 AM
[ReportManager] Successfully created attachment [Browser Action Test Data - closeCurrentWindow - Actual Value] @18-02-2021 06:37:24.0512 A
[ReportManager] Successfully loaded the following test data file [src/test/resources/TestDataFiles/Google/SimpleSearch.xlsx]. @18-02-2021 06:37:24.0555 AM
[ReportManager] Successfully created attachment [Test Data - Excel] @18-02-2021 06:37:24.0556 A
[ReportManager] File Action [getAbsolutePath] successfully performed. With the following test data [Relative Folder Path: "target/downloadedFiles/"]. @18-02-2021 06:37:24.0557 AM
[ReportManager] Attempting to run remotely on: [Linux-64], [GoogleChrome], [http://localhost:4444/wd/hub], Headless Execution. @18-02-2021 06:37:24.0557 AM
[ReportManager] Successfully Opened [GoogleChrome]. @18-02-2021 06:37:24.0847 AM
[ReportManager] Target URL: [https://www.google.com/ncr], and after redirection: [https://www.google.com] @18-02-2021 06:37:24.0875 AM
[ReportManager] Initial URL: [data:,] @18-02-2021 06:37:24.0936 AM
[ReportManager] Browser Action [navigateToURL] successfully performed. With the following test data [https://www.google.com/ncr]. @18-02-2021 06:37:25.0866 A

################################################################################################################################################
Starting Execution:	[8 out of 23] test cases in the current suite
Test Method:		[tests.gui.google.D_Search_PageObjectModel_Traditional_DataDriven.navigateToGoogleHomeAndAssertGoogleLogoIsDisplayed]
################################################################################################################################################
[ReportManager] Element Action [identifyUniqueElement] failed. With the following test data [zero elements found matching this locator "By.xpath: //img[@id='hplogo' or @alt='Google']".]. @18-02-2021 06:37:26.0074 AM
[ReportManager] Successfully created attachment [Screenshot - 1613630246025_navigateToGoogleHomeAndAssertGoogleLogoIsDisplayed_identifyUniqueElement_failed] @18-02-2021 06:37:26.0075 A
[ReportManager] Successfully created attachment [Selenium WebDriver Logs - server] @18-02-2021 06:37:26.0175 AM
[ReportManager] Successfully created attachment [Selenium WebDriver Logs - performance] @18-02-2021 06:37:26.0216 AM
[ReportManager] Successfully created attachment [Selenium WebDriver Logs - driver] @18-02-2021 06:37:26.0303 AM
[ReportManager] Browser Action [closeCurrentWindow] successfully performed. @18-02-2021 06:37:26.0370 AM
[ReportManager] Successfully created attachment [Browser Action Test Data - closeCurrentWindow - Actual Value] @18-02-2021 06:37:26.0371 A
[ReportManager] File Action [getAbsolutePath] successfully performed. With the following test data [Relative Folder Path: "target/downloadedFiles/"]. @18-02-2021 06:37:26.0376 AM
[ReportManager] Attempting to run remotely on: [Linux-64], [GoogleChrome], [http://localhost:4444/wd/hub], Headless Execution. @18-02-2021 06:37:26.0376 AM
[ReportManager] Successfully Opened [GoogleChrome]. @18-02-2021 06:37:26.0644 AM
[ReportManager] Target URL: [https://www.google.com/ncr], and after redirection: [https://www.google.com] @18-02-2021 06:37:26.0678 AM
[ReportManager] Initial URL: [data:,] @18-02-2021 06:37:26.0744 AM
[ReportManager] Browser Action [navigateToURL] successfully performed. With the following test data [https://www.google.com/ncr]. @18-02-2021 06:37:27.0701 A

################################################################################################################################################
Starting Execution:	[9 out of 23] test cases in the current suite
Test Method:		[tests.gui.google.D_Search_PageObjectModel_Traditional_DataDriven.navigateToGoogleHomeAndAssertPageTitle]
################################################################################################################################################
[ReportManager] Browser Action [getCurrentWindowTitle] successfully performed. With the following test data [Google]. @18-02-2021 06:37:27.0765 AM
[ReportManager] Asserting that the page title is Google... @18-02-2021 06:37:27.0765 AM
[ReportManager] AssertEquals PASSED; Expected [Google] and Actual [Google]. Comparison Type [EQUALS]. Validation Type [POSITIVE]. @18-02-2021 06:37:27.0765 A
[ReportManager] Successfully created attachment [Selenium WebDriver Logs - server] @18-02-2021 06:37:27.0887 AM
[ReportManager] Successfully created attachment [Selenium WebDriver Logs - performance] @18-02-2021 06:37:27.0928 AM
[ReportManager] Successfully created attachment [Selenium WebDriver Logs - driver] @18-02-2021 06:37:28.0020 AM
[ReportManager] Browser Action [closeCurrentWindow] successfully performed. @18-02-2021 06:37:28.0081 AM
[ReportManager] Successfully created attachment [Browser Action Test Data - closeCurrentWindow - Actual Value] @18-02-2021 06:37:28.0082 A
[ReportManager] File Action [getAbsolutePath] successfully performed. With the following test data [Relative Folder Path: "target/downloadedFiles/"]. @18-02-2021 06:37:28.0087 AM
[ReportManager] Attempting to run remotely on: [Linux-64], [GoogleChrome], [http://localhost:4444/wd/hub], Headless Execution. @18-02-2021 06:37:28.0088 AM
[ReportManager] Successfully Opened [GoogleChrome]. @18-02-2021 06:37:28.0329 AM
[ReportManager] Target URL: [https://www.google.com/ncr], and after redirection: [https://www.google.com] @18-02-2021 06:37:28.0364 AM
[ReportManager] Initial URL: [data:,] @18-02-2021 06:37:28.0434 AM
[ReportManager] Browser Action [navigateToURL] successfully performed. With the following test data [https://www.google.com/ncr]. @18-02-2021 06:37:29.0338 A

################################################################################################################################################
Starting Execution:	[10 out of 23] test cases in the current suite
Test Method:		[tests.gui.google.D_Search_PageObjectModel_Traditional_DataDriven.searchForQueryAndAssertFirstResultTextIsCorrect]
################################################################################################################################################
[ReportManager] Element Action [type] successfully performed. With the following test data [SHAFT_Engine]. @18-02-2021 06:37:30.0105 AM
[ReportManager] Element Action [keyPress] successfully performed. With the following test data [ENTER]. @18-02-2021 06:37:30.0948 AM
[ReportManager] Element Action [getText] successfully performed. With the following test data [MohabMohie/SHAFT_ENGINE: SHAFT_ENGINE is a ... - GitHub]. @18-02-2021 06:37:31.0314 AM
[ReportManager] Asserting that the correct first result is displayed... @18-02-2021 06:37:31.0315 AM
[ReportManager] AssertEquals PASSED; Expected [MohabMohie] and Actual [MohabMohie/SHAFT_ENGINE: SHAFT_ENGINE is a ... - GitHub]. Comparison Type [CONTAINS]. Validation Type [POSITIVE]. @18-02-2021 06:37:31.0315 A
[ReportManager] Successfully created attachment [Selenium WebDriver Logs - server] @18-02-2021 06:37:31.0574 AM
[ReportManager] Successfully created attachment [Selenium WebDriver Logs - performance] @18-02-2021 06:37:31.0779 AM
[ReportManager] Successfully created attachment [Selenium WebDriver Logs - driver] @18-02-2021 06:37:32.0082 AM
[ReportManager] Browser Action [closeCurrentWindow] successfully performed. @18-02-2021 06:37:32.0146 AM
[ReportManager] Successfully created attachment [Browser Action Test Data - closeCurrentWindow - Actual Value] @18-02-2021 06:37:32.0148 A
[ReportManager] Successfully loaded the following test data file [src/test/resources/TestDataFiles/Google/SimpleSearch.xlsx]. @18-02-2021 06:37:32.0187 AM
[ReportManager] Successfully created attachment [Test Data - Excel] @18-02-2021 06:37:32.0188 A
[ReportManager] File Action [getAbsolutePath] successfully performed. With the following test data [Relative Folder Path: "target/downloadedFiles/"]. @18-02-2021 06:37:32.0189 AM
[ReportManager] Attempting to run remotely on: [Linux-64], [GoogleChrome], [http://localhost:4444/wd/hub], Headless Execution. @18-02-2021 06:37:32.0189 AM
[ReportManager] Successfully Opened [GoogleChrome]. @18-02-2021 06:37:32.0445 AM
[ReportManager] Target URL: [https://www.google.com/ncr], and after redirection: [https://www.google.com] @18-02-2021 06:37:32.0460 AM
[ReportManager] Initial URL: [data:,] @18-02-2021 06:37:32.0507 AM
[ReportManager] Browser Action [navigateToURL] successfully performed. With the following test data [https://www.google.com/ncr]. @18-02-2021 06:37:33.0427 A

################################################################################################################################################
Starting Execution:	[11 out of 23] test cases in the current suite
Test Method:		[tests.gui.google.E_Search_PageObjectModel_Traditional_SHAFTAssertions.navigateToGoogleHomeAndAssertGoogleLogoIsDisplayed]
################################################################################################################################################
[ReportManager] Asserting that the Google logo is displayed... @18-02-2021 06:37:33.0436 AM
[ReportManager] File Action [doesFileExist] successfully performed. With the following test data [File Path: "src/test/resources/DynamicObjectRepository/tests_gui_google_E_Search_PageObjectModel_Traditional_SHAFTAssertions_navigateToGoogleHomeAndAssertGoogleLogoIsDisplayed_By_xpath_img_id_hplogo_or_alt_Google.png"]. @18-02-2021 06:37:33.0438 AM
[ReportManager] File Action [getAbsolutePath] successfully performed. With the following test data [Relative Folder Path: "src/test/resources/DynamicObjectRepository/tests_gui_google_E_Search_PageObjectModel_Traditional_SHAFTAssertions_navigateToGoogleHomeAndAssertGoogleLogoIsDisplayed_By_xpath_img_id_hplogo_or_alt_Google.png"]. @18-02-2021 06:37:33.0439 AM
[ReportManager] File Action [readFromImageFile] successfully performed. With the following test data [File Path: "/home/runner/work/using_SHAFT_ENGINE/using_SHAFT_ENGINE/src/test/resources/DynamicObjectRepository/tests_gui_google_E_Search_PageObjectModel_Traditional_SHAFTAssertions_navigateToGoogleHomeAndAssertGoogleLogoIsDisplayed_By_xpath_img_id_hplogo_or_alt_Google.png"]. @18-02-2021 06:37:33.0439 AM
[ReportManager] AssertElementMatches FAILED; Expected [Element should match the reference screenshot] and Actual [ELEMENT NOT FOUND]. Comparison Type [EXACT_OPENCV]. Validation Type [POSITIVE]. @18-02-2021 06:37:33.0756 AM
[ReportManager] Successfully created attachment [Validation Test Data - Reference Screenshot] @18-02-2021 06:37:33.0756 AM
[ReportManager] Successfully created attachment [Validation Test Data - Actual Screenshot] @18-02-2021 06:37:33.0756 A
[ReportManager] Successfully created attachment [Selenium WebDriver Logs - server] @18-02-2021 06:37:33.0874 AM
[ReportManager] Successfully created attachment [Selenium WebDriver Logs - performance] @18-02-2021 06:37:33.0935 AM
[ReportManager] Successfully created attachment [Selenium WebDriver Logs - driver] @18-02-2021 06:37:34.0034 AM
[ReportManager] Browser Action [closeCurrentWindow] successfully performed. @18-02-2021 06:37:34.0092 AM
[ReportManager] Successfully created attachment [Browser Action Test Data - closeCurrentWindow - Actual Value] @18-02-2021 06:37:34.0093 A
[ReportManager] File Action [getAbsolutePath] successfully performed. With the following test data [Relative Folder Path: "target/downloadedFiles/"]. @18-02-2021 06:37:34.0096 AM
[ReportManager] Attempting to run remotely on: [Linux-64], [GoogleChrome], [http://localhost:4444/wd/hub], Headless Execution. @18-02-2021 06:37:34.0096 AM
[ReportManager] Successfully Opened [GoogleChrome]. @18-02-2021 06:37:34.0333 AM
[ReportManager] Target URL: [https://www.google.com/ncr], and after redirection: [https://www.google.com] @18-02-2021 06:37:34.0347 AM
[ReportManager] Initial URL: [data:,] @18-02-2021 06:37:34.0395 AM
[ReportManager] Browser Action [navigateToURL] successfully performed. With the following test data [https://www.google.com/ncr]. @18-02-2021 06:37:35.0325 A

################################################################################################################################################
Starting Execution:	[12 out of 23] test cases in the current suite
Test Method:		[tests.gui.google.E_Search_PageObjectModel_Traditional_SHAFTAssertions.navigateToGoogleHomeAndAssertPageTitle]
################################################################################################################################################
[ReportManager] Asserting that the page title is Google... @18-02-2021 06:37:35.0331 AM
[ReportManager] Browser Action [getCurrentWindowTitle] successfully performed. With the following test data [Google]. @18-02-2021 06:37:35.0375 AM
[ReportManager] AssertBrowserAttribute PASSED; Expected [Value Should be 'Google' for the 'Title' attribute] and Actual [Google]. Comparison Type [EQUALS]. Validation Type [POSITIVE]. @18-02-2021 06:37:35.0375 A
[ReportManager] Successfully created attachment [Selenium WebDriver Logs - server] @18-02-2021 06:37:35.0458 AM
[ReportManager] Successfully created attachment [Selenium WebDriver Logs - performance] @18-02-2021 06:37:35.0498 AM
[ReportManager] Successfully created attachment [Selenium WebDriver Logs - driver] @18-02-2021 06:37:35.0575 AM
[ReportManager] Browser Action [closeCurrentWindow] successfully performed. @18-02-2021 06:37:35.0638 AM
[ReportManager] Successfully created attachment [Browser Action Test Data - closeCurrentWindow - Actual Value] @18-02-2021 06:37:35.0639 A
[ReportManager] File Action [getAbsolutePath] successfully performed. With the following test data [Relative Folder Path: "target/downloadedFiles/"]. @18-02-2021 06:37:35.0642 AM
[ReportManager] Attempting to run remotely on: [Linux-64], [GoogleChrome], [http://localhost:4444/wd/hub], Headless Execution. @18-02-2021 06:37:35.0642 AM
[ReportManager] Successfully Opened [GoogleChrome]. @18-02-2021 06:37:35.0885 AM
[ReportManager] Target URL: [https://www.google.com/ncr], and after redirection: [https://www.google.com] @18-02-2021 06:37:35.0899 AM
[ReportManager] Initial URL: [data:,] @18-02-2021 06:37:35.0945 AM
[ReportManager] Browser Action [navigateToURL] successfully performed. With the following test data [https://www.google.com/ncr]. @18-02-2021 06:37:36.0885 A

################################################################################################################################################
Starting Execution:	[13 out of 23] test cases in the current suite
Test Method:		[tests.gui.google.E_Search_PageObjectModel_Traditional_SHAFTAssertions.searchForQueryAndAssertFirstResultTextIsCorrect]
################################################################################################################################################
[ReportManager] Element Action [type] successfully performed. With the following test data [SHAFT_Engine]. @18-02-2021 06:37:37.0616 AM
[ReportManager] Element Action [keyPress] successfully performed. With the following test data [ENTER]. @18-02-2021 06:37:38.0765 AM
[ReportManager] Asserting that the correct first result is displayed... @18-02-2021 06:37:38.0766 AM
[ReportManager] Element Action [getText] successfully performed. With the following test data [MohabMohie/SHAFT_ENGINE: SHAFT_ENGINE is a ... - GitHub]. @18-02-2021 06:37:38.0874 AM
[ReportManager] Loaded Shared OpenCV @18-02-2021 06:37:39.0032 AM
[ReportManager] AssertElementAttribute PASSED; Expected [Value Should be 'MohabMohie' for the 'Text' attribute, element locator 'By.xpath: (//h1[contains(text(),'Search Result')]/following-sibling::div//a/h3)[1]'] and Actual [MohabMohie/SHAFT_ENGINE: SHAFT_ENGINE is a ... - GitHub]. Comparison Type [CONTAINS]. Validation Type [POSITIVE]. @18-02-2021 06:37:39.0103 AM
[ReportManager] Successfully created attachment [Screenshot - 1613630259032_searchForQueryAndAssertFirstResultTextIsCorrect_AssertElementAttribute_passed] @18-02-2021 06:37:39.0105 A
[ReportManager] Successfully created attachment [Selenium WebDriver Logs - server] @18-02-2021 06:37:39.0274 AM
[ReportManager] Successfully created attachment [Selenium WebDriver Logs - performance] @18-02-2021 06:37:39.0488 AM
[ReportManager] Successfully created attachment [Selenium WebDriver Logs - driver] @18-02-2021 06:37:39.0772 AM
[ReportManager] Browser Action [closeCurrentWindow] successfully performed. @18-02-2021 06:37:39.0834 AM
[ReportManager] Successfully created attachment [Browser Action Test Data - closeCurrentWindow - Actual Value] @18-02-2021 06:37:39.0836 A



################################################################################################################################################
Starting Execution:	[14 out of 23] test cases in the current suite
Test Method:		[tests.gui.google.A_Search_FlatTest_NativeSeleniumWebDriver.navigateToGoogleHomeAndAssertGoogleLogoIsDisplayed]
###############################################################################################################################################



################################################################################################################################################
Starting Execution:	[15 out of 23] test cases in the current suite
Test Method:		[tests.gui.google.A_Search_FlatTest_NativeSeleniumWebDriver.navigateToGoogleHomeAndAssertPageTitle]
###############################################################################################################################################



################################################################################################################################################
Starting Execution:	[16 out of 23] test cases in the current suite
Test Method:		[tests.gui.google.A_Search_FlatTest_NativeSeleniumWebDriver.searchForQueryAndAssertFirstResultTextIsCorrect]
###############################################################################################################################################

[ReportManager] File Action [getAbsolutePath] successfully performed. With the following test data [Relative Folder Path: "target/downloadedFiles/"]. @18-02-2021 06:37:42.0080 AM
[ReportManager] Attempting to run remotely on: [Linux-64], [GoogleChrome], [http://localhost:4444/wd/hub], Headless Execution. @18-02-2021 06:37:42.0080 AM
[ReportManager] Successfully Opened [GoogleChrome]. @18-02-2021 06:37:42.0362 AM
[ReportManager] Target URL: [https://www.google.com/ncr], and after redirection: [https://www.google.com] @18-02-2021 06:37:42.0380 AM
[ReportManager] Initial URL: [data:,] @18-02-2021 06:37:42.0429 AM
[ReportManager] Browser Action [navigateToURL] successfully performed. With the following test data [https://www.google.com/ncr]. @18-02-2021 06:37:43.0398 A

################################################################################################################################################
Starting Execution:	[17 out of 23] test cases in the current suite
Test Method:		[tests.gui.google.B_Search_FlatTest_SHAFT.navigateToGoogleHomeAndAssertGoogleLogoIsDisplayed]
################################################################################################################################################
[ReportManager] Asserting that the Google logo is displayed... @18-02-2021 06:37:43.0403 AM
[ReportManager] File Action [doesFileExist] successfully performed. With the following test data [File Path: "src/test/resources/DynamicObjectRepository/tests_gui_google_B_Search_FlatTest_SHAFT_navigateToGoogleHomeAndAssertGoogleLogoIsDisplayed_By_xpath_img_id_hplogo_or_alt_Google.png"]. @18-02-2021 06:37:43.0404 AM
[ReportManager] File Action [getAbsolutePath] successfully performed. With the following test data [Relative Folder Path: "src/test/resources/DynamicObjectRepository/tests_gui_google_B_Search_FlatTest_SHAFT_navigateToGoogleHomeAndAssertGoogleLogoIsDisplayed_By_xpath_img_id_hplogo_or_alt_Google.png"]. @18-02-2021 06:37:43.0404 AM
[ReportManager] File Action [readFromImageFile] successfully performed. With the following test data [File Path: "/home/runner/work/using_SHAFT_ENGINE/using_SHAFT_ENGINE/src/test/resources/DynamicObjectRepository/tests_gui_google_B_Search_FlatTest_SHAFT_navigateToGoogleHomeAndAssertGoogleLogoIsDisplayed_By_xpath_img_id_hplogo_or_alt_Google.png"]. @18-02-2021 06:37:43.0404 AM
[ReportManager] AssertElementMatches FAILED; Expected [Element should match the reference screenshot] and Actual [ELEMENT NOT FOUND]. Comparison Type [EXACT_OPENCV]. Validation Type [POSITIVE]. @18-02-2021 06:37:43.0715 AM
[ReportManager] Successfully created attachment [Validation Test Data - Reference Screenshot] @18-02-2021 06:37:43.0716 AM
[ReportManager] Successfully created attachment [Validation Test Data - Actual Screenshot] @18-02-2021 06:37:43.0716 A
[ReportManager] Successfully created attachment [Selenium WebDriver Logs - server] @18-02-2021 06:37:43.0801 AM
[ReportManager] Successfully created attachment [Selenium WebDriver Logs - performance] @18-02-2021 06:37:43.0848 AM
[ReportManager] Successfully created attachment [Selenium WebDriver Logs - driver] @18-02-2021 06:37:43.0937 AM
[ReportManager] Browser Action [closeCurrentWindow] successfully performed. @18-02-2021 06:37:43.0996 AM
[ReportManager] Successfully created attachment [Browser Action Test Data - closeCurrentWindow - Actual Value] @18-02-2021 06:37:44.0001 A
[ReportManager] File Action [getAbsolutePath] successfully performed. With the following test data [Relative Folder Path: "target/downloadedFiles/"]. @18-02-2021 06:37:44.0003 AM
[ReportManager] Attempting to run remotely on: [Linux-64], [GoogleChrome], [http://localhost:4444/wd/hub], Headless Execution. @18-02-2021 06:37:44.0003 AM
[ReportManager] Successfully Opened [GoogleChrome]. @18-02-2021 06:37:44.0238 AM
[ReportManager] Target URL: [https://www.google.com/ncr], and after redirection: [https://www.google.com] @18-02-2021 06:37:44.0251 AM
[ReportManager] Initial URL: [data:,] @18-02-2021 06:37:44.0296 AM
[ReportManager] Browser Action [navigateToURL] successfully performed. With the following test data [https://www.google.com/ncr]. @18-02-2021 06:37:45.0186 A

################################################################################################################################################
Starting Execution:	[18 out of 23] test cases in the current suite
Test Method:		[tests.gui.google.B_Search_FlatTest_SHAFT.navigateToGoogleHomeAndAssertPageTitle]
################################################################################################################################################
[ReportManager] Asserting that the page title is Google... @18-02-2021 06:37:45.0188 AM
[ReportManager] Browser Action [getCurrentWindowTitle] successfully performed. With the following test data [Google]. @18-02-2021 06:37:45.0225 AM
[ReportManager] AssertBrowserAttribute PASSED; Expected [Value Should be 'Google' for the 'Title' attribute] and Actual [Google]. Comparison Type [EQUALS]. Validation Type [POSITIVE]. @18-02-2021 06:37:45.0225 A
[ReportManager] Successfully created attachment [Selenium WebDriver Logs - server] @18-02-2021 06:37:45.0319 AM
[ReportManager] Successfully created attachment [Selenium WebDriver Logs - performance] @18-02-2021 06:37:45.0386 AM
[ReportManager] Successfully created attachment [Selenium WebDriver Logs - driver] @18-02-2021 06:37:45.0465 AM
[ReportManager] Browser Action [closeCurrentWindow] successfully performed. @18-02-2021 06:37:45.0525 AM
[ReportManager] Successfully created attachment [Browser Action Test Data - closeCurrentWindow - Actual Value] @18-02-2021 06:37:45.0526 A
[ReportManager] File Action [getAbsolutePath] successfully performed. With the following test data [Relative Folder Path: "target/downloadedFiles/"]. @18-02-2021 06:37:45.0528 AM
[ReportManager] Attempting to run remotely on: [Linux-64], [GoogleChrome], [http://localhost:4444/wd/hub], Headless Execution. @18-02-2021 06:37:45.0528 AM
[ReportManager] Successfully Opened [GoogleChrome]. @18-02-2021 06:37:45.0777 AM
[ReportManager] Target URL: [https://www.google.com/ncr], and after redirection: [https://www.google.com] @18-02-2021 06:37:45.0788 AM
[ReportManager] Initial URL: [data:,] @18-02-2021 06:37:45.0840 AM
[ReportManager] Browser Action [navigateToURL] successfully performed. With the following test data [https://www.google.com/ncr]. @18-02-2021 06:37:46.0742 A

################################################################################################################################################
Starting Execution:	[19 out of 23] test cases in the current suite
Test Method:		[tests.gui.google.B_Search_FlatTest_SHAFT.searchForQueryAndAssertFirstResultTextIsCorrect]
################################################################################################################################################
[ReportManager] Element Action [type] successfully performed. With the following test data [SHAFT_Engine]. @18-02-2021 06:37:47.0440 AM
[ReportManager] Element Action [keyPress] successfully performed. With the following test data [ENTER]. @18-02-2021 06:37:48.0321 AM
[ReportManager] Asserting that the correct first result is displayed... @18-02-2021 06:37:48.0322 AM
[ReportManager] Element Action [getText] successfully performed. With the following test data [MohabMohie/SHAFT_ENGINE: SHAFT_ENGINE is a ... - GitHub]. @18-02-2021 06:37:48.0625 AM
[ReportManager] Loaded Shared OpenCV @18-02-2021 06:37:48.0932 AM
[ReportManager] AssertElementAttribute PASSED; Expected [Value Should be 'MohabMohie' for the 'Text' attribute, element locator 'By.xpath: (//h1[contains(text(),'Search Result')]/following-sibling::div//a/h3)[1]'] and Actual [MohabMohie/SHAFT_ENGINE: SHAFT_ENGINE is a ... - GitHub]. Comparison Type [CONTAINS]. Validation Type [POSITIVE]. @18-02-2021 06:37:49.0005 AM
[ReportManager] Successfully created attachment [Screenshot - 1613630268932_searchForQueryAndAssertFirstResultTextIsCorrect_AssertElementAttribute_passed] @18-02-2021 06:37:49.0006 A
[ReportManager] Successfully created attachment [Selenium WebDriver Logs - server] @18-02-2021 06:37:49.0195 AM
[ReportManager] Successfully created attachment [Selenium WebDriver Logs - performance] @18-02-2021 06:37:49.0387 AM
[ReportManager] Successfully created attachment [Selenium WebDriver Logs - driver] @18-02-2021 06:37:49.0678 AM
[ReportManager] Browser Action [closeCurrentWindow] successfully performed. @18-02-2021 06:37:49.0738 AM
[ReportManager] Successfully created attachment [Browser Action Test Data - closeCurrentWindow - Actual Value] @18-02-2021 06:37:49.0742 A
[ReportManager] Successfully loaded the following test data file [src/test/resources/TestDataFiles/Google/SimpleSearch.xlsx]. @18-02-2021 06:37:49.0767 AM
[ReportManager] Successfully created attachment [Test Data - Excel] @18-02-2021 06:37:49.0768 A
[ReportManager] File Action [getAbsolutePath] successfully performed. With the following test data [Relative Folder Path: "target/downloadedFiles/"]. @18-02-2021 06:37:49.0769 AM
[ReportManager] Attempting to run remotely on: [Linux-64], [GoogleChrome], [http://localhost:4444/wd/hub], Headless Execution. @18-02-2021 06:37:49.0769 AM
[ReportManager] Successfully Opened [GoogleChrome]. @18-02-2021 06:37:50.0028 AM
[ReportManager] Target URL: [https://www.google.com/ncr], and after redirection: [https://www.google.com] @18-02-2021 06:37:50.0043 AM
[ReportManager] Initial URL: [data:,] @18-02-2021 06:37:50.0089 AM
[ReportManager] Browser Action [navigateToURL] successfully performed. With the following test data [https://www.google.com/ncr]. @18-02-2021 06:37:51.0084 A

################################################################################################################################################
Starting Execution:	[20 out of 23] test cases in the current suite
Test Method:		[tests.gui.google.G_Search_PageObjectModel_ThreadSafe.navigateToGoogleHomeAndAssertGoogleLogoIsDisplayed]
################################################################################################################################################
[ReportManager] Asserting that the Google logo is displayed... @18-02-2021 06:37:51.0087 AM
[ReportManager] File Action [doesFileExist] successfully performed. With the following test data [File Path: "src/test/resources/DynamicObjectRepository/tests_gui_google_G_Search_PageObjectModel_ThreadSafe_navigateToGoogleHomeAndAssertGoogleLogoIsDisplayed_By_xpath_img_id_hplogo_or_alt_Google.png"]. @18-02-2021 06:37:51.0087 AM
[ReportManager] File Action [getAbsolutePath] successfully performed. With the following test data [Relative Folder Path: "src/test/resources/DynamicObjectRepository/tests_gui_google_G_Search_PageObjectModel_ThreadSafe_navigateToGoogleHomeAndAssertGoogleLogoIsDisplayed_By_xpath_img_id_hplogo_or_alt_Google.png"]. @18-02-2021 06:37:51.0087 AM
[ReportManager] File Action [readFromImageFile] successfully performed. With the following test data [File Path: "/home/runner/work/using_SHAFT_ENGINE/using_SHAFT_ENGINE/src/test/resources/DynamicObjectRepository/tests_gui_google_G_Search_PageObjectModel_ThreadSafe_navigateToGoogleHomeAndAssertGoogleLogoIsDisplayed_By_xpath_img_id_hplogo_or_alt_Google.png"]. @18-02-2021 06:37:51.0088 AM
[ReportManager] AssertElementMatches FAILED; Expected [Element should match the reference screenshot] and Actual [ELEMENT NOT FOUND]. Comparison Type [EXACT_OPENCV]. Validation Type [POSITIVE]. @18-02-2021 06:37:51.0398 AM
[ReportManager] Successfully created attachment [Validation Test Data - Reference Screenshot] @18-02-2021 06:37:51.0399 AM
[ReportManager] Successfully created attachment [Validation Test Data - Actual Screenshot] @18-02-2021 06:37:51.0399 A
[ReportManager] Successfully created attachment [Selenium WebDriver Logs - server] @18-02-2021 06:37:51.0498 AM
[ReportManager] Successfully created attachment [Selenium WebDriver Logs - performance] @18-02-2021 06:37:51.0537 AM
[ReportManager] Successfully created attachment [Selenium WebDriver Logs - driver] @18-02-2021 06:37:51.0616 AM
[ReportManager] Browser Action [closeCurrentWindow] successfully performed. @18-02-2021 06:37:51.0673 AM
[ReportManager] Successfully created attachment [Browser Action Test Data - closeCurrentWindow - Actual Value] @18-02-2021 06:37:51.0675 A
[ReportManager] File Action [getAbsolutePath] successfully performed. With the following test data [Relative Folder Path: "target/downloadedFiles/"]. @18-02-2021 06:37:51.0678 AM
[ReportManager] Attempting to run remotely on: [Linux-64], [GoogleChrome], [http://localhost:4444/wd/hub], Headless Execution. @18-02-2021 06:37:51.0678 AM
[ReportManager] Successfully Opened [GoogleChrome]. @18-02-2021 06:37:51.0928 AM
[ReportManager] Target URL: [https://www.google.com/ncr], and after redirection: [https://www.google.com] @18-02-2021 06:37:51.0940 AM
[ReportManager] Initial URL: [data:,] @18-02-2021 06:37:51.0994 AM
[ReportManager] Browser Action [navigateToURL] successfully performed. With the following test data [https://www.google.com/ncr]. @18-02-2021 06:37:52.0941 A

################################################################################################################################################
Starting Execution:	[21 out of 23] test cases in the current suite
Test Method:		[tests.gui.google.G_Search_PageObjectModel_ThreadSafe.navigateToGoogleHomeAndAssertPageTitle]
################################################################################################################################################
[ReportManager] Asserting that the page title is Google... @18-02-2021 06:37:52.0945 AM
[ReportManager] Browser Action [getCurrentWindowTitle] successfully performed. With the following test data [Google]. @18-02-2021 06:37:52.0977 AM
[ReportManager] AssertBrowserAttribute PASSED; Expected [Value Should be 'Google' for the 'Title' attribute] and Actual [Google]. Comparison Type [EQUALS]. Validation Type [POSITIVE]. @18-02-2021 06:37:52.0977 A
[ReportManager] Successfully created attachment [Selenium WebDriver Logs - server] @18-02-2021 06:37:53.0066 AM
[ReportManager] Successfully created attachment [Selenium WebDriver Logs - performance] @18-02-2021 06:37:53.0107 AM
[ReportManager] Successfully created attachment [Selenium WebDriver Logs - driver] @18-02-2021 06:37:53.0185 AM
[ReportManager] Browser Action [closeCurrentWindow] successfully performed. @18-02-2021 06:37:53.0242 AM
[ReportManager] Successfully created attachment [Browser Action Test Data - closeCurrentWindow - Actual Value] @18-02-2021 06:37:53.0243 A
[ReportManager] File Action [getAbsolutePath] successfully performed. With the following test data [Relative Folder Path: "target/downloadedFiles/"]. @18-02-2021 06:37:53.0246 AM
[ReportManager] Attempting to run remotely on: [Linux-64], [GoogleChrome], [http://localhost:4444/wd/hub], Headless Execution. @18-02-2021 06:37:53.0246 AM
[ReportManager] Successfully Opened [GoogleChrome]. @18-02-2021 06:37:53.0473 AM
[ReportManager] Target URL: [https://www.google.com/ncr], and after redirection: [https://www.google.com] @18-02-2021 06:37:53.0491 AM
[ReportManager] Initial URL: [data:,] @18-02-2021 06:37:53.0568 AM
[ReportManager] Browser Action [navigateToURL] successfully performed. With the following test data [https://www.google.com/ncr]. @18-02-2021 06:37:54.0453 A

################################################################################################################################################
Starting Execution:	[22 out of 23] test cases in the current suite
Test Method:		[tests.gui.google.G_Search_PageObjectModel_ThreadSafe.searchForQueryAndAssertFirstResultTextIsCorrect]
################################################################################################################################################
[ReportManager] Element Action [type] successfully performed. With the following test data [SHAFT_Engine]. @18-02-2021 06:37:55.0092 AM
[ReportManager] Element Action [keyPress] successfully performed. With the following test data [ENTER]. @18-02-2021 06:37:56.0360 AM
[ReportManager] Asserting that the correct first result is displayed... @18-02-2021 06:37:56.0360 AM
[ReportManager] Element Action [getText] successfully performed. With the following test data [MohabMohie/SHAFT_ENGINE: SHAFT_ENGINE is a ... - GitHub]. @18-02-2021 06:37:56.0478 AM
[ReportManager] Loaded Shared OpenCV @18-02-2021 06:37:56.0631 AM
[ReportManager] AssertElementAttribute PASSED; Expected [Value Should be 'MohabMohie' for the 'Text' attribute, element locator 'By.xpath: (//h1[contains(text(),'Search Result')]/following-sibling::div//a/h3)[1]'] and Actual [MohabMohie/SHAFT_ENGINE: SHAFT_ENGINE is a ... - GitHub]. Comparison Type [CONTAINS]. Validation Type [POSITIVE]. @18-02-2021 06:37:56.0701 AM
[ReportManager] Successfully created attachment [Screenshot - 1613630276631_searchForQueryAndAssertFirstResultTextIsCorrect_AssertElementAttribute_passed] @18-02-2021 06:37:56.0702 A
[ReportManager] Successfully created attachment [Selenium WebDriver Logs - server] @18-02-2021 06:37:56.0879 AM
[ReportManager] Successfully created attachment [Selenium WebDriver Logs - performance] @18-02-2021 06:37:57.0077 AM
[ReportManager] Successfully created attachment [Selenium WebDriver Logs - driver] @18-02-2021 06:37:57.0308 AM
[ReportManager] Browser Action [closeCurrentWindow] successfully performed. @18-02-2021 06:37:57.0368 AM
[ReportManager] Successfully created attachment [Browser Action Test Data - closeCurrentWindow - Actual Value] @18-02-2021 06:37:57.0371 A

################################################################################################################################################
Starting Execution:	[23 out of 23] test cases in the current suite
Test Method:		[tests.cli.demo.cliTest.sampleTestCase]
################################################################################################################################################
[ReportManager] Attempting to perform the following command locally. Command: [ls] @18-02-2021 06:37:57.0415 AM
[ReportManager] Terminal Action [performTerminalCommands] successfully performed. With the following test data [Host Name: "localHost" | Command: "ls" | Exit Status: "0"]. @18-02-2021 06:37:57.0418 AM
[ReportManager] Successfully created attachment [Terminal Action Actual Result - Command Log] @18-02-2021 06:37:57.0419 AM
[ReportManager] Demoing local terminal actions... @18-02-2021 06:37:57.0419 AM
[ReportManager] AssertEquals PASSED; Expected [pom.xml] and Actual [LICENSE
README.md
allure-results
docker-compose_native.yml
docker-compose_zalenium.yml
extent-reports
pom.xml
src
target]. Comparison Type [CONTAINS]. Validation Type [POSITIVE]. @18-02-2021 06:37:57.0419 A

################################################################################################################################################
Test Closure Activities
################################################################################################################################################
[ReportManager] Successfully created attachment [SHAFT Engine Logs - Execution log] @18-02-2021 06:37:57.0439 AM

################################################################################################################################################
This test run was powered by SHAFT Engine Version: [SHAFT Engine v5.1]
SHAFT Engine is licensed under the MIT License: [https://github.com/MohabMohie/SHAFT_ENGINE/blob/master/LICENSE].
################################################################################################################################################