{
  "uid" : "4b4757e66a1912dae1a509f688f20b0f",
  "children" : [ {
    "name" : "Test defects",
    "children" : [ {
      "name" : "cv::Exception: OpenCV(4.3.0) /mnt/opencv/opencv/opencv-4.3.0/modules/core/src/matrix.cpp:235: error: (-215:Assertion failed) s >= 0 in function 'setSize'\n",
      "children" : [ {
        "name" : "navigateToGoogleHomeAndAssertGoogleLogoIsDisplayed",
        "uid" : "ddb05598946369df",
        "parentUid" : "5c31c5774480c127a9da7476d788c5ec",
        "status" : "broken",
        "time" : {
          "start" : 1613156188094,
          "stop" : 1613156188980,
          "duration" : 886
        },
        "flaky" : false,
        "newFailed" : false,
        "parameters" : [ ]
      }, {
        "name" : "navigateToGoogleHomeAndAssertGoogleLogoIsDisplayed",
        "uid" : "ee8fed67b0c78ed8",
        "parentUid" : "5c31c5774480c127a9da7476d788c5ec",
        "status" : "broken",
        "time" : {
          "start" : 1613156206098,
          "stop" : 1613156206350,
          "duration" : 252
        },
        "flaky" : false,
        "newFailed" : false,
        "parameters" : [ ]
      }, {
        "name" : "navigateToGoogleHomeAndAssertGoogleLogoIsDisplayed",
        "uid" : "be9faa9a280b569e",
        "parentUid" : "5c31c5774480c127a9da7476d788c5ec",
        "status" : "broken",
        "time" : {
          "start" : 1613156217644,
          "stop" : 1613156217932,
          "duration" : 288
        },
        "flaky" : false,
        "newFailed" : false,
        "parameters" : [ ]
      }, {
        "name" : "navigateToGoogleHomeAndAssertGoogleLogoIsDisplayed",
        "uid" : "4f78194e52c906a8",
        "parentUid" : "5c31c5774480c127a9da7476d788c5ec",
        "status" : "broken",
        "time" : {
          "start" : 1613156227232,
          "stop" : 1613156227462,
          "duration" : 230
        },
        "flaky" : false,
        "newFailed" : false,
        "parameters" : [ ]
      } ],
      "uid" : "5c31c5774480c127a9da7476d788c5ec"
    }, {
      "name" : "unknown error: Chrome failed to start: exited abnormally.\n  (unknown error: DevToolsActivePort file doesn't exist)\n  (The process started from chrome location /usr/bin/google-chrome is no longer running, so ChromeDriver is assuming that Chrome has crashed.)\nBuild info: version: '3.141.59', revision: 'e82be7d358', time: '2018-11-14T08:17:03'\nSystem info: host: 'fv-az50-337', ip: '10.1.0.4', os.name: 'Linux', os.arch: 'amd64', os.version: '5.4.0-1039-azure', java.version: '15.0.2'\nDriver info: driver.version: A_Search_FlatTest_NativeSeleniumWebDriver\nremote stacktrace: #0 0x55f09d64f199 <unknown>\n",
      "children" : [ {
        "name" : "beforeMethod",
        "uid" : "2ba4800ac827f449",
        "parentUid" : "46638116b1afa2c63cd7c5c335b07d13",
        "status" : "broken",
        "time" : {
          "start" : 1613156216163,
          "stop" : 1613156216164,
          "duration" : 1
        },
        "flaky" : false,
        "newFailed" : false,
        "parameters" : [ ]
      } ],
      "uid" : "46638116b1afa2c63cd7c5c335b07d13"
    } ],
    "uid" : "bdbf199525818fae7a8651db9eafe741"
  } ],
  "name" : "categories"
}