################################################################################################################################################
Detected SHAFT Engine Version: [SHAFT Engine v5.1]
################################################################################################################################################

################################################################################################################################################
Starting Execution:	[1 out of 23] test cases in the current suite
Test Method:		[tests.api.users.UserData.validateUserEmail]
################################################################################################################################################
[ReportManager] Response status code: [200], status line: [HTTP/1.1 200 OK] @19-02-2021 01:11:27.0030 AM
[ReportManager] Evaluating the actual response status code against the expected one...... @19-02-2021 01:11:27.0035 AM
[ReportManager] AssertEquals PASSED; Expected [200] and Actual [200]. Comparison Type [EQUALS]. Validation Type [POSITIVE]. @19-02-2021 01:11:27.0039 AM
[ReportManager] API Action [performRequest] successfully performed. With the following test data [Request Type: "GET" | Target Status Code: "200" | Service URL: "https://jsonplaceholder.typicode.com/users" | Content Type: "*/*" | Response Time: "1102ms"]. @19-02-2021 01:11:27.0998 AM
[ReportManager] Successfully created attachment [API Response - JSON Body] @19-02-2021 01:11:28.0238 AM
[ReportManager] AssertEquals PASSED; Expected and Actual values are attached. Comparison Type [CONTAINS]. Validation Type [POSITIVE]. @19-02-2021 01:11:28.0241 AM
[ReportManager] Successfully created attachment [Validation Test Data - Expected Value] @19-02-2021 01:11:28.0242 AM
[ReportManager] Successfully created attachment [Validation Test Data - Actual Value] @19-02-2021 01:11:28.0244 AM
[ReportManager] API Action [getResponseJSONValueAsList] successfully performed. With the following test data [$]. @19-02-2021 01:11:28.0270 AM
[ReportManager] API Action [getResponseJSONValue] successfully performed. With the following test data [name]. @19-02-2021 01:11:28.0300 AM
[ReportManager] API Action [getResponseJSONValue] successfully performed. With the following test data [email]. @19-02-2021 01:11:28.0320 AM
[ReportManager] AssertEquals PASSED; Expected [Sincere@april.biz] and Actual [Sincere@april.biz]. Comparison Type [EQUALS]. Validation Type [POSITIVE]. @19-02-2021 01:11:28.0321 AM
[ReportManager] API Action [getResponseJSONValue] successfully performed. With the following test data [name]. @19-02-2021 01:11:28.0341 AM
[ReportManager] API Action [getResponseJSONValue] successfully performed. With the following test data [name]. @19-02-2021 01:11:28.0357 AM
[ReportManager] API Action [getResponseJSONValue] successfully performed. With the following test data [name]. @19-02-2021 01:11:28.0373 AM
[ReportManager] API Action [getResponseJSONValue] successfully performed. With the following test data [name]. @19-02-2021 01:11:28.0389 AM
[ReportManager] API Action [getResponseJSONValue] successfully performed. With the following test data [name]. @19-02-2021 01:11:28.0407 AM
[ReportManager] API Action [getResponseJSONValue] successfully performed. With the following test data [name]. @19-02-2021 01:11:28.0421 AM
[ReportManager] API Action [getResponseJSONValue] successfully performed. With the following test data [name]. @19-02-2021 01:11:28.0435 AM
[ReportManager] API Action [getResponseJSONValue] successfully performed. With the following test data [name]. @19-02-2021 01:11:28.0457 AM
[ReportManager] API Action [getResponseJSONValue] successfully performed. With the following test data [name]. @19-02-2021 01:11:28.0478 A
[ReportManager] File Action [getAbsolutePath] successfully performed. With the following test data [Relative Folder Path: "target/downloadedFiles/"]. @19-02-2021 01:11:28.0584 AM
[ReportManager] Attempting to run remotely on: [Linux-64], [GoogleChrome], [http://localhost:4444/wd/hub], Headless Execution. @19-02-2021 01:11:28.0618 AM
[ReportManager] Successfully Opened [GoogleChrome]. @19-02-2021 01:11:30.0114 AM
[ReportManager] Target URL: [https://www.google.com/ncr], and after redirection: [https://www.google.com] @19-02-2021 01:11:30.0187 AM
[ReportManager] Initial URL: [data:,] @19-02-2021 01:11:30.0307 AM
[ReportManager] Browser Action [navigateToURL] successfully performed. With the following test data [https://www.google.com/ncr]. @19-02-2021 01:11:31.0738 A

################################################################################################################################################
Starting Execution:	[2 out of 23] test cases in the current suite
Test Method:		[tests.gui.google.C_Search_PageObjectModel_Traditional.navigateToGoogleHomeAndAssertGoogleLogoIsDisplayed]
################################################################################################################################################
[ReportManager] Element Action [identifyUniqueElement] failed. With the following test data [zero elements found matching this locator "By.xpath: //img[@id='hplogo' or @alt='Google']".]. @19-02-2021 01:11:32.0189 AM
[ReportManager] Successfully created attachment [Screenshot - 1613697091922_navigateToGoogleHomeAndAssertGoogleLogoIsDisplayed_identifyUniqueElement_failed] @19-02-2021 01:11:32.0199 A
[ReportManager] Successfully created attachment [Selenium WebDriver Logs - server] @19-02-2021 01:11:32.0342 AM
[ReportManager] Successfully created attachment [Selenium WebDriver Logs - performance] @19-02-2021 01:11:32.0453 AM
[ReportManager] Successfully created attachment [Selenium WebDriver Logs - driver] @19-02-2021 01:11:32.0647 AM
[ReportManager] Browser Action [closeCurrentWindow] successfully performed. @19-02-2021 01:11:32.0710 AM
[ReportManager] Successfully created attachment [Browser Action Test Data - closeCurrentWindow - Actual Value] @19-02-2021 01:11:32.0725 A
[ReportManager] File Action [getAbsolutePath] successfully performed. With the following test data [Relative Folder Path: "target/downloadedFiles/"]. @19-02-2021 01:11:32.0738 AM
[ReportManager] Attempting to run remotely on: [Linux-64], [GoogleChrome], [http://localhost:4444/wd/hub], Headless Execution. @19-02-2021 01:11:32.0738 AM
[ReportManager] Successfully Opened [GoogleChrome]. @19-02-2021 01:11:33.0429 AM
[ReportManager] Target URL: [https://www.google.com/ncr], and after redirection: [https://www.google.com] @19-02-2021 01:11:33.0473 AM
[ReportManager] Initial URL: [data:,] @19-02-2021 01:11:33.0555 AM
[ReportManager] Browser Action [navigateToURL] successfully performed. With the following test data [https://www.google.com/ncr]. @19-02-2021 01:11:34.0625 A

################################################################################################################################################
Starting Execution:	[3 out of 23] test cases in the current suite
Test Method:		[tests.gui.google.C_Search_PageObjectModel_Traditional.navigateToGoogleHomeAndAssertPageTitle]
################################################################################################################################################
[ReportManager] Browser Action [getCurrentWindowTitle] successfully performed. With the following test data [Google]. @19-02-2021 01:11:34.0681 AM
[ReportManager] Asserting that the page title is Google... @19-02-2021 01:11:34.0681 AM
[ReportManager] AssertEquals PASSED; Expected [Google] and Actual [Google]. Comparison Type [EQUALS]. Validation Type [POSITIVE]. @19-02-2021 01:11:34.0682 A
[ReportManager] Successfully created attachment [Selenium WebDriver Logs - server] @19-02-2021 01:11:34.0784 AM
[ReportManager] Successfully created attachment [Selenium WebDriver Logs - performance] @19-02-2021 01:11:34.0831 AM
[ReportManager] Successfully created attachment [Selenium WebDriver Logs - driver] @19-02-2021 01:11:34.0924 AM
[ReportManager] Browser Action [closeCurrentWindow] successfully performed. @19-02-2021 01:11:34.0986 AM
[ReportManager] Successfully created attachment [Browser Action Test Data - closeCurrentWindow - Actual Value] @19-02-2021 01:11:34.0988 A
[ReportManager] File Action [getAbsolutePath] successfully performed. With the following test data [Relative Folder Path: "target/downloadedFiles/"]. @19-02-2021 01:11:35.0006 AM
[ReportManager] Attempting to run remotely on: [Linux-64], [GoogleChrome], [http://localhost:4444/wd/hub], Headless Execution. @19-02-2021 01:11:35.0006 AM
[ReportManager] Successfully Opened [GoogleChrome]. @19-02-2021 01:11:35.0669 AM
[ReportManager] Target URL: [https://www.google.com/ncr], and after redirection: [https://www.google.com] @19-02-2021 01:11:35.0697 AM
[ReportManager] Initial URL: [data:,] @19-02-2021 01:11:35.0761 AM
[ReportManager] Browser Action [navigateToURL] successfully performed. With the following test data [https://www.google.com/ncr]. @19-02-2021 01:11:36.0734 A

################################################################################################################################################
Starting Execution:	[4 out of 23] test cases in the current suite
Test Method:		[tests.gui.google.C_Search_PageObjectModel_Traditional.searchForQueryAndAssertFirstResultTextIsCorrect]
################################################################################################################################################
[ReportManager] Element Action [type] successfully performed. With the following test data [SHAFT_Engine]. @19-02-2021 01:11:37.0507 AM
[ReportManager] Element Action [keyPress] successfully performed. With the following test data [ENTER]. @19-02-2021 01:11:38.0849 AM
[ReportManager] Element Action [getText] successfully performed. With the following test data [MohabMohie/SHAFT_ENGINE: SHAFT_ENGINE is a ... - GitHub]. @19-02-2021 01:11:39.0018 AM
[ReportManager] Asserting that the correct first result is displayed... @19-02-2021 01:11:39.0018 AM
[ReportManager] AssertEquals PASSED; Expected [MohabMohie] and Actual [MohabMohie/SHAFT_ENGINE: SHAFT_ENGINE is a ... - GitHub]. Comparison Type [CONTAINS]. Validation Type [POSITIVE]. @19-02-2021 01:11:39.0019 A
[ReportManager] Successfully created attachment [Selenium WebDriver Logs - server] @19-02-2021 01:11:39.0240 AM
[ReportManager] Successfully created attachment [Selenium WebDriver Logs - performance] @19-02-2021 01:11:39.0457 AM
[ReportManager] Successfully created attachment [Selenium WebDriver Logs - driver] @19-02-2021 01:11:39.0797 AM
[ReportManager] Browser Action [closeCurrentWindow] successfully performed. @19-02-2021 01:11:39.0863 AM
[ReportManager] Successfully created attachment [Browser Action Test Data - closeCurrentWindow - Actual Value] @19-02-2021 01:11:39.0871 A
[ReportManager] Successfully loaded the following test data file [src/test/resources/TestDataFiles/Google/SimpleSearch.xlsx]. @19-02-2021 01:11:40.0614 AM
[ReportManager] Successfully created attachment [Test Data - Excel] @19-02-2021 01:11:40.0615 A
[ReportManager] File Action [getAbsolutePath] successfully performed. With the following test data [Relative Folder Path: "target/downloadedFiles/"]. @19-02-2021 01:11:40.0616 AM
[ReportManager] Attempting to run remotely on: [Linux-64], [GoogleChrome], [http://localhost:4444/wd/hub], Headless Execution. @19-02-2021 01:11:40.0616 AM
[ReportManager] Successfully Opened [GoogleChrome]. @19-02-2021 01:11:41.0347 AM
[ReportManager] Target URL: [https://www.google.com/ncr], and after redirection: [https://www.google.com] @19-02-2021 01:11:41.0378 AM
[ReportManager] Initial URL: [data:,] @19-02-2021 01:11:41.0456 AM
[ReportManager] Browser Action [navigateToURL] successfully performed. With the following test data [https://www.google.com/ncr]. @19-02-2021 01:11:42.0468 A

################################################################################################################################################
Starting Execution:	[5 out of 23] test cases in the current suite
Test Method:		[tests.gui.google.F_Search_PageObjectModel_Fluent.navigateToGoogleHomeAndAssertGoogleLogoIsDisplayed]
################################################################################################################################################
[ReportManager] Asserting that the Google logo is displayed... @19-02-2021 01:11:42.0515 AM
[ReportManager] File Action [doesFileExist] successfully performed. With the following test data [File Path: "src/test/resources/DynamicObjectRepository/tests_gui_google_F_Search_PageObjectModel_Fluent_navigateToGoogleHomeAndAssertGoogleLogoIsDisplayed_By_xpath_img_id_hplogo_or_alt_Google.png"]. @19-02-2021 01:11:42.0524 AM
[ReportManager] File Action [getAbsolutePath] successfully performed. With the following test data [Relative Folder Path: "src/test/resources/DynamicObjectRepository/tests_gui_google_F_Search_PageObjectModel_Fluent_navigateToGoogleHomeAndAssertGoogleLogoIsDisplayed_By_xpath_img_id_hplogo_or_alt_Google.png"]. @19-02-2021 01:11:42.0524 AM
[ReportManager] File Action [readFromImageFile] successfully performed. With the following test data [File Path: "/home/runner/work/using_SHAFT_ENGINE/using_SHAFT_ENGINE/src/test/resources/DynamicObjectRepository/tests_gui_google_F_Search_PageObjectModel_Fluent_navigateToGoogleHomeAndAssertGoogleLogoIsDisplayed_By_xpath_img_id_hplogo_or_alt_Google.png"]. @19-02-2021 01:11:42.0524 AM
[ReportManager] AssertElementMatches FAILED; Expected [Element should match the reference screenshot] and Actual [ELEMENT NOT FOUND]. Comparison Type [EXACT_OPENCV]. Validation Type [POSITIVE]. @19-02-2021 01:11:42.0897 AM
[ReportManager] Successfully created attachment [Validation Test Data - Reference Screenshot] @19-02-2021 01:11:42.0898 AM
[ReportManager] Successfully created attachment [Validation Test Data - Actual Screenshot] @19-02-2021 01:11:42.0898 A
[ReportManager] Successfully created attachment [Selenium WebDriver Logs - server] @19-02-2021 01:11:43.0024 AM
[ReportManager] Successfully created attachment [Selenium WebDriver Logs - performance] @19-02-2021 01:11:43.0067 AM
[ReportManager] Successfully created attachment [Selenium WebDriver Logs - driver] @19-02-2021 01:11:43.0199 AM
[ReportManager] Browser Action [closeCurrentWindow] successfully performed. @19-02-2021 01:11:43.0261 AM
[ReportManager] Successfully created attachment [Browser Action Test Data - closeCurrentWindow - Actual Value] @19-02-2021 01:11:43.0262 A
[ReportManager] File Action [getAbsolutePath] successfully performed. With the following test data [Relative Folder Path: "target/downloadedFiles/"]. @19-02-2021 01:11:43.0265 AM
[ReportManager] Attempting to run remotely on: [Linux-64], [GoogleChrome], [http://localhost:4444/wd/hub], Headless Execution. @19-02-2021 01:11:43.0266 AM
[ReportManager] Successfully Opened [GoogleChrome]. @19-02-2021 01:11:43.0526 AM
[ReportManager] Target URL: [https://www.google.com/ncr], and after redirection: [https://www.google.com] @19-02-2021 01:11:43.0547 AM
[ReportManager] Initial URL: [data:,] @19-02-2021 01:11:43.0615 AM
[ReportManager] Browser Action [navigateToURL] successfully performed. With the following test data [https://www.google.com/ncr]. @19-02-2021 01:11:44.0573 A

################################################################################################################################################
Starting Execution:	[6 out of 23] test cases in the current suite
Test Method:		[tests.gui.google.F_Search_PageObjectModel_Fluent.navigateToGoogleHomeAndAssertPageTitle]
################################################################################################################################################
[ReportManager] Asserting that the page title is Google... @19-02-2021 01:11:44.0584 AM
[ReportManager] Browser Action [getCurrentWindowTitle] successfully performed. With the following test data [Google]. @19-02-2021 01:11:44.0623 AM
[ReportManager] AssertBrowserAttribute PASSED; Expected [Value Should be 'Google' for the 'Title' attribute] and Actual [Google]. Comparison Type [EQUALS]. Validation Type [POSITIVE]. @19-02-2021 01:11:44.0624 A
[ReportManager] Successfully created attachment [Selenium WebDriver Logs - server] @19-02-2021 01:11:44.0725 AM
[ReportManager] Successfully created attachment [Selenium WebDriver Logs - performance] @19-02-2021 01:11:44.0767 AM
[ReportManager] Successfully created attachment [Selenium WebDriver Logs - driver] @19-02-2021 01:11:44.0852 AM
[ReportManager] Browser Action [closeCurrentWindow] successfully performed. @19-02-2021 01:11:44.0912 AM
[ReportManager] Successfully created attachment [Browser Action Test Data - closeCurrentWindow - Actual Value] @19-02-2021 01:11:44.0913 A
[ReportManager] File Action [getAbsolutePath] successfully performed. With the following test data [Relative Folder Path: "target/downloadedFiles/"]. @19-02-2021 01:11:44.0916 AM
[ReportManager] Attempting to run remotely on: [Linux-64], [GoogleChrome], [http://localhost:4444/wd/hub], Headless Execution. @19-02-2021 01:11:44.0917 AM
[ReportManager] Successfully Opened [GoogleChrome]. @19-02-2021 01:11:45.0180 AM
[ReportManager] Target URL: [https://www.google.com/ncr], and after redirection: [https://www.google.com] @19-02-2021 01:11:45.0235 AM
[ReportManager] Initial URL: [data:,] @19-02-2021 01:11:45.0291 AM
[ReportManager] Browser Action [navigateToURL] successfully performed. With the following test data [https://www.google.com/ncr]. @19-02-2021 01:11:46.0276 A

################################################################################################################################################
Starting Execution:	[7 out of 23] test cases in the current suite
Test Method:		[tests.gui.google.F_Search_PageObjectModel_Fluent.searchForQueryAndAssertFirstResultTextIsCorrect]
################################################################################################################################################
[ReportManager] Element Action [type] successfully performed. With the following test data [SHAFT_Engine]. @19-02-2021 01:11:46.0987 AM
[ReportManager] Element Action [keyPress] successfully performed. With the following test data [ENTER]. @19-02-2021 01:11:48.0145 AM
[ReportManager] Asserting that the correct first result is displayed... @19-02-2021 01:11:48.0147 AM
[ReportManager] Element Action [getText] successfully performed. With the following test data [MohabMohie/SHAFT_ENGINE: SHAFT_ENGINE is a ... - GitHub]. @19-02-2021 01:11:48.0283 AM
[ReportManager] Loaded Shared OpenCV @19-02-2021 01:11:48.0894 AM
[ReportManager] AssertElementAttribute PASSED; Expected [Value Should be 'MohabMohie' for the 'Text' attribute, element locator 'By.xpath: (//h1[contains(text(),'Search Result')]/following-sibling::div//a/h3)[1]'] and Actual [MohabMohie/SHAFT_ENGINE: SHAFT_ENGINE is a ... - GitHub]. Comparison Type [CONTAINS]. Validation Type [POSITIVE]. @19-02-2021 01:11:48.0997 AM
[ReportManager] Successfully created attachment [Screenshot - 1613697108458_searchForQueryAndAssertFirstResultTextIsCorrect_AssertElementAttribute_passed] @19-02-2021 01:11:49.0004 A
[ReportManager] Successfully created attachment [Selenium WebDriver Logs - server] @19-02-2021 01:11:49.0199 AM
[ReportManager] Successfully created attachment [Selenium WebDriver Logs - performance] @19-02-2021 01:11:49.0421 AM
[ReportManager] Successfully created attachment [Selenium WebDriver Logs - driver] @19-02-2021 01:11:49.0698 AM
[ReportManager] Browser Action [closeCurrentWindow] successfully performed. @19-02-2021 01:11:49.0758 AM
[ReportManager] Successfully created attachment [Browser Action Test Data - closeCurrentWindow - Actual Value] @19-02-2021 01:11:49.0760 A
[ReportManager] Successfully loaded the following test data file [src/test/resources/TestDataFiles/Google/SimpleSearch.xlsx]. @19-02-2021 01:11:49.0806 AM
[ReportManager] Successfully created attachment [Test Data - Excel] @19-02-2021 01:11:49.0806 A
[ReportManager] File Action [getAbsolutePath] successfully performed. With the following test data [Relative Folder Path: "target/downloadedFiles/"]. @19-02-2021 01:11:49.0807 AM
[ReportManager] Attempting to run remotely on: [Linux-64], [GoogleChrome], [http://localhost:4444/wd/hub], Headless Execution. @19-02-2021 01:11:49.0808 AM
[ReportManager] Successfully Opened [GoogleChrome]. @19-02-2021 01:11:50.0039 AM
[ReportManager] Target URL: [https://www.google.com/ncr], and after redirection: [https://www.google.com] @19-02-2021 01:11:50.0063 AM
[ReportManager] Initial URL: [data:,] @19-02-2021 01:11:50.0125 AM
[ReportManager] Browser Action [navigateToURL] successfully performed. With the following test data [https://www.google.com/ncr]. @19-02-2021 01:11:51.0100 A

################################################################################################################################################
Starting Execution:	[8 out of 23] test cases in the current suite
Test Method:		[tests.gui.google.D_Search_PageObjectModel_Traditional_DataDriven.navigateToGoogleHomeAndAssertGoogleLogoIsDisplayed]
################################################################################################################################################
[ReportManager] Element Action [identifyUniqueElement] failed. With the following test data [zero elements found matching this locator "By.xpath: //img[@id='hplogo' or @alt='Google']".]. @19-02-2021 01:11:51.0309 AM
[ReportManager] Successfully created attachment [Screenshot - 1613697111257_navigateToGoogleHomeAndAssertGoogleLogoIsDisplayed_identifyUniqueElement_failed] @19-02-2021 01:11:51.0310 A
[ReportManager] Successfully created attachment [Selenium WebDriver Logs - server] @19-02-2021 01:11:51.0410 AM
[ReportManager] Successfully created attachment [Selenium WebDriver Logs - performance] @19-02-2021 01:11:51.0451 AM
[ReportManager] Successfully created attachment [Selenium WebDriver Logs - driver] @19-02-2021 01:11:51.0528 AM
[ReportManager] Browser Action [closeCurrentWindow] successfully performed. @19-02-2021 01:11:51.0595 AM
[ReportManager] Successfully created attachment [Browser Action Test Data - closeCurrentWindow - Actual Value] @19-02-2021 01:11:51.0596 A
[ReportManager] File Action [getAbsolutePath] successfully performed. With the following test data [Relative Folder Path: "target/downloadedFiles/"]. @19-02-2021 01:11:51.0599 AM
[ReportManager] Attempting to run remotely on: [Linux-64], [GoogleChrome], [http://localhost:4444/wd/hub], Headless Execution. @19-02-2021 01:11:51.0600 AM
[ReportManager] Successfully Opened [GoogleChrome]. @19-02-2021 01:11:51.0845 AM
[ReportManager] Target URL: [https://www.google.com/ncr], and after redirection: [https://www.google.com] @19-02-2021 01:11:51.0870 AM
[ReportManager] Initial URL: [data:,] @19-02-2021 01:11:51.0927 AM
[ReportManager] Browser Action [navigateToURL] successfully performed. With the following test data [https://www.google.com/ncr]. @19-02-2021 01:11:52.0884 A

################################################################################################################################################
Starting Execution:	[9 out of 23] test cases in the current suite
Test Method:		[tests.gui.google.D_Search_PageObjectModel_Traditional_DataDriven.navigateToGoogleHomeAndAssertPageTitle]
################################################################################################################################################
[ReportManager] Browser Action [getCurrentWindowTitle] successfully performed. With the following test data [Google]. @19-02-2021 01:11:52.0955 AM
[ReportManager] Asserting that the page title is Google... @19-02-2021 01:11:52.0956 AM
[ReportManager] AssertEquals PASSED; Expected [Google] and Actual [Google]. Comparison Type [EQUALS]. Validation Type [POSITIVE]. @19-02-2021 01:11:52.0956 A
[ReportManager] Successfully created attachment [Selenium WebDriver Logs - server] @19-02-2021 01:11:53.0043 AM
[ReportManager] Successfully created attachment [Selenium WebDriver Logs - performance] @19-02-2021 01:11:53.0085 AM
[ReportManager] Successfully created attachment [Selenium WebDriver Logs - driver] @19-02-2021 01:11:53.0160 AM
[ReportManager] Browser Action [closeCurrentWindow] successfully performed. @19-02-2021 01:11:53.0230 AM
[ReportManager] Successfully created attachment [Browser Action Test Data - closeCurrentWindow - Actual Value] @19-02-2021 01:11:53.0231 A
[ReportManager] File Action [getAbsolutePath] successfully performed. With the following test data [Relative Folder Path: "target/downloadedFiles/"]. @19-02-2021 01:11:53.0238 AM
[ReportManager] Attempting to run remotely on: [Linux-64], [GoogleChrome], [http://localhost:4444/wd/hub], Headless Execution. @19-02-2021 01:11:53.0239 AM
[ReportManager] Successfully Opened [GoogleChrome]. @19-02-2021 01:11:53.0475 AM
[ReportManager] Target URL: [https://www.google.com/ncr], and after redirection: [https://www.google.com] @19-02-2021 01:11:53.0491 AM
[ReportManager] Initial URL: [data:,] @19-02-2021 01:11:53.0552 AM
[ReportManager] Browser Action [navigateToURL] successfully performed. With the following test data [https://www.google.com/ncr]. @19-02-2021 01:11:54.0494 A

################################################################################################################################################
Starting Execution:	[10 out of 23] test cases in the current suite
Test Method:		[tests.gui.google.D_Search_PageObjectModel_Traditional_DataDriven.searchForQueryAndAssertFirstResultTextIsCorrect]
################################################################################################################################################
[ReportManager] Element Action [type] successfully performed. With the following test data [SHAFT_Engine]. @19-02-2021 01:11:55.0207 AM
[ReportManager] Element Action [keyPress] successfully performed. With the following test data [ENTER]. @19-02-2021 01:11:56.0273 AM
[ReportManager] Element Action [getText] successfully performed. With the following test data [MohabMohie/SHAFT_ENGINE: SHAFT_ENGINE is a ... - GitHub]. @19-02-2021 01:11:56.0380 AM
[ReportManager] Asserting that the correct first result is displayed... @19-02-2021 01:11:56.0380 AM
[ReportManager] AssertEquals PASSED; Expected [MohabMohie] and Actual [MohabMohie/SHAFT_ENGINE: SHAFT_ENGINE is a ... - GitHub]. Comparison Type [CONTAINS]. Validation Type [POSITIVE]. @19-02-2021 01:11:56.0380 A
[ReportManager] Successfully created attachment [Selenium WebDriver Logs - server] @19-02-2021 01:11:56.0551 AM
[ReportManager] Successfully created attachment [Selenium WebDriver Logs - performance] @19-02-2021 01:11:56.0706 AM
[ReportManager] Successfully created attachment [Selenium WebDriver Logs - driver] @19-02-2021 01:11:56.0931 AM
[ReportManager] Browser Action [closeCurrentWindow] successfully performed. @19-02-2021 01:11:56.0998 AM
[ReportManager] Successfully created attachment [Browser Action Test Data - closeCurrentWindow - Actual Value] @19-02-2021 01:11:57.0000 A
[ReportManager] Successfully loaded the following test data file [src/test/resources/TestDataFiles/Google/SimpleSearch.xlsx]. @19-02-2021 01:11:57.0046 AM
[ReportManager] Successfully created attachment [Test Data - Excel] @19-02-2021 01:11:57.0047 A
[ReportManager] File Action [getAbsolutePath] successfully performed. With the following test data [Relative Folder Path: "target/downloadedFiles/"]. @19-02-2021 01:11:57.0048 AM
[ReportManager] Attempting to run remotely on: [Linux-64], [GoogleChrome], [http://localhost:4444/wd/hub], Headless Execution. @19-02-2021 01:11:57.0048 AM
[ReportManager] Successfully Opened [GoogleChrome]. @19-02-2021 01:11:57.0299 AM
[ReportManager] Target URL: [https://www.google.com/ncr], and after redirection: [https://www.google.com] @19-02-2021 01:11:57.0315 AM
[ReportManager] Initial URL: [data:,] @19-02-2021 01:11:57.0370 AM
[ReportManager] Browser Action [navigateToURL] successfully performed. With the following test data [https://www.google.com/ncr]. @19-02-2021 01:11:58.0283 A

################################################################################################################################################
Starting Execution:	[11 out of 23] test cases in the current suite
Test Method:		[tests.gui.google.E_Search_PageObjectModel_Traditional_SHAFTAssertions.navigateToGoogleHomeAndAssertGoogleLogoIsDisplayed]
################################################################################################################################################
[ReportManager] Asserting that the Google logo is displayed... @19-02-2021 01:11:58.0325 AM
[ReportManager] File Action [doesFileExist] successfully performed. With the following test data [File Path: "src/test/resources/DynamicObjectRepository/tests_gui_google_E_Search_PageObjectModel_Traditional_SHAFTAssertions_navigateToGoogleHomeAndAssertGoogleLogoIsDisplayed_By_xpath_img_id_hplogo_or_alt_Google.png"]. @19-02-2021 01:11:58.0327 AM
[ReportManager] File Action [getAbsolutePath] successfully performed. With the following test data [Relative Folder Path: "src/test/resources/DynamicObjectRepository/tests_gui_google_E_Search_PageObjectModel_Traditional_SHAFTAssertions_navigateToGoogleHomeAndAssertGoogleLogoIsDisplayed_By_xpath_img_id_hplogo_or_alt_Google.png"]. @19-02-2021 01:11:58.0327 AM
[ReportManager] File Action [readFromImageFile] successfully performed. With the following test data [File Path: "/home/runner/work/using_SHAFT_ENGINE/using_SHAFT_ENGINE/src/test/resources/DynamicObjectRepository/tests_gui_google_E_Search_PageObjectModel_Traditional_SHAFTAssertions_navigateToGoogleHomeAndAssertGoogleLogoIsDisplayed_By_xpath_img_id_hplogo_or_alt_Google.png"]. @19-02-2021 01:11:58.0327 AM
[ReportManager] AssertElementMatches FAILED; Expected [Element should match the reference screenshot] and Actual [ELEMENT NOT FOUND]. Comparison Type [EXACT_OPENCV]. Validation Type [POSITIVE]. @19-02-2021 01:11:58.0635 AM
[ReportManager] Successfully created attachment [Validation Test Data - Reference Screenshot] @19-02-2021 01:11:58.0635 AM
[ReportManager] Successfully created attachment [Validation Test Data - Actual Screenshot] @19-02-2021 01:11:58.0636 A
[ReportManager] Successfully created attachment [Selenium WebDriver Logs - server] @19-02-2021 01:11:58.0785 AM
[ReportManager] Successfully created attachment [Selenium WebDriver Logs - performance] @19-02-2021 01:11:58.0843 AM
[ReportManager] Successfully created attachment [Selenium WebDriver Logs - driver] @19-02-2021 01:11:58.0925 AM
[ReportManager] Browser Action [closeCurrentWindow] successfully performed. @19-02-2021 01:11:58.0985 AM
[ReportManager] Successfully created attachment [Browser Action Test Data - closeCurrentWindow - Actual Value] @19-02-2021 01:11:58.0986 A
[ReportManager] File Action [getAbsolutePath] successfully performed. With the following test data [Relative Folder Path: "target/downloadedFiles/"]. @19-02-2021 01:11:58.0988 AM
[ReportManager] Attempting to run remotely on: [Linux-64], [GoogleChrome], [http://localhost:4444/wd/hub], Headless Execution. @19-02-2021 01:11:58.0988 AM
[ReportManager] Successfully Opened [GoogleChrome]. @19-02-2021 01:11:59.0242 AM
[ReportManager] Target URL: [https://www.google.com/ncr], and after redirection: [https://www.google.com] @19-02-2021 01:11:59.0255 AM
[ReportManager] Initial URL: [data:,] @19-02-2021 01:11:59.0295 AM
[ReportManager] Browser Action [navigateToURL] successfully performed. With the following test data [https://www.google.com/ncr]. @19-02-2021 01:12:00.0198 A

################################################################################################################################################
Starting Execution:	[12 out of 23] test cases in the current suite
Test Method:		[tests.gui.google.E_Search_PageObjectModel_Traditional_SHAFTAssertions.navigateToGoogleHomeAndAssertPageTitle]
################################################################################################################################################
[ReportManager] Asserting that the page title is Google... @19-02-2021 01:12:00.0210 AM
[ReportManager] Browser Action [getCurrentWindowTitle] successfully performed. With the following test data [Google]. @19-02-2021 01:12:00.0259 AM
[ReportManager] AssertBrowserAttribute PASSED; Expected [Value Should be 'Google' for the 'Title' attribute] and Actual [Google]. Comparison Type [EQUALS]. Validation Type [POSITIVE]. @19-02-2021 01:12:00.0260 A
[ReportManager] Successfully created attachment [Selenium WebDriver Logs - server] @19-02-2021 01:12:00.0338 AM
[ReportManager] Successfully created attachment [Selenium WebDriver Logs - performance] @19-02-2021 01:12:00.0376 AM
[ReportManager] Successfully created attachment [Selenium WebDriver Logs - driver] @19-02-2021 01:12:00.0452 AM
[ReportManager] Browser Action [closeCurrentWindow] successfully performed. @19-02-2021 01:12:00.0509 AM
[ReportManager] Successfully created attachment [Browser Action Test Data - closeCurrentWindow - Actual Value] @19-02-2021 01:12:00.0509 A
[ReportManager] File Action [getAbsolutePath] successfully performed. With the following test data [Relative Folder Path: "target/downloadedFiles/"]. @19-02-2021 01:12:00.0511 AM
[ReportManager] Attempting to run remotely on: [Linux-64], [GoogleChrome], [http://localhost:4444/wd/hub], Headless Execution. @19-02-2021 01:12:00.0512 AM
[ReportManager] Successfully Opened [GoogleChrome]. @19-02-2021 01:12:00.0755 AM
[ReportManager] Target URL: [https://www.google.com/ncr], and after redirection: [https://www.google.com] @19-02-2021 01:12:00.0779 AM
[ReportManager] Initial URL: [data:,] @19-02-2021 01:12:00.0829 AM
[ReportManager] Browser Action [navigateToURL] successfully performed. With the following test data [https://www.google.com/ncr]. @19-02-2021 01:12:01.0782 A

################################################################################################################################################
Starting Execution:	[13 out of 23] test cases in the current suite
Test Method:		[tests.gui.google.E_Search_PageObjectModel_Traditional_SHAFTAssertions.searchForQueryAndAssertFirstResultTextIsCorrect]
################################################################################################################################################
[ReportManager] Element Action [type] successfully performed. With the following test data [SHAFT_Engine]. @19-02-2021 01:12:02.0503 AM
[ReportManager] Element Action [keyPress] successfully performed. With the following test data [ENTER]. @19-02-2021 01:12:03.0599 AM
[ReportManager] Asserting that the correct first result is displayed... @19-02-2021 01:12:03.0600 AM
[ReportManager] Element Action [getText] successfully performed. With the following test data [MohabMohie/SHAFT_ENGINE: SHAFT_ENGINE is a ... - GitHub]. @19-02-2021 01:12:03.0699 AM
[ReportManager] Loaded Shared OpenCV @19-02-2021 01:12:03.0838 AM
[ReportManager] AssertElementAttribute PASSED; Expected [Value Should be 'MohabMohie' for the 'Text' attribute, element locator 'By.xpath: (//h1[contains(text(),'Search Result')]/following-sibling::div//a/h3)[1]'] and Actual [MohabMohie/SHAFT_ENGINE: SHAFT_ENGINE is a ... - GitHub]. Comparison Type [CONTAINS]. Validation Type [POSITIVE]. @19-02-2021 01:12:03.0910 AM
[ReportManager] Successfully created attachment [Screenshot - 1613697123838_searchForQueryAndAssertFirstResultTextIsCorrect_AssertElementAttribute_passed] @19-02-2021 01:12:03.0914 A
[ReportManager] Successfully created attachment [Selenium WebDriver Logs - server] @19-02-2021 01:12:04.0066 AM
[ReportManager] Successfully created attachment [Selenium WebDriver Logs - performance] @19-02-2021 01:12:04.0233 AM
[ReportManager] Successfully created attachment [Selenium WebDriver Logs - driver] @19-02-2021 01:12:04.0472 AM
[ReportManager] Browser Action [closeCurrentWindow] successfully performed. @19-02-2021 01:12:04.0532 AM
[ReportManager] Successfully created attachment [Browser Action Test Data - closeCurrentWindow - Actual Value] @19-02-2021 01:12:04.0534 A



################################################################################################################################################
Starting Execution:	[14 out of 23] test cases in the current suite
Test Method:		[tests.gui.google.A_Search_FlatTest_NativeSeleniumWebDriver.navigateToGoogleHomeAndAssertGoogleLogoIsDisplayed]
###############################################################################################################################################



################################################################################################################################################
Starting Execution:	[15 out of 23] test cases in the current suite
Test Method:		[tests.gui.google.A_Search_FlatTest_NativeSeleniumWebDriver.navigateToGoogleHomeAndAssertPageTitle]
###############################################################################################################################################



################################################################################################################################################
Starting Execution:	[16 out of 23] test cases in the current suite
Test Method:		[tests.gui.google.A_Search_FlatTest_NativeSeleniumWebDriver.searchForQueryAndAssertFirstResultTextIsCorrect]
###############################################################################################################################################

[ReportManager] File Action [getAbsolutePath] successfully performed. With the following test data [Relative Folder Path: "target/downloadedFiles/"]. @19-02-2021 01:12:06.0653 AM
[ReportManager] Attempting to run remotely on: [Linux-64], [GoogleChrome], [http://localhost:4444/wd/hub], Headless Execution. @19-02-2021 01:12:06.0654 AM
[ReportManager] Successfully Opened [GoogleChrome]. @19-02-2021 01:12:06.0920 AM
[ReportManager] Target URL: [https://www.google.com/ncr], and after redirection: [https://www.google.com] @19-02-2021 01:12:06.0943 AM
[ReportManager] Initial URL: [data:,] @19-02-2021 01:12:06.0992 AM
[ReportManager] Browser Action [navigateToURL] successfully performed. With the following test data [https://www.google.com/ncr]. @19-02-2021 01:12:07.0931 A

################################################################################################################################################
Starting Execution:	[17 out of 23] test cases in the current suite
Test Method:		[tests.gui.google.B_Search_FlatTest_SHAFT.navigateToGoogleHomeAndAssertGoogleLogoIsDisplayed]
################################################################################################################################################
[ReportManager] Asserting that the Google logo is displayed... @19-02-2021 01:12:07.0936 AM
[ReportManager] File Action [doesFileExist] successfully performed. With the following test data [File Path: "src/test/resources/DynamicObjectRepository/tests_gui_google_B_Search_FlatTest_SHAFT_navigateToGoogleHomeAndAssertGoogleLogoIsDisplayed_By_xpath_img_id_hplogo_or_alt_Google.png"]. @19-02-2021 01:12:07.0937 AM
[ReportManager] File Action [getAbsolutePath] successfully performed. With the following test data [Relative Folder Path: "src/test/resources/DynamicObjectRepository/tests_gui_google_B_Search_FlatTest_SHAFT_navigateToGoogleHomeAndAssertGoogleLogoIsDisplayed_By_xpath_img_id_hplogo_or_alt_Google.png"]. @19-02-2021 01:12:07.0937 AM
[ReportManager] File Action [readFromImageFile] successfully performed. With the following test data [File Path: "/home/runner/work/using_SHAFT_ENGINE/using_SHAFT_ENGINE/src/test/resources/DynamicObjectRepository/tests_gui_google_B_Search_FlatTest_SHAFT_navigateToGoogleHomeAndAssertGoogleLogoIsDisplayed_By_xpath_img_id_hplogo_or_alt_Google.png"]. @19-02-2021 01:12:07.0937 AM
[ReportManager] AssertElementMatches FAILED; Expected [Element should match the reference screenshot] and Actual [ELEMENT NOT FOUND]. Comparison Type [EXACT_OPENCV]. Validation Type [POSITIVE]. @19-02-2021 01:12:08.0257 AM
[ReportManager] Successfully created attachment [Validation Test Data - Reference Screenshot] @19-02-2021 01:12:08.0257 AM
[ReportManager] Successfully created attachment [Validation Test Data - Actual Screenshot] @19-02-2021 01:12:08.0258 A
[ReportManager] Successfully created attachment [Selenium WebDriver Logs - server] @19-02-2021 01:12:08.0340 AM
[ReportManager] Successfully created attachment [Selenium WebDriver Logs - performance] @19-02-2021 01:12:08.0383 AM
[ReportManager] Successfully created attachment [Selenium WebDriver Logs - driver] @19-02-2021 01:12:08.0468 AM
[ReportManager] Browser Action [closeCurrentWindow] successfully performed. @19-02-2021 01:12:08.0528 AM
[ReportManager] Successfully created attachment [Browser Action Test Data - closeCurrentWindow - Actual Value] @19-02-2021 01:12:08.0529 A
[ReportManager] File Action [getAbsolutePath] successfully performed. With the following test data [Relative Folder Path: "target/downloadedFiles/"]. @19-02-2021 01:12:08.0531 AM
[ReportManager] Attempting to run remotely on: [Linux-64], [GoogleChrome], [http://localhost:4444/wd/hub], Headless Execution. @19-02-2021 01:12:08.0531 AM
[ReportManager] Successfully Opened [GoogleChrome]. @19-02-2021 01:12:08.0759 AM
[ReportManager] Target URL: [https://www.google.com/ncr], and after redirection: [https://www.google.com] @19-02-2021 01:12:08.0775 AM
[ReportManager] Initial URL: [data:,] @19-02-2021 01:12:08.0824 AM
[ReportManager] Browser Action [navigateToURL] successfully performed. With the following test data [https://www.google.com/ncr]. @19-02-2021 01:12:09.0787 A

################################################################################################################################################
Starting Execution:	[18 out of 23] test cases in the current suite
Test Method:		[tests.gui.google.B_Search_FlatTest_SHAFT.navigateToGoogleHomeAndAssertPageTitle]
################################################################################################################################################
[ReportManager] Asserting that the page title is Google... @19-02-2021 01:12:09.0790 AM
[ReportManager] Browser Action [getCurrentWindowTitle] successfully performed. With the following test data [Google]. @19-02-2021 01:12:09.0830 AM
[ReportManager] AssertBrowserAttribute PASSED; Expected [Value Should be 'Google' for the 'Title' attribute] and Actual [Google]. Comparison Type [EQUALS]. Validation Type [POSITIVE]. @19-02-2021 01:12:09.0830 A
[ReportManager] Successfully created attachment [Selenium WebDriver Logs - server] @19-02-2021 01:12:09.0924 AM
[ReportManager] Successfully created attachment [Selenium WebDriver Logs - performance] @19-02-2021 01:12:09.0962 AM
[ReportManager] Successfully created attachment [Selenium WebDriver Logs - driver] @19-02-2021 01:12:10.0152 AM
[ReportManager] Browser Action [closeCurrentWindow] successfully performed. @19-02-2021 01:12:10.0217 AM
[ReportManager] Successfully created attachment [Browser Action Test Data - closeCurrentWindow - Actual Value] @19-02-2021 01:12:10.0218 A
[ReportManager] File Action [getAbsolutePath] successfully performed. With the following test data [Relative Folder Path: "target/downloadedFiles/"]. @19-02-2021 01:12:10.0220 AM
[ReportManager] Attempting to run remotely on: [Linux-64], [GoogleChrome], [http://localhost:4444/wd/hub], Headless Execution. @19-02-2021 01:12:10.0221 AM
[ReportManager] Successfully Opened [GoogleChrome]. @19-02-2021 01:12:10.0496 AM
[ReportManager] Target URL: [https://www.google.com/ncr], and after redirection: [https://www.google.com] @19-02-2021 01:12:10.0506 AM
[ReportManager] Initial URL: [data:,] @19-02-2021 01:12:10.0551 AM
[ReportManager] Browser Action [navigateToURL] successfully performed. With the following test data [https://www.google.com/ncr]. @19-02-2021 01:12:11.0482 A

################################################################################################################################################
Starting Execution:	[19 out of 23] test cases in the current suite
Test Method:		[tests.gui.google.B_Search_FlatTest_SHAFT.searchForQueryAndAssertFirstResultTextIsCorrect]
################################################################################################################################################
[ReportManager] Element Action [type] successfully performed. With the following test data [SHAFT_Engine]. @19-02-2021 01:12:12.0162 AM
[ReportManager] Element Action [keyPress] successfully performed. With the following test data [ENTER]. @19-02-2021 01:12:13.0252 AM
[ReportManager] Asserting that the correct first result is displayed... @19-02-2021 01:12:13.0253 AM
[ReportManager] Element Action [getText] successfully performed. With the following test data [MohabMohie/SHAFT_ENGINE: SHAFT_ENGINE is a ... - GitHub]. @19-02-2021 01:12:13.0366 AM
[ReportManager] Loaded Shared OpenCV @19-02-2021 01:12:13.0514 AM
[ReportManager] AssertElementAttribute PASSED; Expected [Value Should be 'MohabMohie' for the 'Text' attribute, element locator 'By.xpath: (//h1[contains(text(),'Search Result')]/following-sibling::div//a/h3)[1]'] and Actual [MohabMohie/SHAFT_ENGINE: SHAFT_ENGINE is a ... - GitHub]. Comparison Type [CONTAINS]. Validation Type [POSITIVE]. @19-02-2021 01:12:13.0580 AM
[ReportManager] Successfully created attachment [Screenshot - 1613697133514_searchForQueryAndAssertFirstResultTextIsCorrect_AssertElementAttribute_passed] @19-02-2021 01:12:13.0581 A
[ReportManager] Successfully created attachment [Selenium WebDriver Logs - server] @19-02-2021 01:12:13.0744 AM
[ReportManager] Successfully created attachment [Selenium WebDriver Logs - performance] @19-02-2021 01:12:13.0906 AM
[ReportManager] Successfully created attachment [Selenium WebDriver Logs - driver] @19-02-2021 01:12:14.0110 AM
[ReportManager] Browser Action [closeCurrentWindow] successfully performed. @19-02-2021 01:12:14.0169 AM
[ReportManager] Successfully created attachment [Browser Action Test Data - closeCurrentWindow - Actual Value] @19-02-2021 01:12:14.0171 A
[ReportManager] Successfully loaded the following test data file [src/test/resources/TestDataFiles/Google/SimpleSearch.xlsx]. @19-02-2021 01:12:14.0196 AM
[ReportManager] Successfully created attachment [Test Data - Excel] @19-02-2021 01:12:14.0197 A
[ReportManager] File Action [getAbsolutePath] successfully performed. With the following test data [Relative Folder Path: "target/downloadedFiles/"]. @19-02-2021 01:12:14.0198 AM
[ReportManager] Attempting to run remotely on: [Linux-64], [GoogleChrome], [http://localhost:4444/wd/hub], Headless Execution. @19-02-2021 01:12:14.0198 AM
[ReportManager] Successfully Opened [GoogleChrome]. @19-02-2021 01:12:14.0422 AM
[ReportManager] Target URL: [https://www.google.com/ncr], and after redirection: [https://www.google.com] @19-02-2021 01:12:14.0444 AM
[ReportManager] Initial URL: [data:,] @19-02-2021 01:12:14.0485 AM
[ReportManager] Browser Action [navigateToURL] successfully performed. With the following test data [https://www.google.com/ncr]. @19-02-2021 01:12:15.0397 A

################################################################################################################################################
Starting Execution:	[20 out of 23] test cases in the current suite
Test Method:		[tests.gui.google.G_Search_PageObjectModel_ThreadSafe.navigateToGoogleHomeAndAssertGoogleLogoIsDisplayed]
################################################################################################################################################
[ReportManager] Asserting that the Google logo is displayed... @19-02-2021 01:12:15.0436 AM
[ReportManager] File Action [doesFileExist] successfully performed. With the following test data [File Path: "src/test/resources/DynamicObjectRepository/tests_gui_google_G_Search_PageObjectModel_ThreadSafe_navigateToGoogleHomeAndAssertGoogleLogoIsDisplayed_By_xpath_img_id_hplogo_or_alt_Google.png"]. @19-02-2021 01:12:15.0436 AM
[ReportManager] File Action [getAbsolutePath] successfully performed. With the following test data [Relative Folder Path: "src/test/resources/DynamicObjectRepository/tests_gui_google_G_Search_PageObjectModel_ThreadSafe_navigateToGoogleHomeAndAssertGoogleLogoIsDisplayed_By_xpath_img_id_hplogo_or_alt_Google.png"]. @19-02-2021 01:12:15.0436 AM
[ReportManager] File Action [readFromImageFile] successfully performed. With the following test data [File Path: "/home/runner/work/using_SHAFT_ENGINE/using_SHAFT_ENGINE/src/test/resources/DynamicObjectRepository/tests_gui_google_G_Search_PageObjectModel_ThreadSafe_navigateToGoogleHomeAndAssertGoogleLogoIsDisplayed_By_xpath_img_id_hplogo_or_alt_Google.png"]. @19-02-2021 01:12:15.0437 AM
[ReportManager] AssertElementMatches FAILED; Expected [Element should match the reference screenshot] and Actual [ELEMENT NOT FOUND]. Comparison Type [EXACT_OPENCV]. Validation Type [POSITIVE]. @19-02-2021 01:12:15.0726 AM
[ReportManager] Successfully created attachment [Validation Test Data - Reference Screenshot] @19-02-2021 01:12:15.0726 AM
[ReportManager] Successfully created attachment [Validation Test Data - Actual Screenshot] @19-02-2021 01:12:15.0729 A
[ReportManager] Successfully created attachment [Selenium WebDriver Logs - server] @19-02-2021 01:12:15.0813 AM
[ReportManager] Successfully created attachment [Selenium WebDriver Logs - performance] @19-02-2021 01:12:15.0850 AM
[ReportManager] Successfully created attachment [Selenium WebDriver Logs - driver] @19-02-2021 01:12:15.0921 AM
[ReportManager] Browser Action [closeCurrentWindow] successfully performed. @19-02-2021 01:12:15.0978 AM
[ReportManager] Successfully created attachment [Browser Action Test Data - closeCurrentWindow - Actual Value] @19-02-2021 01:12:15.0979 A
[ReportManager] File Action [getAbsolutePath] successfully performed. With the following test data [Relative Folder Path: "target/downloadedFiles/"]. @19-02-2021 01:12:15.0981 AM
[ReportManager] Attempting to run remotely on: [Linux-64], [GoogleChrome], [http://localhost:4444/wd/hub], Headless Execution. @19-02-2021 01:12:15.0981 AM
[ReportManager] Successfully Opened [GoogleChrome]. @19-02-2021 01:12:16.0184 AM
[ReportManager] Target URL: [https://www.google.com/ncr], and after redirection: [https://www.google.com] @19-02-2021 01:12:16.0203 AM
[ReportManager] Initial URL: [data:,] @19-02-2021 01:12:16.0244 AM
[ReportManager] Browser Action [navigateToURL] successfully performed. With the following test data [https://www.google.com/ncr]. @19-02-2021 01:12:17.0138 A

################################################################################################################################################
Starting Execution:	[21 out of 23] test cases in the current suite
Test Method:		[tests.gui.google.G_Search_PageObjectModel_ThreadSafe.navigateToGoogleHomeAndAssertPageTitle]
################################################################################################################################################
[ReportManager] Asserting that the page title is Google... @19-02-2021 01:12:17.0145 AM
[ReportManager] Browser Action [getCurrentWindowTitle] successfully performed. With the following test data [Google]. @19-02-2021 01:12:17.0189 AM
[ReportManager] AssertBrowserAttribute PASSED; Expected [Value Should be 'Google' for the 'Title' attribute] and Actual [Google]. Comparison Type [EQUALS]. Validation Type [POSITIVE]. @19-02-2021 01:12:17.0189 A
[ReportManager] Successfully created attachment [Selenium WebDriver Logs - server] @19-02-2021 01:12:17.0285 AM
[ReportManager] Successfully created attachment [Selenium WebDriver Logs - performance] @19-02-2021 01:12:17.0323 AM
[ReportManager] Successfully created attachment [Selenium WebDriver Logs - driver] @19-02-2021 01:12:17.0396 AM
[ReportManager] Browser Action [closeCurrentWindow] successfully performed. @19-02-2021 01:12:17.0453 AM
[ReportManager] Successfully created attachment [Browser Action Test Data - closeCurrentWindow - Actual Value] @19-02-2021 01:12:17.0454 A
[ReportManager] File Action [getAbsolutePath] successfully performed. With the following test data [Relative Folder Path: "target/downloadedFiles/"]. @19-02-2021 01:12:17.0456 AM
[ReportManager] Attempting to run remotely on: [Linux-64], [GoogleChrome], [http://localhost:4444/wd/hub], Headless Execution. @19-02-2021 01:12:17.0456 AM
[ReportManager] Successfully Opened [GoogleChrome]. @19-02-2021 01:12:17.0688 AM
[ReportManager] Target URL: [https://www.google.com/ncr], and after redirection: [https://www.google.com] @19-02-2021 01:12:17.0712 AM
[ReportManager] Initial URL: [data:,] @19-02-2021 01:12:17.0785 AM
[ReportManager] Browser Action [navigateToURL] successfully performed. With the following test data [https://www.google.com/ncr]. @19-02-2021 01:12:18.0693 A

################################################################################################################################################
Starting Execution:	[22 out of 23] test cases in the current suite
Test Method:		[tests.gui.google.G_Search_PageObjectModel_ThreadSafe.searchForQueryAndAssertFirstResultTextIsCorrect]
################################################################################################################################################
[ReportManager] Element Action [type] successfully performed. With the following test data [SHAFT_Engine]. @19-02-2021 01:12:19.0327 AM
[ReportManager] Element Action [keyPress] successfully performed. With the following test data [ENTER]. @19-02-2021 01:12:20.0387 AM
[ReportManager] Asserting that the correct first result is displayed... @19-02-2021 01:12:20.0388 AM
[ReportManager] Element Action [getText] successfully performed. With the following test data [MohabMohie/SHAFT_ENGINE: SHAFT_ENGINE is a ... - GitHub]. @19-02-2021 01:12:20.0528 AM
[ReportManager] Loaded Shared OpenCV @19-02-2021 01:12:20.0674 AM
[ReportManager] AssertElementAttribute PASSED; Expected [Value Should be 'MohabMohie' for the 'Text' attribute, element locator 'By.xpath: (//h1[contains(text(),'Search Result')]/following-sibling::div//a/h3)[1]'] and Actual [MohabMohie/SHAFT_ENGINE: SHAFT_ENGINE is a ... - GitHub]. Comparison Type [CONTAINS]. Validation Type [POSITIVE]. @19-02-2021 01:12:20.0739 AM
[ReportManager] Successfully created attachment [Screenshot - 1613697140674_searchForQueryAndAssertFirstResultTextIsCorrect_AssertElementAttribute_passed] @19-02-2021 01:12:20.0740 A
[ReportManager] Successfully created attachment [Selenium WebDriver Logs - server] @19-02-2021 01:12:20.0901 AM
[ReportManager] Successfully created attachment [Selenium WebDriver Logs - performance] @19-02-2021 01:12:21.0047 AM
[ReportManager] Successfully created attachment [Selenium WebDriver Logs - driver] @19-02-2021 01:12:21.0256 AM
[ReportManager] Browser Action [closeCurrentWindow] successfully performed. @19-02-2021 01:12:21.0316 AM
[ReportManager] Successfully created attachment [Browser Action Test Data - closeCurrentWindow - Actual Value] @19-02-2021 01:12:21.0318 A

################################################################################################################################################
Starting Execution:	[23 out of 23] test cases in the current suite
Test Method:		[tests.cli.demo.cliTest.sampleTestCase]
################################################################################################################################################
[ReportManager] Attempting to perform the following command locally. Command: [ls] @19-02-2021 01:12:21.0328 AM
[ReportManager] Terminal Action [performTerminalCommands] successfully performed. With the following test data [Host Name: "localHost" | Command: "ls" | Exit Status: "0"]. @19-02-2021 01:12:21.0331 AM
[ReportManager] Successfully created attachment [Terminal Action Actual Result - Command Log] @19-02-2021 01:12:21.0331 AM
[ReportManager] Demoing local terminal actions... @19-02-2021 01:12:21.0332 AM
[ReportManager] AssertEquals PASSED; Expected [pom.xml] and Actual [LICENSE
README.md
allure-results
docker-compose_native.yml
docker-compose_zalenium.yml
extent-reports
pom.xml
src
target]. Comparison Type [CONTAINS]. Validation Type [POSITIVE]. @19-02-2021 01:12:21.0332 A

################################################################################################################################################
Test Closure Activities
################################################################################################################################################
[ReportManager] Successfully created attachment [SHAFT Engine Logs - Execution log] @19-02-2021 01:12:21.0347 AM

################################################################################################################################################
This test run was powered by SHAFT Engine Version: [SHAFT Engine v5.1]
SHAFT Engine is licensed under the MIT License: [https://github.com/MohabMohie/SHAFT_ENGINE/blob/master/LICENSE].
################################################################################################################################################