################################################################################################################################################
Detected SHAFT Engine Version: [SHAFT Engine v5.2.20210427]
################################################################################################################################################

################################################################################################################################################
Starting Execution:	[1 out of 23] test cases in the current suite
Test Method:		[tests.cli.demo.cliTest.sampleTestCase]
################################################################################################################################################
[ReportManager] Attempting to perform the following command locally. Command: [ls] @03-05-2021 18:48:43.0502 PM
[ReportManager] Terminal Action [performTerminalCommands] successfully performed. With the following test data [Host Name: "localHost" | Command: "ls" | Exit Status: "0"]. @03-05-2021 18:48:43.0524 PM
[ReportManager] Successfully created attachment [Terminal Action Actual Result - Command Log] @03-05-2021 18:48:43.0532 PM
[ReportManager] Demoing local terminal actions... @03-05-2021 18:48:43.0543 PM
[ReportManager] AssertEquals PASSED; Expected [pom.xml] and Actual [LICENSE
README.md
allure-results
docker-compose_native.yml
docker-compose_zalenium.yml
extent-reports
pom.xml
src
target]. Comparison Type [CONTAINS]. Validation Type [POSITIVE]. @03-05-2021 18:48:43.0548 P
[ReportManager] File Action [getAbsolutePath] successfully performed. With the following test data [Relative Folder Path: "target/downloadedFiles/"]. @03-05-2021 18:48:43.0694 PM
[ReportManager] Attempting to run remotely on: [Linux-64], [GoogleChrome], [http://localhost:4444/wd/hub], Headless Execution. @03-05-2021 18:48:43.0735 PM
[ReportManager] Successfully Opened [GoogleChrome]. @03-05-2021 18:48:45.0370 PM
[ReportManager] Target URL: [https://www.google.com/ncr], and after redirection: [https://www.google.com] @03-05-2021 18:48:45.0421 PM
[ReportManager] Initial URL: [data:,] @03-05-2021 18:48:45.0531 PM
[ReportManager] Browser Action [navigateToURL] successfully performed. With the following test data [https://www.google.com/ncr]. @03-05-2021 18:48:47.0205 P

################################################################################################################################################
Starting Execution:	[2 out of 23] test cases in the current suite
Test Method:		[tests.gui.google.C_Search_PageObjectModel_Traditional.navigateToGoogleHomeAndAssertGoogleLogoIsDisplayed]
################################################################################################################################################
[ReportManager] Element Action [identifyUniqueElement] failed. With the following test data [zero elements found matching this locator "By.xpath: //img[@id='hplogo' or @alt='Google']".]. @03-05-2021 18:49:13.0365 PM
[ReportManager] Successfully created attachment [Screenshot - 1620067753021_navigateToGoogleHomeAndAssertGoogleLogoIsDisplayed_identifyUniqueElement_failed] @03-05-2021 18:49:13.0387 P
[ReportManager] Successfully created attachment [Selenium WebDriver Logs - server] @03-05-2021 18:49:13.0652 PM
[ReportManager] Successfully created attachment [Selenium WebDriver Logs - performance] @03-05-2021 18:49:13.0806 PM
[ReportManager] Successfully created attachment [Selenium WebDriver Logs - browser] @03-05-2021 18:49:13.0826 PM
[ReportManager] Successfully created attachment [Selenium WebDriver Logs - driver] @03-05-2021 18:49:14.0064 PM
[ReportManager] Browser Action [closeCurrentWindow] successfully performed. @03-05-2021 18:49:14.0129 PM
[ReportManager] Successfully created attachment [Browser Action Test Data - closeCurrentWindow - Actual Value] @03-05-2021 18:49:14.0141 P
[ReportManager] File Action [getAbsolutePath] successfully performed. With the following test data [Relative Folder Path: "target/downloadedFiles/"]. @03-05-2021 18:49:14.0161 PM
[ReportManager] Attempting to run remotely on: [Linux-64], [GoogleChrome], [http://localhost:4444/wd/hub], Headless Execution. @03-05-2021 18:49:14.0161 PM
[ReportManager] Successfully Opened [GoogleChrome]. @03-05-2021 18:49:14.0838 PM
[ReportManager] Target URL: [https://www.google.com/ncr], and after redirection: [https://www.google.com] @03-05-2021 18:49:14.0881 PM
[ReportManager] Initial URL: [data:,] @03-05-2021 18:49:14.0960 PM
[ReportManager] Browser Action [navigateToURL] successfully performed. With the following test data [https://www.google.com/ncr]. @03-05-2021 18:49:16.0186 P

################################################################################################################################################
Starting Execution:	[3 out of 23] test cases in the current suite
Test Method:		[tests.gui.google.C_Search_PageObjectModel_Traditional.navigateToGoogleHomeAndAssertPageTitle]
################################################################################################################################################
[ReportManager] Browser Action [getCurrentWindowTitle] successfully performed. With the following test data [Google]. @03-05-2021 18:49:16.0257 PM
[ReportManager] Asserting that the page title is Google... @03-05-2021 18:49:16.0257 PM
[ReportManager] AssertEquals PASSED; Expected [Google] and Actual [Google]. Comparison Type [EQUALS]. Validation Type [POSITIVE]. @03-05-2021 18:49:16.0257 P
[ReportManager] Successfully created attachment [Selenium WebDriver Logs - server] @03-05-2021 18:49:16.0406 PM
[ReportManager] Successfully created attachment [Selenium WebDriver Logs - performance] @03-05-2021 18:49:16.0507 PM
[ReportManager] Successfully created attachment [Selenium WebDriver Logs - browser] @03-05-2021 18:49:16.0541 PM
[ReportManager] Successfully created attachment [Selenium WebDriver Logs - driver] @03-05-2021 18:49:16.0676 PM
[ReportManager] Browser Action [closeCurrentWindow] successfully performed. @03-05-2021 18:49:16.0741 PM
[ReportManager] Successfully created attachment [Browser Action Test Data - closeCurrentWindow - Actual Value] @03-05-2021 18:49:16.0743 P
[ReportManager] File Action [getAbsolutePath] successfully performed. With the following test data [Relative Folder Path: "target/downloadedFiles/"]. @03-05-2021 18:49:16.0755 PM
[ReportManager] Attempting to run remotely on: [Linux-64], [GoogleChrome], [http://localhost:4444/wd/hub], Headless Execution. @03-05-2021 18:49:16.0755 PM
[ReportManager] Successfully Opened [GoogleChrome]. @03-05-2021 18:49:17.0457 PM
[ReportManager] Target URL: [https://www.google.com/ncr], and after redirection: [https://www.google.com] @03-05-2021 18:49:17.0485 PM
[ReportManager] Initial URL: [data:,] @03-05-2021 18:49:17.0557 PM
[ReportManager] Browser Action [navigateToURL] successfully performed. With the following test data [https://www.google.com/ncr]. @03-05-2021 18:49:18.0805 P

################################################################################################################################################
Starting Execution:	[4 out of 23] test cases in the current suite
Test Method:		[tests.gui.google.C_Search_PageObjectModel_Traditional.searchForQueryAndAssertFirstResultTextIsCorrect]
################################################################################################################################################
[ReportManager] Element Action [type] successfully performed. With the following test data [SHAFT_Engine]. @03-05-2021 18:49:19.0680 PM
[ReportManager] Element Action [keyPress] successfully performed. With the following test data [ENTER]. @03-05-2021 18:49:21.0199 PM
[ReportManager] Element Action [getText] successfully performed. With the following test data [MohabMohie/SHAFT_ENGINE: SHAFT_ENGINE is a ... - GitHub]. @03-05-2021 18:49:21.0336 PM
[ReportManager] Asserting that the correct first result is displayed... @03-05-2021 18:49:21.0336 PM
[ReportManager] AssertEquals PASSED; Expected [MohabMohie] and Actual [MohabMohie/SHAFT_ENGINE: SHAFT_ENGINE is a ... - GitHub]. Comparison Type [CONTAINS]. Validation Type [POSITIVE]. @03-05-2021 18:49:21.0337 P
[ReportManager] Successfully created attachment [Selenium WebDriver Logs - server] @03-05-2021 18:49:21.0613 PM
[ReportManager] Successfully created attachment [Selenium WebDriver Logs - performance] @03-05-2021 18:49:21.0902 PM
[ReportManager] Successfully created attachment [Selenium WebDriver Logs - browser] @03-05-2021 18:49:21.0918 PM
[ReportManager] Successfully created attachment [Selenium WebDriver Logs - driver] @03-05-2021 18:49:22.0248 PM
[ReportManager] Browser Action [closeCurrentWindow] successfully performed. @03-05-2021 18:49:22.0315 PM
[ReportManager] Successfully created attachment [Browser Action Test Data - closeCurrentWindow - Actual Value] @03-05-2021 18:49:22.0323 P
[ReportManager] Successfully loaded the following test data file [src/test/resources/TestDataFiles/Google/SimpleSearch.xlsx]. @03-05-2021 18:49:23.0315 PM
[ReportManager] Successfully created attachment [Test Data - Excel] @03-05-2021 18:49:23.0316 P
[ReportManager] File Action [getAbsolutePath] successfully performed. With the following test data [Relative Folder Path: "target/downloadedFiles/"]. @03-05-2021 18:49:23.0318 PM
[ReportManager] Attempting to run remotely on: [Linux-64], [GoogleChrome], [http://localhost:4444/wd/hub], Headless Execution. @03-05-2021 18:49:23.0319 PM
[ReportManager] Successfully Opened [GoogleChrome]. @03-05-2021 18:49:24.0019 PM
[ReportManager] Target URL: [https://www.google.com/ncr], and after redirection: [https://www.google.com] @03-05-2021 18:49:24.0047 PM
[ReportManager] Initial URL: [data:,] @03-05-2021 18:49:24.0127 PM
[ReportManager] Browser Action [navigateToURL] successfully performed. With the following test data [https://www.google.com/ncr]. @03-05-2021 18:49:25.0330 P

################################################################################################################################################
Starting Execution:	[5 out of 23] test cases in the current suite
Test Method:		[tests.gui.google.F_Search_PageObjectModel_Fluent.navigateToGoogleHomeAndAssertGoogleLogoIsDisplayed]
################################################################################################################################################
[ReportManager] Asserting that the Google logo is displayed... @03-05-2021 18:49:25.0337 PM
[ReportManager] File Action [doesFileExist] successfully performed. With the following test data [File Path: "src/test/resources/DynamicObjectRepository/tests_gui_google_F_Search_PageObjectModel_Fluent_navigateToGoogleHomeAndAssertGoogleLogoIsDisplayed_By_xpath_img_id_hplogo_or_alt_Google.png"]. @03-05-2021 18:49:25.0353 PM
[ReportManager] File Action [getAbsolutePath] successfully performed. With the following test data [Relative Folder Path: "src/test/resources/DynamicObjectRepository/tests_gui_google_F_Search_PageObjectModel_Fluent_navigateToGoogleHomeAndAssertGoogleLogoIsDisplayed_By_xpath_img_id_hplogo_or_alt_Google.png"]. @03-05-2021 18:49:25.0353 PM
[ReportManager] File Action [readFromImageFile] successfully performed. With the following test data [File Path: "/home/runner/work/using_SHAFT_ENGINE/using_SHAFT_ENGINE/src/test/resources/DynamicObjectRepository/tests_gui_google_F_Search_PageObjectModel_Fluent_navigateToGoogleHomeAndAssertGoogleLogoIsDisplayed_By_xpath_img_id_hplogo_or_alt_Google.png"]. @03-05-2021 18:49:25.0356 PM
[ReportManager] AssertElementMatches FAILED; Expected [Element should match the reference screenshot] and Actual [ELEMENT NOT FOUND]. Comparison Type [EXACT_OPENCV]. Validation Type [POSITIVE]. @03-05-2021 18:49:51.0312 PM
[ReportManager] Successfully created attachment [Validation Test Data - Reference Screenshot] @03-05-2021 18:49:51.0313 PM
[ReportManager] Successfully created attachment [Validation Test Data - Actual Screenshot] @03-05-2021 18:49:51.0313 P
[ReportManager] Successfully created attachment [Selenium WebDriver Logs - server] @03-05-2021 18:49:51.0463 PM
[ReportManager] Successfully created attachment [Selenium WebDriver Logs - performance] @03-05-2021 18:49:51.0518 PM
[ReportManager] Successfully created attachment [Selenium WebDriver Logs - browser] @03-05-2021 18:49:51.0529 PM
[ReportManager] Successfully created attachment [Selenium WebDriver Logs - driver] @03-05-2021 18:49:51.0646 PM
[ReportManager] Browser Action [closeCurrentWindow] successfully performed. @03-05-2021 18:49:51.0706 PM
[ReportManager] Successfully created attachment [Browser Action Test Data - closeCurrentWindow - Actual Value] @03-05-2021 18:49:51.0708 P
[ReportManager] File Action [getAbsolutePath] successfully performed. With the following test data [Relative Folder Path: "target/downloadedFiles/"]. @03-05-2021 18:49:51.0711 PM
[ReportManager] Attempting to run remotely on: [Linux-64], [GoogleChrome], [http://localhost:4444/wd/hub], Headless Execution. @03-05-2021 18:49:51.0712 PM
[ReportManager] Successfully Opened [GoogleChrome]. @03-05-2021 18:49:51.0960 PM
[ReportManager] Target URL: [https://www.google.com/ncr], and after redirection: [https://www.google.com] @03-05-2021 18:49:51.0976 PM
[ReportManager] Initial URL: [data:,] @03-05-2021 18:49:52.0048 PM
[ReportManager] Browser Action [navigateToURL] successfully performed. With the following test data [https://www.google.com/ncr]. @03-05-2021 18:49:53.0147 P

################################################################################################################################################
Starting Execution:	[6 out of 23] test cases in the current suite
Test Method:		[tests.gui.google.F_Search_PageObjectModel_Fluent.navigateToGoogleHomeAndAssertPageTitle]
################################################################################################################################################
[ReportManager] Asserting that the page title is Google... @03-05-2021 18:49:53.0150 PM
[ReportManager] Browser Action [getCurrentWindowTitle] successfully performed. With the following test data [Google]. @03-05-2021 18:49:53.0193 PM
[ReportManager] AssertBrowserAttribute PASSED; Expected [Value Should be 'Google' for the 'Title' attribute] and Actual [Google]. Comparison Type [EQUALS]. Validation Type [POSITIVE]. @03-05-2021 18:49:53.0194 P
[ReportManager] Successfully created attachment [Selenium WebDriver Logs - server] @03-05-2021 18:49:53.0313 PM
[ReportManager] Successfully created attachment [Selenium WebDriver Logs - performance] @03-05-2021 18:49:53.0380 PM
[ReportManager] Successfully created attachment [Selenium WebDriver Logs - browser] @03-05-2021 18:49:53.0392 PM
[ReportManager] Successfully created attachment [Selenium WebDriver Logs - driver] @03-05-2021 18:49:53.0488 PM
[ReportManager] Browser Action [closeCurrentWindow] successfully performed. @03-05-2021 18:49:53.0548 PM
[ReportManager] Successfully created attachment [Browser Action Test Data - closeCurrentWindow - Actual Value] @03-05-2021 18:49:53.0550 P
[ReportManager] File Action [getAbsolutePath] successfully performed. With the following test data [Relative Folder Path: "target/downloadedFiles/"]. @03-05-2021 18:49:53.0553 PM
[ReportManager] Attempting to run remotely on: [Linux-64], [GoogleChrome], [http://localhost:4444/wd/hub], Headless Execution. @03-05-2021 18:49:53.0553 PM
[ReportManager] Successfully Opened [GoogleChrome]. @03-05-2021 18:49:53.0814 PM
[ReportManager] Target URL: [https://www.google.com/ncr], and after redirection: [https://www.google.com] @03-05-2021 18:49:53.0847 PM
[ReportManager] Initial URL: [data:,] @03-05-2021 18:49:53.0901 PM
[ReportManager] Browser Action [navigateToURL] successfully performed. With the following test data [https://www.google.com/ncr]. @03-05-2021 18:49:54.0990 P

################################################################################################################################################
Starting Execution:	[7 out of 23] test cases in the current suite
Test Method:		[tests.gui.google.F_Search_PageObjectModel_Fluent.searchForQueryAndAssertFirstResultTextIsCorrect]
################################################################################################################################################
[ReportManager] Element Action [type] successfully performed. With the following test data [SHAFT_Engine]. @03-05-2021 18:49:55.0684 PM
[ReportManager] Element Action [keyPress] successfully performed. With the following test data [ENTER]. @03-05-2021 18:49:56.0956 PM
[ReportManager] Asserting that the correct first result is displayed... @03-05-2021 18:49:56.0958 PM
[ReportManager] Element Action [getText] successfully performed. With the following test data [MohabMohie/SHAFT_ENGINE: SHAFT_ENGINE is a ... - GitHub]. @03-05-2021 18:49:57.0080 PM
[ReportManager] Loaded Shared OpenCV @03-05-2021 18:49:57.0827 PM
[ReportManager] AssertElementAttribute PASSED; Expected [Value Should be 'MohabMohie' for the 'Text' attribute, element locator 'By.xpath: (//h1[contains(text(),'Search Result')]/following-sibling::div//a/h3)[1]'] and Actual [MohabMohie/SHAFT_ENGINE: SHAFT_ENGINE is a ... - GitHub]. Comparison Type [CONTAINS]. Validation Type [POSITIVE]. @03-05-2021 18:49:57.0976 PM
[ReportManager] Successfully created attachment [Screenshot - 1620067797314_searchForQueryAndAssertFirstResultTextIsCorrect_AssertElementAttribute_passed] @03-05-2021 18:49:57.0983 P
[ReportManager] Successfully created attachment [Selenium WebDriver Logs - server] @03-05-2021 18:49:58.0258 PM
[ReportManager] Successfully created attachment [Selenium WebDriver Logs - performance] @03-05-2021 18:49:58.0432 PM
[ReportManager] Successfully created attachment [Selenium WebDriver Logs - browser] @03-05-2021 18:49:58.0441 PM
[ReportManager] Successfully created attachment [Selenium WebDriver Logs - driver] @03-05-2021 18:49:58.0764 PM
[ReportManager] Browser Action [closeCurrentWindow] successfully performed. @03-05-2021 18:49:58.0831 PM
[ReportManager] Successfully created attachment [Browser Action Test Data - closeCurrentWindow - Actual Value] @03-05-2021 18:49:58.0834 P



################################################################################################################################################
Starting Execution:	[8 out of 23] test cases in the current suite
Test Method:		[tests.gui.google.A_Search_FlatTest_NativeSeleniumWebDriver.navigateToGoogleHomeAndAssertGoogleLogoIsDisplayed]
###############################################################################################################################################



################################################################################################################################################
Starting Execution:	[9 out of 23] test cases in the current suite
Test Method:		[tests.gui.google.A_Search_FlatTest_NativeSeleniumWebDriver.navigateToGoogleHomeAndAssertPageTitle]
###############################################################################################################################################



################################################################################################################################################
Starting Execution:	[10 out of 23] test cases in the current suite
Test Method:		[tests.gui.google.A_Search_FlatTest_NativeSeleniumWebDriver.searchForQueryAndAssertFirstResultTextIsCorrect]
###############################################################################################################################################

[ReportManager] File Action [getAbsolutePath] successfully performed. With the following test data [Relative Folder Path: "target/downloadedFiles/"]. @03-05-2021 18:50:01.0561 PM
[ReportManager] Attempting to run remotely on: [Linux-64], [GoogleChrome], [http://localhost:4444/wd/hub], Headless Execution. @03-05-2021 18:50:01.0561 PM
[ReportManager] Successfully Opened [GoogleChrome]. @03-05-2021 18:50:01.0865 PM
[ReportManager] Target URL: [https://www.google.com/ncr], and after redirection: [https://www.google.com] @03-05-2021 18:50:01.0886 PM
[ReportManager] Initial URL: [data:,] @03-05-2021 18:50:01.0944 PM
[ReportManager] Browser Action [navigateToURL] successfully performed. With the following test data [https://www.google.com/ncr]. @03-05-2021 18:50:03.0073 P

################################################################################################################################################
Starting Execution:	[11 out of 23] test cases in the current suite
Test Method:		[tests.gui.google.B_Search_FlatTest_SHAFT.navigateToGoogleHomeAndAssertGoogleLogoIsDisplayed]
################################################################################################################################################
[ReportManager] Asserting that the Google logo is displayed... @03-05-2021 18:50:03.0076 PM
[ReportManager] File Action [doesFileExist] successfully performed. With the following test data [File Path: "src/test/resources/DynamicObjectRepository/tests_gui_google_B_Search_FlatTest_SHAFT_navigateToGoogleHomeAndAssertGoogleLogoIsDisplayed_By_xpath_img_id_hplogo_or_alt_Google.png"]. @03-05-2021 18:50:03.0076 PM
[ReportManager] File Action [getAbsolutePath] successfully performed. With the following test data [Relative Folder Path: "src/test/resources/DynamicObjectRepository/tests_gui_google_B_Search_FlatTest_SHAFT_navigateToGoogleHomeAndAssertGoogleLogoIsDisplayed_By_xpath_img_id_hplogo_or_alt_Google.png"]. @03-05-2021 18:50:03.0077 PM
[ReportManager] File Action [readFromImageFile] successfully performed. With the following test data [File Path: "/home/runner/work/using_SHAFT_ENGINE/using_SHAFT_ENGINE/src/test/resources/DynamicObjectRepository/tests_gui_google_B_Search_FlatTest_SHAFT_navigateToGoogleHomeAndAssertGoogleLogoIsDisplayed_By_xpath_img_id_hplogo_or_alt_Google.png"]. @03-05-2021 18:50:03.0077 PM
[ReportManager] AssertElementMatches FAILED; Expected [Element should match the reference screenshot] and Actual [ELEMENT NOT FOUND]. Comparison Type [EXACT_OPENCV]. Validation Type [POSITIVE]. @03-05-2021 18:50:28.0979 PM
[ReportManager] Successfully created attachment [Validation Test Data - Reference Screenshot] @03-05-2021 18:50:28.0980 PM
[ReportManager] Successfully created attachment [Validation Test Data - Actual Screenshot] @03-05-2021 18:50:28.0980 P
[ReportManager] Successfully created attachment [Selenium WebDriver Logs - server] @03-05-2021 18:50:29.0135 PM
[ReportManager] Successfully created attachment [Selenium WebDriver Logs - performance] @03-05-2021 18:50:29.0199 PM
[ReportManager] Successfully created attachment [Selenium WebDriver Logs - browser] @03-05-2021 18:50:29.0208 PM
[ReportManager] Successfully created attachment [Selenium WebDriver Logs - driver] @03-05-2021 18:50:29.0322 PM
[ReportManager] Browser Action [closeCurrentWindow] successfully performed. @03-05-2021 18:50:29.0384 PM
[ReportManager] Successfully created attachment [Browser Action Test Data - closeCurrentWindow - Actual Value] @03-05-2021 18:50:29.0385 P
[ReportManager] File Action [getAbsolutePath] successfully performed. With the following test data [Relative Folder Path: "target/downloadedFiles/"]. @03-05-2021 18:50:29.0389 PM
[ReportManager] Attempting to run remotely on: [Linux-64], [GoogleChrome], [http://localhost:4444/wd/hub], Headless Execution. @03-05-2021 18:50:29.0390 PM
[ReportManager] Successfully Opened [GoogleChrome]. @03-05-2021 18:50:29.0677 PM
[ReportManager] Target URL: [https://www.google.com/ncr], and after redirection: [https://www.google.com] @03-05-2021 18:50:29.0723 PM
[ReportManager] Initial URL: [data:,] @03-05-2021 18:50:29.0779 PM
[ReportManager] Browser Action [navigateToURL] successfully performed. With the following test data [https://www.google.com/ncr]. @03-05-2021 18:50:30.0885 P

################################################################################################################################################
Starting Execution:	[12 out of 23] test cases in the current suite
Test Method:		[tests.gui.google.B_Search_FlatTest_SHAFT.navigateToGoogleHomeAndAssertPageTitle]
################################################################################################################################################
[ReportManager] Asserting that the page title is Google... @03-05-2021 18:50:30.0893 PM
[ReportManager] Browser Action [getCurrentWindowTitle] successfully performed. With the following test data [Google]. @03-05-2021 18:50:30.0940 PM
[ReportManager] AssertBrowserAttribute PASSED; Expected [Value Should be 'Google' for the 'Title' attribute] and Actual [Google]. Comparison Type [EQUALS]. Validation Type [POSITIVE]. @03-05-2021 18:50:30.0940 P
[ReportManager] Successfully created attachment [Selenium WebDriver Logs - server] @03-05-2021 18:50:31.0041 PM
[ReportManager] Successfully created attachment [Selenium WebDriver Logs - performance] @03-05-2021 18:50:31.0113 PM
[ReportManager] Successfully created attachment [Selenium WebDriver Logs - browser] @03-05-2021 18:50:31.0122 PM
[ReportManager] Successfully created attachment [Selenium WebDriver Logs - driver] @03-05-2021 18:50:31.0226 PM
[ReportManager] Browser Action [closeCurrentWindow] successfully performed. @03-05-2021 18:50:31.0285 PM
[ReportManager] Successfully created attachment [Browser Action Test Data - closeCurrentWindow - Actual Value] @03-05-2021 18:50:31.0286 P
[ReportManager] File Action [getAbsolutePath] successfully performed. With the following test data [Relative Folder Path: "target/downloadedFiles/"]. @03-05-2021 18:50:31.0289 PM
[ReportManager] Attempting to run remotely on: [Linux-64], [GoogleChrome], [http://localhost:4444/wd/hub], Headless Execution. @03-05-2021 18:50:31.0289 PM
[ReportManager] Successfully Opened [GoogleChrome]. @03-05-2021 18:50:31.0568 PM
[ReportManager] Target URL: [https://www.google.com/ncr], and after redirection: [https://www.google.com] @03-05-2021 18:50:31.0583 PM
[ReportManager] Initial URL: [data:,] @03-05-2021 18:50:31.0643 PM
[ReportManager] Browser Action [navigateToURL] successfully performed. With the following test data [https://www.google.com/ncr]. @03-05-2021 18:50:32.0790 P

################################################################################################################################################
Starting Execution:	[13 out of 23] test cases in the current suite
Test Method:		[tests.gui.google.B_Search_FlatTest_SHAFT.searchForQueryAndAssertFirstResultTextIsCorrect]
################################################################################################################################################
[ReportManager] Element Action [type] successfully performed. With the following test data [SHAFT_Engine]. @03-05-2021 18:50:33.0486 PM
[ReportManager] Element Action [keyPress] successfully performed. With the following test data [ENTER]. @03-05-2021 18:50:34.0800 PM
[ReportManager] Asserting that the correct first result is displayed... @03-05-2021 18:50:34.0802 PM
[ReportManager] Element Action [getText] successfully performed. With the following test data [MohabMohie/SHAFT_ENGINE: SHAFT_ENGINE is a ... - GitHub]. @03-05-2021 18:50:34.0906 PM
[ReportManager] Loaded Shared OpenCV @03-05-2021 18:50:35.0123 PM
[ReportManager] AssertElementAttribute PASSED; Expected [Value Should be 'MohabMohie' for the 'Text' attribute, element locator 'By.xpath: (//h1[contains(text(),'Search Result')]/following-sibling::div//a/h3)[1]'] and Actual [MohabMohie/SHAFT_ENGINE: SHAFT_ENGINE is a ... - GitHub]. Comparison Type [CONTAINS]. Validation Type [POSITIVE]. @03-05-2021 18:50:35.0201 PM
[ReportManager] Successfully created attachment [Screenshot - 1620067835123_searchForQueryAndAssertFirstResultTextIsCorrect_AssertElementAttribute_passed] @03-05-2021 18:50:35.0205 P
[ReportManager] Successfully created attachment [Selenium WebDriver Logs - server] @03-05-2021 18:50:35.0430 PM
[ReportManager] Successfully created attachment [Selenium WebDriver Logs - performance] @03-05-2021 18:50:35.0611 PM
[ReportManager] Successfully created attachment [Selenium WebDriver Logs - browser] @03-05-2021 18:50:35.0620 PM
[ReportManager] Successfully created attachment [Selenium WebDriver Logs - driver] @03-05-2021 18:50:35.0897 PM
[ReportManager] Browser Action [closeCurrentWindow] successfully performed. @03-05-2021 18:50:35.0959 PM
[ReportManager] Successfully created attachment [Browser Action Test Data - closeCurrentWindow - Actual Value] @03-05-2021 18:50:35.0968 P
[ReportManager] Successfully loaded the following test data file [src/test/resources/TestDataFiles/Google/SimpleSearch.xlsx]. @03-05-2021 18:50:36.0049 PM
[ReportManager] Successfully created attachment [Test Data - Excel] @03-05-2021 18:50:36.0050 P
[ReportManager] File Action [getAbsolutePath] successfully performed. With the following test data [Relative Folder Path: "target/downloadedFiles/"]. @03-05-2021 18:50:36.0057 PM
[ReportManager] Attempting to run remotely on: [Linux-64], [GoogleChrome], [http://localhost:4444/wd/hub], Headless Execution. @03-05-2021 18:50:36.0057 PM
[ReportManager] Successfully Opened [GoogleChrome]. @03-05-2021 18:50:36.0350 PM
[ReportManager] Target URL: [https://www.google.com/ncr], and after redirection: [https://www.google.com] @03-05-2021 18:50:36.0363 PM
[ReportManager] Initial URL: [data:,] @03-05-2021 18:50:36.0430 PM
[ReportManager] Browser Action [navigateToURL] successfully performed. With the following test data [https://www.google.com/ncr]. @03-05-2021 18:50:37.0540 P

################################################################################################################################################
Starting Execution:	[14 out of 23] test cases in the current suite
Test Method:		[tests.gui.google.D_Search_PageObjectModel_Traditional_DataDriven.navigateToGoogleHomeAndAssertGoogleLogoIsDisplayed]
################################################################################################################################################
[ReportManager] Element Action [identifyUniqueElement] failed. With the following test data [zero elements found matching this locator "By.xpath: //img[@id='hplogo' or @alt='Google']".]. @03-05-2021 18:51:03.0211 PM
[ReportManager] Successfully created attachment [Screenshot - 1620067863158_navigateToGoogleHomeAndAssertGoogleLogoIsDisplayed_identifyUniqueElement_failed] @03-05-2021 18:51:03.0212 P
[ReportManager] Successfully created attachment [Selenium WebDriver Logs - server] @03-05-2021 18:51:03.0324 PM
[ReportManager] Successfully created attachment [Selenium WebDriver Logs - performance] @03-05-2021 18:51:03.0375 PM
[ReportManager] Successfully created attachment [Selenium WebDriver Logs - browser] @03-05-2021 18:51:03.0385 PM
[ReportManager] Successfully created attachment [Selenium WebDriver Logs - driver] @03-05-2021 18:51:03.0499 PM
[ReportManager] Browser Action [closeCurrentWindow] successfully performed. @03-05-2021 18:51:03.0558 PM
[ReportManager] Successfully created attachment [Browser Action Test Data - closeCurrentWindow - Actual Value] @03-05-2021 18:51:03.0559 P
[ReportManager] File Action [getAbsolutePath] successfully performed. With the following test data [Relative Folder Path: "target/downloadedFiles/"]. @03-05-2021 18:51:03.0563 PM
[ReportManager] Attempting to run remotely on: [Linux-64], [GoogleChrome], [http://localhost:4444/wd/hub], Headless Execution. @03-05-2021 18:51:03.0564 PM
[ReportManager] Successfully Opened [GoogleChrome]. @03-05-2021 18:51:03.0817 PM
[ReportManager] Target URL: [https://www.google.com/ncr], and after redirection: [https://www.google.com] @03-05-2021 18:51:03.0831 PM
[ReportManager] Initial URL: [data:,] @03-05-2021 18:51:03.0879 PM
[ReportManager] Browser Action [navigateToURL] successfully performed. With the following test data [https://www.google.com/ncr]. @03-05-2021 18:51:05.0122 P

################################################################################################################################################
Starting Execution:	[15 out of 23] test cases in the current suite
Test Method:		[tests.gui.google.D_Search_PageObjectModel_Traditional_DataDriven.navigateToGoogleHomeAndAssertPageTitle]
################################################################################################################################################
[ReportManager] Browser Action [getCurrentWindowTitle] successfully performed. With the following test data [Google]. @03-05-2021 18:51:05.0171 PM
[ReportManager] Asserting that the page title is Google... @03-05-2021 18:51:05.0171 PM
[ReportManager] AssertEquals PASSED; Expected [Google] and Actual [Google]. Comparison Type [EQUALS]. Validation Type [POSITIVE]. @03-05-2021 18:51:05.0172 P
[ReportManager] Successfully created attachment [Selenium WebDriver Logs - server] @03-05-2021 18:51:05.0276 PM
[ReportManager] Successfully created attachment [Selenium WebDriver Logs - performance] @03-05-2021 18:51:05.0335 PM
[ReportManager] Successfully created attachment [Selenium WebDriver Logs - browser] @03-05-2021 18:51:05.0347 PM
[ReportManager] Successfully created attachment [Selenium WebDriver Logs - driver] @03-05-2021 18:51:05.0437 PM
[ReportManager] Browser Action [closeCurrentWindow] successfully performed. @03-05-2021 18:51:05.0495 PM
[ReportManager] Successfully created attachment [Browser Action Test Data - closeCurrentWindow - Actual Value] @03-05-2021 18:51:05.0496 P
[ReportManager] File Action [getAbsolutePath] successfully performed. With the following test data [Relative Folder Path: "target/downloadedFiles/"]. @03-05-2021 18:51:05.0498 PM
[ReportManager] Attempting to run remotely on: [Linux-64], [GoogleChrome], [http://localhost:4444/wd/hub], Headless Execution. @03-05-2021 18:51:05.0499 PM
[ReportManager] Successfully Opened [GoogleChrome]. @03-05-2021 18:51:05.0769 PM
[ReportManager] Target URL: [https://www.google.com/ncr], and after redirection: [https://www.google.com] @03-05-2021 18:51:05.0787 PM
[ReportManager] Initial URL: [data:,] @03-05-2021 18:51:05.0844 PM
[ReportManager] Browser Action [navigateToURL] successfully performed. With the following test data [https://www.google.com/ncr]. @03-05-2021 18:51:07.0054 P

################################################################################################################################################
Starting Execution:	[16 out of 23] test cases in the current suite
Test Method:		[tests.gui.google.D_Search_PageObjectModel_Traditional_DataDriven.searchForQueryAndAssertFirstResultTextIsCorrect]
################################################################################################################################################
[ReportManager] Element Action [type] successfully performed. With the following test data [SHAFT_Engine]. @03-05-2021 18:51:07.0930 PM
[ReportManager] Element Action [keyPress] successfully performed. With the following test data [ENTER]. @03-05-2021 18:51:08.0684 PM
[ReportManager] Element Action [getText] successfully performed. With the following test data [MohabMohie/SHAFT_ENGINE: SHAFT_ENGINE is a ... - GitHub]. @03-05-2021 18:51:09.0157 PM
[ReportManager] Asserting that the correct first result is displayed... @03-05-2021 18:51:09.0157 PM
[ReportManager] AssertEquals PASSED; Expected [MohabMohie] and Actual [MohabMohie/SHAFT_ENGINE: SHAFT_ENGINE is a ... - GitHub]. Comparison Type [CONTAINS]. Validation Type [POSITIVE]. @03-05-2021 18:51:09.0157 P
[ReportManager] Successfully created attachment [Selenium WebDriver Logs - server] @03-05-2021 18:51:09.0456 PM
[ReportManager] Successfully created attachment [Selenium WebDriver Logs - performance] @03-05-2021 18:51:09.0707 PM
[ReportManager] Successfully created attachment [Selenium WebDriver Logs - browser] @03-05-2021 18:51:09.0716 PM
[ReportManager] Successfully created attachment [Selenium WebDriver Logs - driver] @03-05-2021 18:51:10.0020 PM
[ReportManager] Browser Action [closeCurrentWindow] successfully performed. @03-05-2021 18:51:10.0085 PM
[ReportManager] Successfully created attachment [Browser Action Test Data - closeCurrentWindow - Actual Value] @03-05-2021 18:51:10.0088 P
[ReportManager] Successfully loaded the following test data file [src/test/resources/TestDataFiles/Google/SimpleSearch.xlsx]. @03-05-2021 18:51:10.0178 PM
[ReportManager] Successfully created attachment [Test Data - Excel] @03-05-2021 18:51:10.0179 P
[ReportManager] File Action [getAbsolutePath] successfully performed. With the following test data [Relative Folder Path: "target/downloadedFiles/"]. @03-05-2021 18:51:10.0186 PM
[ReportManager] Attempting to run remotely on: [Linux-64], [GoogleChrome], [http://localhost:4444/wd/hub], Headless Execution. @03-05-2021 18:51:10.0187 PM
[ReportManager] Successfully Opened [GoogleChrome]. @03-05-2021 18:51:10.0561 PM
[ReportManager] Target URL: [https://www.google.com/ncr], and after redirection: [https://www.google.com] @03-05-2021 18:51:10.0575 PM
[ReportManager] Initial URL: [data:,] @03-05-2021 18:51:10.0643 PM
[ReportManager] Browser Action [navigateToURL] successfully performed. With the following test data [https://www.google.com/ncr]. @03-05-2021 18:51:11.0904 P

################################################################################################################################################
Starting Execution:	[17 out of 23] test cases in the current suite
Test Method:		[tests.gui.google.G_Search_PageObjectModel_ThreadSafe.navigateToGoogleHomeAndAssertGoogleLogoIsDisplayed]
################################################################################################################################################
[ReportManager] Asserting that the Google logo is displayed... @03-05-2021 18:51:11.0907 PM
[ReportManager] File Action [doesFileExist] successfully performed. With the following test data [File Path: "src/test/resources/DynamicObjectRepository/tests_gui_google_G_Search_PageObjectModel_ThreadSafe_navigateToGoogleHomeAndAssertGoogleLogoIsDisplayed_By_xpath_img_id_hplogo_or_alt_Google.png"]. @03-05-2021 18:51:11.0908 PM
[ReportManager] File Action [getAbsolutePath] successfully performed. With the following test data [Relative Folder Path: "src/test/resources/DynamicObjectRepository/tests_gui_google_G_Search_PageObjectModel_ThreadSafe_navigateToGoogleHomeAndAssertGoogleLogoIsDisplayed_By_xpath_img_id_hplogo_or_alt_Google.png"]. @03-05-2021 18:51:11.0908 PM
[ReportManager] File Action [readFromImageFile] successfully performed. With the following test data [File Path: "/home/runner/work/using_SHAFT_ENGINE/using_SHAFT_ENGINE/src/test/resources/DynamicObjectRepository/tests_gui_google_G_Search_PageObjectModel_ThreadSafe_navigateToGoogleHomeAndAssertGoogleLogoIsDisplayed_By_xpath_img_id_hplogo_or_alt_Google.png"]. @03-05-2021 18:51:11.0908 PM
[ReportManager] AssertElementMatches FAILED; Expected [Element should match the reference screenshot] and Actual [ELEMENT NOT FOUND]. Comparison Type [EXACT_OPENCV]. Validation Type [POSITIVE]. @03-05-2021 18:51:37.0740 PM
[ReportManager] Successfully created attachment [Validation Test Data - Reference Screenshot] @03-05-2021 18:51:37.0741 PM
[ReportManager] Successfully created attachment [Validation Test Data - Actual Screenshot] @03-05-2021 18:51:37.0741 P
[ReportManager] Successfully created attachment [Selenium WebDriver Logs - server] @03-05-2021 18:51:37.0846 PM
[ReportManager] Successfully created attachment [Selenium WebDriver Logs - performance] @03-05-2021 18:51:37.0894 PM
[ReportManager] Successfully created attachment [Selenium WebDriver Logs - browser] @03-05-2021 18:51:37.0907 PM
[ReportManager] Successfully created attachment [Selenium WebDriver Logs - driver] @03-05-2021 18:51:38.0025 PM
[ReportManager] Browser Action [closeCurrentWindow] successfully performed. @03-05-2021 18:51:38.0083 PM
[ReportManager] Successfully created attachment [Browser Action Test Data - closeCurrentWindow - Actual Value] @03-05-2021 18:51:38.0084 P
[ReportManager] File Action [getAbsolutePath] successfully performed. With the following test data [Relative Folder Path: "target/downloadedFiles/"]. @03-05-2021 18:51:38.0087 PM
[ReportManager] Attempting to run remotely on: [Linux-64], [GoogleChrome], [http://localhost:4444/wd/hub], Headless Execution. @03-05-2021 18:51:38.0087 PM
[ReportManager] Successfully Opened [GoogleChrome]. @03-05-2021 18:51:38.0335 PM
[ReportManager] Target URL: [https://www.google.com/ncr], and after redirection: [https://www.google.com] @03-05-2021 18:51:38.0351 PM
[ReportManager] Initial URL: [data:,] @03-05-2021 18:51:38.0396 PM
[ReportManager] Browser Action [navigateToURL] successfully performed. With the following test data [https://www.google.com/ncr]. @03-05-2021 18:51:39.0498 P

################################################################################################################################################
Starting Execution:	[18 out of 23] test cases in the current suite
Test Method:		[tests.gui.google.G_Search_PageObjectModel_ThreadSafe.navigateToGoogleHomeAndAssertPageTitle]
################################################################################################################################################
[ReportManager] Asserting that the page title is Google... @03-05-2021 18:51:39.0501 PM
[ReportManager] Browser Action [getCurrentWindowTitle] successfully performed. With the following test data [Google]. @03-05-2021 18:51:39.0556 PM
[ReportManager] AssertBrowserAttribute PASSED; Expected [Value Should be 'Google' for the 'Title' attribute] and Actual [Google]. Comparison Type [EQUALS]. Validation Type [POSITIVE]. @03-05-2021 18:51:39.0556 P
[ReportManager] Successfully created attachment [Selenium WebDriver Logs - server] @03-05-2021 18:51:39.0652 PM
[ReportManager] Successfully created attachment [Selenium WebDriver Logs - performance] @03-05-2021 18:51:39.0707 PM
[ReportManager] Successfully created attachment [Selenium WebDriver Logs - browser] @03-05-2021 18:51:39.0715 PM
[ReportManager] Successfully created attachment [Selenium WebDriver Logs - driver] @03-05-2021 18:51:39.0801 PM
[ReportManager] Browser Action [closeCurrentWindow] successfully performed. @03-05-2021 18:51:39.0859 PM
[ReportManager] Successfully created attachment [Browser Action Test Data - closeCurrentWindow - Actual Value] @03-05-2021 18:51:39.0861 P
[ReportManager] File Action [getAbsolutePath] successfully performed. With the following test data [Relative Folder Path: "target/downloadedFiles/"]. @03-05-2021 18:51:39.0864 PM
[ReportManager] Attempting to run remotely on: [Linux-64], [GoogleChrome], [http://localhost:4444/wd/hub], Headless Execution. @03-05-2021 18:51:39.0865 PM
[ReportManager] Successfully Opened [GoogleChrome]. @03-05-2021 18:51:40.0112 PM
[ReportManager] Target URL: [https://www.google.com/ncr], and after redirection: [https://www.google.com] @03-05-2021 18:51:40.0124 PM
[ReportManager] Initial URL: [data:,] @03-05-2021 18:51:40.0171 PM
[ReportManager] Browser Action [navigateToURL] successfully performed. With the following test data [https://www.google.com/ncr]. @03-05-2021 18:51:41.0246 P

################################################################################################################################################
Starting Execution:	[19 out of 23] test cases in the current suite
Test Method:		[tests.gui.google.G_Search_PageObjectModel_ThreadSafe.searchForQueryAndAssertFirstResultTextIsCorrect]
################################################################################################################################################
[ReportManager] Element Action [type] successfully performed. With the following test data [SHAFT_Engine]. @03-05-2021 18:51:41.0974 PM
[ReportManager] Element Action [keyPress] successfully performed. With the following test data [ENTER]. @03-05-2021 18:51:43.0657 PM
[ReportManager] Asserting that the correct first result is displayed... @03-05-2021 18:51:43.0658 PM
[ReportManager] Element Action [getText] successfully performed. With the following test data [MohabMohie/SHAFT_ENGINE: SHAFT_ENGINE is a ... - GitHub]. @03-05-2021 18:51:43.0753 PM
[ReportManager] Loaded Shared OpenCV @03-05-2021 18:51:43.0956 PM
[ReportManager] AssertElementAttribute PASSED; Expected [Value Should be 'MohabMohie' for the 'Text' attribute, element locator 'By.xpath: (//h1[contains(text(),'Search Result')]/following-sibling::div//a/h3)[1]'] and Actual [MohabMohie/SHAFT_ENGINE: SHAFT_ENGINE is a ... - GitHub]. Comparison Type [CONTAINS]. Validation Type [POSITIVE]. @03-05-2021 18:51:44.0035 PM
[ReportManager] Successfully created attachment [Screenshot - 1620067903956_searchForQueryAndAssertFirstResultTextIsCorrect_AssertElementAttribute_passed] @03-05-2021 18:51:44.0036 P
[ReportManager] Successfully created attachment [Selenium WebDriver Logs - server] @03-05-2021 18:51:44.0258 PM
[ReportManager] Successfully created attachment [Selenium WebDriver Logs - performance] @03-05-2021 18:51:44.0481 PM
[ReportManager] Successfully created attachment [Selenium WebDriver Logs - browser] @03-05-2021 18:51:44.0490 PM
[ReportManager] Successfully created attachment [Selenium WebDriver Logs - driver] @03-05-2021 18:51:44.0733 PM
[ReportManager] Browser Action [closeCurrentWindow] successfully performed. @03-05-2021 18:51:44.0808 PM
[ReportManager] Successfully created attachment [Browser Action Test Data - closeCurrentWindow - Actual Value] @03-05-2021 18:51:44.0811 P
[ReportManager] Successfully loaded the following test data file [src/test/resources/TestDataFiles/Google/SimpleSearch.xlsx]. @03-05-2021 18:51:44.0878 PM
[ReportManager] Successfully created attachment [Test Data - Excel] @03-05-2021 18:51:44.0878 P
[ReportManager] File Action [getAbsolutePath] successfully performed. With the following test data [Relative Folder Path: "target/downloadedFiles/"]. @03-05-2021 18:51:44.0879 PM
[ReportManager] Attempting to run remotely on: [Linux-64], [GoogleChrome], [http://localhost:4444/wd/hub], Headless Execution. @03-05-2021 18:51:44.0879 PM
[ReportManager] Successfully Opened [GoogleChrome]. @03-05-2021 18:51:45.0192 PM
[ReportManager] Target URL: [https://www.google.com/ncr], and after redirection: [https://www.google.com] @03-05-2021 18:51:45.0204 PM
[ReportManager] Initial URL: [data:,] @03-05-2021 18:51:45.0257 PM
[ReportManager] Browser Action [navigateToURL] successfully performed. With the following test data [https://www.google.com/ncr]. @03-05-2021 18:51:46.0295 P

################################################################################################################################################
Starting Execution:	[20 out of 23] test cases in the current suite
Test Method:		[tests.gui.google.E_Search_PageObjectModel_Traditional_SHAFTAssertions.navigateToGoogleHomeAndAssertGoogleLogoIsDisplayed]
################################################################################################################################################
[ReportManager] Asserting that the Google logo is displayed... @03-05-2021 18:51:46.0300 PM
[ReportManager] File Action [doesFileExist] successfully performed. With the following test data [File Path: "src/test/resources/DynamicObjectRepository/tests_gui_google_E_Search_PageObjectModel_Traditional_SHAFTAssertions_navigateToGoogleHomeAndAssertGoogleLogoIsDisplayed_By_xpath_img_id_hplogo_or_alt_Google.png"]. @03-05-2021 18:51:46.0300 PM
[ReportManager] File Action [getAbsolutePath] successfully performed. With the following test data [Relative Folder Path: "src/test/resources/DynamicObjectRepository/tests_gui_google_E_Search_PageObjectModel_Traditional_SHAFTAssertions_navigateToGoogleHomeAndAssertGoogleLogoIsDisplayed_By_xpath_img_id_hplogo_or_alt_Google.png"]. @03-05-2021 18:51:46.0300 PM
[ReportManager] File Action [readFromImageFile] successfully performed. With the following test data [File Path: "/home/runner/work/using_SHAFT_ENGINE/using_SHAFT_ENGINE/src/test/resources/DynamicObjectRepository/tests_gui_google_E_Search_PageObjectModel_Traditional_SHAFTAssertions_navigateToGoogleHomeAndAssertGoogleLogoIsDisplayed_By_xpath_img_id_hplogo_or_alt_Google.png"]. @03-05-2021 18:51:46.0300 PM
[ReportManager] AssertElementMatches FAILED; Expected [Element should match the reference screenshot] and Actual [ELEMENT NOT FOUND]. Comparison Type [EXACT_OPENCV]. Validation Type [POSITIVE]. @03-05-2021 18:52:12.0148 PM
[ReportManager] Successfully created attachment [Validation Test Data - Reference Screenshot] @03-05-2021 18:52:12.0148 PM
[ReportManager] Successfully created attachment [Validation Test Data - Actual Screenshot] @03-05-2021 18:52:12.0149 P
[ReportManager] Successfully created attachment [Selenium WebDriver Logs - server] @03-05-2021 18:52:12.0263 PM
[ReportManager] Successfully created attachment [Selenium WebDriver Logs - performance] @03-05-2021 18:52:12.0317 PM
[ReportManager] Successfully created attachment [Selenium WebDriver Logs - browser] @03-05-2021 18:52:12.0325 PM
[ReportManager] Successfully created attachment [Selenium WebDriver Logs - driver] @03-05-2021 18:52:12.0455 PM
[ReportManager] Browser Action [closeCurrentWindow] successfully performed. @03-05-2021 18:52:12.0515 PM
[ReportManager] Successfully created attachment [Browser Action Test Data - closeCurrentWindow - Actual Value] @03-05-2021 18:52:12.0521 P
[ReportManager] File Action [getAbsolutePath] successfully performed. With the following test data [Relative Folder Path: "target/downloadedFiles/"]. @03-05-2021 18:52:12.0524 PM
[ReportManager] Attempting to run remotely on: [Linux-64], [GoogleChrome], [http://localhost:4444/wd/hub], Headless Execution. @03-05-2021 18:52:12.0524 PM
[ReportManager] Successfully Opened [GoogleChrome]. @03-05-2021 18:52:12.0790 PM
[ReportManager] Target URL: [https://www.google.com/ncr], and after redirection: [https://www.google.com] @03-05-2021 18:52:12.0802 PM
[ReportManager] Initial URL: [data:,] @03-05-2021 18:52:12.0857 PM
[ReportManager] Browser Action [navigateToURL] successfully performed. With the following test data [https://www.google.com/ncr]. @03-05-2021 18:52:14.0051 P

################################################################################################################################################
Starting Execution:	[21 out of 23] test cases in the current suite
Test Method:		[tests.gui.google.E_Search_PageObjectModel_Traditional_SHAFTAssertions.navigateToGoogleHomeAndAssertPageTitle]
################################################################################################################################################
[ReportManager] Asserting that the page title is Google... @03-05-2021 18:52:14.0064 PM
[ReportManager] Browser Action [getCurrentWindowTitle] successfully performed. With the following test data [Google]. @03-05-2021 18:52:14.0099 PM
[ReportManager] AssertBrowserAttribute PASSED; Expected [Value Should be 'Google' for the 'Title' attribute] and Actual [Google]. Comparison Type [EQUALS]. Validation Type [POSITIVE]. @03-05-2021 18:52:14.0099 P
[ReportManager] Successfully created attachment [Selenium WebDriver Logs - server] @03-05-2021 18:52:14.0203 PM
[ReportManager] Successfully created attachment [Selenium WebDriver Logs - performance] @03-05-2021 18:52:14.0261 PM
[ReportManager] Successfully created attachment [Selenium WebDriver Logs - browser] @03-05-2021 18:52:14.0271 PM
[ReportManager] Successfully created attachment [Selenium WebDriver Logs - driver] @03-05-2021 18:52:14.0360 PM
[ReportManager] Browser Action [closeCurrentWindow] successfully performed. @03-05-2021 18:52:14.0418 PM
[ReportManager] Successfully created attachment [Browser Action Test Data - closeCurrentWindow - Actual Value] @03-05-2021 18:52:14.0420 P
[ReportManager] File Action [getAbsolutePath] successfully performed. With the following test data [Relative Folder Path: "target/downloadedFiles/"]. @03-05-2021 18:52:14.0424 PM
[ReportManager] Attempting to run remotely on: [Linux-64], [GoogleChrome], [http://localhost:4444/wd/hub], Headless Execution. @03-05-2021 18:52:14.0425 PM
[ReportManager] Successfully Opened [GoogleChrome]. @03-05-2021 18:52:14.0685 PM
[ReportManager] Target URL: [https://www.google.com/ncr], and after redirection: [https://www.google.com] @03-05-2021 18:52:14.0703 PM
[ReportManager] Initial URL: [data:,] @03-05-2021 18:52:14.0763 PM
[ReportManager] Browser Action [navigateToURL] successfully performed. With the following test data [https://www.google.com/ncr]. @03-05-2021 18:52:16.0037 P

################################################################################################################################################
Starting Execution:	[22 out of 23] test cases in the current suite
Test Method:		[tests.gui.google.E_Search_PageObjectModel_Traditional_SHAFTAssertions.searchForQueryAndAssertFirstResultTextIsCorrect]
################################################################################################################################################
[ReportManager] Element Action [type] successfully performed. With the following test data [SHAFT_Engine]. @03-05-2021 18:52:16.0922 PM
[ReportManager] Element Action [keyPress] successfully performed. With the following test data [ENTER]. @03-05-2021 18:52:18.0229 PM
[ReportManager] Asserting that the correct first result is displayed... @03-05-2021 18:52:18.0231 PM
[ReportManager] Element Action [getText] successfully performed. With the following test data [MohabMohie/SHAFT_ENGINE: SHAFT_ENGINE is a ... - GitHub]. @03-05-2021 18:52:18.0344 PM
[ReportManager] Loaded Shared OpenCV @03-05-2021 18:52:18.0556 PM
[ReportManager] AssertElementAttribute PASSED; Expected [Value Should be 'MohabMohie' for the 'Text' attribute, element locator 'By.xpath: (//h1[contains(text(),'Search Result')]/following-sibling::div//a/h3)[1]'] and Actual [MohabMohie/SHAFT_ENGINE: SHAFT_ENGINE is a ... - GitHub]. Comparison Type [CONTAINS]. Validation Type [POSITIVE]. @03-05-2021 18:52:18.0635 PM
[ReportManager] Successfully created attachment [Screenshot - 1620067938556_searchForQueryAndAssertFirstResultTextIsCorrect_AssertElementAttribute_passed] @03-05-2021 18:52:18.0636 P
[ReportManager] Successfully created attachment [Selenium WebDriver Logs - server] @03-05-2021 18:52:18.0841 PM
[ReportManager] Successfully created attachment [Selenium WebDriver Logs - performance] @03-05-2021 18:52:19.0069 PM
[ReportManager] Successfully created attachment [Selenium WebDriver Logs - browser] @03-05-2021 18:52:19.0076 PM
[ReportManager] Successfully created attachment [Selenium WebDriver Logs - driver] @03-05-2021 18:52:19.0380 PM
[ReportManager] Browser Action [closeCurrentWindow] successfully performed. @03-05-2021 18:52:19.0410 PM
[ReportManager] Successfully created attachment [Browser Action Test Data - closeCurrentWindow - Actual Value] @03-05-2021 18:52:19.0413 P

################################################################################################################################################
Starting Execution:	[23 out of 23] test cases in the current suite
Test Method:		[tests.api.users.UserData.validateUserEmail]
################################################################################################################################################
[ReportManager] Response status code: [200], status line: [HTTP/1.1 200 OK] @03-05-2021 18:52:21.0977 PM
[ReportManager] Evaluating the actual response status code against the expected one...... @03-05-2021 18:52:21.0978 PM
[ReportManager] AssertEquals PASSED; Expected [200] and Actual [200]. Comparison Type [EQUALS]. Validation Type [POSITIVE]. @03-05-2021 18:52:21.0978 PM
[ReportManager] API Action [performRequest] successfully performed. With the following test data [Request Type: "GET" | Target Status Code: "200" | Service URL: "https://jsonplaceholder.typicode.com/users" | Content Type: "*/*" | Response Time: "748ms"]. @03-05-2021 18:52:23.0006 PM
[ReportManager] Successfully created attachment [API Response - JSON Body] @03-05-2021 18:52:23.0272 PM
[ReportManager] AssertEquals PASSED; Expected and Actual values are attached. Comparison Type [CONTAINS]. Validation Type [POSITIVE]. @03-05-2021 18:52:23.0273 PM
[ReportManager] Successfully created attachment [Validation Test Data - Expected Value] @03-05-2021 18:52:23.0273 PM
[ReportManager] Successfully created attachment [Validation Test Data - Actual Value] @03-05-2021 18:52:23.0273 PM
[ReportManager] API Action [getResponseJSONValueAsList] successfully performed. With the following test data [$]. @03-05-2021 18:52:23.0283 PM
[ReportManager] API Action [getResponseJSONValue] successfully performed. With the following test data [name]. @03-05-2021 18:52:23.0305 PM
[ReportManager] API Action [getResponseJSONValue] successfully performed. With the following test data [email]. @03-05-2021 18:52:23.0317 PM
[ReportManager] AssertEquals PASSED; Expected [Sincere@april.biz] and Actual [Sincere@april.biz]. Comparison Type [EQUALS]. Validation Type [POSITIVE]. @03-05-2021 18:52:23.0318 PM
[ReportManager] API Action [getResponseJSONValue] successfully performed. With the following test data [name]. @03-05-2021 18:52:23.0329 PM
[ReportManager] API Action [getResponseJSONValue] successfully performed. With the following test data [name]. @03-05-2021 18:52:23.0341 PM
[ReportManager] API Action [getResponseJSONValue] successfully performed. With the following test data [name]. @03-05-2021 18:52:23.0353 PM
[ReportManager] API Action [getResponseJSONValue] successfully performed. With the following test data [name]. @03-05-2021 18:52:23.0365 PM
[ReportManager] API Action [getResponseJSONValue] successfully performed. With the following test data [name]. @03-05-2021 18:52:23.0376 PM
[ReportManager] API Action [getResponseJSONValue] successfully performed. With the following test data [name]. @03-05-2021 18:52:23.0387 PM
[ReportManager] API Action [getResponseJSONValue] successfully performed. With the following test data [name]. @03-05-2021 18:52:23.0399 PM
[ReportManager] API Action [getResponseJSONValue] successfully performed. With the following test data [name]. @03-05-2021 18:52:23.0410 PM
[ReportManager] API Action [getResponseJSONValue] successfully performed. With the following test data [name]. @03-05-2021 18:52:23.0421 P

################################################################################################################################################
Test Closure Activities
################################################################################################################################################
[ReportManager] Successfully created attachment [SHAFT Engine Logs - Execution log] @03-05-2021 18:52:23.0462 PM

################################################################################################################################################
This test run was powered by SHAFT Engine Version: [SHAFT Engine v5.2.20210427]
SHAFT Engine is licensed under the MIT License: [https://github.com/MohabMohie/SHAFT_ENGINE/blob/master/LICENSE].
################################################################################################################################################