################################################################################################################################################
Detected SHAFT Engine Version: [SHAFT Engine v5.1]
################################################################################################################################################

################################################################################################################################################
Starting Execution:	[1 out of 23] test cases in the current suite
Test Method:		[tests.api.users.UserData.validateUserEmail]
################################################################################################################################################
[ReportManager] Response status code: [200], status line: [HTTP/1.1 200 OK] @18-02-2021 18:37:36.0348 PM
[ReportManager] Evaluating the actual response status code against the expected one...... @18-02-2021 18:37:36.0355 PM
[ReportManager] AssertEquals PASSED; Expected [200] and Actual [200]. Comparison Type [EQUALS]. Validation Type [POSITIVE]. @18-02-2021 18:37:36.0360 PM
[ReportManager] API Action [performRequest] successfully performed. With the following test data [Request Type: "GET" | Target Status Code: "200" | Service URL: "https://jsonplaceholder.typicode.com/users" | Content Type: "*/*" | Response Time: "1168ms"]. @18-02-2021 18:37:37.0516 PM
[ReportManager] Successfully created attachment [API Response - JSON Body] @18-02-2021 18:37:37.0754 PM
[ReportManager] AssertEquals PASSED; Expected and Actual values are attached. Comparison Type [CONTAINS]. Validation Type [POSITIVE]. @18-02-2021 18:37:37.0759 PM
[ReportManager] Successfully created attachment [Validation Test Data - Expected Value] @18-02-2021 18:37:37.0760 PM
[ReportManager] Successfully created attachment [Validation Test Data - Actual Value] @18-02-2021 18:37:37.0761 PM
[ReportManager] API Action [getResponseJSONValueAsList] successfully performed. With the following test data [$]. @18-02-2021 18:37:37.0783 PM
[ReportManager] API Action [getResponseJSONValue] successfully performed. With the following test data [name]. @18-02-2021 18:37:37.0814 PM
[ReportManager] API Action [getResponseJSONValue] successfully performed. With the following test data [email]. @18-02-2021 18:37:37.0852 PM
[ReportManager] AssertEquals PASSED; Expected [Sincere@april.biz] and Actual [Sincere@april.biz]. Comparison Type [EQUALS]. Validation Type [POSITIVE]. @18-02-2021 18:37:37.0854 PM
[ReportManager] API Action [getResponseJSONValue] successfully performed. With the following test data [name]. @18-02-2021 18:37:37.0878 PM
[ReportManager] API Action [getResponseJSONValue] successfully performed. With the following test data [name]. @18-02-2021 18:37:37.0902 PM
[ReportManager] API Action [getResponseJSONValue] successfully performed. With the following test data [name]. @18-02-2021 18:37:37.0919 PM
[ReportManager] API Action [getResponseJSONValue] successfully performed. With the following test data [name]. @18-02-2021 18:37:37.0938 PM
[ReportManager] API Action [getResponseJSONValue] successfully performed. With the following test data [name]. @18-02-2021 18:37:37.0960 PM
[ReportManager] API Action [getResponseJSONValue] successfully performed. With the following test data [name]. @18-02-2021 18:37:37.0978 PM
[ReportManager] API Action [getResponseJSONValue] successfully performed. With the following test data [name]. @18-02-2021 18:37:37.0994 PM
[ReportManager] API Action [getResponseJSONValue] successfully performed. With the following test data [name]. @18-02-2021 18:37:38.0011 PM
[ReportManager] API Action [getResponseJSONValue] successfully performed. With the following test data [name]. @18-02-2021 18:37:38.0029 P
[ReportManager] File Action [getAbsolutePath] successfully performed. With the following test data [Relative Folder Path: "target/downloadedFiles/"]. @18-02-2021 18:37:38.0165 PM
[ReportManager] Attempting to run remotely on: [Linux-64], [GoogleChrome], [http://localhost:4444/wd/hub], Headless Execution. @18-02-2021 18:37:38.0196 PM
[ReportManager] Successfully Opened [GoogleChrome]. @18-02-2021 18:37:39.0686 PM
[ReportManager] Target URL: [https://www.google.com/ncr], and after redirection: [https://www.google.com] @18-02-2021 18:37:39.0753 PM
[ReportManager] Initial URL: [data:,] @18-02-2021 18:37:39.0854 PM
[ReportManager] Browser Action [navigateToURL] successfully performed. With the following test data [https://www.google.com/ncr]. @18-02-2021 18:37:41.0302 P

################################################################################################################################################
Starting Execution:	[2 out of 23] test cases in the current suite
Test Method:		[tests.gui.google.C_Search_PageObjectModel_Traditional.navigateToGoogleHomeAndAssertGoogleLogoIsDisplayed]
################################################################################################################################################
[ReportManager] Element Action [identifyUniqueElement] failed. With the following test data [zero elements found matching this locator "By.xpath: //img[@id='hplogo' or @alt='Google']".]. @18-02-2021 18:37:41.0744 PM
[ReportManager] Successfully created attachment [Screenshot - 1613673461518_navigateToGoogleHomeAndAssertGoogleLogoIsDisplayed_identifyUniqueElement_failed] @18-02-2021 18:37:41.0753 P
[ReportManager] Successfully created attachment [Selenium WebDriver Logs - server] @18-02-2021 18:37:41.0916 PM
[ReportManager] Successfully created attachment [Selenium WebDriver Logs - performance] @18-02-2021 18:37:42.0005 PM
[ReportManager] Successfully created attachment [Selenium WebDriver Logs - driver] @18-02-2021 18:37:42.0198 PM
[ReportManager] Browser Action [closeCurrentWindow] successfully performed. @18-02-2021 18:37:42.0259 PM
[ReportManager] Successfully created attachment [Browser Action Test Data - closeCurrentWindow - Actual Value] @18-02-2021 18:37:42.0266 P
[ReportManager] File Action [getAbsolutePath] successfully performed. With the following test data [Relative Folder Path: "target/downloadedFiles/"]. @18-02-2021 18:37:42.0278 PM
[ReportManager] Attempting to run remotely on: [Linux-64], [GoogleChrome], [http://localhost:4444/wd/hub], Headless Execution. @18-02-2021 18:37:42.0279 PM
[ReportManager] Successfully Opened [GoogleChrome]. @18-02-2021 18:37:42.0929 PM
[ReportManager] Target URL: [https://www.google.com/ncr], and after redirection: [https://www.google.com] @18-02-2021 18:37:42.0973 PM
[ReportManager] Initial URL: [data:,] @18-02-2021 18:37:43.0063 PM
[ReportManager] Browser Action [navigateToURL] successfully performed. With the following test data [https://www.google.com/ncr]. @18-02-2021 18:37:44.0248 P

################################################################################################################################################
Starting Execution:	[3 out of 23] test cases in the current suite
Test Method:		[tests.gui.google.C_Search_PageObjectModel_Traditional.navigateToGoogleHomeAndAssertPageTitle]
################################################################################################################################################
[ReportManager] Browser Action [getCurrentWindowTitle] successfully performed. With the following test data [Google]. @18-02-2021 18:37:44.0309 PM
[ReportManager] Asserting that the page title is Google... @18-02-2021 18:37:44.0310 PM
[ReportManager] AssertEquals PASSED; Expected [Google] and Actual [Google]. Comparison Type [EQUALS]. Validation Type [POSITIVE]. @18-02-2021 18:37:44.0310 P
[ReportManager] Successfully created attachment [Selenium WebDriver Logs - server] @18-02-2021 18:37:44.0421 PM
[ReportManager] Successfully created attachment [Selenium WebDriver Logs - performance] @18-02-2021 18:37:44.0471 PM
[ReportManager] Successfully created attachment [Selenium WebDriver Logs - driver] @18-02-2021 18:37:44.0637 PM
[ReportManager] Browser Action [closeCurrentWindow] successfully performed. @18-02-2021 18:37:44.0700 PM
[ReportManager] Successfully created attachment [Browser Action Test Data - closeCurrentWindow - Actual Value] @18-02-2021 18:37:44.0702 P
[ReportManager] File Action [getAbsolutePath] successfully performed. With the following test data [Relative Folder Path: "target/downloadedFiles/"]. @18-02-2021 18:37:44.0705 PM
[ReportManager] Attempting to run remotely on: [Linux-64], [GoogleChrome], [http://localhost:4444/wd/hub], Headless Execution. @18-02-2021 18:37:44.0705 PM
[ReportManager] Successfully Opened [GoogleChrome]. @18-02-2021 18:37:45.0341 PM
[ReportManager] Target URL: [https://www.google.com/ncr], and after redirection: [https://www.google.com] @18-02-2021 18:37:45.0372 PM
[ReportManager] Initial URL: [data:,] @18-02-2021 18:37:45.0468 PM
[ReportManager] Browser Action [navigateToURL] successfully performed. With the following test data [https://www.google.com/ncr]. @18-02-2021 18:37:46.0517 P

################################################################################################################################################
Starting Execution:	[4 out of 23] test cases in the current suite
Test Method:		[tests.gui.google.C_Search_PageObjectModel_Traditional.searchForQueryAndAssertFirstResultTextIsCorrect]
################################################################################################################################################
[ReportManager] Element Action [type] successfully performed. With the following test data [SHAFT_Engine]. @18-02-2021 18:37:47.0418 PM
[ReportManager] Element Action [keyPress] successfully performed. With the following test data [ENTER]. @18-02-2021 18:37:48.0628 PM
[ReportManager] Element Action [getText] successfully performed. With the following test data [MohabMohie/SHAFT_ENGINE: SHAFT_ENGINE is a ... - GitHub]. @18-02-2021 18:37:48.0776 PM
[ReportManager] Asserting that the correct first result is displayed... @18-02-2021 18:37:48.0776 PM
[ReportManager] AssertEquals PASSED; Expected [MohabMohie] and Actual [MohabMohie/SHAFT_ENGINE: SHAFT_ENGINE is a ... - GitHub]. Comparison Type [CONTAINS]. Validation Type [POSITIVE]. @18-02-2021 18:37:48.0776 P
[ReportManager] Successfully created attachment [Selenium WebDriver Logs - server] @18-02-2021 18:37:49.0053 PM
[ReportManager] Successfully created attachment [Selenium WebDriver Logs - performance] @18-02-2021 18:37:49.0308 PM
[ReportManager] Successfully created attachment [Selenium WebDriver Logs - driver] @18-02-2021 18:37:49.0671 PM
[ReportManager] Browser Action [closeCurrentWindow] successfully performed. @18-02-2021 18:37:49.0732 PM
[ReportManager] Successfully created attachment [Browser Action Test Data - closeCurrentWindow - Actual Value] @18-02-2021 18:37:49.0749 P
[ReportManager] Successfully loaded the following test data file [src/test/resources/TestDataFiles/Google/SimpleSearch.xlsx]. @18-02-2021 18:37:50.0570 PM
[ReportManager] Successfully created attachment [Test Data - Excel] @18-02-2021 18:37:50.0573 P
[ReportManager] File Action [getAbsolutePath] successfully performed. With the following test data [Relative Folder Path: "target/downloadedFiles/"]. @18-02-2021 18:37:50.0576 PM
[ReportManager] Attempting to run remotely on: [Linux-64], [GoogleChrome], [http://localhost:4444/wd/hub], Headless Execution. @18-02-2021 18:37:50.0576 PM
[ReportManager] Successfully Opened [GoogleChrome]. @18-02-2021 18:37:51.0316 PM
[ReportManager] Target URL: [https://www.google.com/ncr], and after redirection: [https://www.google.com] @18-02-2021 18:37:51.0347 PM
[ReportManager] Initial URL: [data:,] @18-02-2021 18:37:51.0443 PM
[ReportManager] Browser Action [navigateToURL] successfully performed. With the following test data [https://www.google.com/ncr]. @18-02-2021 18:37:52.0525 P

################################################################################################################################################
Starting Execution:	[5 out of 23] test cases in the current suite
Test Method:		[tests.gui.google.F_Search_PageObjectModel_Fluent.navigateToGoogleHomeAndAssertGoogleLogoIsDisplayed]
################################################################################################################################################
[ReportManager] Asserting that the Google logo is displayed... @18-02-2021 18:37:52.0529 PM
[ReportManager] File Action [doesFileExist] successfully performed. With the following test data [File Path: "src/test/resources/DynamicObjectRepository/tests_gui_google_F_Search_PageObjectModel_Fluent_navigateToGoogleHomeAndAssertGoogleLogoIsDisplayed_By_xpath_img_id_hplogo_or_alt_Google.png"]. @18-02-2021 18:37:52.0542 PM
[ReportManager] File Action [getAbsolutePath] successfully performed. With the following test data [Relative Folder Path: "src/test/resources/DynamicObjectRepository/tests_gui_google_F_Search_PageObjectModel_Fluent_navigateToGoogleHomeAndAssertGoogleLogoIsDisplayed_By_xpath_img_id_hplogo_or_alt_Google.png"]. @18-02-2021 18:37:52.0542 PM
[ReportManager] File Action [readFromImageFile] successfully performed. With the following test data [File Path: "/home/runner/work/using_SHAFT_ENGINE/using_SHAFT_ENGINE/src/test/resources/DynamicObjectRepository/tests_gui_google_F_Search_PageObjectModel_Fluent_navigateToGoogleHomeAndAssertGoogleLogoIsDisplayed_By_xpath_img_id_hplogo_or_alt_Google.png"]. @18-02-2021 18:37:52.0542 PM
[ReportManager] AssertElementMatches FAILED; Expected [Element should match the reference screenshot] and Actual [ELEMENT NOT FOUND]. Comparison Type [EXACT_OPENCV]. Validation Type [POSITIVE]. @18-02-2021 18:37:52.0940 PM
[ReportManager] Successfully created attachment [Validation Test Data - Reference Screenshot] @18-02-2021 18:37:52.0941 PM
[ReportManager] Successfully created attachment [Validation Test Data - Actual Screenshot] @18-02-2021 18:37:52.0941 P
[ReportManager] Successfully created attachment [Selenium WebDriver Logs - server] @18-02-2021 18:37:53.0110 PM
[ReportManager] Successfully created attachment [Selenium WebDriver Logs - performance] @18-02-2021 18:37:53.0175 PM
[ReportManager] Successfully created attachment [Selenium WebDriver Logs - driver] @18-02-2021 18:37:53.0301 PM
[ReportManager] Browser Action [closeCurrentWindow] successfully performed. @18-02-2021 18:37:53.0364 PM
[ReportManager] Successfully created attachment [Browser Action Test Data - closeCurrentWindow - Actual Value] @18-02-2021 18:37:53.0366 P
[ReportManager] File Action [getAbsolutePath] successfully performed. With the following test data [Relative Folder Path: "target/downloadedFiles/"]. @18-02-2021 18:37:53.0382 PM
[ReportManager] Attempting to run remotely on: [Linux-64], [GoogleChrome], [http://localhost:4444/wd/hub], Headless Execution. @18-02-2021 18:37:53.0384 PM
[ReportManager] Successfully Opened [GoogleChrome]. @18-02-2021 18:37:53.0743 PM
[ReportManager] Target URL: [https://www.google.com/ncr], and after redirection: [https://www.google.com] @18-02-2021 18:37:53.0769 PM
[ReportManager] Initial URL: [data:,] @18-02-2021 18:37:53.0838 PM
[ReportManager] Browser Action [navigateToURL] successfully performed. With the following test data [https://www.google.com/ncr]. @18-02-2021 18:37:54.0930 P

################################################################################################################################################
Starting Execution:	[6 out of 23] test cases in the current suite
Test Method:		[tests.gui.google.F_Search_PageObjectModel_Fluent.navigateToGoogleHomeAndAssertPageTitle]
################################################################################################################################################
[ReportManager] Asserting that the page title is Google... @18-02-2021 18:37:54.0943 PM
[ReportManager] Browser Action [getCurrentWindowTitle] successfully performed. With the following test data [Google]. @18-02-2021 18:37:54.0987 PM
[ReportManager] AssertBrowserAttribute PASSED; Expected [Value Should be 'Google' for the 'Title' attribute] and Actual [Google]. Comparison Type [EQUALS]. Validation Type [POSITIVE]. @18-02-2021 18:37:54.0989 P
[ReportManager] Successfully created attachment [Selenium WebDriver Logs - server] @18-02-2021 18:37:55.0092 PM
[ReportManager] Successfully created attachment [Selenium WebDriver Logs - performance] @18-02-2021 18:37:55.0139 PM
[ReportManager] Successfully created attachment [Selenium WebDriver Logs - driver] @18-02-2021 18:37:55.0232 PM
[ReportManager] Browser Action [closeCurrentWindow] successfully performed. @18-02-2021 18:37:55.0296 PM
[ReportManager] Successfully created attachment [Browser Action Test Data - closeCurrentWindow - Actual Value] @18-02-2021 18:37:55.0297 P
[ReportManager] File Action [getAbsolutePath] successfully performed. With the following test data [Relative Folder Path: "target/downloadedFiles/"]. @18-02-2021 18:37:55.0299 PM
[ReportManager] Attempting to run remotely on: [Linux-64], [GoogleChrome], [http://localhost:4444/wd/hub], Headless Execution. @18-02-2021 18:37:55.0300 PM
[ReportManager] Successfully Opened [GoogleChrome]. @18-02-2021 18:37:55.0552 PM
[ReportManager] Target URL: [https://www.google.com/ncr], and after redirection: [https://www.google.com] @18-02-2021 18:37:55.0570 PM
[ReportManager] Initial URL: [data:,] @18-02-2021 18:37:55.0625 PM
[ReportManager] Browser Action [navigateToURL] successfully performed. With the following test data [https://www.google.com/ncr]. @18-02-2021 18:37:56.0658 P

################################################################################################################################################
Starting Execution:	[7 out of 23] test cases in the current suite
Test Method:		[tests.gui.google.F_Search_PageObjectModel_Fluent.searchForQueryAndAssertFirstResultTextIsCorrect]
################################################################################################################################################
[ReportManager] Element Action [type] successfully performed. With the following test data [SHAFT_Engine]. @18-02-2021 18:37:57.0444 PM
[ReportManager] Element Action [keyPress] successfully performed. With the following test data [ENTER]. @18-02-2021 18:37:58.0514 PM
[ReportManager] Asserting that the correct first result is displayed... @18-02-2021 18:37:58.0515 PM
[ReportManager] Element Action [getText] successfully performed. With the following test data [MohabMohie/SHAFT_ENGINE: SHAFT_ENGINE is a ... - GitHub]. @18-02-2021 18:37:58.0666 PM
[ReportManager] Loaded Shared OpenCV @18-02-2021 18:37:59.0386 PM
[ReportManager] AssertElementAttribute PASSED; Expected [Value Should be 'MohabMohie' for the 'Text' attribute, element locator 'By.xpath: (//h1[contains(text(),'Search Result')]/following-sibling::div//a/h3)[1]'] and Actual [MohabMohie/SHAFT_ENGINE: SHAFT_ENGINE is a ... - GitHub]. Comparison Type [CONTAINS]. Validation Type [POSITIVE]. @18-02-2021 18:37:59.0515 PM
[ReportManager] Successfully created attachment [Screenshot - 1613673478869_searchForQueryAndAssertFirstResultTextIsCorrect_AssertElementAttribute_passed] @18-02-2021 18:37:59.0523 P
[ReportManager] Successfully created attachment [Selenium WebDriver Logs - server] @18-02-2021 18:37:59.0718 PM
[ReportManager] Successfully created attachment [Selenium WebDriver Logs - performance] @18-02-2021 18:37:59.0925 PM
[ReportManager] Successfully created attachment [Selenium WebDriver Logs - driver] @18-02-2021 18:38:00.0207 PM
[ReportManager] Browser Action [closeCurrentWindow] successfully performed. @18-02-2021 18:38:00.0276 PM
[ReportManager] Successfully created attachment [Browser Action Test Data - closeCurrentWindow - Actual Value] @18-02-2021 18:38:00.0278 P
[ReportManager] Successfully loaded the following test data file [src/test/resources/TestDataFiles/Google/SimpleSearch.xlsx]. @18-02-2021 18:38:00.0354 PM
[ReportManager] Successfully created attachment [Test Data - Excel] @18-02-2021 18:38:00.0354 P
[ReportManager] File Action [getAbsolutePath] successfully performed. With the following test data [Relative Folder Path: "target/downloadedFiles/"]. @18-02-2021 18:38:00.0355 PM
[ReportManager] Attempting to run remotely on: [Linux-64], [GoogleChrome], [http://localhost:4444/wd/hub], Headless Execution. @18-02-2021 18:38:00.0356 PM
[ReportManager] Successfully Opened [GoogleChrome]. @18-02-2021 18:38:00.0695 PM
[ReportManager] Target URL: [https://www.google.com/ncr], and after redirection: [https://www.google.com] @18-02-2021 18:38:00.0715 PM
[ReportManager] Initial URL: [data:,] @18-02-2021 18:38:00.0778 PM
[ReportManager] Browser Action [navigateToURL] successfully performed. With the following test data [https://www.google.com/ncr]. @18-02-2021 18:38:01.0950 P

################################################################################################################################################
Starting Execution:	[8 out of 23] test cases in the current suite
Test Method:		[tests.gui.google.D_Search_PageObjectModel_Traditional_DataDriven.navigateToGoogleHomeAndAssertGoogleLogoIsDisplayed]
################################################################################################################################################
[ReportManager] Element Action [identifyUniqueElement] failed. With the following test data [zero elements found matching this locator "By.xpath: //img[@id='hplogo' or @alt='Google']".]. @18-02-2021 18:38:02.0176 PM
[ReportManager] Successfully created attachment [Screenshot - 1613673482123_navigateToGoogleHomeAndAssertGoogleLogoIsDisplayed_identifyUniqueElement_failed] @18-02-2021 18:38:02.0178 P
[ReportManager] Successfully created attachment [Selenium WebDriver Logs - server] @18-02-2021 18:38:02.0298 PM
[ReportManager] Successfully created attachment [Selenium WebDriver Logs - performance] @18-02-2021 18:38:02.0366 PM
[ReportManager] Successfully created attachment [Selenium WebDriver Logs - driver] @18-02-2021 18:38:02.0459 PM
[ReportManager] Browser Action [closeCurrentWindow] successfully performed. @18-02-2021 18:38:02.0525 PM
[ReportManager] Successfully created attachment [Browser Action Test Data - closeCurrentWindow - Actual Value] @18-02-2021 18:38:02.0526 P
[ReportManager] File Action [getAbsolutePath] successfully performed. With the following test data [Relative Folder Path: "target/downloadedFiles/"]. @18-02-2021 18:38:02.0529 PM
[ReportManager] Attempting to run remotely on: [Linux-64], [GoogleChrome], [http://localhost:4444/wd/hub], Headless Execution. @18-02-2021 18:38:02.0530 PM
[ReportManager] Successfully Opened [GoogleChrome]. @18-02-2021 18:38:02.0822 PM
[ReportManager] Target URL: [https://www.google.com/ncr], and after redirection: [https://www.google.com] @18-02-2021 18:38:02.0868 PM
[ReportManager] Initial URL: [data:,] @18-02-2021 18:38:02.0943 PM
[ReportManager] Browser Action [navigateToURL] successfully performed. With the following test data [https://www.google.com/ncr]. @18-02-2021 18:38:03.0969 P

################################################################################################################################################
Starting Execution:	[9 out of 23] test cases in the current suite
Test Method:		[tests.gui.google.D_Search_PageObjectModel_Traditional_DataDriven.navigateToGoogleHomeAndAssertPageTitle]
################################################################################################################################################
[ReportManager] Browser Action [getCurrentWindowTitle] successfully performed. With the following test data [Google]. @18-02-2021 18:38:04.0034 PM
[ReportManager] Asserting that the page title is Google... @18-02-2021 18:38:04.0035 PM
[ReportManager] AssertEquals PASSED; Expected [Google] and Actual [Google]. Comparison Type [EQUALS]. Validation Type [POSITIVE]. @18-02-2021 18:38:04.0035 P
[ReportManager] Successfully created attachment [Selenium WebDriver Logs - server] @18-02-2021 18:38:04.0166 PM
[ReportManager] Successfully created attachment [Selenium WebDriver Logs - performance] @18-02-2021 18:38:04.0215 PM
[ReportManager] Successfully created attachment [Selenium WebDriver Logs - driver] @18-02-2021 18:38:04.0312 PM
[ReportManager] Browser Action [closeCurrentWindow] successfully performed. @18-02-2021 18:38:04.0370 PM
[ReportManager] Successfully created attachment [Browser Action Test Data - closeCurrentWindow - Actual Value] @18-02-2021 18:38:04.0371 P
[ReportManager] File Action [getAbsolutePath] successfully performed. With the following test data [Relative Folder Path: "target/downloadedFiles/"]. @18-02-2021 18:38:04.0375 PM
[ReportManager] Attempting to run remotely on: [Linux-64], [GoogleChrome], [http://localhost:4444/wd/hub], Headless Execution. @18-02-2021 18:38:04.0375 PM
[ReportManager] Successfully Opened [GoogleChrome]. @18-02-2021 18:38:04.0622 PM
[ReportManager] Target URL: [https://www.google.com/ncr], and after redirection: [https://www.google.com] @18-02-2021 18:38:04.0644 PM
[ReportManager] Initial URL: [data:,] @18-02-2021 18:38:04.0709 PM
[ReportManager] Browser Action [navigateToURL] successfully performed. With the following test data [https://www.google.com/ncr]. @18-02-2021 18:38:05.0737 P

################################################################################################################################################
Starting Execution:	[10 out of 23] test cases in the current suite
Test Method:		[tests.gui.google.D_Search_PageObjectModel_Traditional_DataDriven.searchForQueryAndAssertFirstResultTextIsCorrect]
################################################################################################################################################
[ReportManager] Element Action [type] successfully performed. With the following test data [SHAFT_Engine]. @18-02-2021 18:38:06.0587 PM
[ReportManager] Element Action [keyPress] successfully performed. With the following test data [ENTER]. @18-02-2021 18:38:07.0665 PM
[ReportManager] Element Action [getText] successfully performed. With the following test data [MohabMohie/SHAFT_ENGINE: SHAFT_ENGINE is a ... - GitHub]. @18-02-2021 18:38:07.0803 PM
[ReportManager] Asserting that the correct first result is displayed... @18-02-2021 18:38:07.0803 PM
[ReportManager] AssertEquals PASSED; Expected [MohabMohie] and Actual [MohabMohie/SHAFT_ENGINE: SHAFT_ENGINE is a ... - GitHub]. Comparison Type [CONTAINS]. Validation Type [POSITIVE]. @18-02-2021 18:38:07.0803 P
[ReportManager] Successfully created attachment [Selenium WebDriver Logs - server] @18-02-2021 18:38:08.0023 PM
[ReportManager] Successfully created attachment [Selenium WebDriver Logs - performance] @18-02-2021 18:38:08.0244 PM
[ReportManager] Successfully created attachment [Selenium WebDriver Logs - driver] @18-02-2021 18:38:08.0559 PM
[ReportManager] Browser Action [closeCurrentWindow] successfully performed. @18-02-2021 18:38:08.0622 PM
[ReportManager] Successfully created attachment [Browser Action Test Data - closeCurrentWindow - Actual Value] @18-02-2021 18:38:08.0625 P
[ReportManager] Successfully loaded the following test data file [src/test/resources/TestDataFiles/Google/SimpleSearch.xlsx]. @18-02-2021 18:38:08.0679 PM
[ReportManager] Successfully created attachment [Test Data - Excel] @18-02-2021 18:38:08.0679 P
[ReportManager] File Action [getAbsolutePath] successfully performed. With the following test data [Relative Folder Path: "target/downloadedFiles/"]. @18-02-2021 18:38:08.0680 PM
[ReportManager] Attempting to run remotely on: [Linux-64], [GoogleChrome], [http://localhost:4444/wd/hub], Headless Execution. @18-02-2021 18:38:08.0681 PM
[ReportManager] Successfully Opened [GoogleChrome]. @18-02-2021 18:38:09.0117 PM
[ReportManager] Target URL: [https://www.google.com/ncr], and after redirection: [https://www.google.com] @18-02-2021 18:38:09.0139 PM
[ReportManager] Initial URL: [data:,] @18-02-2021 18:38:09.0203 PM
[ReportManager] Browser Action [navigateToURL] successfully performed. With the following test data [https://www.google.com/ncr]. @18-02-2021 18:38:10.0288 P

################################################################################################################################################
Starting Execution:	[11 out of 23] test cases in the current suite
Test Method:		[tests.gui.google.E_Search_PageObjectModel_Traditional_SHAFTAssertions.navigateToGoogleHomeAndAssertGoogleLogoIsDisplayed]
################################################################################################################################################
[ReportManager] Asserting that the Google logo is displayed... @18-02-2021 18:38:10.0295 PM
[ReportManager] File Action [doesFileExist] successfully performed. With the following test data [File Path: "src/test/resources/DynamicObjectRepository/tests_gui_google_E_Search_PageObjectModel_Traditional_SHAFTAssertions_navigateToGoogleHomeAndAssertGoogleLogoIsDisplayed_By_xpath_img_id_hplogo_or_alt_Google.png"]. @18-02-2021 18:38:10.0296 PM
[ReportManager] File Action [getAbsolutePath] successfully performed. With the following test data [Relative Folder Path: "src/test/resources/DynamicObjectRepository/tests_gui_google_E_Search_PageObjectModel_Traditional_SHAFTAssertions_navigateToGoogleHomeAndAssertGoogleLogoIsDisplayed_By_xpath_img_id_hplogo_or_alt_Google.png"]. @18-02-2021 18:38:10.0296 PM
[ReportManager] File Action [readFromImageFile] successfully performed. With the following test data [File Path: "/home/runner/work/using_SHAFT_ENGINE/using_SHAFT_ENGINE/src/test/resources/DynamicObjectRepository/tests_gui_google_E_Search_PageObjectModel_Traditional_SHAFTAssertions_navigateToGoogleHomeAndAssertGoogleLogoIsDisplayed_By_xpath_img_id_hplogo_or_alt_Google.png"]. @18-02-2021 18:38:10.0296 PM
[ReportManager] AssertElementMatches FAILED; Expected [Element should match the reference screenshot] and Actual [ELEMENT NOT FOUND]. Comparison Type [EXACT_OPENCV]. Validation Type [POSITIVE]. @18-02-2021 18:38:10.0649 PM
[ReportManager] Successfully created attachment [Validation Test Data - Reference Screenshot] @18-02-2021 18:38:10.0649 PM
[ReportManager] Successfully created attachment [Validation Test Data - Actual Screenshot] @18-02-2021 18:38:10.0649 P
[ReportManager] Successfully created attachment [Selenium WebDriver Logs - server] @18-02-2021 18:38:10.0796 PM
[ReportManager] Successfully created attachment [Selenium WebDriver Logs - performance] @18-02-2021 18:38:10.0863 PM
[ReportManager] Successfully created attachment [Selenium WebDriver Logs - driver] @18-02-2021 18:38:10.0967 PM
[ReportManager] Browser Action [closeCurrentWindow] successfully performed. @18-02-2021 18:38:11.0029 PM
[ReportManager] Successfully created attachment [Browser Action Test Data - closeCurrentWindow - Actual Value] @18-02-2021 18:38:11.0030 P
[ReportManager] File Action [getAbsolutePath] successfully performed. With the following test data [Relative Folder Path: "target/downloadedFiles/"]. @18-02-2021 18:38:11.0033 PM
[ReportManager] Attempting to run remotely on: [Linux-64], [GoogleChrome], [http://localhost:4444/wd/hub], Headless Execution. @18-02-2021 18:38:11.0034 PM
[ReportManager] Successfully Opened [GoogleChrome]. @18-02-2021 18:38:11.0324 PM
[ReportManager] Target URL: [https://www.google.com/ncr], and after redirection: [https://www.google.com] @18-02-2021 18:38:11.0338 PM
[ReportManager] Initial URL: [data:,] @18-02-2021 18:38:11.0397 PM
[ReportManager] Browser Action [navigateToURL] successfully performed. With the following test data [https://www.google.com/ncr]. @18-02-2021 18:38:12.0384 P

################################################################################################################################################
Starting Execution:	[12 out of 23] test cases in the current suite
Test Method:		[tests.gui.google.E_Search_PageObjectModel_Traditional_SHAFTAssertions.navigateToGoogleHomeAndAssertPageTitle]
################################################################################################################################################
[ReportManager] Asserting that the page title is Google... @18-02-2021 18:38:12.0394 PM
[ReportManager] Browser Action [getCurrentWindowTitle] successfully performed. With the following test data [Google]. @18-02-2021 18:38:12.0439 PM
[ReportManager] AssertBrowserAttribute PASSED; Expected [Value Should be 'Google' for the 'Title' attribute] and Actual [Google]. Comparison Type [EQUALS]. Validation Type [POSITIVE]. @18-02-2021 18:38:12.0440 P
[ReportManager] Successfully created attachment [Selenium WebDriver Logs - server] @18-02-2021 18:38:12.0537 PM
[ReportManager] Successfully created attachment [Selenium WebDriver Logs - performance] @18-02-2021 18:38:12.0581 PM
[ReportManager] Successfully created attachment [Selenium WebDriver Logs - driver] @18-02-2021 18:38:12.0670 PM
[ReportManager] Browser Action [closeCurrentWindow] successfully performed. @18-02-2021 18:38:12.0728 PM
[ReportManager] Successfully created attachment [Browser Action Test Data - closeCurrentWindow - Actual Value] @18-02-2021 18:38:12.0729 P
[ReportManager] File Action [getAbsolutePath] successfully performed. With the following test data [Relative Folder Path: "target/downloadedFiles/"]. @18-02-2021 18:38:12.0732 PM
[ReportManager] Attempting to run remotely on: [Linux-64], [GoogleChrome], [http://localhost:4444/wd/hub], Headless Execution. @18-02-2021 18:38:12.0732 PM
[ReportManager] Successfully Opened [GoogleChrome]. @18-02-2021 18:38:12.0994 PM
[ReportManager] Target URL: [https://www.google.com/ncr], and after redirection: [https://www.google.com] @18-02-2021 18:38:13.0010 PM
[ReportManager] Initial URL: [data:,] @18-02-2021 18:38:13.0078 PM
[ReportManager] Browser Action [navigateToURL] successfully performed. With the following test data [https://www.google.com/ncr]. @18-02-2021 18:38:14.0167 P

################################################################################################################################################
Starting Execution:	[13 out of 23] test cases in the current suite
Test Method:		[tests.gui.google.E_Search_PageObjectModel_Traditional_SHAFTAssertions.searchForQueryAndAssertFirstResultTextIsCorrect]
################################################################################################################################################
[ReportManager] Element Action [type] successfully performed. With the following test data [SHAFT_Engine]. @18-02-2021 18:38:15.0029 PM
[ReportManager] Element Action [keyPress] successfully performed. With the following test data [ENTER]. @18-02-2021 18:38:16.0165 PM
[ReportManager] Asserting that the correct first result is displayed... @18-02-2021 18:38:16.0168 PM
[ReportManager] Element Action [getText] successfully performed. With the following test data [MohabMohie/SHAFT_ENGINE: SHAFT_ENGINE is a ... - GitHub]. @18-02-2021 18:38:16.0288 PM
[ReportManager] Loaded Shared OpenCV @18-02-2021 18:38:16.0446 PM
[ReportManager] AssertElementAttribute PASSED; Expected [Value Should be 'MohabMohie' for the 'Text' attribute, element locator 'By.xpath: (//h1[contains(text(),'Search Result')]/following-sibling::div//a/h3)[1]'] and Actual [MohabMohie/SHAFT_ENGINE: SHAFT_ENGINE is a ... - GitHub]. Comparison Type [CONTAINS]. Validation Type [POSITIVE]. @18-02-2021 18:38:16.0520 PM
[ReportManager] Successfully created attachment [Screenshot - 1613673496446_searchForQueryAndAssertFirstResultTextIsCorrect_AssertElementAttribute_passed] @18-02-2021 18:38:16.0522 P
[ReportManager] Successfully created attachment [Selenium WebDriver Logs - server] @18-02-2021 18:38:16.0702 PM
[ReportManager] Successfully created attachment [Selenium WebDriver Logs - performance] @18-02-2021 18:38:16.0921 PM
[ReportManager] Successfully created attachment [Selenium WebDriver Logs - driver] @18-02-2021 18:38:17.0221 PM
[ReportManager] Browser Action [closeCurrentWindow] successfully performed. @18-02-2021 18:38:17.0295 PM
[ReportManager] Successfully created attachment [Browser Action Test Data - closeCurrentWindow - Actual Value] @18-02-2021 18:38:17.0299 P



################################################################################################################################################
Starting Execution:	[14 out of 23] test cases in the current suite
Test Method:		[tests.gui.google.A_Search_FlatTest_NativeSeleniumWebDriver.navigateToGoogleHomeAndAssertGoogleLogoIsDisplayed]
###############################################################################################################################################



################################################################################################################################################
Starting Execution:	[15 out of 23] test cases in the current suite
Test Method:		[tests.gui.google.A_Search_FlatTest_NativeSeleniumWebDriver.navigateToGoogleHomeAndAssertPageTitle]
###############################################################################################################################################



################################################################################################################################################
Starting Execution:	[16 out of 23] test cases in the current suite
Test Method:		[tests.gui.google.A_Search_FlatTest_NativeSeleniumWebDriver.searchForQueryAndAssertFirstResultTextIsCorrect]
###############################################################################################################################################

[ReportManager] File Action [getAbsolutePath] successfully performed. With the following test data [Relative Folder Path: "target/downloadedFiles/"]. @18-02-2021 18:38:20.0433 PM
[ReportManager] Attempting to run remotely on: [Linux-64], [GoogleChrome], [http://localhost:4444/wd/hub], Headless Execution. @18-02-2021 18:38:20.0434 PM
[ReportManager] Successfully Opened [GoogleChrome]. @18-02-2021 18:38:20.0722 PM
[ReportManager] Target URL: [https://www.google.com/ncr], and after redirection: [https://www.google.com] @18-02-2021 18:38:20.0753 PM
[ReportManager] Initial URL: [data:,] @18-02-2021 18:38:20.0815 PM
[ReportManager] Browser Action [navigateToURL] successfully performed. With the following test data [https://www.google.com/ncr]. @18-02-2021 18:38:21.0872 P

################################################################################################################################################
Starting Execution:	[17 out of 23] test cases in the current suite
Test Method:		[tests.gui.google.B_Search_FlatTest_SHAFT.navigateToGoogleHomeAndAssertGoogleLogoIsDisplayed]
################################################################################################################################################
[ReportManager] Asserting that the Google logo is displayed... @18-02-2021 18:38:21.0877 PM
[ReportManager] File Action [doesFileExist] successfully performed. With the following test data [File Path: "src/test/resources/DynamicObjectRepository/tests_gui_google_B_Search_FlatTest_SHAFT_navigateToGoogleHomeAndAssertGoogleLogoIsDisplayed_By_xpath_img_id_hplogo_or_alt_Google.png"]. @18-02-2021 18:38:21.0878 PM
[ReportManager] File Action [getAbsolutePath] successfully performed. With the following test data [Relative Folder Path: "src/test/resources/DynamicObjectRepository/tests_gui_google_B_Search_FlatTest_SHAFT_navigateToGoogleHomeAndAssertGoogleLogoIsDisplayed_By_xpath_img_id_hplogo_or_alt_Google.png"]. @18-02-2021 18:38:21.0878 PM
[ReportManager] File Action [readFromImageFile] successfully performed. With the following test data [File Path: "/home/runner/work/using_SHAFT_ENGINE/using_SHAFT_ENGINE/src/test/resources/DynamicObjectRepository/tests_gui_google_B_Search_FlatTest_SHAFT_navigateToGoogleHomeAndAssertGoogleLogoIsDisplayed_By_xpath_img_id_hplogo_or_alt_Google.png"]. @18-02-2021 18:38:21.0878 PM
[ReportManager] AssertElementMatches FAILED; Expected [Element should match the reference screenshot] and Actual [ELEMENT NOT FOUND]. Comparison Type [EXACT_OPENCV]. Validation Type [POSITIVE]. @18-02-2021 18:38:22.0245 PM
[ReportManager] Successfully created attachment [Validation Test Data - Reference Screenshot] @18-02-2021 18:38:22.0246 PM
[ReportManager] Successfully created attachment [Validation Test Data - Actual Screenshot] @18-02-2021 18:38:22.0246 P
[ReportManager] Successfully created attachment [Selenium WebDriver Logs - server] @18-02-2021 18:38:22.0361 PM
[ReportManager] Successfully created attachment [Selenium WebDriver Logs - performance] @18-02-2021 18:38:22.0416 PM
[ReportManager] Successfully created attachment [Selenium WebDriver Logs - driver] @18-02-2021 18:38:22.0538 PM
[ReportManager] Browser Action [closeCurrentWindow] successfully performed. @18-02-2021 18:38:22.0598 PM
[ReportManager] Successfully created attachment [Browser Action Test Data - closeCurrentWindow - Actual Value] @18-02-2021 18:38:22.0599 P
[ReportManager] File Action [getAbsolutePath] successfully performed. With the following test data [Relative Folder Path: "target/downloadedFiles/"]. @18-02-2021 18:38:22.0601 PM
[ReportManager] Attempting to run remotely on: [Linux-64], [GoogleChrome], [http://localhost:4444/wd/hub], Headless Execution. @18-02-2021 18:38:22.0601 PM
[ReportManager] Successfully Opened [GoogleChrome]. @18-02-2021 18:38:22.0880 PM
[ReportManager] Target URL: [https://www.google.com/ncr], and after redirection: [https://www.google.com] @18-02-2021 18:38:22.0894 PM
[ReportManager] Initial URL: [data:,] @18-02-2021 18:38:22.0955 PM
[ReportManager] Browser Action [navigateToURL] successfully performed. With the following test data [https://www.google.com/ncr]. @18-02-2021 18:38:24.0031 P

################################################################################################################################################
Starting Execution:	[18 out of 23] test cases in the current suite
Test Method:		[tests.gui.google.B_Search_FlatTest_SHAFT.navigateToGoogleHomeAndAssertPageTitle]
################################################################################################################################################
[ReportManager] Asserting that the page title is Google... @18-02-2021 18:38:24.0037 PM
[ReportManager] Browser Action [getCurrentWindowTitle] successfully performed. With the following test data [Google]. @18-02-2021 18:38:24.0088 PM
[ReportManager] AssertBrowserAttribute PASSED; Expected [Value Should be 'Google' for the 'Title' attribute] and Actual [Google]. Comparison Type [EQUALS]. Validation Type [POSITIVE]. @18-02-2021 18:38:24.0088 P
[ReportManager] Successfully created attachment [Selenium WebDriver Logs - server] @18-02-2021 18:38:24.0192 PM
[ReportManager] Successfully created attachment [Selenium WebDriver Logs - performance] @18-02-2021 18:38:24.0239 PM
[ReportManager] Successfully created attachment [Selenium WebDriver Logs - driver] @18-02-2021 18:38:24.0349 PM
[ReportManager] Browser Action [closeCurrentWindow] successfully performed. @18-02-2021 18:38:24.0406 PM
[ReportManager] Successfully created attachment [Browser Action Test Data - closeCurrentWindow - Actual Value] @18-02-2021 18:38:24.0407 P
[ReportManager] File Action [getAbsolutePath] successfully performed. With the following test data [Relative Folder Path: "target/downloadedFiles/"]. @18-02-2021 18:38:24.0410 PM
[ReportManager] Attempting to run remotely on: [Linux-64], [GoogleChrome], [http://localhost:4444/wd/hub], Headless Execution. @18-02-2021 18:38:24.0410 PM
[ReportManager] Successfully Opened [GoogleChrome]. @18-02-2021 18:38:24.0649 PM
[ReportManager] Target URL: [https://www.google.com/ncr], and after redirection: [https://www.google.com] @18-02-2021 18:38:24.0675 PM
[ReportManager] Initial URL: [data:,] @18-02-2021 18:38:24.0739 PM
[ReportManager] Browser Action [navigateToURL] successfully performed. With the following test data [https://www.google.com/ncr]. @18-02-2021 18:38:25.0789 P

################################################################################################################################################
Starting Execution:	[19 out of 23] test cases in the current suite
Test Method:		[tests.gui.google.B_Search_FlatTest_SHAFT.searchForQueryAndAssertFirstResultTextIsCorrect]
################################################################################################################################################
[ReportManager] Element Action [type] successfully performed. With the following test data [SHAFT_Engine]. @18-02-2021 18:38:26.0626 PM
[ReportManager] Element Action [keyPress] successfully performed. With the following test data [ENTER]. @18-02-2021 18:38:27.0296 PM
[ReportManager] Asserting that the correct first result is displayed... @18-02-2021 18:38:27.0297 PM
[ReportManager] Element Action [getText] successfully performed. With the following test data [MohabMohie/SHAFT_ENGINE: SHAFT_ENGINE is a ... - GitHub]. @18-02-2021 18:38:27.0583 PM
[ReportManager] Loaded Shared OpenCV @18-02-2021 18:38:28.0004 PM
[ReportManager] AssertElementAttribute PASSED; Expected [Value Should be 'MohabMohie' for the 'Text' attribute, element locator 'By.xpath: (//h1[contains(text(),'Search Result')]/following-sibling::div//a/h3)[1]'] and Actual [MohabMohie/SHAFT_ENGINE: SHAFT_ENGINE is a ... - GitHub]. Comparison Type [CONTAINS]. Validation Type [POSITIVE]. @18-02-2021 18:38:28.0076 PM
[ReportManager] Successfully created attachment [Screenshot - 1613673508004_searchForQueryAndAssertFirstResultTextIsCorrect_AssertElementAttribute_passed] @18-02-2021 18:38:28.0099 P
[ReportManager] Successfully created attachment [Selenium WebDriver Logs - server] @18-02-2021 18:38:28.0302 PM
[ReportManager] Successfully created attachment [Selenium WebDriver Logs - performance] @18-02-2021 18:38:28.0521 PM
[ReportManager] Successfully created attachment [Selenium WebDriver Logs - driver] @18-02-2021 18:38:28.0838 PM
[ReportManager] Browser Action [closeCurrentWindow] successfully performed. @18-02-2021 18:38:28.0900 PM
[ReportManager] Successfully created attachment [Browser Action Test Data - closeCurrentWindow - Actual Value] @18-02-2021 18:38:28.0908 P
[ReportManager] Successfully loaded the following test data file [src/test/resources/TestDataFiles/Google/SimpleSearch.xlsx]. @18-02-2021 18:38:29.0003 PM
[ReportManager] Successfully created attachment [Test Data - Excel] @18-02-2021 18:38:29.0004 P
[ReportManager] File Action [getAbsolutePath] successfully performed. With the following test data [Relative Folder Path: "target/downloadedFiles/"]. @18-02-2021 18:38:29.0005 PM
[ReportManager] Attempting to run remotely on: [Linux-64], [GoogleChrome], [http://localhost:4444/wd/hub], Headless Execution. @18-02-2021 18:38:29.0005 PM
[ReportManager] Successfully Opened [GoogleChrome]. @18-02-2021 18:38:29.0284 PM
[ReportManager] Target URL: [https://www.google.com/ncr], and after redirection: [https://www.google.com] @18-02-2021 18:38:29.0312 PM
[ReportManager] Initial URL: [data:,] @18-02-2021 18:38:29.0371 PM
[ReportManager] Browser Action [navigateToURL] successfully performed. With the following test data [https://www.google.com/ncr]. @18-02-2021 18:38:30.0426 P

################################################################################################################################################
Starting Execution:	[20 out of 23] test cases in the current suite
Test Method:		[tests.gui.google.G_Search_PageObjectModel_ThreadSafe.navigateToGoogleHomeAndAssertGoogleLogoIsDisplayed]
################################################################################################################################################
[ReportManager] Asserting that the Google logo is displayed... @18-02-2021 18:38:30.0429 PM
[ReportManager] File Action [doesFileExist] successfully performed. With the following test data [File Path: "src/test/resources/DynamicObjectRepository/tests_gui_google_G_Search_PageObjectModel_ThreadSafe_navigateToGoogleHomeAndAssertGoogleLogoIsDisplayed_By_xpath_img_id_hplogo_or_alt_Google.png"]. @18-02-2021 18:38:30.0430 PM
[ReportManager] File Action [getAbsolutePath] successfully performed. With the following test data [Relative Folder Path: "src/test/resources/DynamicObjectRepository/tests_gui_google_G_Search_PageObjectModel_ThreadSafe_navigateToGoogleHomeAndAssertGoogleLogoIsDisplayed_By_xpath_img_id_hplogo_or_alt_Google.png"]. @18-02-2021 18:38:30.0430 PM
[ReportManager] File Action [readFromImageFile] successfully performed. With the following test data [File Path: "/home/runner/work/using_SHAFT_ENGINE/using_SHAFT_ENGINE/src/test/resources/DynamicObjectRepository/tests_gui_google_G_Search_PageObjectModel_ThreadSafe_navigateToGoogleHomeAndAssertGoogleLogoIsDisplayed_By_xpath_img_id_hplogo_or_alt_Google.png"]. @18-02-2021 18:38:30.0431 PM
[ReportManager] AssertElementMatches FAILED; Expected [Element should match the reference screenshot] and Actual [ELEMENT NOT FOUND]. Comparison Type [EXACT_OPENCV]. Validation Type [POSITIVE]. @18-02-2021 18:38:30.0780 PM
[ReportManager] Successfully created attachment [Validation Test Data - Reference Screenshot] @18-02-2021 18:38:30.0781 PM
[ReportManager] Successfully created attachment [Validation Test Data - Actual Screenshot] @18-02-2021 18:38:30.0781 P
[ReportManager] Successfully created attachment [Selenium WebDriver Logs - server] @18-02-2021 18:38:30.0898 PM
[ReportManager] Successfully created attachment [Selenium WebDriver Logs - performance] @18-02-2021 18:38:30.0953 PM
[ReportManager] Successfully created attachment [Selenium WebDriver Logs - driver] @18-02-2021 18:38:31.0045 PM
[ReportManager] Browser Action [closeCurrentWindow] successfully performed. @18-02-2021 18:38:31.0106 PM
[ReportManager] Successfully created attachment [Browser Action Test Data - closeCurrentWindow - Actual Value] @18-02-2021 18:38:31.0108 P
[ReportManager] File Action [getAbsolutePath] successfully performed. With the following test data [Relative Folder Path: "target/downloadedFiles/"]. @18-02-2021 18:38:31.0110 PM
[ReportManager] Attempting to run remotely on: [Linux-64], [GoogleChrome], [http://localhost:4444/wd/hub], Headless Execution. @18-02-2021 18:38:31.0110 PM
[ReportManager] Successfully Opened [GoogleChrome]. @18-02-2021 18:38:31.0371 PM
[ReportManager] Target URL: [https://www.google.com/ncr], and after redirection: [https://www.google.com] @18-02-2021 18:38:31.0383 PM
[ReportManager] Initial URL: [data:,] @18-02-2021 18:38:31.0446 PM
[ReportManager] Browser Action [navigateToURL] successfully performed. With the following test data [https://www.google.com/ncr]. @18-02-2021 18:38:32.0568 P

################################################################################################################################################
Starting Execution:	[21 out of 23] test cases in the current suite
Test Method:		[tests.gui.google.G_Search_PageObjectModel_ThreadSafe.navigateToGoogleHomeAndAssertPageTitle]
################################################################################################################################################
[ReportManager] Asserting that the page title is Google... @18-02-2021 18:38:32.0592 PM
[ReportManager] Browser Action [getCurrentWindowTitle] successfully performed. With the following test data [Google]. @18-02-2021 18:38:32.0646 PM
[ReportManager] AssertBrowserAttribute PASSED; Expected [Value Should be 'Google' for the 'Title' attribute] and Actual [Google]. Comparison Type [EQUALS]. Validation Type [POSITIVE]. @18-02-2021 18:38:32.0647 P
[ReportManager] Successfully created attachment [Selenium WebDriver Logs - server] @18-02-2021 18:38:32.0760 PM
[ReportManager] Successfully created attachment [Selenium WebDriver Logs - performance] @18-02-2021 18:38:32.0843 PM
[ReportManager] Successfully created attachment [Selenium WebDriver Logs - driver] @18-02-2021 18:38:32.0942 PM
[ReportManager] Browser Action [closeCurrentWindow] successfully performed. @18-02-2021 18:38:32.0999 PM
[ReportManager] Successfully created attachment [Browser Action Test Data - closeCurrentWindow - Actual Value] @18-02-2021 18:38:33.0000 P
[ReportManager] File Action [getAbsolutePath] successfully performed. With the following test data [Relative Folder Path: "target/downloadedFiles/"]. @18-02-2021 18:38:33.0004 PM
[ReportManager] Attempting to run remotely on: [Linux-64], [GoogleChrome], [http://localhost:4444/wd/hub], Headless Execution. @18-02-2021 18:38:33.0005 PM
[ReportManager] Successfully Opened [GoogleChrome]. @18-02-2021 18:38:33.0276 PM
[ReportManager] Target URL: [https://www.google.com/ncr], and after redirection: [https://www.google.com] @18-02-2021 18:38:33.0294 PM
[ReportManager] Initial URL: [data:,] @18-02-2021 18:38:33.0371 PM
[ReportManager] Browser Action [navigateToURL] successfully performed. With the following test data [https://www.google.com/ncr]. @18-02-2021 18:38:34.0511 P

################################################################################################################################################
Starting Execution:	[22 out of 23] test cases in the current suite
Test Method:		[tests.gui.google.G_Search_PageObjectModel_ThreadSafe.searchForQueryAndAssertFirstResultTextIsCorrect]
################################################################################################################################################
[ReportManager] Element Action [type] successfully performed. With the following test data [SHAFT_Engine]. @18-02-2021 18:38:35.0318 PM
[ReportManager] Element Action [keyPress] successfully performed. With the following test data [ENTER]. @18-02-2021 18:38:36.0464 PM
[ReportManager] Asserting that the correct first result is displayed... @18-02-2021 18:38:36.0465 PM
[ReportManager] Element Action [getText] successfully performed. With the following test data [MohabMohie/SHAFT_ENGINE: SHAFT_ENGINE is a ... - GitHub]. @18-02-2021 18:38:36.0602 PM
[ReportManager] Loaded Shared OpenCV @18-02-2021 18:38:36.0773 PM
[ReportManager] AssertElementAttribute PASSED; Expected [Value Should be 'MohabMohie' for the 'Text' attribute, element locator 'By.xpath: (//h1[contains(text(),'Search Result')]/following-sibling::div//a/h3)[1]'] and Actual [MohabMohie/SHAFT_ENGINE: SHAFT_ENGINE is a ... - GitHub]. Comparison Type [CONTAINS]. Validation Type [POSITIVE]. @18-02-2021 18:38:36.0856 PM
[ReportManager] Successfully created attachment [Screenshot - 1613673516773_searchForQueryAndAssertFirstResultTextIsCorrect_AssertElementAttribute_passed] @18-02-2021 18:38:36.0858 P
[ReportManager] Successfully created attachment [Selenium WebDriver Logs - server] @18-02-2021 18:38:37.0046 PM
[ReportManager] Successfully created attachment [Selenium WebDriver Logs - performance] @18-02-2021 18:38:37.0243 PM
[ReportManager] Successfully created attachment [Selenium WebDriver Logs - driver] @18-02-2021 18:38:37.0531 PM
[ReportManager] Browser Action [closeCurrentWindow] successfully performed. @18-02-2021 18:38:37.0592 PM
[ReportManager] Successfully created attachment [Browser Action Test Data - closeCurrentWindow - Actual Value] @18-02-2021 18:38:37.0595 P

################################################################################################################################################
Starting Execution:	[23 out of 23] test cases in the current suite
Test Method:		[tests.cli.demo.cliTest.sampleTestCase]
################################################################################################################################################
[ReportManager] Attempting to perform the following command locally. Command: [ls] @18-02-2021 18:38:37.0611 PM
[ReportManager] Terminal Action [performTerminalCommands] successfully performed. With the following test data [Host Name: "localHost" | Command: "ls" | Exit Status: "0"]. @18-02-2021 18:38:37.0615 PM
[ReportManager] Successfully created attachment [Terminal Action Actual Result - Command Log] @18-02-2021 18:38:37.0616 PM
[ReportManager] Demoing local terminal actions... @18-02-2021 18:38:37.0616 PM
[ReportManager] AssertEquals PASSED; Expected [pom.xml] and Actual [LICENSE
README.md
allure-results
docker-compose_native.yml
docker-compose_zalenium.yml
extent-reports
pom.xml
src
target]. Comparison Type [CONTAINS]. Validation Type [POSITIVE]. @18-02-2021 18:38:37.0616 P

################################################################################################################################################
Test Closure Activities
################################################################################################################################################
[ReportManager] Successfully created attachment [SHAFT Engine Logs - Execution log] @18-02-2021 18:38:37.0643 PM

################################################################################################################################################
This test run was powered by SHAFT Engine Version: [SHAFT Engine v5.1]
SHAFT Engine is licensed under the MIT License: [https://github.com/MohabMohie/SHAFT_ENGINE/blob/master/LICENSE].
################################################################################################################################################