################################################################################################################################################
Detected SHAFT Engine Version: [SHAFT Engine v5.1]
################################################################################################################################################

################################################################################################################################################
Starting Execution:	[1 out of 23] test cases in the current suite
Test Method:		[tests.api.users.UserData.validateUserEmail]
################################################################################################################################################
[ReportManager] Response status code: [200], status line: [HTTP/1.1 200 OK] @08-03-2021 06:44:31.0332 AM
[ReportManager] Evaluating the actual response status code against the expected one...... @08-03-2021 06:44:31.0338 AM
[ReportManager] AssertEquals PASSED; Expected [200] and Actual [200]. Comparison Type [EQUALS]. Validation Type [POSITIVE]. @08-03-2021 06:44:31.0343 AM
[ReportManager] API Action [performRequest] successfully performed. With the following test data [Request Type: "GET" | Target Status Code: "200" | Service URL: "https://jsonplaceholder.typicode.com/users" | Content Type: "*/*" | Response Time: "1213ms"]. @08-03-2021 06:44:32.0362 AM
[ReportManager] Successfully created attachment [API Response - JSON Body] @08-03-2021 06:44:32.0612 AM
[ReportManager] AssertEquals PASSED; Expected and Actual values are attached. Comparison Type [CONTAINS]. Validation Type [POSITIVE]. @08-03-2021 06:44:32.0616 AM
[ReportManager] Successfully created attachment [Validation Test Data - Expected Value] @08-03-2021 06:44:32.0618 AM
[ReportManager] Successfully created attachment [Validation Test Data - Actual Value] @08-03-2021 06:44:32.0622 AM
[ReportManager] API Action [getResponseJSONValueAsList] successfully performed. With the following test data [$]. @08-03-2021 06:44:32.0644 AM
[ReportManager] API Action [getResponseJSONValue] successfully performed. With the following test data [name]. @08-03-2021 06:44:32.0676 AM
[ReportManager] API Action [getResponseJSONValue] successfully performed. With the following test data [email]. @08-03-2021 06:44:32.0701 AM
[ReportManager] AssertEquals PASSED; Expected [Sincere@april.biz] and Actual [Sincere@april.biz]. Comparison Type [EQUALS]. Validation Type [POSITIVE]. @08-03-2021 06:44:32.0702 AM
[ReportManager] API Action [getResponseJSONValue] successfully performed. With the following test data [name]. @08-03-2021 06:44:32.0721 AM
[ReportManager] API Action [getResponseJSONValue] successfully performed. With the following test data [name]. @08-03-2021 06:44:32.0744 AM
[ReportManager] API Action [getResponseJSONValue] successfully performed. With the following test data [name]. @08-03-2021 06:44:32.0763 AM
[ReportManager] API Action [getResponseJSONValue] successfully performed. With the following test data [name]. @08-03-2021 06:44:32.0781 AM
[ReportManager] API Action [getResponseJSONValue] successfully performed. With the following test data [name]. @08-03-2021 06:44:32.0801 AM
[ReportManager] API Action [getResponseJSONValue] successfully performed. With the following test data [name]. @08-03-2021 06:44:32.0817 AM
[ReportManager] API Action [getResponseJSONValue] successfully performed. With the following test data [name]. @08-03-2021 06:44:32.0835 AM
[ReportManager] API Action [getResponseJSONValue] successfully performed. With the following test data [name]. @08-03-2021 06:44:32.0855 AM
[ReportManager] API Action [getResponseJSONValue] successfully performed. With the following test data [name]. @08-03-2021 06:44:32.0871 A



################################################################################################################################################
Starting Execution:	[2 out of 23] test cases in the current suite
Test Method:		[tests.gui.google.A_Search_FlatTest_NativeSeleniumWebDriver.navigateToGoogleHomeAndAssertGoogleLogoIsDisplayed]
###############################################################################################################################################



################################################################################################################################################
Starting Execution:	[3 out of 23] test cases in the current suite
Test Method:		[tests.gui.google.A_Search_FlatTest_NativeSeleniumWebDriver.navigateToGoogleHomeAndAssertPageTitle]
###############################################################################################################################################



################################################################################################################################################
Starting Execution:	[4 out of 23] test cases in the current suite
Test Method:		[tests.gui.google.A_Search_FlatTest_NativeSeleniumWebDriver.searchForQueryAndAssertFirstResultTextIsCorrect]
###############################################################################################################################################

[ReportManager] Successfully loaded the following test data file [src/test/resources/TestDataFiles/Google/SimpleSearch.xlsx]. @08-03-2021 06:44:37.0371 AM
[ReportManager] Successfully created attachment [Test Data - Excel] @08-03-2021 06:44:37.0372 A
[ReportManager] File Action [getAbsolutePath] successfully performed. With the following test data [Relative Folder Path: "target/downloadedFiles/"]. @08-03-2021 06:44:37.0376 AM
[ReportManager] Attempting to run remotely on: [Linux-64], [GoogleChrome], [http://localhost:4444/wd/hub], Headless Execution. @08-03-2021 06:44:37.0377 AM
[ReportManager] Successfully Opened [GoogleChrome]. @08-03-2021 06:44:38.0130 AM
[ReportManager] Target URL: [https://www.google.com/ncr], and after redirection: [https://www.google.com] @08-03-2021 06:44:38.0184 AM
[ReportManager] Initial URL: [data:,] @08-03-2021 06:44:38.0292 AM
[ReportManager] Browser Action [navigateToURL] successfully performed. With the following test data [https://www.google.com/ncr]. @08-03-2021 06:44:39.0811 A

################################################################################################################################################
Starting Execution:	[5 out of 23] test cases in the current suite
Test Method:		[tests.gui.google.D_Search_PageObjectModel_Traditional_DataDriven.navigateToGoogleHomeAndAssertGoogleLogoIsDisplayed]
################################################################################################################################################
[ReportManager] org.openqa.selenium.TimeoutException:
Expected condition failed: waiting for com.shaft.gui.element.ElementActionsHelper$$Lambda$915/0x00000008012d6588@63b187f (tried for 25 second(s) with 1000 milliseconds interval)
org.openqa.selenium.support.ui.FluentWait.timeoutException(FluentWait.java:304)
org.openqa.selenium.support.ui.FluentWait.until(FluentWait.java:272)
com.shaft.gui.element.ElementActionsHelper.waitForElementPresence(ElementActionsHelper.java:46)
com.shaft.gui.element.ElementActionsHelper.waitForElementPresence(ElementActionsHelper.java:32)
com.shaft.gui.element.ElementActions.getMatchingElementsCount(ElementActions.java:1501)
com.shaft.gui.element.ElementActions.identifyUniqueElement(ElementActions.java:1549)
com.shaft.gui.element.ElementActions.isElementDisplayed(ElementActions.java:829)
objectModels.gui.google.Home.isGoogleLogoDisplayed(Home.java:33)
tests.gui.google.D_Search_PageObjectModel_Traditional_DataDriven.navigateToGoogleHomeAndAssertGoogleLogoIsDisplayed(D_Search_PageObjectModel_Traditional_DataDriven.java:33)
java.base/jdk.internal.reflect.NativeMethodAccessorImpl.invoke0(Native Method)
java.base/jdk.internal.reflect.NativeMethodAccessorImpl.invoke(NativeMethodAccessorImpl.java:64)
java.base/jdk.internal.reflect.DelegatingMethodAccessorImpl.invoke(DelegatingMethodAccessorImpl.java:43)
java.base/java.lang.reflect.Method.invoke(Method.java:564)
org.testng.internal.MethodInvocationHelper.invokeMethod(MethodInvocationHelper.java:132)
org.testng.internal.TestInvoker.invokeMethod(TestInvoker.java:599)
org.testng.internal.TestInvoker.invokeTestMethod(TestInvoker.java:174)
org.testng.internal.MethodRunner.runInSequence(MethodRunner.java:46)
org.testng.internal.TestInvoker$MethodInvocationAgent.invoke(TestInvoker.java:822)
org.testng.internal.TestInvoker.invokeTestMethods(TestInvoker.java:147)
org.testng.internal.TestMethodWorker.invokeTestMethods(TestMethodWorker.java:146)
org.testng.internal.TestMethodWorker.run(TestMethodWorker.java:128)
java.base/java.util.ArrayList.forEach(ArrayList.java:1511)
org.testng.TestRunner.privateRun(TestRunner.java:764)
org.testng.TestRunner.run(TestRunner.java:585)
org.testng.SuiteRunner.runTest(SuiteRunner.java:384)
org.testng.SuiteRunner.runSequentially(SuiteRunner.java:378)
org.testng.SuiteRunner.privateRun(SuiteRunner.java:337)
org.testng.SuiteRunner.run(SuiteRunner.java:286)
org.testng.SuiteRunnerWorker.runSuite(SuiteRunnerWorker.java:53)
org.testng.SuiteRunnerWorker.run(SuiteRunnerWorker.java:96)
org.testng.TestNG.runSuitesSequentially(TestNG.java:1218)
org.testng.TestNG.runSuitesLocally(TestNG.java:1140)
org.testng.TestNG.runSuites(TestNG.java:1069)
org.testng.TestNG.run(TestNG.java:1037)
org.apache.maven.surefire.testng.TestNGExecutor.run(TestNGExecutor.java:136)
org.apache.maven.surefire.testng.TestNGDirectoryTestSuite.executeMulti(TestNGDirectoryTestSuite.java:193)
org.apache.maven.surefire.testng.TestNGDirectoryTestSuite.execute(TestNGDirectoryTestSuite.java:94)
org.apache.maven.surefire.testng.TestNGProvider.invoke(TestNGProvider.java:145)
org.apache.maven.surefire.booter.ForkedBooter.runSuitesInProcess(ForkedBooter.java:428)
org.apache.maven.surefire.booter.ForkedBooter.execute(ForkedBooter.java:162)
org.apache.maven.surefire.booter.ForkedBooter.run(ForkedBooter.java:562)
org.apache.maven.surefire.booter.ForkedBooter.main(ForkedBooter.java:548)

Caused by: org.openqa.selenium.NoSuchElementException:
no such element: Unable to locate element: {"method":"xpath","selector":"//img[@id='hplogo' or @alt='Google']"}
  (Session info: headless chrome=81.0.4044.138)
  (Driver info: chromedriver=81.0.4044.138 (8c6c7ba89cc9453625af54f11fd83179e23450fa-refs/branch-heads/4044@{#999}),platform=Linux 5.4.0-1040-azure x86_64) (WARNING: The server did not provide any stacktrace information)
Command duration or timeout: 0 milliseconds
For documentation on this error, please visit: https://www.seleniumhq.org/exceptions/no_such_element.html
Build info: version: '3.141.59', revision: 'e82be7d358', time: '2018-11-14T08:17:03'
System info: host: 'fv-az173-32', ip: '10.1.0.4', os.name: 'Linux', os.arch: 'amd64', os.version: '5.4.0-1040-azure', java.version: '15.0.2'
Driver info: org.openqa.selenium.remote.RemoteWebDriver
Capabilities {acceptInsecureCerts: false, acceptSslCerts: false, applicationCacheEnabled: false, browserConnectionEnabled: false, browserName: chrome, chrome: {chromedriverVersion: 81.0.4044.138 (8c6c7ba89cc9..., userDataDir: /tmp/.com.google.Chrome.8fs4Wa}, cssSelectorsEnabled: true, databaseEnabled: false, goog:chromeOptions: {debuggerAddress: localhost:46135}, handlesAlerts: true, hasTouchScreen: false, javascriptEnabled: true, locationContextEnabled: true, mobileEmulationEnabled: false, nativeEvents: true, networkConnectionEnabled: false, pageLoadStrategy: normal, platform: LINUX, platformName: LINUX, proxy: Proxy(), rotatable: false, setWindowRect: true, strictFileInteractability: false, takesHeapSnapshot: true, takesScreenshot: true, timeouts: {implicit: 0, pageLoad: 300000, script: 30000}, unexpectedAlertBehaviour: ignore, unhandledPromptBehavior: ignore, version: 81.0.4044.138, webStorageEnabled: true, webauthn:virtualAuthenticators: true, webdriver.remote.sessionid: 7b4c497ed7dc36fa77fbd6ec1f7...}
Session ID: 7b4c497ed7dc36fa77fbd6ec1f7deb79
*** Element info: {Using=xpath, value=//img[@id='hplogo' or @alt='Google']}
jdk.internal.reflect.GeneratedConstructorAccessor36.newInstance(Unknown Source)
java.base/jdk.internal.reflect.DelegatingConstructorAccessorImpl.newInstance(DelegatingConstructorAccessorImpl.java:45)
java.base/java.lang.reflect.Constructor.newInstanceWithCaller(Constructor.java:500)
java.base/java.lang.reflect.Constructor.newInstance(Constructor.java:481)
org.openqa.selenium.remote.ErrorHandler.createThrowable(ErrorHandler.java:214)
org.openqa.selenium.remote.ErrorHandler.throwIfResponseFailed(ErrorHandler.java:166)
org.openqa.selenium.remote.http.JsonHttpResponseCodec.reconstructValue(JsonHttpResponseCodec.java:40)
org.openqa.selenium.remote.http.AbstractHttpResponseCodec.decode(AbstractHttpResponseCodec.java:80)
org.openqa.selenium.remote.http.AbstractHttpResponseCodec.decode(AbstractHttpResponseCodec.java:44)
org.openqa.selenium.remote.HttpCommandExecutor.execute(HttpCommandExecutor.java:158)
org.openqa.selenium.remote.RemoteWebDriver.execute(RemoteWebDriver.java:552)
org.openqa.selenium.remote.RemoteWebDriver.findElement(RemoteWebDriver.java:323)
org.openqa.selenium.remote.RemoteWebDriver.findElementByXPath(RemoteWebDriver.java:428)
org.openqa.selenium.By$ByXPath.findElement(By.java:353)
org.openqa.selenium.remote.RemoteWebDriver.findElement(RemoteWebDriver.java:315)
com.shaft.gui.element.ElementActionsHelper.lambda$waitForElementPresence$0(ElementActionsHelper.java:47)
org.openqa.selenium.support.ui.FluentWait.until(FluentWait.java:249)
com.shaft.gui.element.ElementActionsHelper.waitForElementPresence(ElementActionsHelper.java:46)
com.shaft.gui.element.ElementActionsHelper.waitForElementPresence(ElementActionsHelper.java:32)
com.shaft.gui.element.ElementActions.getMatchingElementsCount(ElementActions.java:1501)
com.shaft.gui.element.ElementActions.identifyUniqueElement(ElementActions.java:1549)
com.shaft.gui.element.ElementActions.isElementDisplayed(ElementActions.java:829)
objectModels.gui.google.Home.isGoogleLogoDisplayed(Home.java:33)
tests.gui.google.D_Search_PageObjectModel_Traditional_DataDriven.navigateToGoogleHomeAndAssertGoogleLogoIsDisplayed(D_Search_PageObjectModel_Traditional_DataDriven.java:33)
java.base/jdk.internal.reflect.NativeMethodAccessorImpl.invoke0(Native Method)
java.base/jdk.internal.reflect.NativeMethodAccessorImpl.invoke(NativeMethodAccessorImpl.java:64)
java.base/jdk.internal.reflect.DelegatingMethodAccessorImpl.invoke(DelegatingMethodAccessorImpl.java:43)
java.base/java.lang.reflect.Method.invoke(Method.java:564)
org.testng.internal.MethodInvocationHelper.invokeMethod(MethodInvocationHelper.java:132)
org.testng.internal.TestInvoker.invokeMethod(TestInvoker.java:599)
org.testng.internal.TestInvoker.invokeTestMethod(TestInvoker.java:174)
org.testng.internal.MethodRunner.runInSequence(MethodRunner.java:46)
org.testng.internal.TestInvoker$MethodInvocationAgent.invoke(TestInvoker.java:822)
org.testng.internal.TestInvoker.invokeTestMethods(TestInvoker.java:147)
org.testng.internal.TestMethodWorker.invokeTestMethods(TestMethodWorker.java:146)
org.testng.internal.TestMethodWorker.run(TestMethodWorker.java:128)
java.base/java.util.ArrayList.forEach(ArrayList.java:1511)
org.testng.TestRunner.privateRun(TestRunner.java:764)
org.testng.TestRunner.run(TestRunner.java:585)
org.testng.SuiteRunner.runTest(SuiteRunner.java:384)
org.testng.SuiteRunner.runSequentially(SuiteRunner.java:378)
org.testng.SuiteRunner.privateRun(SuiteRunner.java:337)
org.testng.SuiteRunner.run(SuiteRunner.java:286)
org.testng.SuiteRunnerWorker.runSuite(SuiteRunnerWorker.java:53)
org.testng.SuiteRunnerWorker.run(SuiteRunnerWorker.java:96)
org.testng.TestNG.runSuitesSequentially(TestNG.java:1218)
org.testng.TestNG.runSuitesLocally(TestNG.java:1140)
org.testng.TestNG.runSuites(TestNG.java:1069)
org.testng.TestNG.run(TestNG.java:1037)
org.apache.maven.surefire.testng.TestNGExecutor.run(TestNGExecutor.java:136)
org.apache.maven.surefire.testng.TestNGDirectoryTestSuite.executeMulti(TestNGDirectoryTestSuite.java:193)
org.apache.maven.surefire.testng.TestNGDirectoryTestSuite.execute(TestNGDirectoryTestSuite.java:94)
org.apache.maven.surefire.testng.TestNGProvider.invoke(TestNGProvider.java:145)
org.apache.maven.surefire.booter.ForkedBooter.runSuitesInProcess(ForkedBooter.java:428)
org.apache.maven.surefire.booter.ForkedBooter.execute(ForkedBooter.java:162)
org.apache.maven.surefire.booter.ForkedBooter.run(ForkedBooter.java:562)
org.apache.maven.surefire.booter.ForkedBooter.main(ForkedBooter.java:548) @08-03-2021 06:45:05.0399 AM
[ReportManager] Element Action [identifyUniqueElement] failed. With the following test data [zero elements found matching this locator "By.xpath: //img[@id='hplogo' or @alt='Google']".]. @08-03-2021 06:45:05.0972 AM
[ReportManager] Successfully created attachment [Screenshot - 1615185905617_navigateToGoogleHomeAndAssertGoogleLogoIsDisplayed_identifyUniqueElement_failed] @08-03-2021 06:45:05.0981 A
[ReportManager] Successfully created attachment [Selenium WebDriver Logs - server] @08-03-2021 06:45:06.0159 AM
[ReportManager] Successfully created attachment [Selenium WebDriver Logs - performance] @08-03-2021 06:45:06.0249 AM
[ReportManager] Successfully created attachment [Selenium WebDriver Logs - driver] @08-03-2021 06:45:06.0467 AM
[ReportManager] Browser Action [closeCurrentWindow] successfully performed. @08-03-2021 06:45:06.0532 AM
[ReportManager] Successfully created attachment [Browser Action Test Data - closeCurrentWindow - Actual Value] @08-03-2021 06:45:06.0540 A
[ReportManager] File Action [getAbsolutePath] successfully performed. With the following test data [Relative Folder Path: "target/downloadedFiles/"]. @08-03-2021 06:45:06.0549 AM
[ReportManager] Attempting to run remotely on: [Linux-64], [GoogleChrome], [http://localhost:4444/wd/hub], Headless Execution. @08-03-2021 06:45:06.0549 AM
[ReportManager] Successfully Opened [GoogleChrome]. @08-03-2021 06:45:07.0165 AM
[ReportManager] Target URL: [https://www.google.com/ncr], and after redirection: [https://www.google.com] @08-03-2021 06:45:07.0192 AM
[ReportManager] Initial URL: [data:,] @08-03-2021 06:45:07.0273 AM
[ReportManager] Browser Action [navigateToURL] successfully performed. With the following test data [https://www.google.com/ncr]. @08-03-2021 06:45:08.0543 A

################################################################################################################################################
Starting Execution:	[6 out of 23] test cases in the current suite
Test Method:		[tests.gui.google.D_Search_PageObjectModel_Traditional_DataDriven.navigateToGoogleHomeAndAssertPageTitle]
################################################################################################################################################
[ReportManager] Browser Action [getCurrentWindowTitle] successfully performed. With the following test data [Google]. @08-03-2021 06:45:08.0648 AM
[ReportManager] Asserting that the page title is Google... @08-03-2021 06:45:08.0648 AM
[ReportManager] AssertEquals PASSED; Expected [Google] and Actual [Google]. Comparison Type [EQUALS]. Validation Type [POSITIVE]. @08-03-2021 06:45:08.0648 A
[ReportManager] Successfully created attachment [Selenium WebDriver Logs - server] @08-03-2021 06:45:08.0785 AM
[ReportManager] Successfully created attachment [Selenium WebDriver Logs - performance] @08-03-2021 06:45:08.0863 AM
[ReportManager] Successfully created attachment [Selenium WebDriver Logs - driver] @08-03-2021 06:45:09.0050 AM
[ReportManager] Browser Action [closeCurrentWindow] successfully performed. @08-03-2021 06:45:09.0113 AM
[ReportManager] Successfully created attachment [Browser Action Test Data - closeCurrentWindow - Actual Value] @08-03-2021 06:45:09.0114 A
[ReportManager] File Action [getAbsolutePath] successfully performed. With the following test data [Relative Folder Path: "target/downloadedFiles/"]. @08-03-2021 06:45:09.0132 AM
[ReportManager] Attempting to run remotely on: [Linux-64], [GoogleChrome], [http://localhost:4444/wd/hub], Headless Execution. @08-03-2021 06:45:09.0132 AM
[ReportManager] Successfully Opened [GoogleChrome]. @08-03-2021 06:45:09.0727 AM
[ReportManager] Target URL: [https://www.google.com/ncr], and after redirection: [https://www.google.com] @08-03-2021 06:45:09.0756 AM
[ReportManager] Initial URL: [data:,] @08-03-2021 06:45:09.0838 AM
[ReportManager] Browser Action [navigateToURL] successfully performed. With the following test data [https://www.google.com/ncr]. @08-03-2021 06:45:11.0026 A

################################################################################################################################################
Starting Execution:	[7 out of 23] test cases in the current suite
Test Method:		[tests.gui.google.D_Search_PageObjectModel_Traditional_DataDriven.searchForQueryAndAssertFirstResultTextIsCorrect]
################################################################################################################################################
[ReportManager] Element Action [type] successfully performed. With the following test data [SHAFT_Engine]. @08-03-2021 06:45:11.0787 AM
[ReportManager] Element Action [keyPress] successfully performed. With the following test data [ENTER]. @08-03-2021 06:45:13.0140 AM
[ReportManager] Element Action [getText] successfully performed. With the following test data [MohabMohie/SHAFT_ENGINE: SHAFT_ENGINE is a ... - GitHub]. @08-03-2021 06:45:13.0297 AM
[ReportManager] Asserting that the correct first result is displayed... @08-03-2021 06:45:13.0297 AM
[ReportManager] AssertEquals PASSED; Expected [MohabMohie] and Actual [MohabMohie/SHAFT_ENGINE: SHAFT_ENGINE is a ... - GitHub]. Comparison Type [CONTAINS]. Validation Type [POSITIVE]. @08-03-2021 06:45:13.0297 A
[ReportManager] Successfully created attachment [Selenium WebDriver Logs - server] @08-03-2021 06:45:13.0569 AM
[ReportManager] Successfully created attachment [Selenium WebDriver Logs - performance] @08-03-2021 06:45:13.0801 AM
[ReportManager] Successfully created attachment [Selenium WebDriver Logs - driver] @08-03-2021 06:45:14.0178 AM
[ReportManager] Browser Action [closeCurrentWindow] successfully performed. @08-03-2021 06:45:14.0246 AM
[ReportManager] Successfully created attachment [Browser Action Test Data - closeCurrentWindow - Actual Value] @08-03-2021 06:45:14.0253 A
[ReportManager] Successfully loaded the following test data file [src/test/resources/TestDataFiles/Google/SimpleSearch.xlsx]. @08-03-2021 06:45:14.0308 AM
[ReportManager] Successfully created attachment [Test Data - Excel] @08-03-2021 06:45:14.0308 A
[ReportManager] File Action [getAbsolutePath] successfully performed. With the following test data [Relative Folder Path: "target/downloadedFiles/"]. @08-03-2021 06:45:14.0309 AM
[ReportManager] Attempting to run remotely on: [Linux-64], [GoogleChrome], [http://localhost:4444/wd/hub], Headless Execution. @08-03-2021 06:45:14.0310 AM
[ReportManager] Successfully Opened [GoogleChrome]. @08-03-2021 06:45:14.0968 AM
[ReportManager] Target URL: [https://www.google.com/ncr], and after redirection: [https://www.google.com] @08-03-2021 06:45:15.0003 AM
[ReportManager] Initial URL: [data:,] @08-03-2021 06:45:15.0077 AM
[ReportManager] Browser Action [navigateToURL] successfully performed. With the following test data [https://www.google.com/ncr]. @08-03-2021 06:45:16.0266 A

################################################################################################################################################
Starting Execution:	[8 out of 23] test cases in the current suite
Test Method:		[tests.gui.google.G_Search_PageObjectModel_ThreadSafe.navigateToGoogleHomeAndAssertGoogleLogoIsDisplayed]
################################################################################################################################################
[ReportManager] Asserting that the Google logo is displayed... @08-03-2021 06:45:16.0317 AM
[ReportManager] File Action [doesFileExist] successfully performed. With the following test data [File Path: "src/test/resources/DynamicObjectRepository/tests_gui_google_G_Search_PageObjectModel_ThreadSafe_navigateToGoogleHomeAndAssertGoogleLogoIsDisplayed_By_xpath_img_id_hplogo_or_alt_Google.png"]. @08-03-2021 06:45:16.0331 AM
[ReportManager] File Action [getAbsolutePath] successfully performed. With the following test data [Relative Folder Path: "src/test/resources/DynamicObjectRepository/tests_gui_google_G_Search_PageObjectModel_ThreadSafe_navigateToGoogleHomeAndAssertGoogleLogoIsDisplayed_By_xpath_img_id_hplogo_or_alt_Google.png"]. @08-03-2021 06:45:16.0332 AM
[ReportManager] File Action [readFromImageFile] successfully performed. With the following test data [File Path: "/home/runner/work/using_SHAFT_ENGINE/using_SHAFT_ENGINE/src/test/resources/DynamicObjectRepository/tests_gui_google_G_Search_PageObjectModel_ThreadSafe_navigateToGoogleHomeAndAssertGoogleLogoIsDisplayed_By_xpath_img_id_hplogo_or_alt_Google.png"]. @08-03-2021 06:45:16.0333 AM
[ReportManager] org.openqa.selenium.TimeoutException:
Expected condition failed: waiting for com.shaft.gui.element.ElementActionsHelper$$Lambda$915/0x00000008012d6588@6edbdbed (tried for 25 second(s) with 1000 milliseconds interval)
org.openqa.selenium.support.ui.FluentWait.timeoutException(FluentWait.java:304)
org.openqa.selenium.support.ui.FluentWait.until(FluentWait.java:272)
com.shaft.gui.element.ElementActionsHelper.waitForElementPresence(ElementActionsHelper.java:46)
com.shaft.gui.element.ElementActionsHelper.waitForElementPresence(ElementActionsHelper.java:24)
com.shaft.gui.element.ElementActions.getMatchingElementsCount(ElementActions.java:1497)
com.shaft.gui.element.ElementActions.getElementsCount(ElementActions.java:547)
com.shaft.validation.ValidationActions.validateElementMatches(ValidationActions.java:360)
com.shaft.validation.Assertions.assertElementMatches(Assertions.java:480)
tests.gui.google.G_Search_PageObjectModel_ThreadSafe.navigateToGoogleHomeAndAssertGoogleLogoIsDisplayed(G_Search_PageObjectModel_ThreadSafe.java:30)
java.base/jdk.internal.reflect.NativeMethodAccessorImpl.invoke0(Native Method)
java.base/jdk.internal.reflect.NativeMethodAccessorImpl.invoke(NativeMethodAccessorImpl.java:64)
java.base/jdk.internal.reflect.DelegatingMethodAccessorImpl.invoke(DelegatingMethodAccessorImpl.java:43)
java.base/java.lang.reflect.Method.invoke(Method.java:564)
org.testng.internal.MethodInvocationHelper.invokeMethod(MethodInvocationHelper.java:132)
org.testng.internal.TestInvoker.invokeMethod(TestInvoker.java:599)
org.testng.internal.TestInvoker.invokeTestMethod(TestInvoker.java:174)
org.testng.internal.MethodRunner.runInSequence(MethodRunner.java:46)
org.testng.internal.TestInvoker$MethodInvocationAgent.invoke(TestInvoker.java:822)
org.testng.internal.TestInvoker.invokeTestMethods(TestInvoker.java:147)
org.testng.internal.TestMethodWorker.invokeTestMethods(TestMethodWorker.java:146)
org.testng.internal.TestMethodWorker.run(TestMethodWorker.java:128)
java.base/java.util.ArrayList.forEach(ArrayList.java:1511)
org.testng.TestRunner.privateRun(TestRunner.java:764)
org.testng.TestRunner.run(TestRunner.java:585)
org.testng.SuiteRunner.runTest(SuiteRunner.java:384)
org.testng.SuiteRunner.runSequentially(SuiteRunner.java:378)
org.testng.SuiteRunner.privateRun(SuiteRunner.java:337)
org.testng.SuiteRunner.run(SuiteRunner.java:286)
org.testng.SuiteRunnerWorker.runSuite(SuiteRunnerWorker.java:53)
org.testng.SuiteRunnerWorker.run(SuiteRunnerWorker.java:96)
org.testng.TestNG.runSuitesSequentially(TestNG.java:1218)
org.testng.TestNG.runSuitesLocally(TestNG.java:1140)
org.testng.TestNG.runSuites(TestNG.java:1069)
org.testng.TestNG.run(TestNG.java:1037)
org.apache.maven.surefire.testng.TestNGExecutor.run(TestNGExecutor.java:136)
org.apache.maven.surefire.testng.TestNGDirectoryTestSuite.executeMulti(TestNGDirectoryTestSuite.java:193)
org.apache.maven.surefire.testng.TestNGDirectoryTestSuite.execute(TestNGDirectoryTestSuite.java:94)
org.apache.maven.surefire.testng.TestNGProvider.invoke(TestNGProvider.java:145)
org.apache.maven.surefire.booter.ForkedBooter.runSuitesInProcess(ForkedBooter.java:428)
org.apache.maven.surefire.booter.ForkedBooter.execute(ForkedBooter.java:162)
org.apache.maven.surefire.booter.ForkedBooter.run(ForkedBooter.java:562)
org.apache.maven.surefire.booter.ForkedBooter.main(ForkedBooter.java:548)

Caused by: org.openqa.selenium.NoSuchElementException:
no such element: Unable to locate element: {"method":"xpath","selector":"//img[@id='hplogo' or @alt='Google']"}
  (Session info: headless chrome=81.0.4044.138)
  (Driver info: chromedriver=81.0.4044.138 (8c6c7ba89cc9453625af54f11fd83179e23450fa-refs/branch-heads/4044@{#999}),platform=Linux 5.4.0-1040-azure x86_64) (WARNING: The server did not provide any stacktrace information)
Command duration or timeout: 0 milliseconds
For documentation on this error, please visit: https://www.seleniumhq.org/exceptions/no_such_element.html
Build info: version: '3.141.59', revision: 'e82be7d358', time: '2018-11-14T08:17:03'
System info: host: 'fv-az173-32', ip: '10.1.0.4', os.name: 'Linux', os.arch: 'amd64', os.version: '5.4.0-1040-azure', java.version: '15.0.2'
Driver info: org.openqa.selenium.remote.RemoteWebDriver
Capabilities {acceptInsecureCerts: false, acceptSslCerts: false, applicationCacheEnabled: false, browserConnectionEnabled: false, browserName: chrome, chrome: {chromedriverVersion: 81.0.4044.138 (8c6c7ba89cc9..., userDataDir: /tmp/.com.google.Chrome.QkTxtk}, cssSelectorsEnabled: true, databaseEnabled: false, goog:chromeOptions: {debuggerAddress: localhost:43979}, handlesAlerts: true, hasTouchScreen: false, javascriptEnabled: true, locationContextEnabled: true, mobileEmulationEnabled: false, nativeEvents: true, networkConnectionEnabled: false, pageLoadStrategy: normal, platform: LINUX, platformName: LINUX, proxy: Proxy(), rotatable: false, setWindowRect: true, strictFileInteractability: false, takesHeapSnapshot: true, takesScreenshot: true, timeouts: {implicit: 0, pageLoad: 300000, script: 30000}, unexpectedAlertBehaviour: ignore, unhandledPromptBehavior: ignore, version: 81.0.4044.138, webStorageEnabled: true, webauthn:virtualAuthenticators: true, webdriver.remote.sessionid: 91abe3dee02d16ed859e6b7849c...}
Session ID: 91abe3dee02d16ed859e6b7849c5977e
*** Element info: {Using=xpath, value=//img[@id='hplogo' or @alt='Google']}
jdk.internal.reflect.GeneratedConstructorAccessor36.newInstance(Unknown Source)
java.base/jdk.internal.reflect.DelegatingConstructorAccessorImpl.newInstance(DelegatingConstructorAccessorImpl.java:45)
java.base/java.lang.reflect.Constructor.newInstanceWithCaller(Constructor.java:500)
java.base/java.lang.reflect.Constructor.newInstance(Constructor.java:481)
org.openqa.selenium.remote.ErrorHandler.createThrowable(ErrorHandler.java:214)
org.openqa.selenium.remote.ErrorHandler.throwIfResponseFailed(ErrorHandler.java:166)
org.openqa.selenium.remote.http.JsonHttpResponseCodec.reconstructValue(JsonHttpResponseCodec.java:40)
org.openqa.selenium.remote.http.AbstractHttpResponseCodec.decode(AbstractHttpResponseCodec.java:80)
org.openqa.selenium.remote.http.AbstractHttpResponseCodec.decode(AbstractHttpResponseCodec.java:44)
org.openqa.selenium.remote.HttpCommandExecutor.execute(HttpCommandExecutor.java:158)
org.openqa.selenium.remote.RemoteWebDriver.execute(RemoteWebDriver.java:552)
org.openqa.selenium.remote.RemoteWebDriver.findElement(RemoteWebDriver.java:323)
org.openqa.selenium.remote.RemoteWebDriver.findElementByXPath(RemoteWebDriver.java:428)
org.openqa.selenium.By$ByXPath.findElement(By.java:353)
org.openqa.selenium.remote.RemoteWebDriver.findElement(RemoteWebDriver.java:315)
com.shaft.gui.element.ElementActionsHelper.lambda$waitForElementPresence$0(ElementActionsHelper.java:47)
org.openqa.selenium.support.ui.FluentWait.until(FluentWait.java:249)
com.shaft.gui.element.ElementActionsHelper.waitForElementPresence(ElementActionsHelper.java:46)
com.shaft.gui.element.ElementActionsHelper.waitForElementPresence(ElementActionsHelper.java:24)
com.shaft.gui.element.ElementActions.getMatchingElementsCount(ElementActions.java:1497)
com.shaft.gui.element.ElementActions.getElementsCount(ElementActions.java:547)
com.shaft.validation.ValidationActions.validateElementMatches(ValidationActions.java:360)
com.shaft.validation.Assertions.assertElementMatches(Assertions.java:480)
tests.gui.google.G_Search_PageObjectModel_ThreadSafe.navigateToGoogleHomeAndAssertGoogleLogoIsDisplayed(G_Search_PageObjectModel_ThreadSafe.java:30)
java.base/jdk.internal.reflect.NativeMethodAccessorImpl.invoke0(Native Method)
java.base/jdk.internal.reflect.NativeMethodAccessorImpl.invoke(NativeMethodAccessorImpl.java:64)
java.base/jdk.internal.reflect.DelegatingMethodAccessorImpl.invoke(DelegatingMethodAccessorImpl.java:43)
java.base/java.lang.reflect.Method.invoke(Method.java:564)
org.testng.internal.MethodInvocationHelper.invokeMethod(MethodInvocationHelper.java:132)
org.testng.internal.TestInvoker.invokeMethod(TestInvoker.java:599)
org.testng.internal.TestInvoker.invokeTestMethod(TestInvoker.java:174)
org.testng.internal.MethodRunner.runInSequence(MethodRunner.java:46)
org.testng.internal.TestInvoker$MethodInvocationAgent.invoke(TestInvoker.java:822)
org.testng.internal.TestInvoker.invokeTestMethods(TestInvoker.java:147)
org.testng.internal.TestMethodWorker.invokeTestMethods(TestMethodWorker.java:146)
org.testng.internal.TestMethodWorker.run(TestMethodWorker.java:128)
java.base/java.util.ArrayList.forEach(ArrayList.java:1511)
org.testng.TestRunner.privateRun(TestRunner.java:764)
org.testng.TestRunner.run(TestRunner.java:585)
org.testng.SuiteRunner.runTest(SuiteRunner.java:384)
org.testng.SuiteRunner.runSequentially(SuiteRunner.java:378)
org.testng.SuiteRunner.privateRun(SuiteRunner.java:337)
org.testng.SuiteRunner.run(SuiteRunner.java:286)
org.testng.SuiteRunnerWorker.runSuite(SuiteRunnerWorker.java:53)
org.testng.SuiteRunnerWorker.run(SuiteRunnerWorker.java:96)
org.testng.TestNG.runSuitesSequentially(TestNG.java:1218)
org.testng.TestNG.runSuitesLocally(TestNG.java:1140)
org.testng.TestNG.runSuites(TestNG.java:1069)
org.testng.TestNG.run(TestNG.java:1037)
org.apache.maven.surefire.testng.TestNGExecutor.run(TestNGExecutor.java:136)
org.apache.maven.surefire.testng.TestNGDirectoryTestSuite.executeMulti(TestNGDirectoryTestSuite.java:193)
org.apache.maven.surefire.testng.TestNGDirectoryTestSuite.execute(TestNGDirectoryTestSuite.java:94)
org.apache.maven.surefire.testng.TestNGProvider.invoke(TestNGProvider.java:145)
org.apache.maven.surefire.booter.ForkedBooter.runSuitesInProcess(ForkedBooter.java:428)
org.apache.maven.surefire.booter.ForkedBooter.execute(ForkedBooter.java:162)
org.apache.maven.surefire.booter.ForkedBooter.run(ForkedBooter.java:562)
org.apache.maven.surefire.booter.ForkedBooter.main(ForkedBooter.java:548) @08-03-2021 06:45:41.0871 AM
[ReportManager] AssertElementMatches FAILED; Expected [Element should match the reference screenshot] and Actual [ELEMENT NOT FOUND]. Comparison Type [EXACT_OPENCV]. Validation Type [POSITIVE]. @08-03-2021 06:45:42.0241 AM
[ReportManager] Successfully created attachment [Validation Test Data - Reference Screenshot] @08-03-2021 06:45:42.0242 AM
[ReportManager] Successfully created attachment [Validation Test Data - Actual Screenshot] @08-03-2021 06:45:42.0242 A
[ReportManager] Successfully created attachment [Selenium WebDriver Logs - server] @08-03-2021 06:45:42.0408 AM
[ReportManager] Successfully created attachment [Selenium WebDriver Logs - performance] @08-03-2021 06:45:42.0474 AM
[ReportManager] Successfully created attachment [Selenium WebDriver Logs - driver] @08-03-2021 06:45:42.0608 AM
[ReportManager] Browser Action [closeCurrentWindow] successfully performed. @08-03-2021 06:45:42.0676 AM
[ReportManager] Successfully created attachment [Browser Action Test Data - closeCurrentWindow - Actual Value] @08-03-2021 06:45:42.0677 A
[ReportManager] File Action [getAbsolutePath] successfully performed. With the following test data [Relative Folder Path: "target/downloadedFiles/"]. @08-03-2021 06:45:42.0681 AM
[ReportManager] Attempting to run remotely on: [Linux-64], [GoogleChrome], [http://localhost:4444/wd/hub], Headless Execution. @08-03-2021 06:45:42.0682 AM
[ReportManager] Successfully Opened [GoogleChrome]. @08-03-2021 06:45:42.0962 AM
[ReportManager] Target URL: [https://www.google.com/ncr], and after redirection: [https://www.google.com] @08-03-2021 06:45:42.0985 AM
[ReportManager] Initial URL: [data:,] @08-03-2021 06:45:43.0070 AM
[ReportManager] Browser Action [navigateToURL] successfully performed. With the following test data [https://www.google.com/ncr]. @08-03-2021 06:45:44.0181 A

################################################################################################################################################
Starting Execution:	[9 out of 23] test cases in the current suite
Test Method:		[tests.gui.google.G_Search_PageObjectModel_ThreadSafe.navigateToGoogleHomeAndAssertPageTitle]
################################################################################################################################################
[ReportManager] Asserting that the page title is Google... @08-03-2021 06:45:44.0228 AM
[ReportManager] Browser Action [getCurrentWindowTitle] successfully performed. With the following test data [Google]. @08-03-2021 06:45:44.0286 AM
[ReportManager] AssertBrowserAttribute PASSED; Expected [Value Should be 'Google' for the 'Title' attribute] and Actual [Google]. Comparison Type [EQUALS]. Validation Type [POSITIVE]. @08-03-2021 06:45:44.0287 A
[ReportManager] Successfully created attachment [Selenium WebDriver Logs - server] @08-03-2021 06:45:44.0394 AM
[ReportManager] Successfully created attachment [Selenium WebDriver Logs - performance] @08-03-2021 06:45:44.0447 AM
[ReportManager] Successfully created attachment [Selenium WebDriver Logs - driver] @08-03-2021 06:45:44.0555 AM
[ReportManager] Browser Action [closeCurrentWindow] successfully performed. @08-03-2021 06:45:44.0614 AM
[ReportManager] Successfully created attachment [Browser Action Test Data - closeCurrentWindow - Actual Value] @08-03-2021 06:45:44.0615 A
[ReportManager] File Action [getAbsolutePath] successfully performed. With the following test data [Relative Folder Path: "target/downloadedFiles/"]. @08-03-2021 06:45:44.0622 AM
[ReportManager] Attempting to run remotely on: [Linux-64], [GoogleChrome], [http://localhost:4444/wd/hub], Headless Execution. @08-03-2021 06:45:44.0623 AM
[ReportManager] Successfully Opened [GoogleChrome]. @08-03-2021 06:45:44.0924 AM
[ReportManager] Target URL: [https://www.google.com/ncr], and after redirection: [https://www.google.com] @08-03-2021 06:45:44.0972 AM
[ReportManager] Initial URL: [data:,] @08-03-2021 06:45:45.0034 AM
[ReportManager] Browser Action [navigateToURL] successfully performed. With the following test data [https://www.google.com/ncr]. @08-03-2021 06:45:46.0161 A

################################################################################################################################################
Starting Execution:	[10 out of 23] test cases in the current suite
Test Method:		[tests.gui.google.G_Search_PageObjectModel_ThreadSafe.searchForQueryAndAssertFirstResultTextIsCorrect]
################################################################################################################################################
[ReportManager] Element Action [type] successfully performed. With the following test data [SHAFT_Engine]. @08-03-2021 06:45:46.0877 AM
[ReportManager] Element Action [keyPress] successfully performed. With the following test data [ENTER]. @08-03-2021 06:45:48.0270 AM
[ReportManager] Asserting that the correct first result is displayed... @08-03-2021 06:45:48.0272 AM
[ReportManager] Element Action [getText] successfully performed. With the following test data [MohabMohie/SHAFT_ENGINE: SHAFT_ENGINE is a ... - GitHub]. @08-03-2021 06:45:48.0433 AM
[ReportManager] Loaded Shared OpenCV @08-03-2021 06:45:49.0177 AM
[ReportManager] AssertElementAttribute PASSED; Expected [Value Should be 'MohabMohie' for the 'Text' attribute, element locator 'By.xpath: (//h1[contains(text(),'Search Result')]/following-sibling::div//a/h3)[1]'] and Actual [MohabMohie/SHAFT_ENGINE: SHAFT_ENGINE is a ... - GitHub]. Comparison Type [CONTAINS]. Validation Type [POSITIVE]. @08-03-2021 06:45:49.0368 AM
[ReportManager] Successfully created attachment [Screenshot - 1615185948667_searchForQueryAndAssertFirstResultTextIsCorrect_AssertElementAttribute_passed] @08-03-2021 06:45:49.0375 A
[ReportManager] Successfully created attachment [Selenium WebDriver Logs - server] @08-03-2021 06:45:49.0574 AM
[ReportManager] Successfully created attachment [Selenium WebDriver Logs - performance] @08-03-2021 06:45:49.0785 AM
[ReportManager] Successfully created attachment [Selenium WebDriver Logs - driver] @08-03-2021 06:45:50.0054 AM
[ReportManager] Browser Action [closeCurrentWindow] successfully performed. @08-03-2021 06:45:50.0120 AM
[ReportManager] Successfully created attachment [Browser Action Test Data - closeCurrentWindow - Actual Value] @08-03-2021 06:45:50.0125 A
[ReportManager] File Action [getAbsolutePath] successfully performed. With the following test data [Relative Folder Path: "target/downloadedFiles/"]. @08-03-2021 06:45:50.0132 AM
[ReportManager] Attempting to run remotely on: [Linux-64], [GoogleChrome], [http://localhost:4444/wd/hub], Headless Execution. @08-03-2021 06:45:50.0132 AM
[ReportManager] Successfully Opened [GoogleChrome]. @08-03-2021 06:45:50.0407 AM
[ReportManager] Target URL: [https://www.google.com/ncr], and after redirection: [https://www.google.com] @08-03-2021 06:45:50.0427 AM
[ReportManager] Initial URL: [data:,] @08-03-2021 06:45:50.0489 AM
[ReportManager] Browser Action [navigateToURL] successfully performed. With the following test data [https://www.google.com/ncr]. @08-03-2021 06:45:51.0606 A

################################################################################################################################################
Starting Execution:	[11 out of 23] test cases in the current suite
Test Method:		[tests.gui.google.C_Search_PageObjectModel_Traditional.navigateToGoogleHomeAndAssertGoogleLogoIsDisplayed]
################################################################################################################################################
[ReportManager] org.openqa.selenium.TimeoutException:
Expected condition failed: waiting for com.shaft.gui.element.ElementActionsHelper$$Lambda$915/0x00000008012d6588@6948460f (tried for 25 second(s) with 1000 milliseconds interval)
org.openqa.selenium.support.ui.FluentWait.timeoutException(FluentWait.java:304)
org.openqa.selenium.support.ui.FluentWait.until(FluentWait.java:272)
com.shaft.gui.element.ElementActionsHelper.waitForElementPresence(ElementActionsHelper.java:46)
com.shaft.gui.element.ElementActionsHelper.waitForElementPresence(ElementActionsHelper.java:32)
com.shaft.gui.element.ElementActions.getMatchingElementsCount(ElementActions.java:1501)
com.shaft.gui.element.ElementActions.identifyUniqueElement(ElementActions.java:1549)
com.shaft.gui.element.ElementActions.isElementDisplayed(ElementActions.java:829)
objectModels.gui.google.Home.isGoogleLogoDisplayed(Home.java:33)
tests.gui.google.C_Search_PageObjectModel_Traditional.navigateToGoogleHomeAndAssertGoogleLogoIsDisplayed(C_Search_PageObjectModel_Traditional.java:30)
java.base/jdk.internal.reflect.NativeMethodAccessorImpl.invoke0(Native Method)
java.base/jdk.internal.reflect.NativeMethodAccessorImpl.invoke(NativeMethodAccessorImpl.java:64)
java.base/jdk.internal.reflect.DelegatingMethodAccessorImpl.invoke(DelegatingMethodAccessorImpl.java:43)
java.base/java.lang.reflect.Method.invoke(Method.java:564)
org.testng.internal.MethodInvocationHelper.invokeMethod(MethodInvocationHelper.java:132)
org.testng.internal.TestInvoker.invokeMethod(TestInvoker.java:599)
org.testng.internal.TestInvoker.invokeTestMethod(TestInvoker.java:174)
org.testng.internal.MethodRunner.runInSequence(MethodRunner.java:46)
org.testng.internal.TestInvoker$MethodInvocationAgent.invoke(TestInvoker.java:822)
org.testng.internal.TestInvoker.invokeTestMethods(TestInvoker.java:147)
org.testng.internal.TestMethodWorker.invokeTestMethods(TestMethodWorker.java:146)
org.testng.internal.TestMethodWorker.run(TestMethodWorker.java:128)
java.base/java.util.ArrayList.forEach(ArrayList.java:1511)
org.testng.TestRunner.privateRun(TestRunner.java:764)
org.testng.TestRunner.run(TestRunner.java:585)
org.testng.SuiteRunner.runTest(SuiteRunner.java:384)
org.testng.SuiteRunner.runSequentially(SuiteRunner.java:378)
org.testng.SuiteRunner.privateRun(SuiteRunner.java:337)
org.testng.SuiteRunner.run(SuiteRunner.java:286)
org.testng.SuiteRunnerWorker.runSuite(SuiteRunnerWorker.java:53)
org.testng.SuiteRunnerWorker.run(SuiteRunnerWorker.java:96)
org.testng.TestNG.runSuitesSequentially(TestNG.java:1218)
org.testng.TestNG.runSuitesLocally(TestNG.java:1140)
org.testng.TestNG.runSuites(TestNG.java:1069)
org.testng.TestNG.run(TestNG.java:1037)
org.apache.maven.surefire.testng.TestNGExecutor.run(TestNGExecutor.java:136)
org.apache.maven.surefire.testng.TestNGDirectoryTestSuite.executeMulti(TestNGDirectoryTestSuite.java:193)
org.apache.maven.surefire.testng.TestNGDirectoryTestSuite.execute(TestNGDirectoryTestSuite.java:94)
org.apache.maven.surefire.testng.TestNGProvider.invoke(TestNGProvider.java:145)
org.apache.maven.surefire.booter.ForkedBooter.runSuitesInProcess(ForkedBooter.java:428)
org.apache.maven.surefire.booter.ForkedBooter.execute(ForkedBooter.java:162)
org.apache.maven.surefire.booter.ForkedBooter.run(ForkedBooter.java:562)
org.apache.maven.surefire.booter.ForkedBooter.main(ForkedBooter.java:548)

Caused by: org.openqa.selenium.NoSuchElementException:
no such element: Unable to locate element: {"method":"xpath","selector":"//img[@id='hplogo' or @alt='Google']"}
  (Session info: headless chrome=81.0.4044.138)
  (Driver info: chromedriver=81.0.4044.138 (8c6c7ba89cc9453625af54f11fd83179e23450fa-refs/branch-heads/4044@{#999}),platform=Linux 5.4.0-1040-azure x86_64) (WARNING: The server did not provide any stacktrace information)
Command duration or timeout: 0 milliseconds
For documentation on this error, please visit: https://www.seleniumhq.org/exceptions/no_such_element.html
Build info: version: '3.141.59', revision: 'e82be7d358', time: '2018-11-14T08:17:03'
System info: host: 'fv-az173-32', ip: '10.1.0.4', os.name: 'Linux', os.arch: 'amd64', os.version: '5.4.0-1040-azure', java.version: '15.0.2'
Driver info: org.openqa.selenium.remote.RemoteWebDriver
Capabilities {acceptInsecureCerts: false, acceptSslCerts: false, applicationCacheEnabled: false, browserConnectionEnabled: false, browserName: chrome, chrome: {chromedriverVersion: 81.0.4044.138 (8c6c7ba89cc9..., userDataDir: /tmp/.com.google.Chrome.CkrXum}, cssSelectorsEnabled: true, databaseEnabled: false, goog:chromeOptions: {debuggerAddress: localhost:33669}, handlesAlerts: true, hasTouchScreen: false, javascriptEnabled: true, locationContextEnabled: true, mobileEmulationEnabled: false, nativeEvents: true, networkConnectionEnabled: false, pageLoadStrategy: normal, platform: LINUX, platformName: LINUX, proxy: Proxy(), rotatable: false, setWindowRect: true, strictFileInteractability: false, takesHeapSnapshot: true, takesScreenshot: true, timeouts: {implicit: 0, pageLoad: 300000, script: 30000}, unexpectedAlertBehaviour: ignore, unhandledPromptBehavior: ignore, version: 81.0.4044.138, webStorageEnabled: true, webauthn:virtualAuthenticators: true, webdriver.remote.sessionid: 81251a95053d877a41d2fd1e512...}
Session ID: 81251a95053d877a41d2fd1e512b9224
*** Element info: {Using=xpath, value=//img[@id='hplogo' or @alt='Google']}
jdk.internal.reflect.GeneratedConstructorAccessor36.newInstance(Unknown Source)
java.base/jdk.internal.reflect.DelegatingConstructorAccessorImpl.newInstance(DelegatingConstructorAccessorImpl.java:45)
java.base/java.lang.reflect.Constructor.newInstanceWithCaller(Constructor.java:500)
java.base/java.lang.reflect.Constructor.newInstance(Constructor.java:481)
org.openqa.selenium.remote.ErrorHandler.createThrowable(ErrorHandler.java:214)
org.openqa.selenium.remote.ErrorHandler.throwIfResponseFailed(ErrorHandler.java:166)
org.openqa.selenium.remote.http.JsonHttpResponseCodec.reconstructValue(JsonHttpResponseCodec.java:40)
org.openqa.selenium.remote.http.AbstractHttpResponseCodec.decode(AbstractHttpResponseCodec.java:80)
org.openqa.selenium.remote.http.AbstractHttpResponseCodec.decode(AbstractHttpResponseCodec.java:44)
org.openqa.selenium.remote.HttpCommandExecutor.execute(HttpCommandExecutor.java:158)
org.openqa.selenium.remote.RemoteWebDriver.execute(RemoteWebDriver.java:552)
org.openqa.selenium.remote.RemoteWebDriver.findElement(RemoteWebDriver.java:323)
org.openqa.selenium.remote.RemoteWebDriver.findElementByXPath(RemoteWebDriver.java:428)
org.openqa.selenium.By$ByXPath.findElement(By.java:353)
org.openqa.selenium.remote.RemoteWebDriver.findElement(RemoteWebDriver.java:315)
com.shaft.gui.element.ElementActionsHelper.lambda$waitForElementPresence$0(ElementActionsHelper.java:47)
org.openqa.selenium.support.ui.FluentWait.until(FluentWait.java:249)
com.shaft.gui.element.ElementActionsHelper.waitForElementPresence(ElementActionsHelper.java:46)
com.shaft.gui.element.ElementActionsHelper.waitForElementPresence(ElementActionsHelper.java:32)
com.shaft.gui.element.ElementActions.getMatchingElementsCount(ElementActions.java:1501)
com.shaft.gui.element.ElementActions.identifyUniqueElement(ElementActions.java:1549)
com.shaft.gui.element.ElementActions.isElementDisplayed(ElementActions.java:829)
objectModels.gui.google.Home.isGoogleLogoDisplayed(Home.java:33)
tests.gui.google.C_Search_PageObjectModel_Traditional.navigateToGoogleHomeAndAssertGoogleLogoIsDisplayed(C_Search_PageObjectModel_Traditional.java:30)
java.base/jdk.internal.reflect.NativeMethodAccessorImpl.invoke0(Native Method)
java.base/jdk.internal.reflect.NativeMethodAccessorImpl.invoke(NativeMethodAccessorImpl.java:64)
java.base/jdk.internal.reflect.DelegatingMethodAccessorImpl.invoke(DelegatingMethodAccessorImpl.java:43)
java.base/java.lang.reflect.Method.invoke(Method.java:564)
org.testng.internal.MethodInvocationHelper.invokeMethod(MethodInvocationHelper.java:132)
org.testng.internal.TestInvoker.invokeMethod(TestInvoker.java:599)
org.testng.internal.TestInvoker.invokeTestMethod(TestInvoker.java:174)
org.testng.internal.MethodRunner.runInSequence(MethodRunner.java:46)
org.testng.internal.TestInvoker$MethodInvocationAgent.invoke(TestInvoker.java:822)
org.testng.internal.TestInvoker.invokeTestMethods(TestInvoker.java:147)
org.testng.internal.TestMethodWorker.invokeTestMethods(TestMethodWorker.java:146)
org.testng.internal.TestMethodWorker.run(TestMethodWorker.java:128)
java.base/java.util.ArrayList.forEach(ArrayList.java:1511)
org.testng.TestRunner.privateRun(TestRunner.java:764)
org.testng.TestRunner.run(TestRunner.java:585)
org.testng.SuiteRunner.runTest(SuiteRunner.java:384)
org.testng.SuiteRunner.runSequentially(SuiteRunner.java:378)
org.testng.SuiteRunner.privateRun(SuiteRunner.java:337)
org.testng.SuiteRunner.run(SuiteRunner.java:286)
org.testng.SuiteRunnerWorker.runSuite(SuiteRunnerWorker.java:53)
org.testng.SuiteRunnerWorker.run(SuiteRunnerWorker.java:96)
org.testng.TestNG.runSuitesSequentially(TestNG.java:1218)
org.testng.TestNG.runSuitesLocally(TestNG.java:1140)
org.testng.TestNG.runSuites(TestNG.java:1069)
org.testng.TestNG.run(TestNG.java:1037)
org.apache.maven.surefire.testng.TestNGExecutor.run(TestNGExecutor.java:136)
org.apache.maven.surefire.testng.TestNGDirectoryTestSuite.executeMulti(TestNGDirectoryTestSuite.java:193)
org.apache.maven.surefire.testng.TestNGDirectoryTestSuite.execute(TestNGDirectoryTestSuite.java:94)
org.apache.maven.surefire.testng.TestNGProvider.invoke(TestNGProvider.java:145)
org.apache.maven.surefire.booter.ForkedBooter.runSuitesInProcess(ForkedBooter.java:428)
org.apache.maven.surefire.booter.ForkedBooter.execute(ForkedBooter.java:162)
org.apache.maven.surefire.booter.ForkedBooter.run(ForkedBooter.java:562)
org.apache.maven.surefire.booter.ForkedBooter.main(ForkedBooter.java:548) @08-03-2021 06:46:17.0156 AM
[ReportManager] Element Action [identifyUniqueElement] failed. With the following test data [zero elements found matching this locator "By.xpath: //img[@id='hplogo' or @alt='Google']".]. @08-03-2021 06:46:17.0348 AM
[ReportManager] Successfully created attachment [Screenshot - 1615185977295_navigateToGoogleHomeAndAssertGoogleLogoIsDisplayed_identifyUniqueElement_failed] @08-03-2021 06:46:17.0349 A
[ReportManager] Successfully created attachment [Selenium WebDriver Logs - server] @08-03-2021 06:46:17.0463 AM
[ReportManager] Successfully created attachment [Selenium WebDriver Logs - performance] @08-03-2021 06:46:17.0517 AM
[ReportManager] Successfully created attachment [Selenium WebDriver Logs - driver] @08-03-2021 06:46:17.0640 AM
[ReportManager] Browser Action [closeCurrentWindow] successfully performed. @08-03-2021 06:46:17.0700 AM
[ReportManager] Successfully created attachment [Browser Action Test Data - closeCurrentWindow - Actual Value] @08-03-2021 06:46:17.0701 A
[ReportManager] File Action [getAbsolutePath] successfully performed. With the following test data [Relative Folder Path: "target/downloadedFiles/"]. @08-03-2021 06:46:17.0708 AM
[ReportManager] Attempting to run remotely on: [Linux-64], [GoogleChrome], [http://localhost:4444/wd/hub], Headless Execution. @08-03-2021 06:46:17.0709 AM
[ReportManager] Successfully Opened [GoogleChrome]. @08-03-2021 06:46:17.0970 AM
[ReportManager] Target URL: [https://www.google.com/ncr], and after redirection: [https://www.google.com] @08-03-2021 06:46:17.0989 AM
[ReportManager] Initial URL: [data:,] @08-03-2021 06:46:18.0056 AM
[ReportManager] Browser Action [navigateToURL] successfully performed. With the following test data [https://www.google.com/ncr]. @08-03-2021 06:46:19.0144 A

################################################################################################################################################
Starting Execution:	[12 out of 23] test cases in the current suite
Test Method:		[tests.gui.google.C_Search_PageObjectModel_Traditional.navigateToGoogleHomeAndAssertPageTitle]
################################################################################################################################################
[ReportManager] Browser Action [getCurrentWindowTitle] successfully performed. With the following test data [Google]. @08-03-2021 06:46:19.0220 AM
[ReportManager] Asserting that the page title is Google... @08-03-2021 06:46:19.0220 AM
[ReportManager] AssertEquals PASSED; Expected [Google] and Actual [Google]. Comparison Type [EQUALS]. Validation Type [POSITIVE]. @08-03-2021 06:46:19.0220 A
[ReportManager] Successfully created attachment [Selenium WebDriver Logs - server] @08-03-2021 06:46:19.0325 AM
[ReportManager] Successfully created attachment [Selenium WebDriver Logs - performance] @08-03-2021 06:46:19.0381 AM
[ReportManager] Successfully created attachment [Selenium WebDriver Logs - driver] @08-03-2021 06:46:19.0480 AM
[ReportManager] Browser Action [closeCurrentWindow] successfully performed. @08-03-2021 06:46:19.0539 AM
[ReportManager] Successfully created attachment [Browser Action Test Data - closeCurrentWindow - Actual Value] @08-03-2021 06:46:19.0540 A
[ReportManager] File Action [getAbsolutePath] successfully performed. With the following test data [Relative Folder Path: "target/downloadedFiles/"]. @08-03-2021 06:46:19.0546 AM
[ReportManager] Attempting to run remotely on: [Linux-64], [GoogleChrome], [http://localhost:4444/wd/hub], Headless Execution. @08-03-2021 06:46:19.0546 AM
[ReportManager] Successfully Opened [GoogleChrome]. @08-03-2021 06:46:19.0805 AM
[ReportManager] Target URL: [https://www.google.com/ncr], and after redirection: [https://www.google.com] @08-03-2021 06:46:19.0827 AM
[ReportManager] Initial URL: [data:,] @08-03-2021 06:46:19.0891 AM
[ReportManager] Browser Action [navigateToURL] successfully performed. With the following test data [https://www.google.com/ncr]. @08-03-2021 06:46:21.0747 A

################################################################################################################################################
Starting Execution:	[13 out of 23] test cases in the current suite
Test Method:		[tests.gui.google.C_Search_PageObjectModel_Traditional.searchForQueryAndAssertFirstResultTextIsCorrect]
################################################################################################################################################
[ReportManager] Element Action [type] successfully performed. With the following test data [SHAFT_Engine]. @08-03-2021 06:46:22.0447 AM
[ReportManager] Element Action [keyPress] successfully performed. With the following test data [ENTER]. @08-03-2021 06:46:23.0780 AM
[ReportManager] Element Action [getText] successfully performed. With the following test data [MohabMohie/SHAFT_ENGINE: SHAFT_ENGINE is a ... - GitHub]. @08-03-2021 06:46:23.0883 AM
[ReportManager] Asserting that the correct first result is displayed... @08-03-2021 06:46:23.0884 AM
[ReportManager] AssertEquals PASSED; Expected [MohabMohie] and Actual [MohabMohie/SHAFT_ENGINE: SHAFT_ENGINE is a ... - GitHub]. Comparison Type [CONTAINS]. Validation Type [POSITIVE]. @08-03-2021 06:46:23.0884 A
[ReportManager] Successfully created attachment [Selenium WebDriver Logs - server] @08-03-2021 06:46:24.0107 AM
[ReportManager] Successfully created attachment [Selenium WebDriver Logs - performance] @08-03-2021 06:46:24.0288 AM
[ReportManager] Successfully created attachment [Selenium WebDriver Logs - driver] @08-03-2021 06:46:24.0551 AM
[ReportManager] Browser Action [closeCurrentWindow] successfully performed. @08-03-2021 06:46:24.0610 AM
[ReportManager] Successfully created attachment [Browser Action Test Data - closeCurrentWindow - Actual Value] @08-03-2021 06:46:24.0613 A
[ReportManager] Successfully loaded the following test data file [src/test/resources/TestDataFiles/Google/SimpleSearch.xlsx]. @08-03-2021 06:46:24.0641 AM
[ReportManager] Successfully created attachment [Test Data - Excel] @08-03-2021 06:46:24.0641 A
[ReportManager] File Action [getAbsolutePath] successfully performed. With the following test data [Relative Folder Path: "target/downloadedFiles/"]. @08-03-2021 06:46:24.0642 AM
[ReportManager] Attempting to run remotely on: [Linux-64], [GoogleChrome], [http://localhost:4444/wd/hub], Headless Execution. @08-03-2021 06:46:24.0643 AM
[ReportManager] Successfully Opened [GoogleChrome]. @08-03-2021 06:46:24.0900 AM
[ReportManager] Target URL: [https://www.google.com/ncr], and after redirection: [https://www.google.com] @08-03-2021 06:46:24.0914 AM
[ReportManager] Initial URL: [data:,] @08-03-2021 06:46:24.0970 AM
[ReportManager] Browser Action [navigateToURL] successfully performed. With the following test data [https://www.google.com/ncr]. @08-03-2021 06:46:26.0161 A

################################################################################################################################################
Starting Execution:	[14 out of 23] test cases in the current suite
Test Method:		[tests.gui.google.F_Search_PageObjectModel_Fluent.navigateToGoogleHomeAndAssertGoogleLogoIsDisplayed]
################################################################################################################################################
[ReportManager] Asserting that the Google logo is displayed... @08-03-2021 06:46:26.0201 AM
[ReportManager] File Action [doesFileExist] successfully performed. With the following test data [File Path: "src/test/resources/DynamicObjectRepository/tests_gui_google_F_Search_PageObjectModel_Fluent_navigateToGoogleHomeAndAssertGoogleLogoIsDisplayed_By_xpath_img_id_hplogo_or_alt_Google.png"]. @08-03-2021 06:46:26.0203 AM
[ReportManager] File Action [getAbsolutePath] successfully performed. With the following test data [Relative Folder Path: "src/test/resources/DynamicObjectRepository/tests_gui_google_F_Search_PageObjectModel_Fluent_navigateToGoogleHomeAndAssertGoogleLogoIsDisplayed_By_xpath_img_id_hplogo_or_alt_Google.png"]. @08-03-2021 06:46:26.0203 AM
[ReportManager] File Action [readFromImageFile] successfully performed. With the following test data [File Path: "/home/runner/work/using_SHAFT_ENGINE/using_SHAFT_ENGINE/src/test/resources/DynamicObjectRepository/tests_gui_google_F_Search_PageObjectModel_Fluent_navigateToGoogleHomeAndAssertGoogleLogoIsDisplayed_By_xpath_img_id_hplogo_or_alt_Google.png"]. @08-03-2021 06:46:26.0203 AM
[ReportManager] org.openqa.selenium.TimeoutException:
Expected condition failed: waiting for com.shaft.gui.element.ElementActionsHelper$$Lambda$915/0x00000008012d6588@6796a69f (tried for 25 second(s) with 1000 milliseconds interval)
org.openqa.selenium.support.ui.FluentWait.timeoutException(FluentWait.java:304)
org.openqa.selenium.support.ui.FluentWait.until(FluentWait.java:272)
com.shaft.gui.element.ElementActionsHelper.waitForElementPresence(ElementActionsHelper.java:46)
com.shaft.gui.element.ElementActionsHelper.waitForElementPresence(ElementActionsHelper.java:24)
com.shaft.gui.element.ElementActions.getMatchingElementsCount(ElementActions.java:1497)
com.shaft.gui.element.ElementActions.getElementsCount(ElementActions.java:547)
com.shaft.validation.ValidationActions.validateElementMatches(ValidationActions.java:360)
com.shaft.validation.Assertions.assertElementMatches(Assertions.java:480)
tests.gui.google.F_Search_PageObjectModel_Fluent.navigateToGoogleHomeAndAssertGoogleLogoIsDisplayed(F_Search_PageObjectModel_Fluent.java:30)
java.base/jdk.internal.reflect.NativeMethodAccessorImpl.invoke0(Native Method)
java.base/jdk.internal.reflect.NativeMethodAccessorImpl.invoke(NativeMethodAccessorImpl.java:64)
java.base/jdk.internal.reflect.DelegatingMethodAccessorImpl.invoke(DelegatingMethodAccessorImpl.java:43)
java.base/java.lang.reflect.Method.invoke(Method.java:564)
org.testng.internal.MethodInvocationHelper.invokeMethod(MethodInvocationHelper.java:132)
org.testng.internal.TestInvoker.invokeMethod(TestInvoker.java:599)
org.testng.internal.TestInvoker.invokeTestMethod(TestInvoker.java:174)
org.testng.internal.MethodRunner.runInSequence(MethodRunner.java:46)
org.testng.internal.TestInvoker$MethodInvocationAgent.invoke(TestInvoker.java:822)
org.testng.internal.TestInvoker.invokeTestMethods(TestInvoker.java:147)
org.testng.internal.TestMethodWorker.invokeTestMethods(TestMethodWorker.java:146)
org.testng.internal.TestMethodWorker.run(TestMethodWorker.java:128)
java.base/java.util.ArrayList.forEach(ArrayList.java:1511)
org.testng.TestRunner.privateRun(TestRunner.java:764)
org.testng.TestRunner.run(TestRunner.java:585)
org.testng.SuiteRunner.runTest(SuiteRunner.java:384)
org.testng.SuiteRunner.runSequentially(SuiteRunner.java:378)
org.testng.SuiteRunner.privateRun(SuiteRunner.java:337)
org.testng.SuiteRunner.run(SuiteRunner.java:286)
org.testng.SuiteRunnerWorker.runSuite(SuiteRunnerWorker.java:53)
org.testng.SuiteRunnerWorker.run(SuiteRunnerWorker.java:96)
org.testng.TestNG.runSuitesSequentially(TestNG.java:1218)
org.testng.TestNG.runSuitesLocally(TestNG.java:1140)
org.testng.TestNG.runSuites(TestNG.java:1069)
org.testng.TestNG.run(TestNG.java:1037)
org.apache.maven.surefire.testng.TestNGExecutor.run(TestNGExecutor.java:136)
org.apache.maven.surefire.testng.TestNGDirectoryTestSuite.executeMulti(TestNGDirectoryTestSuite.java:193)
org.apache.maven.surefire.testng.TestNGDirectoryTestSuite.execute(TestNGDirectoryTestSuite.java:94)
org.apache.maven.surefire.testng.TestNGProvider.invoke(TestNGProvider.java:145)
org.apache.maven.surefire.booter.ForkedBooter.runSuitesInProcess(ForkedBooter.java:428)
org.apache.maven.surefire.booter.ForkedBooter.execute(ForkedBooter.java:162)
org.apache.maven.surefire.booter.ForkedBooter.run(ForkedBooter.java:562)
org.apache.maven.surefire.booter.ForkedBooter.main(ForkedBooter.java:548)

Caused by: org.openqa.selenium.NoSuchElementException:
no such element: Unable to locate element: {"method":"xpath","selector":"//img[@id='hplogo' or @alt='Google']"}
  (Session info: headless chrome=81.0.4044.138)
  (Driver info: chromedriver=81.0.4044.138 (8c6c7ba89cc9453625af54f11fd83179e23450fa-refs/branch-heads/4044@{#999}),platform=Linux 5.4.0-1040-azure x86_64) (WARNING: The server did not provide any stacktrace information)
Command duration or timeout: 0 milliseconds
For documentation on this error, please visit: https://www.seleniumhq.org/exceptions/no_such_element.html
Build info: version: '3.141.59', revision: 'e82be7d358', time: '2018-11-14T08:17:03'
System info: host: 'fv-az173-32', ip: '10.1.0.4', os.name: 'Linux', os.arch: 'amd64', os.version: '5.4.0-1040-azure', java.version: '15.0.2'
Driver info: org.openqa.selenium.remote.RemoteWebDriver
Capabilities {acceptInsecureCerts: false, acceptSslCerts: false, applicationCacheEnabled: false, browserConnectionEnabled: false, browserName: chrome, chrome: {chromedriverVersion: 81.0.4044.138 (8c6c7ba89cc9..., userDataDir: /tmp/.com.google.Chrome.p3WPxc}, cssSelectorsEnabled: true, databaseEnabled: false, goog:chromeOptions: {debuggerAddress: localhost:42013}, handlesAlerts: true, hasTouchScreen: false, javascriptEnabled: true, locationContextEnabled: true, mobileEmulationEnabled: false, nativeEvents: true, networkConnectionEnabled: false, pageLoadStrategy: normal, platform: LINUX, platformName: LINUX, proxy: Proxy(), rotatable: false, setWindowRect: true, strictFileInteractability: false, takesHeapSnapshot: true, takesScreenshot: true, timeouts: {implicit: 0, pageLoad: 300000, script: 30000}, unexpectedAlertBehaviour: ignore, unhandledPromptBehavior: ignore, version: 81.0.4044.138, webStorageEnabled: true, webauthn:virtualAuthenticators: true, webdriver.remote.sessionid: 7ea6f77df3d787561103e8f00df...}
Session ID: 7ea6f77df3d787561103e8f00dfc5e0c
*** Element info: {Using=xpath, value=//img[@id='hplogo' or @alt='Google']}
jdk.internal.reflect.GeneratedConstructorAccessor36.newInstance(Unknown Source)
java.base/jdk.internal.reflect.DelegatingConstructorAccessorImpl.newInstance(DelegatingConstructorAccessorImpl.java:45)
java.base/java.lang.reflect.Constructor.newInstanceWithCaller(Constructor.java:500)
java.base/java.lang.reflect.Constructor.newInstance(Constructor.java:481)
org.openqa.selenium.remote.ErrorHandler.createThrowable(ErrorHandler.java:214)
org.openqa.selenium.remote.ErrorHandler.throwIfResponseFailed(ErrorHandler.java:166)
org.openqa.selenium.remote.http.JsonHttpResponseCodec.reconstructValue(JsonHttpResponseCodec.java:40)
org.openqa.selenium.remote.http.AbstractHttpResponseCodec.decode(AbstractHttpResponseCodec.java:80)
org.openqa.selenium.remote.http.AbstractHttpResponseCodec.decode(AbstractHttpResponseCodec.java:44)
org.openqa.selenium.remote.HttpCommandExecutor.execute(HttpCommandExecutor.java:158)
org.openqa.selenium.remote.RemoteWebDriver.execute(RemoteWebDriver.java:552)
org.openqa.selenium.remote.RemoteWebDriver.findElement(RemoteWebDriver.java:323)
org.openqa.selenium.remote.RemoteWebDriver.findElementByXPath(RemoteWebDriver.java:428)
org.openqa.selenium.By$ByXPath.findElement(By.java:353)
org.openqa.selenium.remote.RemoteWebDriver.findElement(RemoteWebDriver.java:315)
com.shaft.gui.element.ElementActionsHelper.lambda$waitForElementPresence$0(ElementActionsHelper.java:47)
org.openqa.selenium.support.ui.FluentWait.until(FluentWait.java:249)
com.shaft.gui.element.ElementActionsHelper.waitForElementPresence(ElementActionsHelper.java:46)
com.shaft.gui.element.ElementActionsHelper.waitForElementPresence(ElementActionsHelper.java:24)
com.shaft.gui.element.ElementActions.getMatchingElementsCount(ElementActions.java:1497)
com.shaft.gui.element.ElementActions.getElementsCount(ElementActions.java:547)
com.shaft.validation.ValidationActions.validateElementMatches(ValidationActions.java:360)
com.shaft.validation.Assertions.assertElementMatches(Assertions.java:480)
tests.gui.google.F_Search_PageObjectModel_Fluent.navigateToGoogleHomeAndAssertGoogleLogoIsDisplayed(F_Search_PageObjectModel_Fluent.java:30)
java.base/jdk.internal.reflect.NativeMethodAccessorImpl.invoke0(Native Method)
java.base/jdk.internal.reflect.NativeMethodAccessorImpl.invoke(NativeMethodAccessorImpl.java:64)
java.base/jdk.internal.reflect.DelegatingMethodAccessorImpl.invoke(DelegatingMethodAccessorImpl.java:43)
java.base/java.lang.reflect.Method.invoke(Method.java:564)
org.testng.internal.MethodInvocationHelper.invokeMethod(MethodInvocationHelper.java:132)
org.testng.internal.TestInvoker.invokeMethod(TestInvoker.java:599)
org.testng.internal.TestInvoker.invokeTestMethod(TestInvoker.java:174)
org.testng.internal.MethodRunner.runInSequence(MethodRunner.java:46)
org.testng.internal.TestInvoker$MethodInvocationAgent.invoke(TestInvoker.java:822)
org.testng.internal.TestInvoker.invokeTestMethods(TestInvoker.java:147)
org.testng.internal.TestMethodWorker.invokeTestMethods(TestMethodWorker.java:146)
org.testng.internal.TestMethodWorker.run(TestMethodWorker.java:128)
java.base/java.util.ArrayList.forEach(ArrayList.java:1511)
org.testng.TestRunner.privateRun(TestRunner.java:764)
org.testng.TestRunner.run(TestRunner.java:585)
org.testng.SuiteRunner.runTest(SuiteRunner.java:384)
org.testng.SuiteRunner.runSequentially(SuiteRunner.java:378)
org.testng.SuiteRunner.privateRun(SuiteRunner.java:337)
org.testng.SuiteRunner.run(SuiteRunner.java:286)
org.testng.SuiteRunnerWorker.runSuite(SuiteRunnerWorker.java:53)
org.testng.SuiteRunnerWorker.run(SuiteRunnerWorker.java:96)
org.testng.TestNG.runSuitesSequentially(TestNG.java:1218)
org.testng.TestNG.runSuitesLocally(TestNG.java:1140)
org.testng.TestNG.runSuites(TestNG.java:1069)
org.testng.TestNG.run(TestNG.java:1037)
org.apache.maven.surefire.testng.TestNGExecutor.run(TestNGExecutor.java:136)
org.apache.maven.surefire.testng.TestNGDirectoryTestSuite.executeMulti(TestNGDirectoryTestSuite.java:193)
org.apache.maven.surefire.testng.TestNGDirectoryTestSuite.execute(TestNGDirectoryTestSuite.java:94)
org.apache.maven.surefire.testng.TestNGProvider.invoke(TestNGProvider.java:145)
org.apache.maven.surefire.booter.ForkedBooter.runSuitesInProcess(ForkedBooter.java:428)
org.apache.maven.surefire.booter.ForkedBooter.execute(ForkedBooter.java:162)
org.apache.maven.surefire.booter.ForkedBooter.run(ForkedBooter.java:562)
org.apache.maven.surefire.booter.ForkedBooter.main(ForkedBooter.java:548) @08-03-2021 06:46:51.0720 AM
[ReportManager] AssertElementMatches FAILED; Expected [Element should match the reference screenshot] and Actual [ELEMENT NOT FOUND]. Comparison Type [EXACT_OPENCV]. Validation Type [POSITIVE]. @08-03-2021 06:46:52.0069 AM
[ReportManager] Successfully created attachment [Validation Test Data - Reference Screenshot] @08-03-2021 06:46:52.0070 AM
[ReportManager] Successfully created attachment [Validation Test Data - Actual Screenshot] @08-03-2021 06:46:52.0070 A
[ReportManager] Successfully created attachment [Selenium WebDriver Logs - server] @08-03-2021 06:46:52.0182 AM
[ReportManager] Successfully created attachment [Selenium WebDriver Logs - performance] @08-03-2021 06:46:52.0231 AM
[ReportManager] Successfully created attachment [Selenium WebDriver Logs - driver] @08-03-2021 06:46:52.0341 AM
[ReportManager] Browser Action [closeCurrentWindow] successfully performed. @08-03-2021 06:46:52.0399 AM
[ReportManager] Successfully created attachment [Browser Action Test Data - closeCurrentWindow - Actual Value] @08-03-2021 06:46:52.0407 A
[ReportManager] File Action [getAbsolutePath] successfully performed. With the following test data [Relative Folder Path: "target/downloadedFiles/"]. @08-03-2021 06:46:52.0409 AM
[ReportManager] Attempting to run remotely on: [Linux-64], [GoogleChrome], [http://localhost:4444/wd/hub], Headless Execution. @08-03-2021 06:46:52.0409 AM
[ReportManager] Successfully Opened [GoogleChrome]. @08-03-2021 06:46:52.0661 AM
[ReportManager] Target URL: [https://www.google.com/ncr], and after redirection: [https://www.google.com] @08-03-2021 06:46:52.0676 AM
[ReportManager] Initial URL: [data:,] @08-03-2021 06:46:52.0722 AM
[ReportManager] Browser Action [navigateToURL] successfully performed. With the following test data [https://www.google.com/ncr]. @08-03-2021 06:46:53.0809 A

################################################################################################################################################
Starting Execution:	[15 out of 23] test cases in the current suite
Test Method:		[tests.gui.google.F_Search_PageObjectModel_Fluent.navigateToGoogleHomeAndAssertPageTitle]
################################################################################################################################################
[ReportManager] Asserting that the page title is Google... @08-03-2021 06:46:53.0846 AM
[ReportManager] Browser Action [getCurrentWindowTitle] successfully performed. With the following test data [Google]. @08-03-2021 06:46:53.0880 AM
[ReportManager] AssertBrowserAttribute PASSED; Expected [Value Should be 'Google' for the 'Title' attribute] and Actual [Google]. Comparison Type [EQUALS]. Validation Type [POSITIVE]. @08-03-2021 06:46:53.0881 A
[ReportManager] Successfully created attachment [Selenium WebDriver Logs - server] @08-03-2021 06:46:53.0988 AM
[ReportManager] Successfully created attachment [Selenium WebDriver Logs - performance] @08-03-2021 06:46:54.0039 AM
[ReportManager] Successfully created attachment [Selenium WebDriver Logs - driver] @08-03-2021 06:46:54.0133 AM
[ReportManager] Browser Action [closeCurrentWindow] successfully performed. @08-03-2021 06:46:54.0192 AM
[ReportManager] Successfully created attachment [Browser Action Test Data - closeCurrentWindow - Actual Value] @08-03-2021 06:46:54.0194 A
[ReportManager] File Action [getAbsolutePath] successfully performed. With the following test data [Relative Folder Path: "target/downloadedFiles/"]. @08-03-2021 06:46:54.0197 AM
[ReportManager] Attempting to run remotely on: [Linux-64], [GoogleChrome], [http://localhost:4444/wd/hub], Headless Execution. @08-03-2021 06:46:54.0197 AM
[ReportManager] Successfully Opened [GoogleChrome]. @08-03-2021 06:46:54.0463 AM
[ReportManager] Target URL: [https://www.google.com/ncr], and after redirection: [https://www.google.com] @08-03-2021 06:46:54.0487 AM
[ReportManager] Initial URL: [data:,] @08-03-2021 06:46:54.0548 AM
[ReportManager] Browser Action [navigateToURL] successfully performed. With the following test data [https://www.google.com/ncr]. @08-03-2021 06:46:55.0658 A

################################################################################################################################################
Starting Execution:	[16 out of 23] test cases in the current suite
Test Method:		[tests.gui.google.F_Search_PageObjectModel_Fluent.searchForQueryAndAssertFirstResultTextIsCorrect]
################################################################################################################################################
[ReportManager] Element Action [type] successfully performed. With the following test data [SHAFT_Engine]. @08-03-2021 06:46:56.0350 AM
[ReportManager] Element Action [keyPress] successfully performed. With the following test data [ENTER]. @08-03-2021 06:46:57.0615 AM
[ReportManager] Asserting that the correct first result is displayed... @08-03-2021 06:46:57.0616 AM
[ReportManager] Element Action [getText] successfully performed. With the following test data [MohabMohie/SHAFT_ENGINE: SHAFT_ENGINE is a ... - GitHub]. @08-03-2021 06:46:57.0714 AM
[ReportManager] Loaded Shared OpenCV @08-03-2021 06:46:57.0924 AM
[ReportManager] AssertElementAttribute PASSED; Expected [Value Should be 'MohabMohie' for the 'Text' attribute, element locator 'By.xpath: (//h1[contains(text(),'Search Result')]/following-sibling::div//a/h3)[1]'] and Actual [MohabMohie/SHAFT_ENGINE: SHAFT_ENGINE is a ... - GitHub]. Comparison Type [CONTAINS]. Validation Type [POSITIVE]. @08-03-2021 06:46:58.0000 AM
[ReportManager] Successfully created attachment [Screenshot - 1615186017924_searchForQueryAndAssertFirstResultTextIsCorrect_AssertElementAttribute_passed] @08-03-2021 06:46:58.0001 A
[ReportManager] Successfully created attachment [Selenium WebDriver Logs - server] @08-03-2021 06:46:58.0211 AM
[ReportManager] Successfully created attachment [Selenium WebDriver Logs - performance] @08-03-2021 06:46:58.0398 AM
[ReportManager] Successfully created attachment [Selenium WebDriver Logs - driver] @08-03-2021 06:46:58.0691 AM
[ReportManager] Browser Action [closeCurrentWindow] successfully performed. @08-03-2021 06:46:58.0752 AM
[ReportManager] Successfully created attachment [Browser Action Test Data - closeCurrentWindow - Actual Value] @08-03-2021 06:46:58.0756 A
[ReportManager] File Action [getAbsolutePath] successfully performed. With the following test data [Relative Folder Path: "target/downloadedFiles/"]. @08-03-2021 06:46:58.0760 AM
[ReportManager] Attempting to run remotely on: [Linux-64], [GoogleChrome], [http://localhost:4444/wd/hub], Headless Execution. @08-03-2021 06:46:58.0760 AM
[ReportManager] Successfully Opened [GoogleChrome]. @08-03-2021 06:46:59.0036 AM
[ReportManager] Target URL: [https://www.google.com/ncr], and after redirection: [https://www.google.com] @08-03-2021 06:46:59.0051 AM
[ReportManager] Initial URL: [data:,] @08-03-2021 06:46:59.0103 AM
[ReportManager] Browser Action [navigateToURL] successfully performed. With the following test data [https://www.google.com/ncr]. @08-03-2021 06:47:00.0179 A

################################################################################################################################################
Starting Execution:	[17 out of 23] test cases in the current suite
Test Method:		[tests.gui.google.B_Search_FlatTest_SHAFT.navigateToGoogleHomeAndAssertGoogleLogoIsDisplayed]
################################################################################################################################################
[ReportManager] Asserting that the Google logo is displayed... @08-03-2021 06:47:00.0225 AM
[ReportManager] File Action [doesFileExist] successfully performed. With the following test data [File Path: "src/test/resources/DynamicObjectRepository/tests_gui_google_B_Search_FlatTest_SHAFT_navigateToGoogleHomeAndAssertGoogleLogoIsDisplayed_By_xpath_img_id_hplogo_or_alt_Google.png"]. @08-03-2021 06:47:00.0226 AM
[ReportManager] File Action [getAbsolutePath] successfully performed. With the following test data [Relative Folder Path: "src/test/resources/DynamicObjectRepository/tests_gui_google_B_Search_FlatTest_SHAFT_navigateToGoogleHomeAndAssertGoogleLogoIsDisplayed_By_xpath_img_id_hplogo_or_alt_Google.png"]. @08-03-2021 06:47:00.0226 AM
[ReportManager] File Action [readFromImageFile] successfully performed. With the following test data [File Path: "/home/runner/work/using_SHAFT_ENGINE/using_SHAFT_ENGINE/src/test/resources/DynamicObjectRepository/tests_gui_google_B_Search_FlatTest_SHAFT_navigateToGoogleHomeAndAssertGoogleLogoIsDisplayed_By_xpath_img_id_hplogo_or_alt_Google.png"]. @08-03-2021 06:47:00.0226 AM
[ReportManager] org.openqa.selenium.TimeoutException:
Expected condition failed: waiting for com.shaft.gui.element.ElementActionsHelper$$Lambda$915/0x00000008012d6588@45ca07cf (tried for 25 second(s) with 1000 milliseconds interval)
org.openqa.selenium.support.ui.FluentWait.timeoutException(FluentWait.java:304)
org.openqa.selenium.support.ui.FluentWait.until(FluentWait.java:272)
com.shaft.gui.element.ElementActionsHelper.waitForElementPresence(ElementActionsHelper.java:46)
com.shaft.gui.element.ElementActionsHelper.waitForElementPresence(ElementActionsHelper.java:24)
com.shaft.gui.element.ElementActions.getMatchingElementsCount(ElementActions.java:1497)
com.shaft.gui.element.ElementActions.getElementsCount(ElementActions.java:547)
com.shaft.validation.ValidationActions.validateElementMatches(ValidationActions.java:360)
com.shaft.validation.Assertions.assertElementMatches(Assertions.java:480)
tests.gui.google.B_Search_FlatTest_SHAFT.navigateToGoogleHomeAndAssertGoogleLogoIsDisplayed(B_Search_FlatTest_SHAFT.java:27)
java.base/jdk.internal.reflect.NativeMethodAccessorImpl.invoke0(Native Method)
java.base/jdk.internal.reflect.NativeMethodAccessorImpl.invoke(NativeMethodAccessorImpl.java:64)
java.base/jdk.internal.reflect.DelegatingMethodAccessorImpl.invoke(DelegatingMethodAccessorImpl.java:43)
java.base/java.lang.reflect.Method.invoke(Method.java:564)
org.testng.internal.MethodInvocationHelper.invokeMethod(MethodInvocationHelper.java:132)
org.testng.internal.TestInvoker.invokeMethod(TestInvoker.java:599)
org.testng.internal.TestInvoker.invokeTestMethod(TestInvoker.java:174)
org.testng.internal.MethodRunner.runInSequence(MethodRunner.java:46)
org.testng.internal.TestInvoker$MethodInvocationAgent.invoke(TestInvoker.java:822)
org.testng.internal.TestInvoker.invokeTestMethods(TestInvoker.java:147)
org.testng.internal.TestMethodWorker.invokeTestMethods(TestMethodWorker.java:146)
org.testng.internal.TestMethodWorker.run(TestMethodWorker.java:128)
java.base/java.util.ArrayList.forEach(ArrayList.java:1511)
org.testng.TestRunner.privateRun(TestRunner.java:764)
org.testng.TestRunner.run(TestRunner.java:585)
org.testng.SuiteRunner.runTest(SuiteRunner.java:384)
org.testng.SuiteRunner.runSequentially(SuiteRunner.java:378)
org.testng.SuiteRunner.privateRun(SuiteRunner.java:337)
org.testng.SuiteRunner.run(SuiteRunner.java:286)
org.testng.SuiteRunnerWorker.runSuite(SuiteRunnerWorker.java:53)
org.testng.SuiteRunnerWorker.run(SuiteRunnerWorker.java:96)
org.testng.TestNG.runSuitesSequentially(TestNG.java:1218)
org.testng.TestNG.runSuitesLocally(TestNG.java:1140)
org.testng.TestNG.runSuites(TestNG.java:1069)
org.testng.TestNG.run(TestNG.java:1037)
org.apache.maven.surefire.testng.TestNGExecutor.run(TestNGExecutor.java:136)
org.apache.maven.surefire.testng.TestNGDirectoryTestSuite.executeMulti(TestNGDirectoryTestSuite.java:193)
org.apache.maven.surefire.testng.TestNGDirectoryTestSuite.execute(TestNGDirectoryTestSuite.java:94)
org.apache.maven.surefire.testng.TestNGProvider.invoke(TestNGProvider.java:145)
org.apache.maven.surefire.booter.ForkedBooter.runSuitesInProcess(ForkedBooter.java:428)
org.apache.maven.surefire.booter.ForkedBooter.execute(ForkedBooter.java:162)
org.apache.maven.surefire.booter.ForkedBooter.run(ForkedBooter.java:562)
org.apache.maven.surefire.booter.ForkedBooter.main(ForkedBooter.java:548)

Caused by: org.openqa.selenium.NoSuchElementException:
no such element: Unable to locate element: {"method":"xpath","selector":"//img[@id='hplogo' or @alt='Google']"}
  (Session info: headless chrome=81.0.4044.138)
  (Driver info: chromedriver=81.0.4044.138 (8c6c7ba89cc9453625af54f11fd83179e23450fa-refs/branch-heads/4044@{#999}),platform=Linux 5.4.0-1040-azure x86_64) (WARNING: The server did not provide any stacktrace information)
Command duration or timeout: 0 milliseconds
For documentation on this error, please visit: https://www.seleniumhq.org/exceptions/no_such_element.html
Build info: version: '3.141.59', revision: 'e82be7d358', time: '2018-11-14T08:17:03'
System info: host: 'fv-az173-32', ip: '10.1.0.4', os.name: 'Linux', os.arch: 'amd64', os.version: '5.4.0-1040-azure', java.version: '15.0.2'
Driver info: org.openqa.selenium.remote.RemoteWebDriver
Capabilities {acceptInsecureCerts: false, acceptSslCerts: false, applicationCacheEnabled: false, browserConnectionEnabled: false, browserName: chrome, chrome: {chromedriverVersion: 81.0.4044.138 (8c6c7ba89cc9..., userDataDir: /tmp/.com.google.Chrome.G2SQtA}, cssSelectorsEnabled: true, databaseEnabled: false, goog:chromeOptions: {debuggerAddress: localhost:45191}, handlesAlerts: true, hasTouchScreen: false, javascriptEnabled: true, locationContextEnabled: true, mobileEmulationEnabled: false, nativeEvents: true, networkConnectionEnabled: false, pageLoadStrategy: normal, platform: LINUX, platformName: LINUX, proxy: Proxy(), rotatable: false, setWindowRect: true, strictFileInteractability: false, takesHeapSnapshot: true, takesScreenshot: true, timeouts: {implicit: 0, pageLoad: 300000, script: 30000}, unexpectedAlertBehaviour: ignore, unhandledPromptBehavior: ignore, version: 81.0.4044.138, webStorageEnabled: true, webauthn:virtualAuthenticators: true, webdriver.remote.sessionid: 82b72a5a825084eaca8783a1fa1...}
Session ID: 82b72a5a825084eaca8783a1fa1ae158
*** Element info: {Using=xpath, value=//img[@id='hplogo' or @alt='Google']}
jdk.internal.reflect.GeneratedConstructorAccessor36.newInstance(Unknown Source)
java.base/jdk.internal.reflect.DelegatingConstructorAccessorImpl.newInstance(DelegatingConstructorAccessorImpl.java:45)
java.base/java.lang.reflect.Constructor.newInstanceWithCaller(Constructor.java:500)
java.base/java.lang.reflect.Constructor.newInstance(Constructor.java:481)
org.openqa.selenium.remote.ErrorHandler.createThrowable(ErrorHandler.java:214)
org.openqa.selenium.remote.ErrorHandler.throwIfResponseFailed(ErrorHandler.java:166)
org.openqa.selenium.remote.http.JsonHttpResponseCodec.reconstructValue(JsonHttpResponseCodec.java:40)
org.openqa.selenium.remote.http.AbstractHttpResponseCodec.decode(AbstractHttpResponseCodec.java:80)
org.openqa.selenium.remote.http.AbstractHttpResponseCodec.decode(AbstractHttpResponseCodec.java:44)
org.openqa.selenium.remote.HttpCommandExecutor.execute(HttpCommandExecutor.java:158)
org.openqa.selenium.remote.RemoteWebDriver.execute(RemoteWebDriver.java:552)
org.openqa.selenium.remote.RemoteWebDriver.findElement(RemoteWebDriver.java:323)
org.openqa.selenium.remote.RemoteWebDriver.findElementByXPath(RemoteWebDriver.java:428)
org.openqa.selenium.By$ByXPath.findElement(By.java:353)
org.openqa.selenium.remote.RemoteWebDriver.findElement(RemoteWebDriver.java:315)
com.shaft.gui.element.ElementActionsHelper.lambda$waitForElementPresence$0(ElementActionsHelper.java:47)
org.openqa.selenium.support.ui.FluentWait.until(FluentWait.java:249)
com.shaft.gui.element.ElementActionsHelper.waitForElementPresence(ElementActionsHelper.java:46)
com.shaft.gui.element.ElementActionsHelper.waitForElementPresence(ElementActionsHelper.java:24)
com.shaft.gui.element.ElementActions.getMatchingElementsCount(ElementActions.java:1497)
com.shaft.gui.element.ElementActions.getElementsCount(ElementActions.java:547)
com.shaft.validation.ValidationActions.validateElementMatches(ValidationActions.java:360)
com.shaft.validation.Assertions.assertElementMatches(Assertions.java:480)
tests.gui.google.B_Search_FlatTest_SHAFT.navigateToGoogleHomeAndAssertGoogleLogoIsDisplayed(B_Search_FlatTest_SHAFT.java:27)
java.base/jdk.internal.reflect.NativeMethodAccessorImpl.invoke0(Native Method)
java.base/jdk.internal.reflect.NativeMethodAccessorImpl.invoke(NativeMethodAccessorImpl.java:64)
java.base/jdk.internal.reflect.DelegatingMethodAccessorImpl.invoke(DelegatingMethodAccessorImpl.java:43)
java.base/java.lang.reflect.Method.invoke(Method.java:564)
org.testng.internal.MethodInvocationHelper.invokeMethod(MethodInvocationHelper.java:132)
org.testng.internal.TestInvoker.invokeMethod(TestInvoker.java:599)
org.testng.internal.TestInvoker.invokeTestMethod(TestInvoker.java:174)
org.testng.internal.MethodRunner.runInSequence(MethodRunner.java:46)
org.testng.internal.TestInvoker$MethodInvocationAgent.invoke(TestInvoker.java:822)
org.testng.internal.TestInvoker.invokeTestMethods(TestInvoker.java:147)
org.testng.internal.TestMethodWorker.invokeTestMethods(TestMethodWorker.java:146)
org.testng.internal.TestMethodWorker.run(TestMethodWorker.java:128)
java.base/java.util.ArrayList.forEach(ArrayList.java:1511)
org.testng.TestRunner.privateRun(TestRunner.java:764)
org.testng.TestRunner.run(TestRunner.java:585)
org.testng.SuiteRunner.runTest(SuiteRunner.java:384)
org.testng.SuiteRunner.runSequentially(SuiteRunner.java:378)
org.testng.SuiteRunner.privateRun(SuiteRunner.java:337)
org.testng.SuiteRunner.run(SuiteRunner.java:286)
org.testng.SuiteRunnerWorker.runSuite(SuiteRunnerWorker.java:53)
org.testng.SuiteRunnerWorker.run(SuiteRunnerWorker.java:96)
org.testng.TestNG.runSuitesSequentially(TestNG.java:1218)
org.testng.TestNG.runSuitesLocally(TestNG.java:1140)
org.testng.TestNG.runSuites(TestNG.java:1069)
org.testng.TestNG.run(TestNG.java:1037)
org.apache.maven.surefire.testng.TestNGExecutor.run(TestNGExecutor.java:136)
org.apache.maven.surefire.testng.TestNGDirectoryTestSuite.executeMulti(TestNGDirectoryTestSuite.java:193)
org.apache.maven.surefire.testng.TestNGDirectoryTestSuite.execute(TestNGDirectoryTestSuite.java:94)
org.apache.maven.surefire.testng.TestNGProvider.invoke(TestNGProvider.java:145)
org.apache.maven.surefire.booter.ForkedBooter.runSuitesInProcess(ForkedBooter.java:428)
org.apache.maven.surefire.booter.ForkedBooter.execute(ForkedBooter.java:162)
org.apache.maven.surefire.booter.ForkedBooter.run(ForkedBooter.java:562)
org.apache.maven.surefire.booter.ForkedBooter.main(ForkedBooter.java:548) @08-03-2021 06:47:25.0730 AM
[ReportManager] AssertElementMatches FAILED; Expected [Element should match the reference screenshot] and Actual [ELEMENT NOT FOUND]. Comparison Type [EXACT_OPENCV]. Validation Type [POSITIVE]. @08-03-2021 06:47:26.0024 AM
[ReportManager] Successfully created attachment [Validation Test Data - Reference Screenshot] @08-03-2021 06:47:26.0025 AM
[ReportManager] Successfully created attachment [Validation Test Data - Actual Screenshot] @08-03-2021 06:47:26.0025 A
[ReportManager] Successfully created attachment [Selenium WebDriver Logs - server] @08-03-2021 06:47:26.0163 AM
[ReportManager] Successfully created attachment [Selenium WebDriver Logs - performance] @08-03-2021 06:47:26.0221 AM
[ReportManager] Successfully created attachment [Selenium WebDriver Logs - driver] @08-03-2021 06:47:26.0345 AM
[ReportManager] Browser Action [closeCurrentWindow] successfully performed. @08-03-2021 06:47:26.0403 AM
[ReportManager] Successfully created attachment [Browser Action Test Data - closeCurrentWindow - Actual Value] @08-03-2021 06:47:26.0404 A
[ReportManager] File Action [getAbsolutePath] successfully performed. With the following test data [Relative Folder Path: "target/downloadedFiles/"]. @08-03-2021 06:47:26.0406 AM
[ReportManager] Attempting to run remotely on: [Linux-64], [GoogleChrome], [http://localhost:4444/wd/hub], Headless Execution. @08-03-2021 06:47:26.0406 AM
[ReportManager] Successfully Opened [GoogleChrome]. @08-03-2021 06:47:26.0701 AM
[ReportManager] Target URL: [https://www.google.com/ncr], and after redirection: [https://www.google.com] @08-03-2021 06:47:26.0715 AM
[ReportManager] Initial URL: [data:,] @08-03-2021 06:47:26.0765 AM
[ReportManager] Browser Action [navigateToURL] successfully performed. With the following test data [https://www.google.com/ncr]. @08-03-2021 06:47:27.0857 A

################################################################################################################################################
Starting Execution:	[18 out of 23] test cases in the current suite
Test Method:		[tests.gui.google.B_Search_FlatTest_SHAFT.navigateToGoogleHomeAndAssertPageTitle]
################################################################################################################################################
[ReportManager] Asserting that the page title is Google... @08-03-2021 06:47:27.0890 AM
[ReportManager] Browser Action [getCurrentWindowTitle] successfully performed. With the following test data [Google]. @08-03-2021 06:47:27.0935 AM
[ReportManager] AssertBrowserAttribute PASSED; Expected [Value Should be 'Google' for the 'Title' attribute] and Actual [Google]. Comparison Type [EQUALS]. Validation Type [POSITIVE]. @08-03-2021 06:47:27.0936 A
[ReportManager] Successfully created attachment [Selenium WebDriver Logs - server] @08-03-2021 06:47:28.0057 AM
[ReportManager] Successfully created attachment [Selenium WebDriver Logs - performance] @08-03-2021 06:47:28.0122 AM
[ReportManager] Successfully created attachment [Selenium WebDriver Logs - driver] @08-03-2021 06:47:28.0231 AM
[ReportManager] Browser Action [closeCurrentWindow] successfully performed. @08-03-2021 06:47:28.0288 AM
[ReportManager] Successfully created attachment [Browser Action Test Data - closeCurrentWindow - Actual Value] @08-03-2021 06:47:28.0289 A
[ReportManager] File Action [getAbsolutePath] successfully performed. With the following test data [Relative Folder Path: "target/downloadedFiles/"]. @08-03-2021 06:47:28.0296 AM
[ReportManager] Attempting to run remotely on: [Linux-64], [GoogleChrome], [http://localhost:4444/wd/hub], Headless Execution. @08-03-2021 06:47:28.0296 AM
[ReportManager] Successfully Opened [GoogleChrome]. @08-03-2021 06:47:28.0553 AM
[ReportManager] Target URL: [https://www.google.com/ncr], and after redirection: [https://www.google.com] @08-03-2021 06:47:28.0566 AM
[ReportManager] Initial URL: [data:,] @08-03-2021 06:47:28.0626 AM
[ReportManager] Browser Action [navigateToURL] successfully performed. With the following test data [https://www.google.com/ncr]. @08-03-2021 06:47:29.0726 A

################################################################################################################################################
Starting Execution:	[19 out of 23] test cases in the current suite
Test Method:		[tests.gui.google.B_Search_FlatTest_SHAFT.searchForQueryAndAssertFirstResultTextIsCorrect]
################################################################################################################################################
[ReportManager] Element Action [type] successfully performed. With the following test data [SHAFT_Engine]. @08-03-2021 06:47:30.0403 AM
[ReportManager] Element Action [keyPress] successfully performed. With the following test data [ENTER]. @08-03-2021 06:47:31.0690 AM
[ReportManager] Asserting that the correct first result is displayed... @08-03-2021 06:47:31.0691 AM
[ReportManager] Element Action [getText] successfully performed. With the following test data [MohabMohie/SHAFT_ENGINE: SHAFT_ENGINE is a ... - GitHub]. @08-03-2021 06:47:31.0794 AM
[ReportManager] Loaded Shared OpenCV @08-03-2021 06:47:31.0987 AM
[ReportManager] AssertElementAttribute PASSED; Expected [Value Should be 'MohabMohie' for the 'Text' attribute, element locator 'By.xpath: (//h1[contains(text(),'Search Result')]/following-sibling::div//a/h3)[1]'] and Actual [MohabMohie/SHAFT_ENGINE: SHAFT_ENGINE is a ... - GitHub]. Comparison Type [CONTAINS]. Validation Type [POSITIVE]. @08-03-2021 06:47:32.0061 AM
[ReportManager] Successfully created attachment [Screenshot - 1615186051987_searchForQueryAndAssertFirstResultTextIsCorrect_AssertElementAttribute_passed] @08-03-2021 06:47:32.0063 A
[ReportManager] Successfully created attachment [Selenium WebDriver Logs - server] @08-03-2021 06:47:32.0267 AM
[ReportManager] Successfully created attachment [Selenium WebDriver Logs - performance] @08-03-2021 06:47:32.0453 AM
[ReportManager] Successfully created attachment [Selenium WebDriver Logs - driver] @08-03-2021 06:47:32.0713 AM
[ReportManager] Browser Action [closeCurrentWindow] successfully performed. @08-03-2021 06:47:32.0772 AM
[ReportManager] Successfully created attachment [Browser Action Test Data - closeCurrentWindow - Actual Value] @08-03-2021 06:47:32.0774 A
[ReportManager] Successfully loaded the following test data file [src/test/resources/TestDataFiles/Google/SimpleSearch.xlsx]. @08-03-2021 06:47:32.0807 AM
[ReportManager] Successfully created attachment [Test Data - Excel] @08-03-2021 06:47:32.0807 A
[ReportManager] File Action [getAbsolutePath] successfully performed. With the following test data [Relative Folder Path: "target/downloadedFiles/"]. @08-03-2021 06:47:32.0808 AM
[ReportManager] Attempting to run remotely on: [Linux-64], [GoogleChrome], [http://localhost:4444/wd/hub], Headless Execution. @08-03-2021 06:47:32.0809 AM
[ReportManager] Successfully Opened [GoogleChrome]. @08-03-2021 06:47:33.0056 AM
[ReportManager] Target URL: [https://www.google.com/ncr], and after redirection: [https://www.google.com] @08-03-2021 06:47:33.0071 AM
[ReportManager] Initial URL: [data:,] @08-03-2021 06:47:33.0122 AM
[ReportManager] Browser Action [navigateToURL] successfully performed. With the following test data [https://www.google.com/ncr]. @08-03-2021 06:47:34.0205 A

################################################################################################################################################
Starting Execution:	[20 out of 23] test cases in the current suite
Test Method:		[tests.gui.google.E_Search_PageObjectModel_Traditional_SHAFTAssertions.navigateToGoogleHomeAndAssertGoogleLogoIsDisplayed]
################################################################################################################################################
[ReportManager] Asserting that the Google logo is displayed... @08-03-2021 06:47:34.0238 AM
[ReportManager] File Action [doesFileExist] successfully performed. With the following test data [File Path: "src/test/resources/DynamicObjectRepository/tests_gui_google_E_Search_PageObjectModel_Traditional_SHAFTAssertions_navigateToGoogleHomeAndAssertGoogleLogoIsDisplayed_By_xpath_img_id_hplogo_or_alt_Google.png"]. @08-03-2021 06:47:34.0239 AM
[ReportManager] File Action [getAbsolutePath] successfully performed. With the following test data [Relative Folder Path: "src/test/resources/DynamicObjectRepository/tests_gui_google_E_Search_PageObjectModel_Traditional_SHAFTAssertions_navigateToGoogleHomeAndAssertGoogleLogoIsDisplayed_By_xpath_img_id_hplogo_or_alt_Google.png"]. @08-03-2021 06:47:34.0239 AM
[ReportManager] File Action [readFromImageFile] successfully performed. With the following test data [File Path: "/home/runner/work/using_SHAFT_ENGINE/using_SHAFT_ENGINE/src/test/resources/DynamicObjectRepository/tests_gui_google_E_Search_PageObjectModel_Traditional_SHAFTAssertions_navigateToGoogleHomeAndAssertGoogleLogoIsDisplayed_By_xpath_img_id_hplogo_or_alt_Google.png"]. @08-03-2021 06:47:34.0239 AM
[ReportManager] org.openqa.selenium.TimeoutException:
Expected condition failed: waiting for com.shaft.gui.element.ElementActionsHelper$$Lambda$915/0x00000008012d6588@444e4371 (tried for 25 second(s) with 1000 milliseconds interval)
org.openqa.selenium.support.ui.FluentWait.timeoutException(FluentWait.java:304)
org.openqa.selenium.support.ui.FluentWait.until(FluentWait.java:272)
com.shaft.gui.element.ElementActionsHelper.waitForElementPresence(ElementActionsHelper.java:46)
com.shaft.gui.element.ElementActionsHelper.waitForElementPresence(ElementActionsHelper.java:24)
com.shaft.gui.element.ElementActions.getMatchingElementsCount(ElementActions.java:1497)
com.shaft.gui.element.ElementActions.getElementsCount(ElementActions.java:547)
com.shaft.validation.ValidationActions.validateElementMatches(ValidationActions.java:360)
com.shaft.validation.Assertions.assertElementMatches(Assertions.java:480)
tests.gui.google.E_Search_PageObjectModel_Traditional_SHAFTAssertions.navigateToGoogleHomeAndAssertGoogleLogoIsDisplayed(E_Search_PageObjectModel_Traditional_SHAFTAssertions.java:33)
java.base/jdk.internal.reflect.NativeMethodAccessorImpl.invoke0(Native Method)
java.base/jdk.internal.reflect.NativeMethodAccessorImpl.invoke(NativeMethodAccessorImpl.java:64)
java.base/jdk.internal.reflect.DelegatingMethodAccessorImpl.invoke(DelegatingMethodAccessorImpl.java:43)
java.base/java.lang.reflect.Method.invoke(Method.java:564)
org.testng.internal.MethodInvocationHelper.invokeMethod(MethodInvocationHelper.java:132)
org.testng.internal.TestInvoker.invokeMethod(TestInvoker.java:599)
org.testng.internal.TestInvoker.invokeTestMethod(TestInvoker.java:174)
org.testng.internal.MethodRunner.runInSequence(MethodRunner.java:46)
org.testng.internal.TestInvoker$MethodInvocationAgent.invoke(TestInvoker.java:822)
org.testng.internal.TestInvoker.invokeTestMethods(TestInvoker.java:147)
org.testng.internal.TestMethodWorker.invokeTestMethods(TestMethodWorker.java:146)
org.testng.internal.TestMethodWorker.run(TestMethodWorker.java:128)
java.base/java.util.ArrayList.forEach(ArrayList.java:1511)
org.testng.TestRunner.privateRun(TestRunner.java:764)
org.testng.TestRunner.run(TestRunner.java:585)
org.testng.SuiteRunner.runTest(SuiteRunner.java:384)
org.testng.SuiteRunner.runSequentially(SuiteRunner.java:378)
org.testng.SuiteRunner.privateRun(SuiteRunner.java:337)
org.testng.SuiteRunner.run(SuiteRunner.java:286)
org.testng.SuiteRunnerWorker.runSuite(SuiteRunnerWorker.java:53)
org.testng.SuiteRunnerWorker.run(SuiteRunnerWorker.java:96)
org.testng.TestNG.runSuitesSequentially(TestNG.java:1218)
org.testng.TestNG.runSuitesLocally(TestNG.java:1140)
org.testng.TestNG.runSuites(TestNG.java:1069)
org.testng.TestNG.run(TestNG.java:1037)
org.apache.maven.surefire.testng.TestNGExecutor.run(TestNGExecutor.java:136)
org.apache.maven.surefire.testng.TestNGDirectoryTestSuite.executeMulti(TestNGDirectoryTestSuite.java:193)
org.apache.maven.surefire.testng.TestNGDirectoryTestSuite.execute(TestNGDirectoryTestSuite.java:94)
org.apache.maven.surefire.testng.TestNGProvider.invoke(TestNGProvider.java:145)
org.apache.maven.surefire.booter.ForkedBooter.runSuitesInProcess(ForkedBooter.java:428)
org.apache.maven.surefire.booter.ForkedBooter.execute(ForkedBooter.java:162)
org.apache.maven.surefire.booter.ForkedBooter.run(ForkedBooter.java:562)
org.apache.maven.surefire.booter.ForkedBooter.main(ForkedBooter.java:548)

Caused by: org.openqa.selenium.NoSuchElementException:
no such element: Unable to locate element: {"method":"xpath","selector":"//img[@id='hplogo' or @alt='Google']"}
  (Session info: headless chrome=81.0.4044.138)
  (Driver info: chromedriver=81.0.4044.138 (8c6c7ba89cc9453625af54f11fd83179e23450fa-refs/branch-heads/4044@{#999}),platform=Linux 5.4.0-1040-azure x86_64) (WARNING: The server did not provide any stacktrace information)
Command duration or timeout: 0 milliseconds
For documentation on this error, please visit: https://www.seleniumhq.org/exceptions/no_such_element.html
Build info: version: '3.141.59', revision: 'e82be7d358', time: '2018-11-14T08:17:03'
System info: host: 'fv-az173-32', ip: '10.1.0.4', os.name: 'Linux', os.arch: 'amd64', os.version: '5.4.0-1040-azure', java.version: '15.0.2'
Driver info: org.openqa.selenium.remote.RemoteWebDriver
Capabilities {acceptInsecureCerts: false, acceptSslCerts: false, applicationCacheEnabled: false, browserConnectionEnabled: false, browserName: chrome, chrome: {chromedriverVersion: 81.0.4044.138 (8c6c7ba89cc9..., userDataDir: /tmp/.com.google.Chrome.8AS11T}, cssSelectorsEnabled: true, databaseEnabled: false, goog:chromeOptions: {debuggerAddress: localhost:38873}, handlesAlerts: true, hasTouchScreen: false, javascriptEnabled: true, locationContextEnabled: true, mobileEmulationEnabled: false, nativeEvents: true, networkConnectionEnabled: false, pageLoadStrategy: normal, platform: LINUX, platformName: LINUX, proxy: Proxy(), rotatable: false, setWindowRect: true, strictFileInteractability: false, takesHeapSnapshot: true, takesScreenshot: true, timeouts: {implicit: 0, pageLoad: 300000, script: 30000}, unexpectedAlertBehaviour: ignore, unhandledPromptBehavior: ignore, version: 81.0.4044.138, webStorageEnabled: true, webauthn:virtualAuthenticators: true, webdriver.remote.sessionid: 7e6030007ba3d4759a541a7fe4d...}
Session ID: 7e6030007ba3d4759a541a7fe4de9baa
*** Element info: {Using=xpath, value=//img[@id='hplogo' or @alt='Google']}
jdk.internal.reflect.GeneratedConstructorAccessor36.newInstance(Unknown Source)
java.base/jdk.internal.reflect.DelegatingConstructorAccessorImpl.newInstance(DelegatingConstructorAccessorImpl.java:45)
java.base/java.lang.reflect.Constructor.newInstanceWithCaller(Constructor.java:500)
java.base/java.lang.reflect.Constructor.newInstance(Constructor.java:481)
org.openqa.selenium.remote.ErrorHandler.createThrowable(ErrorHandler.java:214)
org.openqa.selenium.remote.ErrorHandler.throwIfResponseFailed(ErrorHandler.java:166)
org.openqa.selenium.remote.http.JsonHttpResponseCodec.reconstructValue(JsonHttpResponseCodec.java:40)
org.openqa.selenium.remote.http.AbstractHttpResponseCodec.decode(AbstractHttpResponseCodec.java:80)
org.openqa.selenium.remote.http.AbstractHttpResponseCodec.decode(AbstractHttpResponseCodec.java:44)
org.openqa.selenium.remote.HttpCommandExecutor.execute(HttpCommandExecutor.java:158)
org.openqa.selenium.remote.RemoteWebDriver.execute(RemoteWebDriver.java:552)
org.openqa.selenium.remote.RemoteWebDriver.findElement(RemoteWebDriver.java:323)
org.openqa.selenium.remote.RemoteWebDriver.findElementByXPath(RemoteWebDriver.java:428)
org.openqa.selenium.By$ByXPath.findElement(By.java:353)
org.openqa.selenium.remote.RemoteWebDriver.findElement(RemoteWebDriver.java:315)
com.shaft.gui.element.ElementActionsHelper.lambda$waitForElementPresence$0(ElementActionsHelper.java:47)
org.openqa.selenium.support.ui.FluentWait.until(FluentWait.java:249)
com.shaft.gui.element.ElementActionsHelper.waitForElementPresence(ElementActionsHelper.java:46)
com.shaft.gui.element.ElementActionsHelper.waitForElementPresence(ElementActionsHelper.java:24)
com.shaft.gui.element.ElementActions.getMatchingElementsCount(ElementActions.java:1497)
com.shaft.gui.element.ElementActions.getElementsCount(ElementActions.java:547)
com.shaft.validation.ValidationActions.validateElementMatches(ValidationActions.java:360)
com.shaft.validation.Assertions.assertElementMatches(Assertions.java:480)
tests.gui.google.E_Search_PageObjectModel_Traditional_SHAFTAssertions.navigateToGoogleHomeAndAssertGoogleLogoIsDisplayed(E_Search_PageObjectModel_Traditional_SHAFTAssertions.java:33)
java.base/jdk.internal.reflect.NativeMethodAccessorImpl.invoke0(Native Method)
java.base/jdk.internal.reflect.NativeMethodAccessorImpl.invoke(NativeMethodAccessorImpl.java:64)
java.base/jdk.internal.reflect.DelegatingMethodAccessorImpl.invoke(DelegatingMethodAccessorImpl.java:43)
java.base/java.lang.reflect.Method.invoke(Method.java:564)
org.testng.internal.MethodInvocationHelper.invokeMethod(MethodInvocationHelper.java:132)
org.testng.internal.TestInvoker.invokeMethod(TestInvoker.java:599)
org.testng.internal.TestInvoker.invokeTestMethod(TestInvoker.java:174)
org.testng.internal.MethodRunner.runInSequence(MethodRunner.java:46)
org.testng.internal.TestInvoker$MethodInvocationAgent.invoke(TestInvoker.java:822)
org.testng.internal.TestInvoker.invokeTestMethods(TestInvoker.java:147)
org.testng.internal.TestMethodWorker.invokeTestMethods(TestMethodWorker.java:146)
org.testng.internal.TestMethodWorker.run(TestMethodWorker.java:128)
java.base/java.util.ArrayList.forEach(ArrayList.java:1511)
org.testng.TestRunner.privateRun(TestRunner.java:764)
org.testng.TestRunner.run(TestRunner.java:585)
org.testng.SuiteRunner.runTest(SuiteRunner.java:384)
org.testng.SuiteRunner.runSequentially(SuiteRunner.java:378)
org.testng.SuiteRunner.privateRun(SuiteRunner.java:337)
org.testng.SuiteRunner.run(SuiteRunner.java:286)
org.testng.SuiteRunnerWorker.runSuite(SuiteRunnerWorker.java:53)
org.testng.SuiteRunnerWorker.run(SuiteRunnerWorker.java:96)
org.testng.TestNG.runSuitesSequentially(TestNG.java:1218)
org.testng.TestNG.runSuitesLocally(TestNG.java:1140)
org.testng.TestNG.runSuites(TestNG.java:1069)
org.testng.TestNG.run(TestNG.java:1037)
org.apache.maven.surefire.testng.TestNGExecutor.run(TestNGExecutor.java:136)
org.apache.maven.surefire.testng.TestNGDirectoryTestSuite.executeMulti(TestNGDirectoryTestSuite.java:193)
org.apache.maven.surefire.testng.TestNGDirectoryTestSuite.execute(TestNGDirectoryTestSuite.java:94)
org.apache.maven.surefire.testng.TestNGProvider.invoke(TestNGProvider.java:145)
org.apache.maven.surefire.booter.ForkedBooter.runSuitesInProcess(ForkedBooter.java:428)
org.apache.maven.surefire.booter.ForkedBooter.execute(ForkedBooter.java:162)
org.apache.maven.surefire.booter.ForkedBooter.run(ForkedBooter.java:562)
org.apache.maven.surefire.booter.ForkedBooter.main(ForkedBooter.java:548) @08-03-2021 06:47:59.0754 AM
[ReportManager] AssertElementMatches FAILED; Expected [Element should match the reference screenshot] and Actual [ELEMENT NOT FOUND]. Comparison Type [EXACT_OPENCV]. Validation Type [POSITIVE]. @08-03-2021 06:48:00.0091 AM
[ReportManager] Successfully created attachment [Validation Test Data - Reference Screenshot] @08-03-2021 06:48:00.0091 AM
[ReportManager] Successfully created attachment [Validation Test Data - Actual Screenshot] @08-03-2021 06:48:00.0092 A
[ReportManager] Successfully created attachment [Selenium WebDriver Logs - server] @08-03-2021 06:48:00.0205 AM
[ReportManager] Successfully created attachment [Selenium WebDriver Logs - performance] @08-03-2021 06:48:00.0255 AM
[ReportManager] Successfully created attachment [Selenium WebDriver Logs - driver] @08-03-2021 06:48:00.0372 AM
[ReportManager] Browser Action [closeCurrentWindow] successfully performed. @08-03-2021 06:48:00.0431 AM
[ReportManager] Successfully created attachment [Browser Action Test Data - closeCurrentWindow - Actual Value] @08-03-2021 06:48:00.0432 A
[ReportManager] File Action [getAbsolutePath] successfully performed. With the following test data [Relative Folder Path: "target/downloadedFiles/"]. @08-03-2021 06:48:00.0435 AM
[ReportManager] Attempting to run remotely on: [Linux-64], [GoogleChrome], [http://localhost:4444/wd/hub], Headless Execution. @08-03-2021 06:48:00.0435 AM
[ReportManager] Successfully Opened [GoogleChrome]. @08-03-2021 06:48:00.0697 AM
[ReportManager] Target URL: [https://www.google.com/ncr], and after redirection: [https://www.google.com] @08-03-2021 06:48:00.0711 AM
[ReportManager] Initial URL: [data:,] @08-03-2021 06:48:00.0783 AM
[ReportManager] Browser Action [navigateToURL] successfully performed. With the following test data [https://www.google.com/ncr]. @08-03-2021 06:48:01.0902 A

################################################################################################################################################
Starting Execution:	[21 out of 23] test cases in the current suite
Test Method:		[tests.gui.google.E_Search_PageObjectModel_Traditional_SHAFTAssertions.navigateToGoogleHomeAndAssertPageTitle]
################################################################################################################################################
[ReportManager] Asserting that the page title is Google... @08-03-2021 06:48:01.0953 AM
[ReportManager] Browser Action [getCurrentWindowTitle] successfully performed. With the following test data [Google]. @08-03-2021 06:48:01.0995 AM
[ReportManager] AssertBrowserAttribute PASSED; Expected [Value Should be 'Google' for the 'Title' attribute] and Actual [Google]. Comparison Type [EQUALS]. Validation Type [POSITIVE]. @08-03-2021 06:48:01.0995 A
[ReportManager] Successfully created attachment [Selenium WebDriver Logs - server] @08-03-2021 06:48:02.0102 AM
[ReportManager] Successfully created attachment [Selenium WebDriver Logs - performance] @08-03-2021 06:48:02.0152 AM
[ReportManager] Successfully created attachment [Selenium WebDriver Logs - driver] @08-03-2021 06:48:02.0240 AM
[ReportManager] Browser Action [closeCurrentWindow] successfully performed. @08-03-2021 06:48:02.0299 AM
[ReportManager] Successfully created attachment [Browser Action Test Data - closeCurrentWindow - Actual Value] @08-03-2021 06:48:02.0300 A
[ReportManager] File Action [getAbsolutePath] successfully performed. With the following test data [Relative Folder Path: "target/downloadedFiles/"]. @08-03-2021 06:48:02.0302 AM
[ReportManager] Attempting to run remotely on: [Linux-64], [GoogleChrome], [http://localhost:4444/wd/hub], Headless Execution. @08-03-2021 06:48:02.0303 AM
[ReportManager] Successfully Opened [GoogleChrome]. @08-03-2021 06:48:02.0548 AM
[ReportManager] Target URL: [https://www.google.com/ncr], and after redirection: [https://www.google.com] @08-03-2021 06:48:02.0562 AM
[ReportManager] Initial URL: [data:,] @08-03-2021 06:48:02.0612 AM
[ReportManager] Browser Action [navigateToURL] successfully performed. With the following test data [https://www.google.com/ncr]. @08-03-2021 06:48:03.0707 A

################################################################################################################################################
Starting Execution:	[22 out of 23] test cases in the current suite
Test Method:		[tests.gui.google.E_Search_PageObjectModel_Traditional_SHAFTAssertions.searchForQueryAndAssertFirstResultTextIsCorrect]
################################################################################################################################################
[ReportManager] Element Action [type] successfully performed. With the following test data [SHAFT_Engine]. @08-03-2021 06:48:04.0392 AM
[ReportManager] Element Action [keyPress] successfully performed. With the following test data [ENTER]. @08-03-2021 06:48:05.0625 AM
[ReportManager] Asserting that the correct first result is displayed... @08-03-2021 06:48:05.0625 AM
[ReportManager] Element Action [getText] successfully performed. With the following test data [MohabMohie/SHAFT_ENGINE: SHAFT_ENGINE is a ... - GitHub]. @08-03-2021 06:48:05.0734 AM
[ReportManager] Loaded Shared OpenCV @08-03-2021 06:48:05.0904 AM
[ReportManager] AssertElementAttribute PASSED; Expected [Value Should be 'MohabMohie' for the 'Text' attribute, element locator 'By.xpath: (//h1[contains(text(),'Search Result')]/following-sibling::div//a/h3)[1]'] and Actual [MohabMohie/SHAFT_ENGINE: SHAFT_ENGINE is a ... - GitHub]. Comparison Type [CONTAINS]. Validation Type [POSITIVE]. @08-03-2021 06:48:05.0976 AM
[ReportManager] Successfully created attachment [Screenshot - 1615186085903_searchForQueryAndAssertFirstResultTextIsCorrect_AssertElementAttribute_passed] @08-03-2021 06:48:05.0978 A
[ReportManager] Successfully created attachment [Selenium WebDriver Logs - server] @08-03-2021 06:48:06.0170 AM
[ReportManager] Successfully created attachment [Selenium WebDriver Logs - performance] @08-03-2021 06:48:06.0365 AM
[ReportManager] Successfully created attachment [Selenium WebDriver Logs - driver] @08-03-2021 06:48:06.0648 AM
[ReportManager] Browser Action [closeCurrentWindow] successfully performed. @08-03-2021 06:48:06.0709 AM
[ReportManager] Successfully created attachment [Browser Action Test Data - closeCurrentWindow - Actual Value] @08-03-2021 06:48:06.0711 A

################################################################################################################################################
Starting Execution:	[23 out of 23] test cases in the current suite
Test Method:		[tests.cli.demo.cliTest.sampleTestCase]
################################################################################################################################################
[ReportManager] Attempting to perform the following command locally. Command: [ls] @08-03-2021 06:48:06.0723 AM
[ReportManager] Terminal Action [performTerminalCommands] successfully performed. With the following test data [Host Name: "localHost" | Command: "ls" | Exit Status: "0"]. @08-03-2021 06:48:06.0728 AM
[ReportManager] Successfully created attachment [Terminal Action Actual Result - Command Log] @08-03-2021 06:48:06.0729 AM
[ReportManager] Demoing local terminal actions... @08-03-2021 06:48:06.0729 AM
[ReportManager] AssertEquals PASSED; Expected [pom.xml] and Actual [LICENSE
README.md
allure-results
docker-compose_native.yml
docker-compose_zalenium.yml
extent-reports
pom.xml
src
target]. Comparison Type [CONTAINS]. Validation Type [POSITIVE]. @08-03-2021 06:48:06.0729 A

################################################################################################################################################
Test Closure Activities
################################################################################################################################################
[ReportManager] Successfully created attachment [SHAFT Engine Logs - Execution log] @08-03-2021 06:48:06.0746 AM

################################################################################################################################################
This test run was powered by SHAFT Engine Version: [SHAFT Engine v5.1]
SHAFT Engine is licensed under the MIT License: [https://github.com/MohabMohie/SHAFT_ENGINE/blob/master/LICENSE].
################################################################################################################################################