{
  "uid" : "ef03980b1c60b7b1",
  "name" : "validateUserEmail",
  "fullName" : "tests.api.users.UserData.validateUserEmail",
  "historyId" : "9b37543636253a254d75213170a808d5",
  "time" : {
    "start" : 1619181108031,
    "stop" : 1619181110497,
    "duration" : 2466
  },
  "status" : "failed",
  "statusMessage" : "API Action [performRequest] failed. With the following test data [Request Type: \"GET\" | Target Status Code: \"200\" | Service URL: \"https://jsonplaceholder.typicode.com/users\" | Content Type: \"*/*\" | Response Time: \"769ms\"].",
  "statusTrace" : "java.lang.AssertionError: API Action [performRequest] failed. With the following test data [Request Type: \"GET\" | Target Status Code: \"200\" | Service URL: \"https://jsonplaceholder.typicode.com/users\" | Content Type: \"*/*\" | Response Time: \"769ms\"].\n\tat org.testng.Assert.fail(Assert.java:99)\n\tat com.shaft.api.RestActions.failAction(RestActions.java:87)\n\tat com.shaft.api.RestActions.failAction(RestActions.java:404)\n\tat com.shaft.api.RestActions.performRequest(RestActions.java:1086)\n\tat com.shaft.api.RestActions.performRequest(RestActions.java:777)\n\tat tests.api.users.UserData.validateUserEmail(UserData.java:18)\n\tat java.base/jdk.internal.reflect.NativeMethodAccessorImpl.invoke0(Native Method)\n\tat java.base/jdk.internal.reflect.NativeMethodAccessorImpl.invoke(NativeMethodAccessorImpl.java:64)\n\tat java.base/jdk.internal.reflect.DelegatingMethodAccessorImpl.invoke(DelegatingMethodAccessorImpl.java:43)\n\tat java.base/java.lang.reflect.Method.invoke(Method.java:564)\n\tat org.testng.internal.MethodInvocationHelper.invokeMethod(MethodInvocationHelper.java:133)\n\tat org.testng.internal.TestInvoker.invokeMethod(TestInvoker.java:598)\n\tat org.testng.internal.TestInvoker.invokeTestMethod(TestInvoker.java:173)\n\tat org.testng.internal.MethodRunner.runInSequence(MethodRunner.java:46)\n\tat org.testng.internal.TestInvoker$MethodInvocationAgent.invoke(TestInvoker.java:824)\n\tat org.testng.internal.TestInvoker.invokeTestMethods(TestInvoker.java:146)\n\tat org.testng.internal.TestMethodWorker.invokeTestMethods(TestMethodWorker.java:146)\n\tat org.testng.internal.TestMethodWorker.run(TestMethodWorker.java:128)\n\tat java.base/java.util.ArrayList.forEach(ArrayList.java:1511)\n\tat org.testng.TestRunner.privateRun(TestRunner.java:794)\n\tat org.testng.TestRunner.run(TestRunner.java:596)\n\tat org.testng.SuiteRunner.runTest(SuiteRunner.java:377)\n\tat org.testng.SuiteRunner.runSequentially(SuiteRunner.java:371)\n\tat org.testng.SuiteRunner.privateRun(SuiteRunner.java:332)\n\tat org.testng.SuiteRunner.run(SuiteRunner.java:276)\n\tat org.testng.SuiteRunnerWorker.runSuite(SuiteRunnerWorker.java:53)\n\tat org.testng.SuiteRunnerWorker.run(SuiteRunnerWorker.java:96)\n\tat org.testng.TestNG.runSuitesSequentially(TestNG.java:1212)\n\tat org.testng.TestNG.runSuitesLocally(TestNG.java:1134)\n\tat org.testng.TestNG.runSuites(TestNG.java:1063)\n\tat org.testng.TestNG.run(TestNG.java:1031)\n\tat org.apache.maven.surefire.testng.TestNGExecutor.run(TestNGExecutor.java:136)\n\tat org.apache.maven.surefire.testng.TestNGDirectoryTestSuite.executeMulti(TestNGDirectoryTestSuite.java:193)\n\tat org.apache.maven.surefire.testng.TestNGDirectoryTestSuite.execute(TestNGDirectoryTestSuite.java:94)\n\tat org.apache.maven.surefire.testng.TestNGProvider.invoke(TestNGProvider.java:145)\n\tat org.apache.maven.surefire.booter.ForkedBooter.runSuitesInProcess(ForkedBooter.java:428)\n\tat org.apache.maven.surefire.booter.ForkedBooter.execute(ForkedBooter.java:162)\n\tat org.apache.maven.surefire.booter.ForkedBooter.run(ForkedBooter.java:562)\n\tat org.apache.maven.surefire.booter.ForkedBooter.main(ForkedBooter.java:548)\n",
  "flaky" : true,
  "newFailed" : true,
  "beforeStages" : [ ],
  "testStage" : {
    "status" : "failed",
    "statusMessage" : "API Action [performRequest] failed. With the following test data [Request Type: \"GET\" | Target Status Code: \"200\" | Service URL: \"https://jsonplaceholder.typicode.com/users\" | Content Type: \"*/*\" | Response Time: \"769ms\"].",
    "statusTrace" : "java.lang.AssertionError: API Action [performRequest] failed. With the following test data [Request Type: \"GET\" | Target Status Code: \"200\" | Service URL: \"https://jsonplaceholder.typicode.com/users\" | Content Type: \"*/*\" | Response Time: \"769ms\"].\n\tat org.testng.Assert.fail(Assert.java:99)\n\tat com.shaft.api.RestActions.failAction(RestActions.java:87)\n\tat com.shaft.api.RestActions.failAction(RestActions.java:404)\n\tat com.shaft.api.RestActions.performRequest(RestActions.java:1086)\n\tat com.shaft.api.RestActions.performRequest(RestActions.java:777)\n\tat tests.api.users.UserData.validateUserEmail(UserData.java:18)\n\tat java.base/jdk.internal.reflect.NativeMethodAccessorImpl.invoke0(Native Method)\n\tat java.base/jdk.internal.reflect.NativeMethodAccessorImpl.invoke(NativeMethodAccessorImpl.java:64)\n\tat java.base/jdk.internal.reflect.DelegatingMethodAccessorImpl.invoke(DelegatingMethodAccessorImpl.java:43)\n\tat java.base/java.lang.reflect.Method.invoke(Method.java:564)\n\tat org.testng.internal.MethodInvocationHelper.invokeMethod(MethodInvocationHelper.java:133)\n\tat org.testng.internal.TestInvoker.invokeMethod(TestInvoker.java:598)\n\tat org.testng.internal.TestInvoker.invokeTestMethod(TestInvoker.java:173)\n\tat org.testng.internal.MethodRunner.runInSequence(MethodRunner.java:46)\n\tat org.testng.internal.TestInvoker$MethodInvocationAgent.invoke(TestInvoker.java:824)\n\tat org.testng.internal.TestInvoker.invokeTestMethods(TestInvoker.java:146)\n\tat org.testng.internal.TestMethodWorker.invokeTestMethods(TestMethodWorker.java:146)\n\tat org.testng.internal.TestMethodWorker.run(TestMethodWorker.java:128)\n\tat java.base/java.util.ArrayList.forEach(ArrayList.java:1511)\n\tat org.testng.TestRunner.privateRun(TestRunner.java:794)\n\tat org.testng.TestRunner.run(TestRunner.java:596)\n\tat org.testng.SuiteRunner.runTest(SuiteRunner.java:377)\n\tat org.testng.SuiteRunner.runSequentially(SuiteRunner.java:371)\n\tat org.testng.SuiteRunner.privateRun(SuiteRunner.java:332)\n\tat org.testng.SuiteRunner.run(SuiteRunner.java:276)\n\tat org.testng.SuiteRunnerWorker.runSuite(SuiteRunnerWorker.java:53)\n\tat org.testng.SuiteRunnerWorker.run(SuiteRunnerWorker.java:96)\n\tat org.testng.TestNG.runSuitesSequentially(TestNG.java:1212)\n\tat org.testng.TestNG.runSuitesLocally(TestNG.java:1134)\n\tat org.testng.TestNG.runSuites(TestNG.java:1063)\n\tat org.testng.TestNG.run(TestNG.java:1031)\n\tat org.apache.maven.surefire.testng.TestNGExecutor.run(TestNGExecutor.java:136)\n\tat org.apache.maven.surefire.testng.TestNGDirectoryTestSuite.executeMulti(TestNGDirectoryTestSuite.java:193)\n\tat org.apache.maven.surefire.testng.TestNGDirectoryTestSuite.execute(TestNGDirectoryTestSuite.java:94)\n\tat org.apache.maven.surefire.testng.TestNGProvider.invoke(TestNGProvider.java:145)\n\tat org.apache.maven.surefire.booter.ForkedBooter.runSuitesInProcess(ForkedBooter.java:428)\n\tat org.apache.maven.surefire.booter.ForkedBooter.execute(ForkedBooter.java:162)\n\tat org.apache.maven.surefire.booter.ForkedBooter.run(ForkedBooter.java:562)\n\tat org.apache.maven.surefire.booter.ForkedBooter.main(ForkedBooter.java:548)\n",
    "steps" : [ {
      "name" : "Action [135]: AssertEquals FAILED; Expected [200] and Actual [404]. Comparison Type [EQUALS]. Validation Type [POSITIVE].",
      "time" : {
        "start" : 1619181110375,
        "stop" : 1619181110375,
        "duration" : 0
      },
      "status" : "passed",
      "steps" : [ ],
      "attachments" : [ ],
      "parameters" : [ {
        "name" : "actionCounter",
        "value" : "135"
      }, {
        "name" : "logText",
        "value" : "AssertEquals FAILED; Expected [200] and Actual [404]. Comparison Type [EQUALS]. Validation Type [POSITIVE]."
      } ],
      "stepsCount" : 0,
      "attachmentsCount" : 0,
      "shouldDisplayMessage" : false,
      "hasContent" : true
    }, {
      "name" : "Action [136]: API Action [performRequest] failed. With the following test data [Request Type: \"GET\" | Target Status Code: \"200\" | Service URL: \"https://jsonplaceholder.typicode.com/users\" | Content Type: \"*/*\" | Response Time: \"769ms\"].",
      "time" : {
        "start" : 1619181110494,
        "stop" : 1619181110494,
        "duration" : 0
      },
      "status" : "passed",
      "steps" : [ ],
      "attachments" : [ {
        "uid" : "acf91616da8bc895",
        "name" : "Attachment: API Response - Body",
        "source" : "acf91616da8bc895.html",
        "type" : "text/html",
        "size" : 470
      } ],
      "parameters" : [ {
        "name" : "actionCounter",
        "value" : "136"
      }, {
        "name" : "logText",
        "value" : "API Action [performRequest] failed. With the following test data [Request Type: \"GET\" | Target Status Code: \"200\" | Service URL: \"https://jsonplaceholder.typicode.com/users\" | Content Type: \"*/*\" | Response Time: \"769ms\"]."
      }, {
        "name" : "attachments",
        "value" : "[null, [API Response, Body, java.io.ByteArrayInputStream@212667ae]]"
      } ],
      "stepsCount" : 0,
      "attachmentsCount" : 1,
      "shouldDisplayMessage" : false,
      "hasContent" : true
    } ],
    "attachments" : [ {
      "uid" : "3a084cc9aa0740d1",
      "name" : "Attachment: SHAFT Engine Logs - Current Method log: validateUserEmail",
      "source" : "3a084cc9aa0740d1.txt",
      "type" : "text/plain",
      "size" : 1166
    } ],
    "parameters" : [ ],
    "stepsCount" : 2,
    "attachmentsCount" : 2,
    "shouldDisplayMessage" : true,
    "hasContent" : true
  },
  "afterStages" : [ {
    "name" : "closureActivities",
    "time" : {
      "start" : 1619181110505,
      "stop" : 1619181110983,
      "duration" : 478
    },
    "description" : "",
    "status" : "passed",
    "steps" : [ {
      "name" : "Action [137]: Successfully Closed All Browsers.",
      "time" : {
        "start" : 1619181110505,
        "stop" : 1619181110505,
        "duration" : 0
      },
      "status" : "passed",
      "steps" : [ ],
      "attachments" : [ ],
      "parameters" : [ {
        "name" : "actionCounter",
        "value" : "137"
      }, {
        "name" : "logText",
        "value" : "Successfully Closed All Browsers."
      } ],
      "stepsCount" : 0,
      "attachmentsCount" : 0,
      "shouldDisplayMessage" : false,
      "hasContent" : true
    }, {
      "name" : "Action [138]: Issue Summary: Total Issues = 1, New issues for Failed Tests = 1, Open issues for Passed Tests = 0, Open issues for Failed Tests = 0. Kindly check the attached Issue details.",
      "time" : {
        "start" : 1619181110511,
        "stop" : 1619181110512,
        "duration" : 1
      },
      "status" : "passed",
      "steps" : [ ],
      "attachments" : [ {
        "uid" : "c02183bc6e63d26c",
        "name" : "Attachment: SHAFT Engine Logs - Issues log CSV: 20210423-123150",
        "source" : "c02183bc6e63d26c.csv",
        "type" : "text/csv",
        "size" : 118
      } ],
      "parameters" : [ {
        "name" : "actionCounter",
        "value" : "138"
      }, {
        "name" : "logText",
        "value" : "Issue Summary: Total Issues = 1, New issues for Failed Tests = 1, Open issues for Passed Tests = 0, Open issues for Failed Tests = 0. Kindly check the attached Issue details."
      }, {
        "name" : "attachments",
        "value" : "[[SHAFT Engine Logs, Issues log CSV: 20210423-123150, java.io.ByteArrayInputStream@1ed5cb12]]"
      } ],
      "stepsCount" : 0,
      "attachmentsCount" : 1,
      "shouldDisplayMessage" : false,
      "hasContent" : true
    } ],
    "attachments" : [ {
      "uid" : "1fb764f610e8930d",
      "name" : "Attachment: SHAFT Engine Logs - Execution log: 20210423-123150",
      "source" : "1fb764f610e8930d.txt",
      "type" : "text/plain",
      "size" : 58284
    }, {
      "uid" : "45a36dac075d1909",
      "name" : "Attachment: HTML - Extent Emailable Execution Report",
      "source" : "45a36dac075d1909.html",
      "type" : "text/html",
      "size" : 1421047
    } ],
    "parameters" : [ ],
    "stepsCount" : 2,
    "attachmentsCount" : 3,
    "shouldDisplayMessage" : false,
    "hasContent" : true
  } ],
  "labels" : [ {
    "name" : "package",
    "value" : "tests.api.users.UserData"
  }, {
    "name" : "testClass",
    "value" : "tests.api.users.UserData"
  }, {
    "name" : "testMethod",
    "value" : "validateUserEmail"
  }, {
    "name" : "parentSuite",
    "value" : "SHAFT_Engine: Custom Suite"
  }, {
    "name" : "suite",
    "value" : "SHAFT_Engine: Custom Test"
  }, {
    "name" : "subSuite",
    "value" : "tests.api.users.UserData"
  }, {
    "name" : "host",
    "value" : "fv-az216-331"
  }, {
    "name" : "thread",
    "value" : "3923@fv-az216-331.main(1)"
  }, {
    "name" : "framework",
    "value" : "testng"
  }, {
    "name" : "language",
    "value" : "java"
  }, {
    "name" : "resultFormat",
    "value" : "allure2"
  } ],
  "parameters" : [ ],
  "links" : [ ],
  "hidden" : false,
  "retry" : false,
  "extra" : {
    "severity" : "normal",
    "retries" : [ ],
    "categories" : [ {
      "name" : "Product defects",
      "matchedStatuses" : [ ],
      "flaky" : false
    } ],
    "history" : {
      "statistic" : {
        "failed" : 3,
        "broken" : 0,
        "skipped" : 0,
        "passed" : 99,
        "unknown" : 0,
        "total" : 102
      },
      "items" : [ {
        "uid" : "de00058d981c75ce",
        "reportUrl" : "https://MohabMohie.github.io/using_SHAFT_ENGINE/allure/292//#testresult/de00058d981c75ce",
        "status" : "passed",
        "time" : {
          "start" : 1619159354150,
          "stop" : 1619159358314,
          "duration" : 4164
        }
      }, {
        "uid" : "4acb021b1b69e72c",
        "reportUrl" : "https://MohabMohie.github.io/using_SHAFT_ENGINE/allure/291//#testresult/4acb021b1b69e72c",
        "status" : "failed",
        "statusDetails" : "API Action [performRequest] failed. With the following test data [Request Type: \"GET\" | Target Status Code: \"200\" | Service URL: \"https://jsonplaceholder.typicode.com/users\" | Content Type: \"*/*\" | Response Time: \"762ms\"].",
        "time" : {
          "start" : 1619138007687,
          "stop" : 1619138010195,
          "duration" : 2508
        }
      }, {
        "uid" : "7c9d9a4bcfe25902",
        "reportUrl" : "https://MohabMohie.github.io/using_SHAFT_ENGINE/allure/290//#testresult/7c9d9a4bcfe25902",
        "status" : "failed",
        "statusDetails" : "API Action [performRequest] failed. With the following test data [Request Type: \"GET\" | Target Status Code: \"200\" | Service URL: \"https://jsonplaceholder.typicode.com/users\" | Content Type: \"*/*\" | Response Time: \"676ms\"].",
        "time" : {
          "start" : 1619116456354,
          "stop" : 1619116458622,
          "duration" : 2268
        }
      }, {
        "uid" : "cc0a9c319ff9ffb3",
        "reportUrl" : "https://MohabMohie.github.io/using_SHAFT_ENGINE/allure/289//#testresult/cc0a9c319ff9ffb3",
        "status" : "passed",
        "time" : {
          "start" : 1619094725209,
          "stop" : 1619094728417,
          "duration" : 3208
        }
      }, {
        "uid" : "1354839b7df951a6",
        "reportUrl" : "https://MohabMohie.github.io/using_SHAFT_ENGINE/allure/288//#testresult/1354839b7df951a6",
        "status" : "passed",
        "time" : {
          "start" : 1619072896316,
          "stop" : 1619072901166,
          "duration" : 4850
        }
      }, {
        "uid" : "16de7018bd0994b6",
        "reportUrl" : "https://MohabMohie.github.io/using_SHAFT_ENGINE/allure/287//#testresult/16de7018bd0994b6",
        "status" : "passed",
        "time" : {
          "start" : 1619051387840,
          "stop" : 1619051392346,
          "duration" : 4506
        }
      }, {
        "uid" : "93b00bc99acd6dd8",
        "reportUrl" : "https://MohabMohie.github.io/using_SHAFT_ENGINE/allure/286//#testresult/93b00bc99acd6dd8",
        "status" : "passed",
        "time" : {
          "start" : 1619029749912,
          "stop" : 1619029754445,
          "duration" : 4533
        }
      }, {
        "uid" : "7feda577e5698e3f",
        "reportUrl" : "https://MohabMohie.github.io/using_SHAFT_ENGINE/allure/285//#testresult/7feda577e5698e3f",
        "status" : "passed",
        "time" : {
          "start" : 1619008130122,
          "stop" : 1619008135077,
          "duration" : 4955
        }
      }, {
        "uid" : "5c1bf4998bf6d5f1",
        "reportUrl" : "https://MohabMohie.github.io/using_SHAFT_ENGINE/allure/284//#testresult/5c1bf4998bf6d5f1",
        "status" : "passed",
        "time" : {
          "start" : 1618986589828,
          "stop" : 1618986594420,
          "duration" : 4592
        }
      }, {
        "uid" : "247080dd5272ed6b",
        "reportUrl" : "https://MohabMohie.github.io/using_SHAFT_ENGINE/allure/283//#testresult/247080dd5272ed6b",
        "status" : "passed",
        "time" : {
          "start" : 1618964973964,
          "stop" : 1618964978540,
          "duration" : 4576
        }
      }, {
        "uid" : "22d2433bbf72c9ec",
        "reportUrl" : "https://MohabMohie.github.io/using_SHAFT_ENGINE/allure/282//#testresult/22d2433bbf72c9ec",
        "status" : "passed",
        "time" : {
          "start" : 1618943336557,
          "stop" : 1618943341672,
          "duration" : 5115
        }
      }, {
        "uid" : "fcd45110899250d2",
        "reportUrl" : "https://MohabMohie.github.io/using_SHAFT_ENGINE/allure/281//#testresult/fcd45110899250d2",
        "status" : "passed",
        "time" : {
          "start" : 1618921725618,
          "stop" : 1618921730590,
          "duration" : 4972
        }
      }, {
        "uid" : "8d0dc6fc15b33744",
        "reportUrl" : "https://MohabMohie.github.io/using_SHAFT_ENGINE/allure/280//#testresult/8d0dc6fc15b33744",
        "status" : "passed",
        "time" : {
          "start" : 1618900161159,
          "stop" : 1618900165458,
          "duration" : 4299
        }
      }, {
        "uid" : "c5fbba5b046466b4",
        "reportUrl" : "https://MohabMohie.github.io/using_SHAFT_ENGINE/allure/279//#testresult/c5fbba5b046466b4",
        "status" : "passed",
        "time" : {
          "start" : 1618878714441,
          "stop" : 1618878718285,
          "duration" : 3844
        }
      }, {
        "uid" : "fc5e4260f22b1351",
        "reportUrl" : "https://MohabMohie.github.io/using_SHAFT_ENGINE/allure/278//#testresult/fc5e4260f22b1351",
        "status" : "passed",
        "time" : {
          "start" : 1618857071262,
          "stop" : 1618857077150,
          "duration" : 5888
        }
      }, {
        "uid" : "2eda7d94138f438f",
        "reportUrl" : "https://MohabMohie.github.io/using_SHAFT_ENGINE/allure/277//#testresult/2eda7d94138f438f",
        "status" : "passed",
        "time" : {
          "start" : 1618835319087,
          "stop" : 1618835323462,
          "duration" : 4375
        }
      }, {
        "uid" : "7663ee096a1a2635",
        "reportUrl" : "https://MohabMohie.github.io/using_SHAFT_ENGINE/allure/276//#testresult/7663ee096a1a2635",
        "status" : "passed",
        "time" : {
          "start" : 1618813706447,
          "stop" : 1618813711422,
          "duration" : 4975
        }
      }, {
        "uid" : "31e8339eccb8ea5c",
        "reportUrl" : "https://MohabMohie.github.io/using_SHAFT_ENGINE/allure/275//#testresult/31e8339eccb8ea5c",
        "status" : "passed",
        "time" : {
          "start" : 1618792170968,
          "stop" : 1618792174999,
          "duration" : 4031
        }
      }, {
        "uid" : "e6fa136ec89ecf3d",
        "reportUrl" : "https://MohabMohie.github.io/using_SHAFT_ENGINE/allure/274//#testresult/e6fa136ec89ecf3d",
        "status" : "passed",
        "time" : {
          "start" : 1618770584546,
          "stop" : 1618770589285,
          "duration" : 4739
        }
      }, {
        "uid" : "9b753e445f86cfa5",
        "reportUrl" : "https://MohabMohie.github.io/using_SHAFT_ENGINE/allure/273//#testresult/9b753e445f86cfa5",
        "status" : "passed",
        "time" : {
          "start" : 1618748913037,
          "stop" : 1618748917786,
          "duration" : 4749
        }
      } ]
    },
    "tags" : [ ]
  },
  "source" : "ef03980b1c60b7b1.json",
  "parameterValues" : [ ]
}