################################################################################################################################################
Detected SHAFT Engine Version: [SHAFT Engine v5.1]
################################################################################################################################################

################################################################################################################################################
Starting Execution:	[1 out of 23] test cases in the current suite
Test Method:		[tests.api.users.UserData.validateUserEmail]
################################################################################################################################################
[ReportManager] Response status code: [200], status line: [HTTP/1.1 200 OK] @18-02-2021 12:45:28.0096 PM
[ReportManager] Evaluating the actual response status code against the expected one...... @18-02-2021 12:45:28.0103 PM
[ReportManager] AssertEquals PASSED; Expected [200] and Actual [200]. Comparison Type [EQUALS]. Validation Type [POSITIVE]. @18-02-2021 12:45:28.0107 PM
[ReportManager] API Action [performRequest] successfully performed. With the following test data [Request Type: "GET" | Target Status Code: "200" | Service URL: "https://jsonplaceholder.typicode.com/users" | Content Type: "*/*" | Response Time: "771ms"]. @18-02-2021 12:45:29.0150 PM
[ReportManager] Successfully created attachment [API Response - JSON Body] @18-02-2021 12:45:29.0396 PM
[ReportManager] AssertEquals PASSED; Expected and Actual values are attached. Comparison Type [CONTAINS]. Validation Type [POSITIVE]. @18-02-2021 12:45:29.0401 PM
[ReportManager] Successfully created attachment [Validation Test Data - Expected Value] @18-02-2021 12:45:29.0402 PM
[ReportManager] Successfully created attachment [Validation Test Data - Actual Value] @18-02-2021 12:45:29.0403 PM
[ReportManager] API Action [getResponseJSONValueAsList] successfully performed. With the following test data [$]. @18-02-2021 12:45:29.0426 PM
[ReportManager] API Action [getResponseJSONValue] successfully performed. With the following test data [name]. @18-02-2021 12:45:29.0466 PM
[ReportManager] API Action [getResponseJSONValue] successfully performed. With the following test data [email]. @18-02-2021 12:45:29.0489 PM
[ReportManager] AssertEquals PASSED; Expected [Sincere@april.biz] and Actual [Sincere@april.biz]. Comparison Type [EQUALS]. Validation Type [POSITIVE]. @18-02-2021 12:45:29.0490 PM
[ReportManager] API Action [getResponseJSONValue] successfully performed. With the following test data [name]. @18-02-2021 12:45:29.0511 PM
[ReportManager] API Action [getResponseJSONValue] successfully performed. With the following test data [name]. @18-02-2021 12:45:29.0531 PM
[ReportManager] API Action [getResponseJSONValue] successfully performed. With the following test data [name]. @18-02-2021 12:45:29.0550 PM
[ReportManager] API Action [getResponseJSONValue] successfully performed. With the following test data [name]. @18-02-2021 12:45:29.0566 PM
[ReportManager] API Action [getResponseJSONValue] successfully performed. With the following test data [name]. @18-02-2021 12:45:29.0586 PM
[ReportManager] API Action [getResponseJSONValue] successfully performed. With the following test data [name]. @18-02-2021 12:45:29.0602 PM
[ReportManager] API Action [getResponseJSONValue] successfully performed. With the following test data [name]. @18-02-2021 12:45:29.0618 PM
[ReportManager] API Action [getResponseJSONValue] successfully performed. With the following test data [name]. @18-02-2021 12:45:29.0638 PM
[ReportManager] API Action [getResponseJSONValue] successfully performed. With the following test data [name]. @18-02-2021 12:45:29.0653 P
[ReportManager] File Action [getAbsolutePath] successfully performed. With the following test data [Relative Folder Path: "target/downloadedFiles/"]. @18-02-2021 12:45:29.0803 PM
[ReportManager] Attempting to run remotely on: [Linux-64], [GoogleChrome], [http://localhost:4444/wd/hub], Headless Execution. @18-02-2021 12:45:29.0836 PM
[ReportManager] Successfully Opened [GoogleChrome]. @18-02-2021 12:45:31.0221 PM
[ReportManager] Target URL: [https://www.google.com/ncr], and after redirection: [https://www.google.com] @18-02-2021 12:45:31.0273 PM
[ReportManager] Initial URL: [data:,] @18-02-2021 12:45:31.0380 PM
[ReportManager] Browser Action [navigateToURL] successfully performed. With the following test data [https://www.google.com/ncr]. @18-02-2021 12:45:32.0715 P

################################################################################################################################################
Starting Execution:	[2 out of 23] test cases in the current suite
Test Method:		[tests.gui.google.C_Search_PageObjectModel_Traditional.navigateToGoogleHomeAndAssertGoogleLogoIsDisplayed]
################################################################################################################################################
[ReportManager] Element Action [identifyUniqueElement] failed. With the following test data [zero elements found matching this locator "By.xpath: //img[@id='hplogo' or @alt='Google']".]. @18-02-2021 12:45:33.0186 PM
[ReportManager] Successfully created attachment [Screenshot - 1613652332908_navigateToGoogleHomeAndAssertGoogleLogoIsDisplayed_identifyUniqueElement_failed] @18-02-2021 12:45:33.0194 P
[ReportManager] Successfully created attachment [Selenium WebDriver Logs - server] @18-02-2021 12:45:33.0336 PM
[ReportManager] Successfully created attachment [Selenium WebDriver Logs - performance] @18-02-2021 12:45:33.0389 PM
[ReportManager] Successfully created attachment [Selenium WebDriver Logs - driver] @18-02-2021 12:45:33.0530 PM
[ReportManager] Browser Action [closeCurrentWindow] successfully performed. @18-02-2021 12:45:33.0592 PM
[ReportManager] Successfully created attachment [Browser Action Test Data - closeCurrentWindow - Actual Value] @18-02-2021 12:45:33.0598 P
[ReportManager] File Action [getAbsolutePath] successfully performed. With the following test data [Relative Folder Path: "target/downloadedFiles/"]. @18-02-2021 12:45:33.0616 PM
[ReportManager] Attempting to run remotely on: [Linux-64], [GoogleChrome], [http://localhost:4444/wd/hub], Headless Execution. @18-02-2021 12:45:33.0616 PM
[ReportManager] Successfully Opened [GoogleChrome]. @18-02-2021 12:45:34.0192 PM
[ReportManager] Target URL: [https://www.google.com/ncr], and after redirection: [https://www.google.com] @18-02-2021 12:45:34.0228 PM
[ReportManager] Initial URL: [data:,] @18-02-2021 12:45:34.0309 PM
[ReportManager] Browser Action [navigateToURL] successfully performed. With the following test data [https://www.google.com/ncr]. @18-02-2021 12:45:35.0345 P

################################################################################################################################################
Starting Execution:	[3 out of 23] test cases in the current suite
Test Method:		[tests.gui.google.C_Search_PageObjectModel_Traditional.navigateToGoogleHomeAndAssertPageTitle]
################################################################################################################################################
[ReportManager] Browser Action [getCurrentWindowTitle] successfully performed. With the following test data [Google]. @18-02-2021 12:45:35.0402 PM
[ReportManager] Asserting that the page title is Google... @18-02-2021 12:45:35.0403 PM
[ReportManager] AssertEquals PASSED; Expected [Google] and Actual [Google]. Comparison Type [EQUALS]. Validation Type [POSITIVE]. @18-02-2021 12:45:35.0404 P
[ReportManager] Successfully created attachment [Selenium WebDriver Logs - server] @18-02-2021 12:45:35.0533 PM
[ReportManager] Successfully created attachment [Selenium WebDriver Logs - performance] @18-02-2021 12:45:35.0580 PM
[ReportManager] Successfully created attachment [Selenium WebDriver Logs - driver] @18-02-2021 12:45:35.0684 PM
[ReportManager] Browser Action [closeCurrentWindow] successfully performed. @18-02-2021 12:45:35.0746 PM
[ReportManager] Successfully created attachment [Browser Action Test Data - closeCurrentWindow - Actual Value] @18-02-2021 12:45:35.0747 P
[ReportManager] File Action [getAbsolutePath] successfully performed. With the following test data [Relative Folder Path: "target/downloadedFiles/"]. @18-02-2021 12:45:35.0759 PM
[ReportManager] Attempting to run remotely on: [Linux-64], [GoogleChrome], [http://localhost:4444/wd/hub], Headless Execution. @18-02-2021 12:45:35.0760 PM
[ReportManager] Successfully Opened [GoogleChrome]. @18-02-2021 12:45:36.0331 PM
[ReportManager] Target URL: [https://www.google.com/ncr], and after redirection: [https://www.google.com] @18-02-2021 12:45:36.0359 PM
[ReportManager] Initial URL: [data:,] @18-02-2021 12:45:36.0421 PM
[ReportManager] Browser Action [navigateToURL] successfully performed. With the following test data [https://www.google.com/ncr]. @18-02-2021 12:45:37.0419 P

################################################################################################################################################
Starting Execution:	[4 out of 23] test cases in the current suite
Test Method:		[tests.gui.google.C_Search_PageObjectModel_Traditional.searchForQueryAndAssertFirstResultTextIsCorrect]
################################################################################################################################################
[ReportManager] Element Action [type] successfully performed. With the following test data [SHAFT_Engine]. @18-02-2021 12:45:38.0115 PM
[ReportManager] Element Action [keyPress] successfully performed. With the following test data [ENTER]. @18-02-2021 12:45:39.0451 PM
[ReportManager] Element Action [getText] successfully performed. With the following test data [MohabMohie/SHAFT_ENGINE: SHAFT_ENGINE is a ... - GitHub]. @18-02-2021 12:45:39.0919 PM
[ReportManager] Asserting that the correct first result is displayed... @18-02-2021 12:45:39.0920 PM
[ReportManager] AssertEquals PASSED; Expected [MohabMohie] and Actual [MohabMohie/SHAFT_ENGINE: SHAFT_ENGINE is a ... - GitHub]. Comparison Type [CONTAINS]. Validation Type [POSITIVE]. @18-02-2021 12:45:39.0920 P
[ReportManager] Successfully created attachment [Selenium WebDriver Logs - server] @18-02-2021 12:45:40.0163 PM
[ReportManager] Successfully created attachment [Selenium WebDriver Logs - performance] @18-02-2021 12:45:40.0350 PM
[ReportManager] Successfully created attachment [Selenium WebDriver Logs - driver] @18-02-2021 12:45:40.0661 PM
[ReportManager] Browser Action [closeCurrentWindow] successfully performed. @18-02-2021 12:45:40.0728 PM
[ReportManager] Successfully created attachment [Browser Action Test Data - closeCurrentWindow - Actual Value] @18-02-2021 12:45:40.0732 P
[ReportManager] Successfully loaded the following test data file [src/test/resources/TestDataFiles/Google/SimpleSearch.xlsx]. @18-02-2021 12:45:41.0564 PM
[ReportManager] Successfully created attachment [Test Data - Excel] @18-02-2021 12:45:41.0565 P
[ReportManager] File Action [getAbsolutePath] successfully performed. With the following test data [Relative Folder Path: "target/downloadedFiles/"]. @18-02-2021 12:45:41.0568 PM
[ReportManager] Attempting to run remotely on: [Linux-64], [GoogleChrome], [http://localhost:4444/wd/hub], Headless Execution. @18-02-2021 12:45:41.0568 PM
[ReportManager] Successfully Opened [GoogleChrome]. @18-02-2021 12:45:42.0289 PM
[ReportManager] Target URL: [https://www.google.com/ncr], and after redirection: [https://www.google.com] @18-02-2021 12:45:42.0334 PM
[ReportManager] Initial URL: [data:,] @18-02-2021 12:45:42.0398 PM
[ReportManager] Browser Action [navigateToURL] successfully performed. With the following test data [https://www.google.com/ncr]. @18-02-2021 12:45:43.0475 P

################################################################################################################################################
Starting Execution:	[5 out of 23] test cases in the current suite
Test Method:		[tests.gui.google.F_Search_PageObjectModel_Fluent.navigateToGoogleHomeAndAssertGoogleLogoIsDisplayed]
################################################################################################################################################
[ReportManager] Asserting that the Google logo is displayed... @18-02-2021 12:45:43.0511 PM
[ReportManager] File Action [doesFileExist] successfully performed. With the following test data [File Path: "src/test/resources/DynamicObjectRepository/tests_gui_google_F_Search_PageObjectModel_Fluent_navigateToGoogleHomeAndAssertGoogleLogoIsDisplayed_By_xpath_img_id_hplogo_or_alt_Google.png"]. @18-02-2021 12:45:43.0521 PM
[ReportManager] File Action [getAbsolutePath] successfully performed. With the following test data [Relative Folder Path: "src/test/resources/DynamicObjectRepository/tests_gui_google_F_Search_PageObjectModel_Fluent_navigateToGoogleHomeAndAssertGoogleLogoIsDisplayed_By_xpath_img_id_hplogo_or_alt_Google.png"]. @18-02-2021 12:45:43.0522 PM
[ReportManager] File Action [readFromImageFile] successfully performed. With the following test data [File Path: "/home/runner/work/using_SHAFT_ENGINE/using_SHAFT_ENGINE/src/test/resources/DynamicObjectRepository/tests_gui_google_F_Search_PageObjectModel_Fluent_navigateToGoogleHomeAndAssertGoogleLogoIsDisplayed_By_xpath_img_id_hplogo_or_alt_Google.png"]. @18-02-2021 12:45:43.0522 PM
[ReportManager] AssertElementMatches FAILED; Expected [Element should match the reference screenshot] and Actual [ELEMENT NOT FOUND]. Comparison Type [EXACT_OPENCV]. Validation Type [POSITIVE]. @18-02-2021 12:45:43.0953 PM
[ReportManager] Successfully created attachment [Validation Test Data - Reference Screenshot] @18-02-2021 12:45:43.0953 PM
[ReportManager] Successfully created attachment [Validation Test Data - Actual Screenshot] @18-02-2021 12:45:43.0954 P
[ReportManager] Successfully created attachment [Selenium WebDriver Logs - server] @18-02-2021 12:45:44.0082 PM
[ReportManager] Successfully created attachment [Selenium WebDriver Logs - performance] @18-02-2021 12:45:44.0127 PM
[ReportManager] Successfully created attachment [Selenium WebDriver Logs - driver] @18-02-2021 12:45:44.0244 PM
[ReportManager] Browser Action [closeCurrentWindow] successfully performed. @18-02-2021 12:45:44.0302 PM
[ReportManager] Successfully created attachment [Browser Action Test Data - closeCurrentWindow - Actual Value] @18-02-2021 12:45:44.0303 P
[ReportManager] File Action [getAbsolutePath] successfully performed. With the following test data [Relative Folder Path: "target/downloadedFiles/"]. @18-02-2021 12:45:44.0309 PM
[ReportManager] Attempting to run remotely on: [Linux-64], [GoogleChrome], [http://localhost:4444/wd/hub], Headless Execution. @18-02-2021 12:45:44.0310 PM
[ReportManager] Successfully Opened [GoogleChrome]. @18-02-2021 12:45:44.0580 PM
[ReportManager] Target URL: [https://www.google.com/ncr], and after redirection: [https://www.google.com] @18-02-2021 12:45:44.0603 PM
[ReportManager] Initial URL: [data:,] @18-02-2021 12:45:44.0679 PM
[ReportManager] Browser Action [navigateToURL] successfully performed. With the following test data [https://www.google.com/ncr]. @18-02-2021 12:45:45.0612 P

################################################################################################################################################
Starting Execution:	[6 out of 23] test cases in the current suite
Test Method:		[tests.gui.google.F_Search_PageObjectModel_Fluent.navigateToGoogleHomeAndAssertPageTitle]
################################################################################################################################################
[ReportManager] Asserting that the page title is Google... @18-02-2021 12:45:45.0614 PM
[ReportManager] Browser Action [getCurrentWindowTitle] successfully performed. With the following test data [Google]. @18-02-2021 12:45:45.0655 PM
[ReportManager] AssertBrowserAttribute PASSED; Expected [Value Should be 'Google' for the 'Title' attribute] and Actual [Google]. Comparison Type [EQUALS]. Validation Type [POSITIVE]. @18-02-2021 12:45:45.0656 P
[ReportManager] Successfully created attachment [Selenium WebDriver Logs - server] @18-02-2021 12:45:45.0757 PM
[ReportManager] Successfully created attachment [Selenium WebDriver Logs - performance] @18-02-2021 12:45:45.0850 PM
[ReportManager] Successfully created attachment [Selenium WebDriver Logs - driver] @18-02-2021 12:45:45.0945 PM
[ReportManager] Browser Action [closeCurrentWindow] successfully performed. @18-02-2021 12:45:46.0009 PM
[ReportManager] Successfully created attachment [Browser Action Test Data - closeCurrentWindow - Actual Value] @18-02-2021 12:45:46.0010 P
[ReportManager] File Action [getAbsolutePath] successfully performed. With the following test data [Relative Folder Path: "target/downloadedFiles/"]. @18-02-2021 12:45:46.0019 PM
[ReportManager] Attempting to run remotely on: [Linux-64], [GoogleChrome], [http://localhost:4444/wd/hub], Headless Execution. @18-02-2021 12:45:46.0019 PM
[ReportManager] Successfully Opened [GoogleChrome]. @18-02-2021 12:45:46.0276 PM
[ReportManager] Target URL: [https://www.google.com/ncr], and after redirection: [https://www.google.com] @18-02-2021 12:45:46.0291 PM
[ReportManager] Initial URL: [data:,] @18-02-2021 12:45:46.0362 PM
[ReportManager] Browser Action [navigateToURL] successfully performed. With the following test data [https://www.google.com/ncr]. @18-02-2021 12:45:47.0363 P

################################################################################################################################################
Starting Execution:	[7 out of 23] test cases in the current suite
Test Method:		[tests.gui.google.F_Search_PageObjectModel_Fluent.searchForQueryAndAssertFirstResultTextIsCorrect]
################################################################################################################################################
[ReportManager] Element Action [type] successfully performed. With the following test data [SHAFT_Engine]. @18-02-2021 12:45:48.0082 PM
[ReportManager] Element Action [keyPress] successfully performed. With the following test data [ENTER]. @18-02-2021 12:45:48.0945 PM
[ReportManager] Asserting that the correct first result is displayed... @18-02-2021 12:45:48.0947 PM
[ReportManager] Element Action [getText] successfully performed. With the following test data [MohabMohie/SHAFT_ENGINE: SHAFT_ENGINE is a ... - GitHub]. @18-02-2021 12:45:49.0299 PM
[ReportManager] Loaded Shared OpenCV @18-02-2021 12:45:50.0138 PM
[ReportManager] AssertElementAttribute PASSED; Expected [Value Should be 'MohabMohie' for the 'Text' attribute, element locator 'By.xpath: (//h1[contains(text(),'Search Result')]/following-sibling::div//a/h3)[1]'] and Actual [MohabMohie/SHAFT_ENGINE: SHAFT_ENGINE is a ... - GitHub]. Comparison Type [CONTAINS]. Validation Type [POSITIVE]. @18-02-2021 12:45:50.0278 PM
[ReportManager] Successfully created attachment [Screenshot - 1613652349614_searchForQueryAndAssertFirstResultTextIsCorrect_AssertElementAttribute_passed] @18-02-2021 12:45:50.0286 P
[ReportManager] Successfully created attachment [Selenium WebDriver Logs - server] @18-02-2021 12:45:50.0493 PM
[ReportManager] Successfully created attachment [Selenium WebDriver Logs - performance] @18-02-2021 12:45:50.0679 PM
[ReportManager] Successfully created attachment [Selenium WebDriver Logs - driver] @18-02-2021 12:45:50.0956 PM
[ReportManager] Browser Action [closeCurrentWindow] successfully performed. @18-02-2021 12:45:51.0021 PM
[ReportManager] Successfully created attachment [Browser Action Test Data - closeCurrentWindow - Actual Value] @18-02-2021 12:45:51.0024 P
[ReportManager] Successfully loaded the following test data file [src/test/resources/TestDataFiles/Google/SimpleSearch.xlsx]. @18-02-2021 12:45:51.0068 PM
[ReportManager] Successfully created attachment [Test Data - Excel] @18-02-2021 12:45:51.0069 P
[ReportManager] File Action [getAbsolutePath] successfully performed. With the following test data [Relative Folder Path: "target/downloadedFiles/"]. @18-02-2021 12:45:51.0073 PM
[ReportManager] Attempting to run remotely on: [Linux-64], [GoogleChrome], [http://localhost:4444/wd/hub], Headless Execution. @18-02-2021 12:45:51.0073 PM
[ReportManager] Successfully Opened [GoogleChrome]. @18-02-2021 12:45:51.0361 PM
[ReportManager] Target URL: [https://www.google.com/ncr], and after redirection: [https://www.google.com] @18-02-2021 12:45:51.0378 PM
[ReportManager] Initial URL: [data:,] @18-02-2021 12:45:51.0435 PM
[ReportManager] Browser Action [navigateToURL] successfully performed. With the following test data [https://www.google.com/ncr]. @18-02-2021 12:45:52.0406 P

################################################################################################################################################
Starting Execution:	[8 out of 23] test cases in the current suite
Test Method:		[tests.gui.google.D_Search_PageObjectModel_Traditional_DataDriven.navigateToGoogleHomeAndAssertGoogleLogoIsDisplayed]
################################################################################################################################################
[ReportManager] Element Action [identifyUniqueElement] failed. With the following test data [zero elements found matching this locator "By.xpath: //img[@id='hplogo' or @alt='Google']".]. @18-02-2021 12:45:52.0645 PM
[ReportManager] Successfully created attachment [Screenshot - 1613652352569_navigateToGoogleHomeAndAssertGoogleLogoIsDisplayed_identifyUniqueElement_failed] @18-02-2021 12:45:52.0647 P
[ReportManager] Successfully created attachment [Selenium WebDriver Logs - server] @18-02-2021 12:45:52.0732 PM
[ReportManager] Successfully created attachment [Selenium WebDriver Logs - performance] @18-02-2021 12:45:52.0777 PM
[ReportManager] Successfully created attachment [Selenium WebDriver Logs - driver] @18-02-2021 12:45:52.0864 PM
[ReportManager] Browser Action [closeCurrentWindow] successfully performed. @18-02-2021 12:45:52.0923 PM
[ReportManager] Successfully created attachment [Browser Action Test Data - closeCurrentWindow - Actual Value] @18-02-2021 12:45:52.0924 P
[ReportManager] File Action [getAbsolutePath] successfully performed. With the following test data [Relative Folder Path: "target/downloadedFiles/"]. @18-02-2021 12:45:52.0927 PM
[ReportManager] Attempting to run remotely on: [Linux-64], [GoogleChrome], [http://localhost:4444/wd/hub], Headless Execution. @18-02-2021 12:45:52.0928 PM
[ReportManager] Successfully Opened [GoogleChrome]. @18-02-2021 12:45:53.0186 PM
[ReportManager] Target URL: [https://www.google.com/ncr], and after redirection: [https://www.google.com] @18-02-2021 12:45:53.0208 PM
[ReportManager] Initial URL: [data:,] @18-02-2021 12:45:53.0270 PM
[ReportManager] Browser Action [navigateToURL] successfully performed. With the following test data [https://www.google.com/ncr]. @18-02-2021 12:45:54.0237 P

################################################################################################################################################
Starting Execution:	[9 out of 23] test cases in the current suite
Test Method:		[tests.gui.google.D_Search_PageObjectModel_Traditional_DataDriven.navigateToGoogleHomeAndAssertPageTitle]
################################################################################################################################################
[ReportManager] Browser Action [getCurrentWindowTitle] successfully performed. With the following test data [Google]. @18-02-2021 12:45:54.0283 PM
[ReportManager] Asserting that the page title is Google... @18-02-2021 12:45:54.0283 PM
[ReportManager] AssertEquals PASSED; Expected [Google] and Actual [Google]. Comparison Type [EQUALS]. Validation Type [POSITIVE]. @18-02-2021 12:45:54.0284 P
[ReportManager] Successfully created attachment [Selenium WebDriver Logs - server] @18-02-2021 12:45:54.0383 PM
[ReportManager] Successfully created attachment [Selenium WebDriver Logs - performance] @18-02-2021 12:45:54.0423 PM
[ReportManager] Successfully created attachment [Selenium WebDriver Logs - driver] @18-02-2021 12:45:54.0500 PM
[ReportManager] Browser Action [closeCurrentWindow] successfully performed. @18-02-2021 12:45:54.0560 PM
[ReportManager] Successfully created attachment [Browser Action Test Data - closeCurrentWindow - Actual Value] @18-02-2021 12:45:54.0561 P
[ReportManager] File Action [getAbsolutePath] successfully performed. With the following test data [Relative Folder Path: "target/downloadedFiles/"]. @18-02-2021 12:45:54.0566 PM
[ReportManager] Attempting to run remotely on: [Linux-64], [GoogleChrome], [http://localhost:4444/wd/hub], Headless Execution. @18-02-2021 12:45:54.0566 PM
[ReportManager] Successfully Opened [GoogleChrome]. @18-02-2021 12:45:54.0802 PM
[ReportManager] Target URL: [https://www.google.com/ncr], and after redirection: [https://www.google.com] @18-02-2021 12:45:54.0820 PM
[ReportManager] Initial URL: [data:,] @18-02-2021 12:45:54.0889 PM
[ReportManager] Browser Action [navigateToURL] successfully performed. With the following test data [https://www.google.com/ncr]. @18-02-2021 12:45:55.0858 P

################################################################################################################################################
Starting Execution:	[10 out of 23] test cases in the current suite
Test Method:		[tests.gui.google.D_Search_PageObjectModel_Traditional_DataDriven.searchForQueryAndAssertFirstResultTextIsCorrect]
################################################################################################################################################
[ReportManager] Element Action [type] successfully performed. With the following test data [SHAFT_Engine]. @18-02-2021 12:45:56.0612 PM
[ReportManager] Element Action [keyPress] successfully performed. With the following test data [ENTER]. @18-02-2021 12:45:57.0581 PM
[ReportManager] Element Action [getText] successfully performed. With the following test data [MohabMohie/SHAFT_ENGINE: SHAFT_ENGINE is a ... - GitHub]. @18-02-2021 12:45:58.0029 PM
[ReportManager] Asserting that the correct first result is displayed... @18-02-2021 12:45:58.0029 PM
[ReportManager] AssertEquals PASSED; Expected [MohabMohie] and Actual [MohabMohie/SHAFT_ENGINE: SHAFT_ENGINE is a ... - GitHub]. Comparison Type [CONTAINS]. Validation Type [POSITIVE]. @18-02-2021 12:45:58.0030 P
[ReportManager] Successfully created attachment [Selenium WebDriver Logs - server] @18-02-2021 12:45:58.0228 PM
[ReportManager] Successfully created attachment [Selenium WebDriver Logs - performance] @18-02-2021 12:45:58.0420 PM
[ReportManager] Successfully created attachment [Selenium WebDriver Logs - driver] @18-02-2021 12:45:58.0684 PM
[ReportManager] Browser Action [closeCurrentWindow] successfully performed. @18-02-2021 12:45:58.0743 PM
[ReportManager] Successfully created attachment [Browser Action Test Data - closeCurrentWindow - Actual Value] @18-02-2021 12:45:58.0747 P
[ReportManager] Successfully loaded the following test data file [src/test/resources/TestDataFiles/Google/SimpleSearch.xlsx]. @18-02-2021 12:45:58.0774 PM
[ReportManager] Successfully created attachment [Test Data - Excel] @18-02-2021 12:45:58.0774 P
[ReportManager] File Action [getAbsolutePath] successfully performed. With the following test data [Relative Folder Path: "target/downloadedFiles/"]. @18-02-2021 12:45:58.0775 PM
[ReportManager] Attempting to run remotely on: [Linux-64], [GoogleChrome], [http://localhost:4444/wd/hub], Headless Execution. @18-02-2021 12:45:58.0775 PM
[ReportManager] Successfully Opened [GoogleChrome]. @18-02-2021 12:45:59.0013 PM
[ReportManager] Target URL: [https://www.google.com/ncr], and after redirection: [https://www.google.com] @18-02-2021 12:45:59.0030 PM
[ReportManager] Initial URL: [data:,] @18-02-2021 12:45:59.0079 PM
[ReportManager] Browser Action [navigateToURL] successfully performed. With the following test data [https://www.google.com/ncr]. @18-02-2021 12:46:00.0114 P

################################################################################################################################################
Starting Execution:	[11 out of 23] test cases in the current suite
Test Method:		[tests.gui.google.E_Search_PageObjectModel_Traditional_SHAFTAssertions.navigateToGoogleHomeAndAssertGoogleLogoIsDisplayed]
################################################################################################################################################
[ReportManager] Asserting that the Google logo is displayed... @18-02-2021 12:46:00.0126 PM
[ReportManager] File Action [doesFileExist] successfully performed. With the following test data [File Path: "src/test/resources/DynamicObjectRepository/tests_gui_google_E_Search_PageObjectModel_Traditional_SHAFTAssertions_navigateToGoogleHomeAndAssertGoogleLogoIsDisplayed_By_xpath_img_id_hplogo_or_alt_Google.png"]. @18-02-2021 12:46:00.0128 PM
[ReportManager] File Action [getAbsolutePath] successfully performed. With the following test data [Relative Folder Path: "src/test/resources/DynamicObjectRepository/tests_gui_google_E_Search_PageObjectModel_Traditional_SHAFTAssertions_navigateToGoogleHomeAndAssertGoogleLogoIsDisplayed_By_xpath_img_id_hplogo_or_alt_Google.png"]. @18-02-2021 12:46:00.0128 PM
[ReportManager] File Action [readFromImageFile] successfully performed. With the following test data [File Path: "/home/runner/work/using_SHAFT_ENGINE/using_SHAFT_ENGINE/src/test/resources/DynamicObjectRepository/tests_gui_google_E_Search_PageObjectModel_Traditional_SHAFTAssertions_navigateToGoogleHomeAndAssertGoogleLogoIsDisplayed_By_xpath_img_id_hplogo_or_alt_Google.png"]. @18-02-2021 12:46:00.0128 PM
[ReportManager] AssertElementMatches FAILED; Expected [Element should match the reference screenshot] and Actual [ELEMENT NOT FOUND]. Comparison Type [EXACT_OPENCV]. Validation Type [POSITIVE]. @18-02-2021 12:46:00.0463 PM
[ReportManager] Successfully created attachment [Validation Test Data - Reference Screenshot] @18-02-2021 12:46:00.0464 PM
[ReportManager] Successfully created attachment [Validation Test Data - Actual Screenshot] @18-02-2021 12:46:00.0464 P
[ReportManager] Successfully created attachment [Selenium WebDriver Logs - server] @18-02-2021 12:46:00.0567 PM
[ReportManager] Successfully created attachment [Selenium WebDriver Logs - performance] @18-02-2021 12:46:00.0615 PM
[ReportManager] Successfully created attachment [Selenium WebDriver Logs - driver] @18-02-2021 12:46:00.0698 PM
[ReportManager] Browser Action [closeCurrentWindow] successfully performed. @18-02-2021 12:46:00.0756 PM
[ReportManager] Successfully created attachment [Browser Action Test Data - closeCurrentWindow - Actual Value] @18-02-2021 12:46:00.0758 P
[ReportManager] File Action [getAbsolutePath] successfully performed. With the following test data [Relative Folder Path: "target/downloadedFiles/"]. @18-02-2021 12:46:00.0761 PM
[ReportManager] Attempting to run remotely on: [Linux-64], [GoogleChrome], [http://localhost:4444/wd/hub], Headless Execution. @18-02-2021 12:46:00.0761 PM
[ReportManager] Successfully Opened [GoogleChrome]. @18-02-2021 12:46:01.0021 PM
[ReportManager] Target URL: [https://www.google.com/ncr], and after redirection: [https://www.google.com] @18-02-2021 12:46:01.0036 PM
[ReportManager] Initial URL: [data:,] @18-02-2021 12:46:01.0101 PM
[ReportManager] Browser Action [navigateToURL] successfully performed. With the following test data [https://www.google.com/ncr]. @18-02-2021 12:46:02.0126 P

################################################################################################################################################
Starting Execution:	[12 out of 23] test cases in the current suite
Test Method:		[tests.gui.google.E_Search_PageObjectModel_Traditional_SHAFTAssertions.navigateToGoogleHomeAndAssertPageTitle]
################################################################################################################################################
[ReportManager] Asserting that the page title is Google... @18-02-2021 12:46:02.0139 PM
[ReportManager] Browser Action [getCurrentWindowTitle] successfully performed. With the following test data [Google]. @18-02-2021 12:46:02.0185 PM
[ReportManager] AssertBrowserAttribute PASSED; Expected [Value Should be 'Google' for the 'Title' attribute] and Actual [Google]. Comparison Type [EQUALS]. Validation Type [POSITIVE]. @18-02-2021 12:46:02.0186 P
[ReportManager] Successfully created attachment [Selenium WebDriver Logs - server] @18-02-2021 12:46:02.0290 PM
[ReportManager] Successfully created attachment [Selenium WebDriver Logs - performance] @18-02-2021 12:46:02.0340 PM
[ReportManager] Successfully created attachment [Selenium WebDriver Logs - driver] @18-02-2021 12:46:02.0420 PM
[ReportManager] Browser Action [closeCurrentWindow] successfully performed. @18-02-2021 12:46:02.0478 PM
[ReportManager] Successfully created attachment [Browser Action Test Data - closeCurrentWindow - Actual Value] @18-02-2021 12:46:02.0480 P
[ReportManager] File Action [getAbsolutePath] successfully performed. With the following test data [Relative Folder Path: "target/downloadedFiles/"]. @18-02-2021 12:46:02.0484 PM
[ReportManager] Attempting to run remotely on: [Linux-64], [GoogleChrome], [http://localhost:4444/wd/hub], Headless Execution. @18-02-2021 12:46:02.0484 PM
[ReportManager] Successfully Opened [GoogleChrome]. @18-02-2021 12:46:02.0738 PM
[ReportManager] Target URL: [https://www.google.com/ncr], and after redirection: [https://www.google.com] @18-02-2021 12:46:02.0756 PM
[ReportManager] Initial URL: [data:,] @18-02-2021 12:46:02.0814 PM
[ReportManager] Browser Action [navigateToURL] successfully performed. With the following test data [https://www.google.com/ncr]. @18-02-2021 12:46:03.0815 P

################################################################################################################################################
Starting Execution:	[13 out of 23] test cases in the current suite
Test Method:		[tests.gui.google.E_Search_PageObjectModel_Traditional_SHAFTAssertions.searchForQueryAndAssertFirstResultTextIsCorrect]
################################################################################################################################################
[ReportManager] Element Action [type] successfully performed. With the following test data [SHAFT_Engine]. @18-02-2021 12:46:04.0491 PM
[ReportManager] Element Action [keyPress] successfully performed. With the following test data [ENTER]. @18-02-2021 12:46:05.0347 PM
[ReportManager] Asserting that the correct first result is displayed... @18-02-2021 12:46:05.0348 PM
[ReportManager] Element Action [getText] successfully performed. With the following test data [MohabMohie/SHAFT_ENGINE: SHAFT_ENGINE is a ... - GitHub]. @18-02-2021 12:46:05.0803 PM
[ReportManager] Loaded Shared OpenCV @18-02-2021 12:46:05.0959 PM
[ReportManager] AssertElementAttribute PASSED; Expected [Value Should be 'MohabMohie' for the 'Text' attribute, element locator 'By.xpath: (//h1[contains(text(),'Search Result')]/following-sibling::div//a/h3)[1]'] and Actual [MohabMohie/SHAFT_ENGINE: SHAFT_ENGINE is a ... - GitHub]. Comparison Type [CONTAINS]. Validation Type [POSITIVE]. @18-02-2021 12:46:06.0033 PM
[ReportManager] Successfully created attachment [Screenshot - 1613652365959_searchForQueryAndAssertFirstResultTextIsCorrect_AssertElementAttribute_passed] @18-02-2021 12:46:06.0035 P
[ReportManager] Successfully created attachment [Selenium WebDriver Logs - server] @18-02-2021 12:46:06.0225 PM
[ReportManager] Successfully created attachment [Selenium WebDriver Logs - performance] @18-02-2021 12:46:06.0397 PM
[ReportManager] Successfully created attachment [Selenium WebDriver Logs - driver] @18-02-2021 12:46:06.0636 PM
[ReportManager] Browser Action [closeCurrentWindow] successfully performed. @18-02-2021 12:46:06.0697 PM
[ReportManager] Successfully created attachment [Browser Action Test Data - closeCurrentWindow - Actual Value] @18-02-2021 12:46:06.0700 P



################################################################################################################################################
Starting Execution:	[14 out of 23] test cases in the current suite
Test Method:		[tests.gui.google.A_Search_FlatTest_NativeSeleniumWebDriver.navigateToGoogleHomeAndAssertGoogleLogoIsDisplayed]
###############################################################################################################################################



################################################################################################################################################
Starting Execution:	[15 out of 23] test cases in the current suite
Test Method:		[tests.gui.google.A_Search_FlatTest_NativeSeleniumWebDriver.navigateToGoogleHomeAndAssertPageTitle]
###############################################################################################################################################



################################################################################################################################################
Starting Execution:	[16 out of 23] test cases in the current suite
Test Method:		[tests.gui.google.A_Search_FlatTest_NativeSeleniumWebDriver.searchForQueryAndAssertFirstResultTextIsCorrect]
###############################################################################################################################################

[ReportManager] File Action [getAbsolutePath] successfully performed. With the following test data [Relative Folder Path: "target/downloadedFiles/"]. @18-02-2021 12:46:13.0580 PM
[ReportManager] Attempting to run remotely on: [Linux-64], [GoogleChrome], [http://localhost:4444/wd/hub], Headless Execution. @18-02-2021 12:46:13.0580 PM
[ReportManager] Successfully Opened [GoogleChrome]. @18-02-2021 12:46:13.0878 PM
[ReportManager] Target URL: [https://www.google.com/ncr], and after redirection: [https://www.google.com] @18-02-2021 12:46:13.0895 PM
[ReportManager] Initial URL: [data:,] @18-02-2021 12:46:13.0956 PM
[ReportManager] Browser Action [navigateToURL] successfully performed. With the following test data [https://www.google.com/ncr]. @18-02-2021 12:46:14.0887 P

################################################################################################################################################
Starting Execution:	[17 out of 23] test cases in the current suite
Test Method:		[tests.gui.google.B_Search_FlatTest_SHAFT.navigateToGoogleHomeAndAssertGoogleLogoIsDisplayed]
################################################################################################################################################
[ReportManager] Asserting that the Google logo is displayed... @18-02-2021 12:46:14.0891 PM
[ReportManager] File Action [doesFileExist] successfully performed. With the following test data [File Path: "src/test/resources/DynamicObjectRepository/tests_gui_google_B_Search_FlatTest_SHAFT_navigateToGoogleHomeAndAssertGoogleLogoIsDisplayed_By_xpath_img_id_hplogo_or_alt_Google.png"]. @18-02-2021 12:46:14.0893 PM
[ReportManager] File Action [getAbsolutePath] successfully performed. With the following test data [Relative Folder Path: "src/test/resources/DynamicObjectRepository/tests_gui_google_B_Search_FlatTest_SHAFT_navigateToGoogleHomeAndAssertGoogleLogoIsDisplayed_By_xpath_img_id_hplogo_or_alt_Google.png"]. @18-02-2021 12:46:14.0893 PM
[ReportManager] File Action [readFromImageFile] successfully performed. With the following test data [File Path: "/home/runner/work/using_SHAFT_ENGINE/using_SHAFT_ENGINE/src/test/resources/DynamicObjectRepository/tests_gui_google_B_Search_FlatTest_SHAFT_navigateToGoogleHomeAndAssertGoogleLogoIsDisplayed_By_xpath_img_id_hplogo_or_alt_Google.png"]. @18-02-2021 12:46:14.0893 PM
[ReportManager] AssertElementMatches FAILED; Expected [Element should match the reference screenshot] and Actual [ELEMENT NOT FOUND]. Comparison Type [EXACT_OPENCV]. Validation Type [POSITIVE]. @18-02-2021 12:46:15.0232 PM
[ReportManager] Successfully created attachment [Validation Test Data - Reference Screenshot] @18-02-2021 12:46:15.0233 PM
[ReportManager] Successfully created attachment [Validation Test Data - Actual Screenshot] @18-02-2021 12:46:15.0233 P
[ReportManager] Successfully created attachment [Selenium WebDriver Logs - server] @18-02-2021 12:46:15.0332 PM
[ReportManager] Successfully created attachment [Selenium WebDriver Logs - performance] @18-02-2021 12:46:15.0375 PM
[ReportManager] Successfully created attachment [Selenium WebDriver Logs - driver] @18-02-2021 12:46:15.0457 PM
[ReportManager] Browser Action [closeCurrentWindow] successfully performed. @18-02-2021 12:46:15.0515 PM
[ReportManager] Successfully created attachment [Browser Action Test Data - closeCurrentWindow - Actual Value] @18-02-2021 12:46:15.0517 P
[ReportManager] File Action [getAbsolutePath] successfully performed. With the following test data [Relative Folder Path: "target/downloadedFiles/"]. @18-02-2021 12:46:15.0519 PM
[ReportManager] Attempting to run remotely on: [Linux-64], [GoogleChrome], [http://localhost:4444/wd/hub], Headless Execution. @18-02-2021 12:46:15.0519 PM
[ReportManager] Successfully Opened [GoogleChrome]. @18-02-2021 12:46:15.0748 PM
[ReportManager] Target URL: [https://www.google.com/ncr], and after redirection: [https://www.google.com] @18-02-2021 12:46:15.0767 PM
[ReportManager] Initial URL: [data:,] @18-02-2021 12:46:15.0814 PM
[ReportManager] Browser Action [navigateToURL] successfully performed. With the following test data [https://www.google.com/ncr]. @18-02-2021 12:46:16.0784 P

################################################################################################################################################
Starting Execution:	[18 out of 23] test cases in the current suite
Test Method:		[tests.gui.google.B_Search_FlatTest_SHAFT.navigateToGoogleHomeAndAssertPageTitle]
################################################################################################################################################
[ReportManager] Asserting that the page title is Google... @18-02-2021 12:46:16.0791 PM
[ReportManager] Browser Action [getCurrentWindowTitle] successfully performed. With the following test data [Google]. @18-02-2021 12:46:16.0821 PM
[ReportManager] AssertBrowserAttribute PASSED; Expected [Value Should be 'Google' for the 'Title' attribute] and Actual [Google]. Comparison Type [EQUALS]. Validation Type [POSITIVE]. @18-02-2021 12:46:16.0821 P
[ReportManager] Successfully created attachment [Selenium WebDriver Logs - server] @18-02-2021 12:46:16.0909 PM
[ReportManager] Successfully created attachment [Selenium WebDriver Logs - performance] @18-02-2021 12:46:16.0953 PM
[ReportManager] Successfully created attachment [Selenium WebDriver Logs - driver] @18-02-2021 12:46:17.0032 PM
[ReportManager] Browser Action [closeCurrentWindow] successfully performed. @18-02-2021 12:46:17.0089 PM
[ReportManager] Successfully created attachment [Browser Action Test Data - closeCurrentWindow - Actual Value] @18-02-2021 12:46:17.0091 P
[ReportManager] File Action [getAbsolutePath] successfully performed. With the following test data [Relative Folder Path: "target/downloadedFiles/"]. @18-02-2021 12:46:17.0096 PM
[ReportManager] Attempting to run remotely on: [Linux-64], [GoogleChrome], [http://localhost:4444/wd/hub], Headless Execution. @18-02-2021 12:46:17.0096 PM
[ReportManager] Successfully Opened [GoogleChrome]. @18-02-2021 12:46:17.0386 PM
[ReportManager] Target URL: [https://www.google.com/ncr], and after redirection: [https://www.google.com] @18-02-2021 12:46:17.0398 PM
[ReportManager] Initial URL: [data:,] @18-02-2021 12:46:17.0457 PM
[ReportManager] Browser Action [navigateToURL] successfully performed. With the following test data [https://www.google.com/ncr]. @18-02-2021 12:46:18.0399 P

################################################################################################################################################
Starting Execution:	[19 out of 23] test cases in the current suite
Test Method:		[tests.gui.google.B_Search_FlatTest_SHAFT.searchForQueryAndAssertFirstResultTextIsCorrect]
################################################################################################################################################
[ReportManager] Element Action [type] successfully performed. With the following test data [SHAFT_Engine]. @18-02-2021 12:46:19.0102 PM
[ReportManager] Element Action [keyPress] successfully performed. With the following test data [ENTER]. @18-02-2021 12:46:20.0247 PM
[ReportManager] Asserting that the correct first result is displayed... @18-02-2021 12:46:20.0248 PM
[ReportManager] Element Action [getText] successfully performed. With the following test data [MohabMohie/SHAFT_ENGINE: SHAFT_ENGINE is a ... - GitHub]. @18-02-2021 12:46:20.0363 PM
[ReportManager] Loaded Shared OpenCV @18-02-2021 12:46:20.0923 PM
[ReportManager] AssertElementAttribute PASSED; Expected [Value Should be 'MohabMohie' for the 'Text' attribute, element locator 'By.xpath: (//h1[contains(text(),'Search Result')]/following-sibling::div//a/h3)[1]'] and Actual [MohabMohie/SHAFT_ENGINE: SHAFT_ENGINE is a ... - GitHub]. Comparison Type [CONTAINS]. Validation Type [POSITIVE]. @18-02-2021 12:46:20.0996 PM
[ReportManager] Successfully created attachment [Screenshot - 1613652380923_searchForQueryAndAssertFirstResultTextIsCorrect_AssertElementAttribute_passed] @18-02-2021 12:46:20.0998 P
[ReportManager] Successfully created attachment [Selenium WebDriver Logs - server] @18-02-2021 12:46:21.0181 PM
[ReportManager] Successfully created attachment [Selenium WebDriver Logs - performance] @18-02-2021 12:46:21.0372 PM
[ReportManager] Successfully created attachment [Selenium WebDriver Logs - driver] @18-02-2021 12:46:21.0661 PM
[ReportManager] Browser Action [closeCurrentWindow] successfully performed. @18-02-2021 12:46:21.0721 PM
[ReportManager] Successfully created attachment [Browser Action Test Data - closeCurrentWindow - Actual Value] @18-02-2021 12:46:21.0726 P
[ReportManager] Successfully loaded the following test data file [src/test/resources/TestDataFiles/Google/SimpleSearch.xlsx]. @18-02-2021 12:46:21.0830 PM
[ReportManager] Successfully created attachment [Test Data - Excel] @18-02-2021 12:46:21.0830 P
[ReportManager] File Action [getAbsolutePath] successfully performed. With the following test data [Relative Folder Path: "target/downloadedFiles/"]. @18-02-2021 12:46:21.0831 PM
[ReportManager] Attempting to run remotely on: [Linux-64], [GoogleChrome], [http://localhost:4444/wd/hub], Headless Execution. @18-02-2021 12:46:21.0831 PM
[ReportManager] Successfully Opened [GoogleChrome]. @18-02-2021 12:46:22.0116 PM
[ReportManager] Target URL: [https://www.google.com/ncr], and after redirection: [https://www.google.com] @18-02-2021 12:46:22.0157 PM
[ReportManager] Initial URL: [data:,] @18-02-2021 12:46:22.0213 PM
[ReportManager] Browser Action [navigateToURL] successfully performed. With the following test data [https://www.google.com/ncr]. @18-02-2021 12:46:23.0127 P

################################################################################################################################################
Starting Execution:	[20 out of 23] test cases in the current suite
Test Method:		[tests.gui.google.G_Search_PageObjectModel_ThreadSafe.navigateToGoogleHomeAndAssertGoogleLogoIsDisplayed]
################################################################################################################################################
[ReportManager] Asserting that the Google logo is displayed... @18-02-2021 12:46:23.0135 PM
[ReportManager] File Action [doesFileExist] successfully performed. With the following test data [File Path: "src/test/resources/DynamicObjectRepository/tests_gui_google_G_Search_PageObjectModel_ThreadSafe_navigateToGoogleHomeAndAssertGoogleLogoIsDisplayed_By_xpath_img_id_hplogo_or_alt_Google.png"]. @18-02-2021 12:46:23.0135 PM
[ReportManager] File Action [getAbsolutePath] successfully performed. With the following test data [Relative Folder Path: "src/test/resources/DynamicObjectRepository/tests_gui_google_G_Search_PageObjectModel_ThreadSafe_navigateToGoogleHomeAndAssertGoogleLogoIsDisplayed_By_xpath_img_id_hplogo_or_alt_Google.png"]. @18-02-2021 12:46:23.0136 PM
[ReportManager] File Action [readFromImageFile] successfully performed. With the following test data [File Path: "/home/runner/work/using_SHAFT_ENGINE/using_SHAFT_ENGINE/src/test/resources/DynamicObjectRepository/tests_gui_google_G_Search_PageObjectModel_ThreadSafe_navigateToGoogleHomeAndAssertGoogleLogoIsDisplayed_By_xpath_img_id_hplogo_or_alt_Google.png"]. @18-02-2021 12:46:23.0136 PM
[ReportManager] AssertElementMatches FAILED; Expected [Element should match the reference screenshot] and Actual [ELEMENT NOT FOUND]. Comparison Type [EXACT_OPENCV]. Validation Type [POSITIVE]. @18-02-2021 12:46:23.0445 PM
[ReportManager] Successfully created attachment [Validation Test Data - Reference Screenshot] @18-02-2021 12:46:23.0446 PM
[ReportManager] Successfully created attachment [Validation Test Data - Actual Screenshot] @18-02-2021 12:46:23.0446 P
[ReportManager] Successfully created attachment [Selenium WebDriver Logs - server] @18-02-2021 12:46:23.0544 PM
[ReportManager] Successfully created attachment [Selenium WebDriver Logs - performance] @18-02-2021 12:46:23.0590 PM
[ReportManager] Successfully created attachment [Selenium WebDriver Logs - driver] @18-02-2021 12:46:23.0672 PM
[ReportManager] Browser Action [closeCurrentWindow] successfully performed. @18-02-2021 12:46:23.0731 PM
[ReportManager] Successfully created attachment [Browser Action Test Data - closeCurrentWindow - Actual Value] @18-02-2021 12:46:23.0732 P
[ReportManager] File Action [getAbsolutePath] successfully performed. With the following test data [Relative Folder Path: "target/downloadedFiles/"]. @18-02-2021 12:46:23.0734 PM
[ReportManager] Attempting to run remotely on: [Linux-64], [GoogleChrome], [http://localhost:4444/wd/hub], Headless Execution. @18-02-2021 12:46:23.0734 PM
[ReportManager] Successfully Opened [GoogleChrome]. @18-02-2021 12:46:24.0010 PM
[ReportManager] Target URL: [https://www.google.com/ncr], and after redirection: [https://www.google.com] @18-02-2021 12:46:24.0022 PM
[ReportManager] Initial URL: [data:,] @18-02-2021 12:46:24.0082 PM
[ReportManager] Browser Action [navigateToURL] successfully performed. With the following test data [https://www.google.com/ncr]. @18-02-2021 12:46:25.0021 P

################################################################################################################################################
Starting Execution:	[21 out of 23] test cases in the current suite
Test Method:		[tests.gui.google.G_Search_PageObjectModel_ThreadSafe.navigateToGoogleHomeAndAssertPageTitle]
################################################################################################################################################
[ReportManager] Asserting that the page title is Google... @18-02-2021 12:46:25.0025 PM
[ReportManager] Browser Action [getCurrentWindowTitle] successfully performed. With the following test data [Google]. @18-02-2021 12:46:25.0064 PM
[ReportManager] AssertBrowserAttribute PASSED; Expected [Value Should be 'Google' for the 'Title' attribute] and Actual [Google]. Comparison Type [EQUALS]. Validation Type [POSITIVE]. @18-02-2021 12:46:25.0065 P
[ReportManager] Successfully created attachment [Selenium WebDriver Logs - server] @18-02-2021 12:46:25.0152 PM
[ReportManager] Successfully created attachment [Selenium WebDriver Logs - performance] @18-02-2021 12:46:25.0207 PM
[ReportManager] Successfully created attachment [Selenium WebDriver Logs - driver] @18-02-2021 12:46:25.0287 PM
[ReportManager] Browser Action [closeCurrentWindow] successfully performed. @18-02-2021 12:46:25.0345 PM
[ReportManager] Successfully created attachment [Browser Action Test Data - closeCurrentWindow - Actual Value] @18-02-2021 12:46:25.0346 P
[ReportManager] File Action [getAbsolutePath] successfully performed. With the following test data [Relative Folder Path: "target/downloadedFiles/"]. @18-02-2021 12:46:25.0349 PM
[ReportManager] Attempting to run remotely on: [Linux-64], [GoogleChrome], [http://localhost:4444/wd/hub], Headless Execution. @18-02-2021 12:46:25.0350 PM
[ReportManager] Successfully Opened [GoogleChrome]. @18-02-2021 12:46:25.0574 PM
[ReportManager] Target URL: [https://www.google.com/ncr], and after redirection: [https://www.google.com] @18-02-2021 12:46:25.0587 PM
[ReportManager] Initial URL: [data:,] @18-02-2021 12:46:25.0654 PM
[ReportManager] Browser Action [navigateToURL] successfully performed. With the following test data [https://www.google.com/ncr]. @18-02-2021 12:46:26.0699 P

################################################################################################################################################
Starting Execution:	[22 out of 23] test cases in the current suite
Test Method:		[tests.gui.google.G_Search_PageObjectModel_ThreadSafe.searchForQueryAndAssertFirstResultTextIsCorrect]
################################################################################################################################################
[ReportManager] Element Action [type] successfully performed. With the following test data [SHAFT_Engine]. @18-02-2021 12:46:27.0440 PM
[ReportManager] Element Action [keyPress] successfully performed. With the following test data [ENTER]. @18-02-2021 12:46:28.0319 PM
[ReportManager] Asserting that the correct first result is displayed... @18-02-2021 12:46:28.0319 PM
[ReportManager] Element Action [getText] successfully performed. With the following test data [MohabMohie/SHAFT_ENGINE: SHAFT_ENGINE is a ... - GitHub]. @18-02-2021 12:46:28.0803 PM
[ReportManager] Loaded Shared OpenCV @18-02-2021 12:46:28.0980 PM
[ReportManager] AssertElementAttribute PASSED; Expected [Value Should be 'MohabMohie' for the 'Text' attribute, element locator 'By.xpath: (//h1[contains(text(),'Search Result')]/following-sibling::div//a/h3)[1]'] and Actual [MohabMohie/SHAFT_ENGINE: SHAFT_ENGINE is a ... - GitHub]. Comparison Type [CONTAINS]. Validation Type [POSITIVE]. @18-02-2021 12:46:29.0061 PM
[ReportManager] Successfully created attachment [Screenshot - 1613652388980_searchForQueryAndAssertFirstResultTextIsCorrect_AssertElementAttribute_passed] @18-02-2021 12:46:29.0063 P
[ReportManager] Successfully created attachment [Selenium WebDriver Logs - server] @18-02-2021 12:46:29.0253 PM
[ReportManager] Successfully created attachment [Selenium WebDriver Logs - performance] @18-02-2021 12:46:29.0446 PM
[ReportManager] Successfully created attachment [Selenium WebDriver Logs - driver] @18-02-2021 12:46:29.0733 PM
[ReportManager] Browser Action [closeCurrentWindow] successfully performed. @18-02-2021 12:46:29.0792 PM
[ReportManager] Successfully created attachment [Browser Action Test Data - closeCurrentWindow - Actual Value] @18-02-2021 12:46:29.0796 P

################################################################################################################################################
Starting Execution:	[23 out of 23] test cases in the current suite
Test Method:		[tests.cli.demo.cliTest.sampleTestCase]
################################################################################################################################################
[ReportManager] Attempting to perform the following command locally. Command: [ls] @18-02-2021 12:46:29.0845 PM
[ReportManager] Terminal Action [performTerminalCommands] successfully performed. With the following test data [Host Name: "localHost" | Command: "ls" | Exit Status: "0"]. @18-02-2021 12:46:29.0851 PM
[ReportManager] Successfully created attachment [Terminal Action Actual Result - Command Log] @18-02-2021 12:46:29.0851 PM
[ReportManager] Demoing local terminal actions... @18-02-2021 12:46:29.0851 PM
[ReportManager] AssertEquals PASSED; Expected [pom.xml] and Actual [LICENSE
README.md
allure-results
docker-compose_native.yml
docker-compose_zalenium.yml
extent-reports
pom.xml
src
target]. Comparison Type [CONTAINS]. Validation Type [POSITIVE]. @18-02-2021 12:46:29.0851 P

################################################################################################################################################
Test Closure Activities
################################################################################################################################################
[ReportManager] Successfully created attachment [SHAFT Engine Logs - Execution log] @18-02-2021 12:46:29.0872 PM

################################################################################################################################################
This test run was powered by SHAFT Engine Version: [SHAFT Engine v5.1]
SHAFT Engine is licensed under the MIT License: [https://github.com/MohabMohie/SHAFT_ENGINE/blob/master/LICENSE].
################################################################################################################################################