################################################################################################################################################
Detected SHAFT Engine Version: [SHAFT Engine v5.2.20210427]
################################################################################################################################################

################################################################################################################################################
Starting Execution:	[1 out of 23] test cases in the current suite
Test Method:		[tests.cli.demo.cliTest.sampleTestCase]
################################################################################################################################################
[ReportManager] Attempting to perform the following command locally. Command: [ls] @03-05-2021 12:55:55.0533 PM
[ReportManager] Terminal Action [performTerminalCommands] successfully performed. With the following test data [Host Name: "localHost" | Command: "ls" | Exit Status: "0"]. @03-05-2021 12:55:55.0558 PM
[ReportManager] Successfully created attachment [Terminal Action Actual Result - Command Log] @03-05-2021 12:55:55.0565 PM
[ReportManager] Demoing local terminal actions... @03-05-2021 12:55:55.0574 PM
[ReportManager] AssertEquals PASSED; Expected [pom.xml] and Actual [LICENSE
README.md
allure-results
docker-compose_native.yml
docker-compose_zalenium.yml
extent-reports
pom.xml
src
target]. Comparison Type [CONTAINS]. Validation Type [POSITIVE]. @03-05-2021 12:55:55.0579 P
[ReportManager] File Action [getAbsolutePath] successfully performed. With the following test data [Relative Folder Path: "target/downloadedFiles/"]. @03-05-2021 12:55:55.0752 PM
[ReportManager] Attempting to run remotely on: [Linux-64], [GoogleChrome], [http://localhost:4444/wd/hub], Headless Execution. @03-05-2021 12:55:55.0787 PM
[ReportManager] Successfully Opened [GoogleChrome]. @03-05-2021 12:55:57.0534 PM
[ReportManager] Target URL: [https://www.google.com/ncr], and after redirection: [https://www.google.com] @03-05-2021 12:55:57.0596 PM
[ReportManager] Initial URL: [data:,] @03-05-2021 12:55:57.0705 PM
[ReportManager] Browser Action [navigateToURL] successfully performed. With the following test data [https://www.google.com/ncr]. @03-05-2021 12:55:59.0237 P

################################################################################################################################################
Starting Execution:	[2 out of 23] test cases in the current suite
Test Method:		[tests.gui.google.C_Search_PageObjectModel_Traditional.navigateToGoogleHomeAndAssertGoogleLogoIsDisplayed]
################################################################################################################################################
[ReportManager] Element Action [identifyUniqueElement] failed. With the following test data [zero elements found matching this locator "By.xpath: //img[@id='hplogo' or @alt='Google']".]. @03-05-2021 12:56:25.0330 PM
[ReportManager] Successfully created attachment [Screenshot - 1620046585027_navigateToGoogleHomeAndAssertGoogleLogoIsDisplayed_identifyUniqueElement_failed] @03-05-2021 12:56:25.0348 P
[ReportManager] Successfully created attachment [Selenium WebDriver Logs - server] @03-05-2021 12:56:25.0495 PM
[ReportManager] Successfully created attachment [Selenium WebDriver Logs - performance] @03-05-2021 12:56:25.0648 PM
[ReportManager] Successfully created attachment [Selenium WebDriver Logs - browser] @03-05-2021 12:56:25.0672 PM
[ReportManager] Successfully created attachment [Selenium WebDriver Logs - driver] @03-05-2021 12:56:25.0936 PM
[ReportManager] Browser Action [closeCurrentWindow] successfully performed. @03-05-2021 12:56:25.0998 PM
[ReportManager] Successfully created attachment [Browser Action Test Data - closeCurrentWindow - Actual Value] @03-05-2021 12:56:26.0007 P
[ReportManager] File Action [getAbsolutePath] successfully performed. With the following test data [Relative Folder Path: "target/downloadedFiles/"]. @03-05-2021 12:56:26.0028 PM
[ReportManager] Attempting to run remotely on: [Linux-64], [GoogleChrome], [http://localhost:4444/wd/hub], Headless Execution. @03-05-2021 12:56:26.0029 PM
[ReportManager] Successfully Opened [GoogleChrome]. @03-05-2021 12:56:26.0698 PM
[ReportManager] Target URL: [https://www.google.com/ncr], and after redirection: [https://www.google.com] @03-05-2021 12:56:26.0733 PM
[ReportManager] Initial URL: [data:,] @03-05-2021 12:56:26.0810 PM
[ReportManager] Browser Action [navigateToURL] successfully performed. With the following test data [https://www.google.com/ncr]. @03-05-2021 12:56:28.0060 P

################################################################################################################################################
Starting Execution:	[3 out of 23] test cases in the current suite
Test Method:		[tests.gui.google.C_Search_PageObjectModel_Traditional.navigateToGoogleHomeAndAssertPageTitle]
################################################################################################################################################
[ReportManager] Browser Action [getCurrentWindowTitle] successfully performed. With the following test data [Google]. @03-05-2021 12:56:28.0134 PM
[ReportManager] Asserting that the page title is Google... @03-05-2021 12:56:28.0135 PM
[ReportManager] AssertEquals PASSED; Expected [Google] and Actual [Google]. Comparison Type [EQUALS]. Validation Type [POSITIVE]. @03-05-2021 12:56:28.0135 P
[ReportManager] Successfully created attachment [Selenium WebDriver Logs - server] @03-05-2021 12:56:28.0262 PM
[ReportManager] Successfully created attachment [Selenium WebDriver Logs - performance] @03-05-2021 12:56:28.0321 PM
[ReportManager] Successfully created attachment [Selenium WebDriver Logs - browser] @03-05-2021 12:56:28.0342 PM
[ReportManager] Successfully created attachment [Selenium WebDriver Logs - driver] @03-05-2021 12:56:28.0477 PM
[ReportManager] Browser Action [closeCurrentWindow] successfully performed. @03-05-2021 12:56:28.0540 PM
[ReportManager] Successfully created attachment [Browser Action Test Data - closeCurrentWindow - Actual Value] @03-05-2021 12:56:28.0541 P
[ReportManager] File Action [getAbsolutePath] successfully performed. With the following test data [Relative Folder Path: "target/downloadedFiles/"]. @03-05-2021 12:56:28.0564 PM
[ReportManager] Attempting to run remotely on: [Linux-64], [GoogleChrome], [http://localhost:4444/wd/hub], Headless Execution. @03-05-2021 12:56:28.0564 PM
[ReportManager] Successfully Opened [GoogleChrome]. @03-05-2021 12:56:29.0213 PM
[ReportManager] Target URL: [https://www.google.com/ncr], and after redirection: [https://www.google.com] @03-05-2021 12:56:29.0242 PM
[ReportManager] Initial URL: [data:,] @03-05-2021 12:56:29.0310 PM
[ReportManager] Browser Action [navigateToURL] successfully performed. With the following test data [https://www.google.com/ncr]. @03-05-2021 12:56:30.0520 P

################################################################################################################################################
Starting Execution:	[4 out of 23] test cases in the current suite
Test Method:		[tests.gui.google.C_Search_PageObjectModel_Traditional.searchForQueryAndAssertFirstResultTextIsCorrect]
################################################################################################################################################
[ReportManager] Element Action [type] successfully performed. With the following test data [SHAFT_Engine]. @03-05-2021 12:56:31.0351 PM
[ReportManager] Element Action [keyPress] successfully performed. With the following test data [ENTER]. @03-05-2021 12:56:32.0898 PM
[ReportManager] Element Action [getText] successfully performed. With the following test data [MohabMohie/SHAFT_ENGINE: SHAFT_ENGINE is a ... - GitHub]. @03-05-2021 12:56:33.0019 PM
[ReportManager] Asserting that the correct first result is displayed... @03-05-2021 12:56:33.0020 PM
[ReportManager] AssertEquals PASSED; Expected [MohabMohie] and Actual [MohabMohie/SHAFT_ENGINE: SHAFT_ENGINE is a ... - GitHub]. Comparison Type [CONTAINS]. Validation Type [POSITIVE]. @03-05-2021 12:56:33.0020 P
[ReportManager] Successfully created attachment [Selenium WebDriver Logs - server] @03-05-2021 12:56:33.0304 PM
[ReportManager] Successfully created attachment [Selenium WebDriver Logs - performance] @03-05-2021 12:56:33.0515 PM
[ReportManager] Successfully created attachment [Selenium WebDriver Logs - browser] @03-05-2021 12:56:33.0526 PM
[ReportManager] Successfully created attachment [Selenium WebDriver Logs - driver] @03-05-2021 12:56:33.0836 PM
[ReportManager] Browser Action [closeCurrentWindow] successfully performed. @03-05-2021 12:56:33.0897 PM
[ReportManager] Successfully created attachment [Browser Action Test Data - closeCurrentWindow - Actual Value] @03-05-2021 12:56:33.0900 P
[ReportManager] Successfully loaded the following test data file [src/test/resources/TestDataFiles/Google/SimpleSearch.xlsx]. @03-05-2021 12:56:34.0865 PM
[ReportManager] Successfully created attachment [Test Data - Excel] @03-05-2021 12:56:34.0866 P
[ReportManager] File Action [getAbsolutePath] successfully performed. With the following test data [Relative Folder Path: "target/downloadedFiles/"]. @03-05-2021 12:56:34.0868 PM
[ReportManager] Attempting to run remotely on: [Linux-64], [GoogleChrome], [http://localhost:4444/wd/hub], Headless Execution. @03-05-2021 12:56:34.0868 PM
[ReportManager] Successfully Opened [GoogleChrome]. @03-05-2021 12:56:35.0532 PM
[ReportManager] Target URL: [https://www.google.com/ncr], and after redirection: [https://www.google.com] @03-05-2021 12:56:35.0550 PM
[ReportManager] Initial URL: [data:,] @03-05-2021 12:56:35.0618 PM
[ReportManager] Browser Action [navigateToURL] successfully performed. With the following test data [https://www.google.com/ncr]. @03-05-2021 12:56:36.0891 P

################################################################################################################################################
Starting Execution:	[5 out of 23] test cases in the current suite
Test Method:		[tests.gui.google.F_Search_PageObjectModel_Fluent.navigateToGoogleHomeAndAssertGoogleLogoIsDisplayed]
################################################################################################################################################
[ReportManager] Asserting that the Google logo is displayed... @03-05-2021 12:56:36.0907 PM
[ReportManager] File Action [doesFileExist] successfully performed. With the following test data [File Path: "src/test/resources/DynamicObjectRepository/tests_gui_google_F_Search_PageObjectModel_Fluent_navigateToGoogleHomeAndAssertGoogleLogoIsDisplayed_By_xpath_img_id_hplogo_or_alt_Google.png"]. @03-05-2021 12:56:36.0918 PM
[ReportManager] File Action [getAbsolutePath] successfully performed. With the following test data [Relative Folder Path: "src/test/resources/DynamicObjectRepository/tests_gui_google_F_Search_PageObjectModel_Fluent_navigateToGoogleHomeAndAssertGoogleLogoIsDisplayed_By_xpath_img_id_hplogo_or_alt_Google.png"]. @03-05-2021 12:56:36.0919 PM
[ReportManager] File Action [readFromImageFile] successfully performed. With the following test data [File Path: "/home/runner/work/using_SHAFT_ENGINE/using_SHAFT_ENGINE/src/test/resources/DynamicObjectRepository/tests_gui_google_F_Search_PageObjectModel_Fluent_navigateToGoogleHomeAndAssertGoogleLogoIsDisplayed_By_xpath_img_id_hplogo_or_alt_Google.png"]. @03-05-2021 12:56:36.0920 PM
[ReportManager] AssertElementMatches FAILED; Expected [Element should match the reference screenshot] and Actual [ELEMENT NOT FOUND]. Comparison Type [EXACT_OPENCV]. Validation Type [POSITIVE]. @03-05-2021 12:57:02.0811 PM
[ReportManager] Successfully created attachment [Validation Test Data - Reference Screenshot] @03-05-2021 12:57:02.0812 PM
[ReportManager] Successfully created attachment [Validation Test Data - Actual Screenshot] @03-05-2021 12:57:02.0812 P
[ReportManager] Successfully created attachment [Selenium WebDriver Logs - server] @03-05-2021 12:57:02.0923 PM
[ReportManager] Successfully created attachment [Selenium WebDriver Logs - performance] @03-05-2021 12:57:02.0975 PM
[ReportManager] Successfully created attachment [Selenium WebDriver Logs - browser] @03-05-2021 12:57:02.0985 PM
[ReportManager] Successfully created attachment [Selenium WebDriver Logs - driver] @03-05-2021 12:57:03.0125 PM
[ReportManager] Browser Action [closeCurrentWindow] successfully performed. @03-05-2021 12:57:03.0184 PM
[ReportManager] Successfully created attachment [Browser Action Test Data - closeCurrentWindow - Actual Value] @03-05-2021 12:57:03.0201 P
[ReportManager] File Action [getAbsolutePath] successfully performed. With the following test data [Relative Folder Path: "target/downloadedFiles/"]. @03-05-2021 12:57:03.0207 PM
[ReportManager] Attempting to run remotely on: [Linux-64], [GoogleChrome], [http://localhost:4444/wd/hub], Headless Execution. @03-05-2021 12:57:03.0208 PM
[ReportManager] Successfully Opened [GoogleChrome]. @03-05-2021 12:57:03.0509 PM
[ReportManager] Target URL: [https://www.google.com/ncr], and after redirection: [https://www.google.com] @03-05-2021 12:57:03.0535 PM
[ReportManager] Initial URL: [data:,] @03-05-2021 12:57:03.0616 PM
[ReportManager] Browser Action [navigateToURL] successfully performed. With the following test data [https://www.google.com/ncr]. @03-05-2021 12:57:04.0797 P

################################################################################################################################################
Starting Execution:	[6 out of 23] test cases in the current suite
Test Method:		[tests.gui.google.F_Search_PageObjectModel_Fluent.navigateToGoogleHomeAndAssertPageTitle]
################################################################################################################################################
[ReportManager] Asserting that the page title is Google... @03-05-2021 12:57:04.0800 PM
[ReportManager] Browser Action [getCurrentWindowTitle] successfully performed. With the following test data [Google]. @03-05-2021 12:57:04.0843 PM
[ReportManager] AssertBrowserAttribute PASSED; Expected [Value Should be 'Google' for the 'Title' attribute] and Actual [Google]. Comparison Type [EQUALS]. Validation Type [POSITIVE]. @03-05-2021 12:57:04.0845 P
[ReportManager] Successfully created attachment [Selenium WebDriver Logs - server] @03-05-2021 12:57:04.0968 PM
[ReportManager] Successfully created attachment [Selenium WebDriver Logs - performance] @03-05-2021 12:57:05.0025 PM
[ReportManager] Successfully created attachment [Selenium WebDriver Logs - browser] @03-05-2021 12:57:05.0039 PM
[ReportManager] Successfully created attachment [Selenium WebDriver Logs - driver] @03-05-2021 12:57:05.0167 PM
[ReportManager] Browser Action [closeCurrentWindow] successfully performed. @03-05-2021 12:57:05.0228 PM
[ReportManager] Successfully created attachment [Browser Action Test Data - closeCurrentWindow - Actual Value] @03-05-2021 12:57:05.0229 P
[ReportManager] File Action [getAbsolutePath] successfully performed. With the following test data [Relative Folder Path: "target/downloadedFiles/"]. @03-05-2021 12:57:05.0232 PM
[ReportManager] Attempting to run remotely on: [Linux-64], [GoogleChrome], [http://localhost:4444/wd/hub], Headless Execution. @03-05-2021 12:57:05.0232 PM
[ReportManager] Successfully Opened [GoogleChrome]. @03-05-2021 12:57:05.0517 PM
[ReportManager] Target URL: [https://www.google.com/ncr], and after redirection: [https://www.google.com] @03-05-2021 12:57:05.0533 PM
[ReportManager] Initial URL: [data:,] @03-05-2021 12:57:05.0595 PM
[ReportManager] Browser Action [navigateToURL] successfully performed. With the following test data [https://www.google.com/ncr]. @03-05-2021 12:57:06.0822 P

################################################################################################################################################
Starting Execution:	[7 out of 23] test cases in the current suite
Test Method:		[tests.gui.google.F_Search_PageObjectModel_Fluent.searchForQueryAndAssertFirstResultTextIsCorrect]
################################################################################################################################################
[ReportManager] Element Action [type] successfully performed. With the following test data [SHAFT_Engine]. @03-05-2021 12:57:07.0594 PM
[ReportManager] Element Action [keyPress] successfully performed. With the following test data [ENTER]. @03-05-2021 12:57:09.0071 PM
[ReportManager] Asserting that the correct first result is displayed... @03-05-2021 12:57:09.0072 PM
[ReportManager] Element Action [getText] successfully performed. With the following test data [MohabMohie/SHAFT_ENGINE: SHAFT_ENGINE is a ... - GitHub]. @03-05-2021 12:57:09.0194 PM
[ReportManager] Loaded Shared OpenCV @03-05-2021 12:57:09.0942 PM
[ReportManager] AssertElementAttribute PASSED; Expected [Value Should be 'MohabMohie' for the 'Text' attribute, element locator 'By.xpath: (//h1[contains(text(),'Search Result')]/following-sibling::div//a/h3)[1]'] and Actual [MohabMohie/SHAFT_ENGINE: SHAFT_ENGINE is a ... - GitHub]. Comparison Type [CONTAINS]. Validation Type [POSITIVE]. @03-05-2021 12:57:10.0074 PM
[ReportManager] Successfully created attachment [Screenshot - 1620046629457_searchForQueryAndAssertFirstResultTextIsCorrect_AssertElementAttribute_passed] @03-05-2021 12:57:10.0082 P
[ReportManager] Successfully created attachment [Selenium WebDriver Logs - server] @03-05-2021 12:57:10.0288 PM
[ReportManager] Successfully created attachment [Selenium WebDriver Logs - performance] @03-05-2021 12:57:10.0473 PM
[ReportManager] Successfully created attachment [Selenium WebDriver Logs - browser] @03-05-2021 12:57:10.0493 PM
[ReportManager] Successfully created attachment [Selenium WebDriver Logs - driver] @03-05-2021 12:57:10.0805 PM
[ReportManager] Browser Action [closeCurrentWindow] successfully performed. @03-05-2021 12:57:10.0868 PM
[ReportManager] Successfully created attachment [Browser Action Test Data - closeCurrentWindow - Actual Value] @03-05-2021 12:57:10.0870 P



################################################################################################################################################
Starting Execution:	[8 out of 23] test cases in the current suite
Test Method:		[tests.gui.google.A_Search_FlatTest_NativeSeleniumWebDriver.navigateToGoogleHomeAndAssertGoogleLogoIsDisplayed]
###############################################################################################################################################



################################################################################################################################################
Starting Execution:	[9 out of 23] test cases in the current suite
Test Method:		[tests.gui.google.A_Search_FlatTest_NativeSeleniumWebDriver.navigateToGoogleHomeAndAssertPageTitle]
###############################################################################################################################################



################################################################################################################################################
Starting Execution:	[10 out of 23] test cases in the current suite
Test Method:		[tests.gui.google.A_Search_FlatTest_NativeSeleniumWebDriver.searchForQueryAndAssertFirstResultTextIsCorrect]
###############################################################################################################################################

[ReportManager] File Action [getAbsolutePath] successfully performed. With the following test data [Relative Folder Path: "target/downloadedFiles/"]. @03-05-2021 12:57:13.0082 PM
[ReportManager] Attempting to run remotely on: [Linux-64], [GoogleChrome], [http://localhost:4444/wd/hub], Headless Execution. @03-05-2021 12:57:13.0083 PM
[ReportManager] Successfully Opened [GoogleChrome]. @03-05-2021 12:57:13.0400 PM
[ReportManager] Target URL: [https://www.google.com/ncr], and after redirection: [https://www.google.com] @03-05-2021 12:57:13.0422 PM
[ReportManager] Initial URL: [data:,] @03-05-2021 12:57:13.0481 PM
[ReportManager] Browser Action [navigateToURL] successfully performed. With the following test data [https://www.google.com/ncr]. @03-05-2021 12:57:14.0697 P

################################################################################################################################################
Starting Execution:	[11 out of 23] test cases in the current suite
Test Method:		[tests.gui.google.B_Search_FlatTest_SHAFT.navigateToGoogleHomeAndAssertGoogleLogoIsDisplayed]
################################################################################################################################################
[ReportManager] Asserting that the Google logo is displayed... @03-05-2021 12:57:14.0700 PM
[ReportManager] File Action [doesFileExist] successfully performed. With the following test data [File Path: "src/test/resources/DynamicObjectRepository/tests_gui_google_B_Search_FlatTest_SHAFT_navigateToGoogleHomeAndAssertGoogleLogoIsDisplayed_By_xpath_img_id_hplogo_or_alt_Google.png"]. @03-05-2021 12:57:14.0700 PM
[ReportManager] File Action [getAbsolutePath] successfully performed. With the following test data [Relative Folder Path: "src/test/resources/DynamicObjectRepository/tests_gui_google_B_Search_FlatTest_SHAFT_navigateToGoogleHomeAndAssertGoogleLogoIsDisplayed_By_xpath_img_id_hplogo_or_alt_Google.png"]. @03-05-2021 12:57:14.0700 PM
[ReportManager] File Action [readFromImageFile] successfully performed. With the following test data [File Path: "/home/runner/work/using_SHAFT_ENGINE/using_SHAFT_ENGINE/src/test/resources/DynamicObjectRepository/tests_gui_google_B_Search_FlatTest_SHAFT_navigateToGoogleHomeAndAssertGoogleLogoIsDisplayed_By_xpath_img_id_hplogo_or_alt_Google.png"]. @03-05-2021 12:57:14.0700 PM
[ReportManager] AssertElementMatches FAILED; Expected [Element should match the reference screenshot] and Actual [ELEMENT NOT FOUND]. Comparison Type [EXACT_OPENCV]. Validation Type [POSITIVE]. @03-05-2021 12:57:40.0534 PM
[ReportManager] Successfully created attachment [Validation Test Data - Reference Screenshot] @03-05-2021 12:57:40.0535 PM
[ReportManager] Successfully created attachment [Validation Test Data - Actual Screenshot] @03-05-2021 12:57:40.0536 P
[ReportManager] Successfully created attachment [Selenium WebDriver Logs - server] @03-05-2021 12:57:40.0659 PM
[ReportManager] Successfully created attachment [Selenium WebDriver Logs - performance] @03-05-2021 12:57:40.0740 PM
[ReportManager] Successfully created attachment [Selenium WebDriver Logs - browser] @03-05-2021 12:57:40.0771 PM
[ReportManager] Successfully created attachment [Selenium WebDriver Logs - driver] @03-05-2021 12:57:40.0890 PM
[ReportManager] Browser Action [closeCurrentWindow] successfully performed. @03-05-2021 12:57:40.0951 PM
[ReportManager] Successfully created attachment [Browser Action Test Data - closeCurrentWindow - Actual Value] @03-05-2021 12:57:40.0953 P
[ReportManager] File Action [getAbsolutePath] successfully performed. With the following test data [Relative Folder Path: "target/downloadedFiles/"]. @03-05-2021 12:57:40.0956 PM
[ReportManager] Attempting to run remotely on: [Linux-64], [GoogleChrome], [http://localhost:4444/wd/hub], Headless Execution. @03-05-2021 12:57:40.0956 PM
[ReportManager] Successfully Opened [GoogleChrome]. @03-05-2021 12:57:41.0322 PM
[ReportManager] Target URL: [https://www.google.com/ncr], and after redirection: [https://www.google.com] @03-05-2021 12:57:41.0338 PM
[ReportManager] Initial URL: [data:,] @03-05-2021 12:57:41.0392 PM
[ReportManager] Browser Action [navigateToURL] successfully performed. With the following test data [https://www.google.com/ncr]. @03-05-2021 12:57:42.0665 P

################################################################################################################################################
Starting Execution:	[12 out of 23] test cases in the current suite
Test Method:		[tests.gui.google.B_Search_FlatTest_SHAFT.navigateToGoogleHomeAndAssertPageTitle]
################################################################################################################################################
[ReportManager] Asserting that the page title is Google... @03-05-2021 12:57:42.0667 PM
[ReportManager] Browser Action [getCurrentWindowTitle] successfully performed. With the following test data [Google]. @03-05-2021 12:57:42.0715 PM
[ReportManager] AssertBrowserAttribute PASSED; Expected [Value Should be 'Google' for the 'Title' attribute] and Actual [Google]. Comparison Type [EQUALS]. Validation Type [POSITIVE]. @03-05-2021 12:57:42.0715 P
[ReportManager] Successfully created attachment [Selenium WebDriver Logs - server] @03-05-2021 12:57:42.0816 PM
[ReportManager] Successfully created attachment [Selenium WebDriver Logs - performance] @03-05-2021 12:57:42.0862 PM
[ReportManager] Successfully created attachment [Selenium WebDriver Logs - browser] @03-05-2021 12:57:42.0872 PM
[ReportManager] Successfully created attachment [Selenium WebDriver Logs - driver] @03-05-2021 12:57:42.0962 PM
[ReportManager] Browser Action [closeCurrentWindow] successfully performed. @03-05-2021 12:57:43.0020 PM
[ReportManager] Successfully created attachment [Browser Action Test Data - closeCurrentWindow - Actual Value] @03-05-2021 12:57:43.0021 P
[ReportManager] File Action [getAbsolutePath] successfully performed. With the following test data [Relative Folder Path: "target/downloadedFiles/"]. @03-05-2021 12:57:43.0024 PM
[ReportManager] Attempting to run remotely on: [Linux-64], [GoogleChrome], [http://localhost:4444/wd/hub], Headless Execution. @03-05-2021 12:57:43.0024 PM
[ReportManager] Successfully Opened [GoogleChrome]. @03-05-2021 12:57:43.0283 PM
[ReportManager] Target URL: [https://www.google.com/ncr], and after redirection: [https://www.google.com] @03-05-2021 12:57:43.0302 PM
[ReportManager] Initial URL: [data:,] @03-05-2021 12:57:43.0358 PM
[ReportManager] Browser Action [navigateToURL] successfully performed. With the following test data [https://www.google.com/ncr]. @03-05-2021 12:57:44.0462 P

################################################################################################################################################
Starting Execution:	[13 out of 23] test cases in the current suite
Test Method:		[tests.gui.google.B_Search_FlatTest_SHAFT.searchForQueryAndAssertFirstResultTextIsCorrect]
################################################################################################################################################
[ReportManager] Element Action [type] successfully performed. With the following test data [SHAFT_Engine]. @03-05-2021 12:57:45.0287 PM
[ReportManager] Element Action [keyPress] successfully performed. With the following test data [ENTER]. @03-05-2021 12:57:47.0164 PM
[ReportManager] Asserting that the correct first result is displayed... @03-05-2021 12:57:47.0165 PM
[ReportManager] Element Action [getText] successfully performed. With the following test data [MohabMohie/SHAFT_ENGINE: SHAFT_ENGINE is a ... - GitHub]. @03-05-2021 12:57:47.0272 PM
[ReportManager] Loaded Shared OpenCV @03-05-2021 12:57:47.0487 PM
[ReportManager] AssertElementAttribute PASSED; Expected [Value Should be 'MohabMohie' for the 'Text' attribute, element locator 'By.xpath: (//h1[contains(text(),'Search Result')]/following-sibling::div//a/h3)[1]'] and Actual [MohabMohie/SHAFT_ENGINE: SHAFT_ENGINE is a ... - GitHub]. Comparison Type [CONTAINS]. Validation Type [POSITIVE]. @03-05-2021 12:57:47.0597 PM
[ReportManager] Successfully created attachment [Screenshot - 1620046667487_searchForQueryAndAssertFirstResultTextIsCorrect_AssertElementAttribute_passed] @03-05-2021 12:57:47.0602 P
[ReportManager] Successfully created attachment [Selenium WebDriver Logs - server] @03-05-2021 12:57:47.0800 PM
[ReportManager] Successfully created attachment [Selenium WebDriver Logs - performance] @03-05-2021 12:57:48.0001 PM
[ReportManager] Successfully created attachment [Selenium WebDriver Logs - browser] @03-05-2021 12:57:48.0011 PM
[ReportManager] Successfully created attachment [Selenium WebDriver Logs - driver] @03-05-2021 12:57:48.0348 PM
[ReportManager] Browser Action [closeCurrentWindow] successfully performed. @03-05-2021 12:57:48.0416 PM
[ReportManager] Successfully created attachment [Browser Action Test Data - closeCurrentWindow - Actual Value] @03-05-2021 12:57:48.0421 P
[ReportManager] Successfully loaded the following test data file [src/test/resources/TestDataFiles/Google/SimpleSearch.xlsx]. @03-05-2021 12:57:48.0493 PM
[ReportManager] Successfully created attachment [Test Data - Excel] @03-05-2021 12:57:48.0494 P
[ReportManager] File Action [getAbsolutePath] successfully performed. With the following test data [Relative Folder Path: "target/downloadedFiles/"]. @03-05-2021 12:57:48.0495 PM
[ReportManager] Attempting to run remotely on: [Linux-64], [GoogleChrome], [http://localhost:4444/wd/hub], Headless Execution. @03-05-2021 12:57:48.0496 PM
[ReportManager] Successfully Opened [GoogleChrome]. @03-05-2021 12:57:48.0928 PM
[ReportManager] Target URL: [https://www.google.com/ncr], and after redirection: [https://www.google.com] @03-05-2021 12:57:48.0944 PM
[ReportManager] Initial URL: [data:,] @03-05-2021 12:57:49.0005 PM
[ReportManager] Browser Action [navigateToURL] successfully performed. With the following test data [https://www.google.com/ncr]. @03-05-2021 12:57:50.0159 P

################################################################################################################################################
Starting Execution:	[14 out of 23] test cases in the current suite
Test Method:		[tests.gui.google.D_Search_PageObjectModel_Traditional_DataDriven.navigateToGoogleHomeAndAssertGoogleLogoIsDisplayed]
################################################################################################################################################
[ReportManager] Element Action [identifyUniqueElement] failed. With the following test data [zero elements found matching this locator "By.xpath: //img[@id='hplogo' or @alt='Google']".]. @03-05-2021 12:58:15.0851 PM
[ReportManager] Successfully created attachment [Screenshot - 1620046695794_navigateToGoogleHomeAndAssertGoogleLogoIsDisplayed_identifyUniqueElement_failed] @03-05-2021 12:58:15.0853 P
[ReportManager] Successfully created attachment [Selenium WebDriver Logs - server] @03-05-2021 12:58:15.0974 PM
[ReportManager] Successfully created attachment [Selenium WebDriver Logs - performance] @03-05-2021 12:58:16.0027 PM
[ReportManager] Successfully created attachment [Selenium WebDriver Logs - browser] @03-05-2021 12:58:16.0038 PM
[ReportManager] Successfully created attachment [Selenium WebDriver Logs - driver] @03-05-2021 12:58:16.0171 PM
[ReportManager] Browser Action [closeCurrentWindow] successfully performed. @03-05-2021 12:58:16.0233 PM
[ReportManager] Successfully created attachment [Browser Action Test Data - closeCurrentWindow - Actual Value] @03-05-2021 12:58:16.0234 P
[ReportManager] File Action [getAbsolutePath] successfully performed. With the following test data [Relative Folder Path: "target/downloadedFiles/"]. @03-05-2021 12:58:16.0238 PM
[ReportManager] Attempting to run remotely on: [Linux-64], [GoogleChrome], [http://localhost:4444/wd/hub], Headless Execution. @03-05-2021 12:58:16.0238 PM
[ReportManager] Successfully Opened [GoogleChrome]. @03-05-2021 12:58:16.0543 PM
[ReportManager] Target URL: [https://www.google.com/ncr], and after redirection: [https://www.google.com] @03-05-2021 12:58:16.0555 PM
[ReportManager] Initial URL: [data:,] @03-05-2021 12:58:16.0632 PM
[ReportManager] Browser Action [navigateToURL] successfully performed. With the following test data [https://www.google.com/ncr]. @03-05-2021 12:58:17.0753 P

################################################################################################################################################
Starting Execution:	[15 out of 23] test cases in the current suite
Test Method:		[tests.gui.google.D_Search_PageObjectModel_Traditional_DataDriven.navigateToGoogleHomeAndAssertPageTitle]
################################################################################################################################################
[ReportManager] Browser Action [getCurrentWindowTitle] successfully performed. With the following test data [Google]. @03-05-2021 12:58:17.0795 PM
[ReportManager] Asserting that the page title is Google... @03-05-2021 12:58:17.0796 PM
[ReportManager] AssertEquals PASSED; Expected [Google] and Actual [Google]. Comparison Type [EQUALS]. Validation Type [POSITIVE]. @03-05-2021 12:58:17.0796 P
[ReportManager] Successfully created attachment [Selenium WebDriver Logs - server] @03-05-2021 12:58:17.0885 PM
[ReportManager] Successfully created attachment [Selenium WebDriver Logs - performance] @03-05-2021 12:58:17.0934 PM
[ReportManager] Successfully created attachment [Selenium WebDriver Logs - browser] @03-05-2021 12:58:17.0944 PM
[ReportManager] Successfully created attachment [Selenium WebDriver Logs - driver] @03-05-2021 12:58:18.0020 PM
[ReportManager] Browser Action [closeCurrentWindow] successfully performed. @03-05-2021 12:58:18.0078 PM
[ReportManager] Successfully created attachment [Browser Action Test Data - closeCurrentWindow - Actual Value] @03-05-2021 12:58:18.0079 P
[ReportManager] File Action [getAbsolutePath] successfully performed. With the following test data [Relative Folder Path: "target/downloadedFiles/"]. @03-05-2021 12:58:18.0081 PM
[ReportManager] Attempting to run remotely on: [Linux-64], [GoogleChrome], [http://localhost:4444/wd/hub], Headless Execution. @03-05-2021 12:58:18.0081 PM
[ReportManager] Successfully Opened [GoogleChrome]. @03-05-2021 12:58:18.0360 PM
[ReportManager] Target URL: [https://www.google.com/ncr], and after redirection: [https://www.google.com] @03-05-2021 12:58:18.0376 PM
[ReportManager] Initial URL: [data:,] @03-05-2021 12:58:18.0458 PM
[ReportManager] Browser Action [navigateToURL] successfully performed. With the following test data [https://www.google.com/ncr]. @03-05-2021 12:58:19.0639 P

################################################################################################################################################
Starting Execution:	[16 out of 23] test cases in the current suite
Test Method:		[tests.gui.google.D_Search_PageObjectModel_Traditional_DataDriven.searchForQueryAndAssertFirstResultTextIsCorrect]
################################################################################################################################################
[ReportManager] Element Action [type] successfully performed. With the following test data [SHAFT_Engine]. @03-05-2021 12:58:20.0428 PM
[ReportManager] Element Action [keyPress] successfully performed. With the following test data [ENTER]. @03-05-2021 12:58:21.0952 PM
[ReportManager] Element Action [getText] successfully performed. With the following test data [MohabMohie/SHAFT_ENGINE: SHAFT_ENGINE is a ... - GitHub]. @03-05-2021 12:58:22.0068 PM
[ReportManager] Asserting that the correct first result is displayed... @03-05-2021 12:58:22.0069 PM
[ReportManager] AssertEquals PASSED; Expected [MohabMohie] and Actual [MohabMohie/SHAFT_ENGINE: SHAFT_ENGINE is a ... - GitHub]. Comparison Type [CONTAINS]. Validation Type [POSITIVE]. @03-05-2021 12:58:22.0069 P
[ReportManager] Successfully created attachment [Selenium WebDriver Logs - server] @03-05-2021 12:58:22.0282 PM
[ReportManager] Successfully created attachment [Selenium WebDriver Logs - performance] @03-05-2021 12:58:22.0472 PM
[ReportManager] Successfully created attachment [Selenium WebDriver Logs - browser] @03-05-2021 12:58:22.0480 PM
[ReportManager] Successfully created attachment [Selenium WebDriver Logs - driver] @03-05-2021 12:58:22.0741 PM
[ReportManager] Browser Action [closeCurrentWindow] successfully performed. @03-05-2021 12:58:22.0816 PM
[ReportManager] Successfully created attachment [Browser Action Test Data - closeCurrentWindow - Actual Value] @03-05-2021 12:58:22.0818 P
[ReportManager] Successfully loaded the following test data file [src/test/resources/TestDataFiles/Google/SimpleSearch.xlsx]. @03-05-2021 12:58:22.0897 PM
[ReportManager] Successfully created attachment [Test Data - Excel] @03-05-2021 12:58:22.0898 P
[ReportManager] File Action [getAbsolutePath] successfully performed. With the following test data [Relative Folder Path: "target/downloadedFiles/"]. @03-05-2021 12:58:22.0904 PM
[ReportManager] Attempting to run remotely on: [Linux-64], [GoogleChrome], [http://localhost:4444/wd/hub], Headless Execution. @03-05-2021 12:58:22.0905 PM
[ReportManager] Successfully Opened [GoogleChrome]. @03-05-2021 12:58:23.0188 PM
[ReportManager] Target URL: [https://www.google.com/ncr], and after redirection: [https://www.google.com] @03-05-2021 12:58:23.0199 PM
[ReportManager] Initial URL: [data:,] @03-05-2021 12:58:23.0251 PM
[ReportManager] Browser Action [navigateToURL] successfully performed. With the following test data [https://www.google.com/ncr]. @03-05-2021 12:58:24.0345 P

################################################################################################################################################
Starting Execution:	[17 out of 23] test cases in the current suite
Test Method:		[tests.gui.google.G_Search_PageObjectModel_ThreadSafe.navigateToGoogleHomeAndAssertGoogleLogoIsDisplayed]
################################################################################################################################################
[ReportManager] Asserting that the Google logo is displayed... @03-05-2021 12:58:24.0347 PM
[ReportManager] File Action [doesFileExist] successfully performed. With the following test data [File Path: "src/test/resources/DynamicObjectRepository/tests_gui_google_G_Search_PageObjectModel_ThreadSafe_navigateToGoogleHomeAndAssertGoogleLogoIsDisplayed_By_xpath_img_id_hplogo_or_alt_Google.png"]. @03-05-2021 12:58:24.0347 PM
[ReportManager] File Action [getAbsolutePath] successfully performed. With the following test data [Relative Folder Path: "src/test/resources/DynamicObjectRepository/tests_gui_google_G_Search_PageObjectModel_ThreadSafe_navigateToGoogleHomeAndAssertGoogleLogoIsDisplayed_By_xpath_img_id_hplogo_or_alt_Google.png"]. @03-05-2021 12:58:24.0347 PM
[ReportManager] File Action [readFromImageFile] successfully performed. With the following test data [File Path: "/home/runner/work/using_SHAFT_ENGINE/using_SHAFT_ENGINE/src/test/resources/DynamicObjectRepository/tests_gui_google_G_Search_PageObjectModel_ThreadSafe_navigateToGoogleHomeAndAssertGoogleLogoIsDisplayed_By_xpath_img_id_hplogo_or_alt_Google.png"]. @03-05-2021 12:58:24.0348 PM
[ReportManager] AssertElementMatches FAILED; Expected [Element should match the reference screenshot] and Actual [ELEMENT NOT FOUND]. Comparison Type [EXACT_OPENCV]. Validation Type [POSITIVE]. @03-05-2021 12:58:50.0143 PM
[ReportManager] Successfully created attachment [Validation Test Data - Reference Screenshot] @03-05-2021 12:58:50.0144 PM
[ReportManager] Successfully created attachment [Validation Test Data - Actual Screenshot] @03-05-2021 12:58:50.0144 P
[ReportManager] Successfully created attachment [Selenium WebDriver Logs - server] @03-05-2021 12:58:50.0239 PM
[ReportManager] Successfully created attachment [Selenium WebDriver Logs - performance] @03-05-2021 12:58:50.0288 PM
[ReportManager] Successfully created attachment [Selenium WebDriver Logs - browser] @03-05-2021 12:58:50.0297 PM
[ReportManager] Successfully created attachment [Selenium WebDriver Logs - driver] @03-05-2021 12:58:50.0398 PM
[ReportManager] Browser Action [closeCurrentWindow] successfully performed. @03-05-2021 12:58:50.0455 PM
[ReportManager] Successfully created attachment [Browser Action Test Data - closeCurrentWindow - Actual Value] @03-05-2021 12:58:50.0456 P
[ReportManager] File Action [getAbsolutePath] successfully performed. With the following test data [Relative Folder Path: "target/downloadedFiles/"]. @03-05-2021 12:58:50.0460 PM
[ReportManager] Attempting to run remotely on: [Linux-64], [GoogleChrome], [http://localhost:4444/wd/hub], Headless Execution. @03-05-2021 12:58:50.0460 PM
[ReportManager] Successfully Opened [GoogleChrome]. @03-05-2021 12:58:50.0748 PM
[ReportManager] Target URL: [https://www.google.com/ncr], and after redirection: [https://www.google.com] @03-05-2021 12:58:50.0760 PM
[ReportManager] Initial URL: [data:,] @03-05-2021 12:58:50.0816 PM
[ReportManager] Browser Action [navigateToURL] successfully performed. With the following test data [https://www.google.com/ncr]. @03-05-2021 12:58:52.0008 P

################################################################################################################################################
Starting Execution:	[18 out of 23] test cases in the current suite
Test Method:		[tests.gui.google.G_Search_PageObjectModel_ThreadSafe.navigateToGoogleHomeAndAssertPageTitle]
################################################################################################################################################
[ReportManager] Asserting that the page title is Google... @03-05-2021 12:58:52.0012 PM
[ReportManager] Browser Action [getCurrentWindowTitle] successfully performed. With the following test data [Google]. @03-05-2021 12:58:52.0051 PM
[ReportManager] AssertBrowserAttribute PASSED; Expected [Value Should be 'Google' for the 'Title' attribute] and Actual [Google]. Comparison Type [EQUALS]. Validation Type [POSITIVE]. @03-05-2021 12:58:52.0051 P
[ReportManager] Successfully created attachment [Selenium WebDriver Logs - server] @03-05-2021 12:58:52.0146 PM
[ReportManager] Successfully created attachment [Selenium WebDriver Logs - performance] @03-05-2021 12:58:52.0193 PM
[ReportManager] Successfully created attachment [Selenium WebDriver Logs - browser] @03-05-2021 12:58:52.0201 PM
[ReportManager] Successfully created attachment [Selenium WebDriver Logs - driver] @03-05-2021 12:58:52.0288 PM
[ReportManager] Browser Action [closeCurrentWindow] successfully performed. @03-05-2021 12:58:52.0345 PM
[ReportManager] Successfully created attachment [Browser Action Test Data - closeCurrentWindow - Actual Value] @03-05-2021 12:58:52.0346 P
[ReportManager] File Action [getAbsolutePath] successfully performed. With the following test data [Relative Folder Path: "target/downloadedFiles/"]. @03-05-2021 12:58:52.0349 PM
[ReportManager] Attempting to run remotely on: [Linux-64], [GoogleChrome], [http://localhost:4444/wd/hub], Headless Execution. @03-05-2021 12:58:52.0350 PM
[ReportManager] Successfully Opened [GoogleChrome]. @03-05-2021 12:58:52.0658 PM
[ReportManager] Target URL: [https://www.google.com/ncr], and after redirection: [https://www.google.com] @03-05-2021 12:58:52.0672 PM
[ReportManager] Initial URL: [data:,] @03-05-2021 12:58:52.0724 PM
[ReportManager] Browser Action [navigateToURL] successfully performed. With the following test data [https://www.google.com/ncr]. @03-05-2021 12:58:53.0808 P

################################################################################################################################################
Starting Execution:	[19 out of 23] test cases in the current suite
Test Method:		[tests.gui.google.G_Search_PageObjectModel_ThreadSafe.searchForQueryAndAssertFirstResultTextIsCorrect]
################################################################################################################################################
[ReportManager] Element Action [type] successfully performed. With the following test data [SHAFT_Engine]. @03-05-2021 12:58:54.0581 PM
[ReportManager] Element Action [keyPress] successfully performed. With the following test data [ENTER]. @03-05-2021 12:58:55.0846 PM
[ReportManager] Asserting that the correct first result is displayed... @03-05-2021 12:58:55.0847 PM
[ReportManager] Element Action [getText] successfully performed. With the following test data [MohabMohie/SHAFT_ENGINE: SHAFT_ENGINE is a ... - GitHub]. @03-05-2021 12:58:55.0944 PM
[ReportManager] Loaded Shared OpenCV @03-05-2021 12:58:56.0129 PM
[ReportManager] AssertElementAttribute PASSED; Expected [Value Should be 'MohabMohie' for the 'Text' attribute, element locator 'By.xpath: (//h1[contains(text(),'Search Result')]/following-sibling::div//a/h3)[1]'] and Actual [MohabMohie/SHAFT_ENGINE: SHAFT_ENGINE is a ... - GitHub]. Comparison Type [CONTAINS]. Validation Type [POSITIVE]. @03-05-2021 12:58:56.0209 PM
[ReportManager] Successfully created attachment [Screenshot - 1620046736129_searchForQueryAndAssertFirstResultTextIsCorrect_AssertElementAttribute_passed] @03-05-2021 12:58:56.0211 P
[ReportManager] Successfully created attachment [Selenium WebDriver Logs - server] @03-05-2021 12:58:56.0387 PM
[ReportManager] Successfully created attachment [Selenium WebDriver Logs - performance] @03-05-2021 12:58:56.0552 PM
[ReportManager] Successfully created attachment [Selenium WebDriver Logs - browser] @03-05-2021 12:58:56.0561 PM
[ReportManager] Successfully created attachment [Selenium WebDriver Logs - driver] @03-05-2021 12:58:56.0797 PM
[ReportManager] Browser Action [closeCurrentWindow] successfully performed. @03-05-2021 12:58:56.0856 PM
[ReportManager] Successfully created attachment [Browser Action Test Data - closeCurrentWindow - Actual Value] @03-05-2021 12:58:56.0858 P
[ReportManager] Successfully loaded the following test data file [src/test/resources/TestDataFiles/Google/SimpleSearch.xlsx]. @03-05-2021 12:58:56.0889 PM
[ReportManager] Successfully created attachment [Test Data - Excel] @03-05-2021 12:58:56.0890 P
[ReportManager] File Action [getAbsolutePath] successfully performed. With the following test data [Relative Folder Path: "target/downloadedFiles/"]. @03-05-2021 12:58:56.0891 PM
[ReportManager] Attempting to run remotely on: [Linux-64], [GoogleChrome], [http://localhost:4444/wd/hub], Headless Execution. @03-05-2021 12:58:56.0891 PM
[ReportManager] Successfully Opened [GoogleChrome]. @03-05-2021 12:58:57.0164 PM
[ReportManager] Target URL: [https://www.google.com/ncr], and after redirection: [https://www.google.com] @03-05-2021 12:58:57.0175 PM
[ReportManager] Initial URL: [data:,] @03-05-2021 12:58:57.0232 PM
[ReportManager] Browser Action [navigateToURL] successfully performed. With the following test data [https://www.google.com/ncr]. @03-05-2021 12:58:58.0316 P

################################################################################################################################################
Starting Execution:	[20 out of 23] test cases in the current suite
Test Method:		[tests.gui.google.E_Search_PageObjectModel_Traditional_SHAFTAssertions.navigateToGoogleHomeAndAssertGoogleLogoIsDisplayed]
################################################################################################################################################
[ReportManager] Asserting that the Google logo is displayed... @03-05-2021 12:58:58.0325 PM
[ReportManager] File Action [doesFileExist] successfully performed. With the following test data [File Path: "src/test/resources/DynamicObjectRepository/tests_gui_google_E_Search_PageObjectModel_Traditional_SHAFTAssertions_navigateToGoogleHomeAndAssertGoogleLogoIsDisplayed_By_xpath_img_id_hplogo_or_alt_Google.png"]. @03-05-2021 12:58:58.0326 PM
[ReportManager] File Action [getAbsolutePath] successfully performed. With the following test data [Relative Folder Path: "src/test/resources/DynamicObjectRepository/tests_gui_google_E_Search_PageObjectModel_Traditional_SHAFTAssertions_navigateToGoogleHomeAndAssertGoogleLogoIsDisplayed_By_xpath_img_id_hplogo_or_alt_Google.png"]. @03-05-2021 12:58:58.0326 PM
[ReportManager] File Action [readFromImageFile] successfully performed. With the following test data [File Path: "/home/runner/work/using_SHAFT_ENGINE/using_SHAFT_ENGINE/src/test/resources/DynamicObjectRepository/tests_gui_google_E_Search_PageObjectModel_Traditional_SHAFTAssertions_navigateToGoogleHomeAndAssertGoogleLogoIsDisplayed_By_xpath_img_id_hplogo_or_alt_Google.png"]. @03-05-2021 12:58:58.0326 PM
[ReportManager] AssertElementMatches FAILED; Expected [Element should match the reference screenshot] and Actual [ELEMENT NOT FOUND]. Comparison Type [EXACT_OPENCV]. Validation Type [POSITIVE]. @03-05-2021 12:59:24.0093 PM
[ReportManager] Successfully created attachment [Validation Test Data - Reference Screenshot] @03-05-2021 12:59:24.0093 PM
[ReportManager] Successfully created attachment [Validation Test Data - Actual Screenshot] @03-05-2021 12:59:24.0094 P
[ReportManager] Successfully created attachment [Selenium WebDriver Logs - server] @03-05-2021 12:59:24.0209 PM
[ReportManager] Successfully created attachment [Selenium WebDriver Logs - performance] @03-05-2021 12:59:24.0254 PM
[ReportManager] Successfully created attachment [Selenium WebDriver Logs - browser] @03-05-2021 12:59:24.0261 PM
[ReportManager] Successfully created attachment [Selenium WebDriver Logs - driver] @03-05-2021 12:59:24.0353 PM
[ReportManager] Browser Action [closeCurrentWindow] successfully performed. @03-05-2021 12:59:24.0413 PM
[ReportManager] Successfully created attachment [Browser Action Test Data - closeCurrentWindow - Actual Value] @03-05-2021 12:59:24.0416 P
[ReportManager] File Action [getAbsolutePath] successfully performed. With the following test data [Relative Folder Path: "target/downloadedFiles/"]. @03-05-2021 12:59:24.0418 PM
[ReportManager] Attempting to run remotely on: [Linux-64], [GoogleChrome], [http://localhost:4444/wd/hub], Headless Execution. @03-05-2021 12:59:24.0418 PM
[ReportManager] Successfully Opened [GoogleChrome]. @03-05-2021 12:59:24.0671 PM
[ReportManager] Target URL: [https://www.google.com/ncr], and after redirection: [https://www.google.com] @03-05-2021 12:59:24.0692 PM
[ReportManager] Initial URL: [data:,] @03-05-2021 12:59:24.0747 PM
[ReportManager] Browser Action [navigateToURL] successfully performed. With the following test data [https://www.google.com/ncr]. @03-05-2021 12:59:25.0907 P

################################################################################################################################################
Starting Execution:	[21 out of 23] test cases in the current suite
Test Method:		[tests.gui.google.E_Search_PageObjectModel_Traditional_SHAFTAssertions.navigateToGoogleHomeAndAssertPageTitle]
################################################################################################################################################
[ReportManager] Asserting that the page title is Google... @03-05-2021 12:59:25.0918 PM
[ReportManager] Browser Action [getCurrentWindowTitle] successfully performed. With the following test data [Google]. @03-05-2021 12:59:25.0948 PM
[ReportManager] AssertBrowserAttribute PASSED; Expected [Value Should be 'Google' for the 'Title' attribute] and Actual [Google]. Comparison Type [EQUALS]. Validation Type [POSITIVE]. @03-05-2021 12:59:25.0948 P
[ReportManager] Successfully created attachment [Selenium WebDriver Logs - server] @03-05-2021 12:59:26.0046 PM
[ReportManager] Successfully created attachment [Selenium WebDriver Logs - performance] @03-05-2021 12:59:26.0095 PM
[ReportManager] Successfully created attachment [Selenium WebDriver Logs - browser] @03-05-2021 12:59:26.0102 PM
[ReportManager] Successfully created attachment [Selenium WebDriver Logs - driver] @03-05-2021 12:59:26.0185 PM
[ReportManager] Browser Action [closeCurrentWindow] successfully performed. @03-05-2021 12:59:26.0241 PM
[ReportManager] Successfully created attachment [Browser Action Test Data - closeCurrentWindow - Actual Value] @03-05-2021 12:59:26.0242 P
[ReportManager] File Action [getAbsolutePath] successfully performed. With the following test data [Relative Folder Path: "target/downloadedFiles/"]. @03-05-2021 12:59:26.0245 PM
[ReportManager] Attempting to run remotely on: [Linux-64], [GoogleChrome], [http://localhost:4444/wd/hub], Headless Execution. @03-05-2021 12:59:26.0245 PM
[ReportManager] Successfully Opened [GoogleChrome]. @03-05-2021 12:59:26.0485 PM
[ReportManager] Target URL: [https://www.google.com/ncr], and after redirection: [https://www.google.com] @03-05-2021 12:59:26.0497 PM
[ReportManager] Initial URL: [data:,] @03-05-2021 12:59:26.0551 PM
[ReportManager] Browser Action [navigateToURL] successfully performed. With the following test data [https://www.google.com/ncr]. @03-05-2021 12:59:27.0717 P

################################################################################################################################################
Starting Execution:	[22 out of 23] test cases in the current suite
Test Method:		[tests.gui.google.E_Search_PageObjectModel_Traditional_SHAFTAssertions.searchForQueryAndAssertFirstResultTextIsCorrect]
################################################################################################################################################
[ReportManager] Element Action [type] successfully performed. With the following test data [SHAFT_Engine]. @03-05-2021 12:59:28.0406 PM
[ReportManager] Element Action [keyPress] successfully performed. With the following test data [ENTER]. @03-05-2021 12:59:29.0673 PM
[ReportManager] Asserting that the correct first result is displayed... @03-05-2021 12:59:29.0674 PM
[ReportManager] Element Action [getText] successfully performed. With the following test data [MohabMohie/SHAFT_ENGINE: SHAFT_ENGINE is a ... - GitHub]. @03-05-2021 12:59:29.0771 PM
[ReportManager] Loaded Shared OpenCV @03-05-2021 12:59:29.0973 PM
[ReportManager] AssertElementAttribute PASSED; Expected [Value Should be 'MohabMohie' for the 'Text' attribute, element locator 'By.xpath: (//h1[contains(text(),'Search Result')]/following-sibling::div//a/h3)[1]'] and Actual [MohabMohie/SHAFT_ENGINE: SHAFT_ENGINE is a ... - GitHub]. Comparison Type [CONTAINS]. Validation Type [POSITIVE]. @03-05-2021 12:59:30.0047 PM
[ReportManager] Successfully created attachment [Screenshot - 1620046769973_searchForQueryAndAssertFirstResultTextIsCorrect_AssertElementAttribute_passed] @03-05-2021 12:59:30.0048 P
[ReportManager] Successfully created attachment [Selenium WebDriver Logs - server] @03-05-2021 12:59:30.0239 PM
[ReportManager] Successfully created attachment [Selenium WebDriver Logs - performance] @03-05-2021 12:59:30.0406 PM
[ReportManager] Successfully created attachment [Selenium WebDriver Logs - browser] @03-05-2021 12:59:30.0419 PM
[ReportManager] Successfully created attachment [Selenium WebDriver Logs - driver] @03-05-2021 12:59:30.0651 PM
[ReportManager] Browser Action [closeCurrentWindow] successfully performed. @03-05-2021 12:59:30.0723 PM
[ReportManager] Successfully created attachment [Browser Action Test Data - closeCurrentWindow - Actual Value] @03-05-2021 12:59:30.0742 P

################################################################################################################################################
Starting Execution:	[23 out of 23] test cases in the current suite
Test Method:		[tests.api.users.UserData.validateUserEmail]
################################################################################################################################################
[ReportManager] Response status code: [200], status line: [HTTP/1.1 200 OK] @03-05-2021 12:59:33.0039 PM
[ReportManager] Evaluating the actual response status code against the expected one...... @03-05-2021 12:59:33.0039 PM
[ReportManager] AssertEquals PASSED; Expected [200] and Actual [200]. Comparison Type [EQUALS]. Validation Type [POSITIVE]. @03-05-2021 12:59:33.0039 PM
[ReportManager] API Action [performRequest] successfully performed. With the following test data [Request Type: "GET" | Target Status Code: "200" | Service URL: "https://jsonplaceholder.typicode.com/users" | Content Type: "*/*" | Response Time: "772ms"]. @03-05-2021 12:59:34.0227 PM
[ReportManager] Successfully created attachment [API Response - JSON Body] @03-05-2021 12:59:34.0483 PM
[ReportManager] AssertEquals PASSED; Expected and Actual values are attached. Comparison Type [CONTAINS]. Validation Type [POSITIVE]. @03-05-2021 12:59:34.0484 PM
[ReportManager] Successfully created attachment [Validation Test Data - Expected Value] @03-05-2021 12:59:34.0484 PM
[ReportManager] Successfully created attachment [Validation Test Data - Actual Value] @03-05-2021 12:59:34.0486 PM
[ReportManager] API Action [getResponseJSONValueAsList] successfully performed. With the following test data [$]. @03-05-2021 12:59:34.0514 PM
[ReportManager] API Action [getResponseJSONValue] successfully performed. With the following test data [name]. @03-05-2021 12:59:34.0541 PM
[ReportManager] API Action [getResponseJSONValue] successfully performed. With the following test data [email]. @03-05-2021 12:59:34.0559 PM
[ReportManager] AssertEquals PASSED; Expected [Sincere@april.biz] and Actual [Sincere@april.biz]. Comparison Type [EQUALS]. Validation Type [POSITIVE]. @03-05-2021 12:59:34.0560 PM
[ReportManager] API Action [getResponseJSONValue] successfully performed. With the following test data [name]. @03-05-2021 12:59:34.0582 PM
[ReportManager] API Action [getResponseJSONValue] successfully performed. With the following test data [name]. @03-05-2021 12:59:34.0604 PM
[ReportManager] API Action [getResponseJSONValue] successfully performed. With the following test data [name]. @03-05-2021 12:59:34.0623 PM
[ReportManager] API Action [getResponseJSONValue] successfully performed. With the following test data [name]. @03-05-2021 12:59:34.0639 PM
[ReportManager] API Action [getResponseJSONValue] successfully performed. With the following test data [name]. @03-05-2021 12:59:34.0659 PM
[ReportManager] API Action [getResponseJSONValue] successfully performed. With the following test data [name]. @03-05-2021 12:59:34.0677 PM
[ReportManager] API Action [getResponseJSONValue] successfully performed. With the following test data [name]. @03-05-2021 12:59:34.0696 PM
[ReportManager] API Action [getResponseJSONValue] successfully performed. With the following test data [name]. @03-05-2021 12:59:34.0720 PM
[ReportManager] API Action [getResponseJSONValue] successfully performed. With the following test data [name]. @03-05-2021 12:59:34.0738 P

################################################################################################################################################
Test Closure Activities
################################################################################################################################################
[ReportManager] Successfully created attachment [SHAFT Engine Logs - Execution log] @03-05-2021 12:59:34.0772 PM

################################################################################################################################################
This test run was powered by SHAFT Engine Version: [SHAFT Engine v5.2.20210427]
SHAFT Engine is licensed under the MIT License: [https://github.com/MohabMohie/SHAFT_ENGINE/blob/master/LICENSE].
################################################################################################################################################